[2025-12-16T11:23:20.436+0000] {taskinstance.py:1159} INFO - Dependencies all met for dep_context=non-requeueable deps ti=<TaskInstance: job3_daily_analytics.compute_daily_summary manual__2025-12-16T11:23:18.985693+00:00 [queued]>
[2025-12-16T11:23:20.443+0000] {taskinstance.py:1159} INFO - Dependencies all met for dep_context=requeueable deps ti=<TaskInstance: job3_daily_analytics.compute_daily_summary manual__2025-12-16T11:23:18.985693+00:00 [queued]>
[2025-12-16T11:23:20.444+0000] {taskinstance.py:1361} INFO - Starting attempt 1 of 3
[2025-12-16T11:23:20.456+0000] {taskinstance.py:1382} INFO - Executing <Task(PythonOperator): compute_daily_summary> on 2025-12-16 11:23:18.985693+00:00
[2025-12-16T11:23:20.460+0000] {standard_task_runner.py:57} INFO - Started process 571 to run task
[2025-12-16T11:23:20.464+0000] {standard_task_runner.py:84} INFO - Running: ['***', 'tasks', 'run', 'job3_daily_analytics', 'compute_daily_summary', 'manual__2025-12-16T11:23:18.985693+00:00', '--job-id', '6', '--raw', '--subdir', 'DAGS_FOLDER/job3_daily_summary_dag.py', '--cfg-path', '/tmp/tmphadctwg9']
[2025-12-16T11:23:20.467+0000] {standard_task_runner.py:85} INFO - Job 6: Subtask compute_daily_summary
[2025-12-16T11:23:20.528+0000] {task_command.py:416} INFO - Running <TaskInstance: job3_daily_analytics.compute_daily_summary manual__2025-12-16T11:23:18.985693+00:00 [running]> on host 88b5a86de249
[2025-12-16T11:23:20.965+0000] {taskinstance.py:1662} INFO - Exporting env vars: AIRFLOW_CTX_DAG_OWNER='team' AIRFLOW_CTX_DAG_ID='job3_daily_analytics' AIRFLOW_CTX_TASK_ID='compute_daily_summary' AIRFLOW_CTX_EXECUTION_DATE='2025-12-16T11:23:18.985693+00:00' AIRFLOW_CTX_TRY_NUMBER='1' AIRFLOW_CTX_DAG_RUN_ID='manual__2025-12-16T11:23:18.985693+00:00'
[2025-12-16T11:23:20.970+0000] {logging_mixin.py:154} INFO - Computing analytics for date: 2025-12-15
[2025-12-16T11:23:20.990+0000] {logging_mixin.py:154} INFO - Total records to analyze: 36
[2025-12-16T11:23:21.006+0000] {logging_mixin.py:154} INFO - 
Daily Summary Statistics:
[2025-12-16T11:23:21.010+0000] {logging_mixin.py:154} INFO -       date location  avg_temperature  min_temperature  max_temperature  avg_humidity  avg_wind_speed  total_precipitation  record_count
2025-12-16   Almaty             1.08              0.0              1.7         77.77            0.86                  0.0            13
2025-12-16   Astana            -8.32             -9.0             -8.1         83.58            6.60                  0.0            12
2025-12-16 Shymkent             5.93              5.6              6.3         57.45            1.20                  0.0            11
[2025-12-16T11:23:21.061+0000] {logging_mixin.py:154} INFO - Inserted 3 records into daily_summary table
[2025-12-16T11:23:21.062+0000] {logging_mixin.py:154} INFO - 
=== Additional Insights ===
[2025-12-16T11:23:21.067+0000] {logging_mixin.py:154} INFO - 
Overall Statistics:
[2025-12-16T11:23:21.072+0000] {logging_mixin.py:154} INFO -       temperature   humidity  wind_speed  precipitation
mean    -0.575000  73.500000    2.877778            NaN
std      5.924302  11.330112         NaN            NaN
max           NaN        NaN    7.700000            NaN
sum           NaN        NaN         NaN            0.0
[2025-12-16T11:23:21.073+0000] {logging_mixin.py:154} INFO - 
Temperature by Location:
[2025-12-16T11:23:21.075+0000] {logging_mixin.py:154} INFO - location
Shymkent    5.93
Almaty      1.08
Astana     -8.32
Name: avg_temperature, dtype: float64
[2025-12-16T11:23:21.076+0000] {python.py:194} INFO - Done. Returned value was: None
[2025-12-16T11:23:21.093+0000] {taskinstance.py:1400} INFO - Marking task as SUCCESS. dag_id=job3_daily_analytics, task_id=compute_daily_summary, execution_date=20251216T112318, start_date=20251216T112320, end_date=20251216T112321
[2025-12-16T11:23:21.118+0000] {local_task_job_runner.py:228} INFO - Task exited with return code 0
[2025-12-16T11:23:21.135+0000] {taskinstance.py:2778} INFO - 0 downstream tasks scheduled from follow-on schedule check
