[2025-12-17T09:07:43.483+0000] {taskinstance.py:1159} INFO - Dependencies all met for dep_context=non-requeueable deps ti=<TaskInstance: job3_daily_analytics.compute_daily_summary manual__2025-12-17T09:07:42.339960+00:00 [queued]>
[2025-12-17T09:07:43.490+0000] {taskinstance.py:1159} INFO - Dependencies all met for dep_context=requeueable deps ti=<TaskInstance: job3_daily_analytics.compute_daily_summary manual__2025-12-17T09:07:42.339960+00:00 [queued]>
[2025-12-17T09:07:43.491+0000] {taskinstance.py:1361} INFO - Starting attempt 1 of 3
[2025-12-17T09:07:43.500+0000] {taskinstance.py:1382} INFO - Executing <Task(PythonOperator): compute_daily_summary> on 2025-12-17 09:07:42.339960+00:00
[2025-12-17T09:07:43.506+0000] {standard_task_runner.py:57} INFO - Started process 5302 to run task
[2025-12-17T09:07:43.509+0000] {standard_task_runner.py:84} INFO - Running: ['***', 'tasks', 'run', 'job3_daily_analytics', 'compute_daily_summary', 'manual__2025-12-17T09:07:42.339960+00:00', '--job-id', '23', '--raw', '--subdir', 'DAGS_FOLDER/job3_daily_summary_dag.py', '--cfg-path', '/tmp/tmplgu0rk4u']
[2025-12-17T09:07:43.511+0000] {standard_task_runner.py:85} INFO - Job 23: Subtask compute_daily_summary
[2025-12-17T09:07:43.565+0000] {task_command.py:416} INFO - Running <TaskInstance: job3_daily_analytics.compute_daily_summary manual__2025-12-17T09:07:42.339960+00:00 [running]> on host 2610621bd5d4
[2025-12-17T09:07:43.769+0000] {taskinstance.py:1662} INFO - Exporting env vars: AIRFLOW_CTX_DAG_OWNER='team' AIRFLOW_CTX_DAG_ID='job3_daily_analytics' AIRFLOW_CTX_TASK_ID='compute_daily_summary' AIRFLOW_CTX_EXECUTION_DATE='2025-12-17T09:07:42.339960+00:00' AIRFLOW_CTX_TRY_NUMBER='1' AIRFLOW_CTX_DAG_RUN_ID='manual__2025-12-17T09:07:42.339960+00:00'
[2025-12-17T09:07:43.771+0000] {logging_mixin.py:154} INFO - Computing analytics for date: 2025-12-16
[2025-12-17T09:07:43.779+0000] {logging_mixin.py:154} INFO - Total records to analyze: 225
[2025-12-17T09:07:43.809+0000] {logging_mixin.py:154} INFO - 
Daily Summary Statistics:
[2025-12-17T09:07:43.815+0000] {logging_mixin.py:154} INFO -       date location  avg_temperature  min_temperature  max_temperature  avg_humidity  avg_wind_speed  total_precipitation  record_count
2025-12-16   Almaty            -0.39             -2.0              1.7         75.93            0.76                 0.13            42
2025-12-16   Astana            -9.85            -12.3             -8.1         82.87            6.10                 0.00            39
2025-12-16 Shymkent             3.91              1.1              6.3         73.16            1.26                 1.37            37
2025-12-17   Almaty             3.17              2.8              5.4         74.35            0.50                 0.91            48
2025-12-17   Astana           -15.55            -16.3            -15.2         80.07            4.81                 0.00            30
2025-12-17 Shymkent             3.17              2.8              4.0         94.83            1.42                 4.63            29
[2025-12-17T09:07:43.853+0000] {logging_mixin.py:154} INFO - Inserted 6 records into daily_summary table
[2025-12-17T09:07:43.854+0000] {logging_mixin.py:154} INFO - 
=== Additional Insights ===
[2025-12-17T09:07:43.858+0000] {logging_mixin.py:154} INFO - 
Overall Statistics:
[2025-12-17T09:07:43.864+0000] {logging_mixin.py:154} INFO -       temperature   humidity  wind_speed  precipitation
mean    -2.124000  79.328889    2.336889            NaN
std      7.204658   9.055795         NaN            NaN
max           NaN        NaN    7.700000            NaN
sum           NaN        NaN         NaN           7.04
[2025-12-17T09:07:43.864+0000] {logging_mixin.py:154} INFO - 
Temperature by Location:
[2025-12-17T09:07:43.867+0000] {logging_mixin.py:154} INFO - location
Shymkent     3.54
Almaty       1.39
Astana     -12.70
Name: avg_temperature, dtype: float64
[2025-12-17T09:07:43.867+0000] {python.py:194} INFO - Done. Returned value was: None
[2025-12-17T09:07:43.875+0000] {taskinstance.py:1400} INFO - Marking task as SUCCESS. dag_id=job3_daily_analytics, task_id=compute_daily_summary, execution_date=20251217T090742, start_date=20251217T090743, end_date=20251217T090743
[2025-12-17T09:07:43.922+0000] {local_task_job_runner.py:228} INFO - Task exited with return code 0
[2025-12-17T09:07:43.938+0000] {taskinstance.py:2778} INFO - 0 downstream tasks scheduled from follow-on schedule check
