[2025-12-17T03:27:37.748+0000] {taskinstance.py:1159} INFO - Dependencies all met for dep_context=non-requeueable deps ti=<TaskInstance: job2_weather_cleaning.clean_and_store_weather scheduled__2025-12-17T02:00:00+00:00 [queued]>
[2025-12-17T03:27:37.761+0000] {taskinstance.py:1159} INFO - Dependencies all met for dep_context=requeueable deps ti=<TaskInstance: job2_weather_cleaning.clean_and_store_weather scheduled__2025-12-17T02:00:00+00:00 [queued]>
[2025-12-17T03:27:37.764+0000] {taskinstance.py:1361} INFO - Starting attempt 1 of 3
[2025-12-17T03:27:37.793+0000] {taskinstance.py:1382} INFO - Executing <Task(PythonOperator): clean_and_store_weather> on 2025-12-17 02:00:00+00:00
[2025-12-17T03:27:37.805+0000] {standard_task_runner.py:57} INFO - Started process 195 to run task
[2025-12-17T03:27:37.809+0000] {standard_task_runner.py:84} INFO - Running: ['***', 'tasks', 'run', 'job2_weather_cleaning', 'clean_and_store_weather', 'scheduled__2025-12-17T02:00:00+00:00', '--job-id', '62', '--raw', '--subdir', 'DAGS_FOLDER/job2_clean_store_dag.py', '--cfg-path', '/tmp/tmpzxilcn_g']
[2025-12-17T03:27:37.815+0000] {standard_task_runner.py:85} INFO - Job 62: Subtask clean_and_store_weather
[2025-12-17T03:27:37.942+0000] {task_command.py:416} INFO - Running <TaskInstance: job2_weather_cleaning.clean_and_store_weather scheduled__2025-12-17T02:00:00+00:00 [running]> on host 368de0f02f1d
[2025-12-17T03:27:38.104+0000] {taskinstance.py:1662} INFO - Exporting env vars: AIRFLOW_CTX_DAG_OWNER='team' AIRFLOW_CTX_DAG_ID='job2_weather_cleaning' AIRFLOW_CTX_TASK_ID='clean_and_store_weather' AIRFLOW_CTX_EXECUTION_DATE='2025-12-17T02:00:00+00:00' AIRFLOW_CTX_TRY_NUMBER='1' AIRFLOW_CTX_DAG_RUN_ID='scheduled__2025-12-17T02:00:00+00:00'
[2025-12-17T03:27:38.116+0000] {logging_mixin.py:154} INFO - Database initialized at /opt/***/data/app.db
[2025-12-17T03:27:42.123+0000] {conn.py:1527} WARNING - DNS lookup failed for kafka:29092, exception was [Errno -5] No address associated with hostname. Is your advertised.listeners (called advertised.host.name before Kafka 9) correct and resolvable?
[2025-12-17T03:27:42.125+0000] {conn.py:315} ERROR - DNS lookup failed for kafka:29092 (0)
[2025-12-17T03:27:42.126+0000] {conn.py:1205} INFO - Probing node bootstrap-0 broker version
[2025-12-17T03:27:42.127+0000] {taskinstance.py:1937} ERROR - Task failed with exception
Traceback (most recent call last):
  File "/home/airflow/.local/lib/python3.10/site-packages/airflow/operators/python.py", line 192, in execute
    return_value = self.execute_callable()
  File "/home/airflow/.local/lib/python3.10/site-packages/airflow/operators/python.py", line 209, in execute_callable
    return self.python_callable(*self.op_args, **self.op_kwargs)
  File "/opt/airflow/dags/job2_clean_store_dag.py", line 30, in cleaning_task
    run_cleaner()
  File "/opt/airflow/src/job2_cleaner.py", line 85, in run_cleaner
    consumer = create_kafka_consumer()
  File "/opt/airflow/src/job2_cleaner.py", line 11, in create_kafka_consumer
    return KafkaConsumer(
  File "/home/airflow/.local/lib/python3.10/site-packages/kafka/consumer/group.py", line 356, in __init__
    self._client = KafkaClient(metrics=self._metrics, **self.config)
  File "/home/airflow/.local/lib/python3.10/site-packages/kafka/client_async.py", line 244, in __init__
    self.config['api_version'] = self.check_version(timeout=check_timeout)
  File "/home/airflow/.local/lib/python3.10/site-packages/kafka/client_async.py", line 927, in check_version
    raise Errors.NoBrokersAvailable()
kafka.errors.NoBrokersAvailable: NoBrokersAvailable
[2025-12-17T03:27:42.148+0000] {taskinstance.py:1400} INFO - Marking task as UP_FOR_RETRY. dag_id=job2_weather_cleaning, task_id=clean_and_store_weather, execution_date=20251217T020000, start_date=20251217T032737, end_date=20251217T032742
[2025-12-17T03:27:42.167+0000] {standard_task_runner.py:104} ERROR - Failed to execute job 62 for task clean_and_store_weather (NoBrokersAvailable; 195)
[2025-12-17T03:27:42.205+0000] {local_task_job_runner.py:228} INFO - Task exited with return code 1
[2025-12-17T03:27:42.230+0000] {taskinstance.py:2778} INFO - 0 downstream tasks scheduled from follow-on schedule check
