[2025-12-16T11:30:00.126+0000] {taskinstance.py:1159} INFO - Dependencies all met for dep_context=non-requeueable deps ti=<TaskInstance: job1_weather_ingestion.ingest_weather_data scheduled__2025-12-16T10:00:00+00:00 [queued]>
[2025-12-16T11:30:00.137+0000] {taskinstance.py:1159} INFO - Dependencies all met for dep_context=requeueable deps ti=<TaskInstance: job1_weather_ingestion.ingest_weather_data scheduled__2025-12-16T10:00:00+00:00 [queued]>
[2025-12-16T11:30:00.138+0000] {taskinstance.py:1361} INFO - Starting attempt 2 of 2
[2025-12-16T11:30:00.150+0000] {taskinstance.py:1382} INFO - Executing <Task(PythonOperator): ingest_weather_data> on 2025-12-16 10:00:00+00:00
[2025-12-16T11:30:00.155+0000] {standard_task_runner.py:57} INFO - Started process 223 to run task
[2025-12-16T11:30:00.159+0000] {standard_task_runner.py:84} INFO - Running: ['***', 'tasks', 'run', 'job1_weather_ingestion', 'ingest_weather_data', 'scheduled__2025-12-16T10:00:00+00:00', '--job-id', '10', '--raw', '--subdir', 'DAGS_FOLDER/job1_ingestion_dag.py', '--cfg-path', '/tmp/tmpkoxwcu7x']
[2025-12-16T11:30:00.163+0000] {standard_task_runner.py:85} INFO - Job 10: Subtask ingest_weather_data
[2025-12-16T11:30:00.241+0000] {task_command.py:416} INFO - Running <TaskInstance: job1_weather_ingestion.ingest_weather_data scheduled__2025-12-16T10:00:00+00:00 [running]> on host 88b5a86de249
[2025-12-16T11:30:00.313+0000] {taskinstance.py:1662} INFO - Exporting env vars: AIRFLOW_CTX_DAG_OWNER='team' AIRFLOW_CTX_DAG_ID='job1_weather_ingestion' AIRFLOW_CTX_TASK_ID='ingest_weather_data' AIRFLOW_CTX_EXECUTION_DATE='2025-12-16T10:00:00+00:00' AIRFLOW_CTX_TRY_NUMBER='2' AIRFLOW_CTX_DAG_RUN_ID='scheduled__2025-12-16T10:00:00+00:00'
[2025-12-16T11:30:00.319+0000] {conn.py:380} INFO - <BrokerConnection node_id=bootstrap-0 host=kafka:29092 <connecting> [IPv4 ('172.18.0.4', 29092)]>: connecting to kafka:29092 [('172.18.0.4', 29092) IPv4]
[2025-12-16T11:30:00.320+0000] {conn.py:1205} INFO - Probing node bootstrap-0 broker version
[2025-12-16T11:30:00.321+0000] {conn.py:410} INFO - <BrokerConnection node_id=bootstrap-0 host=kafka:29092 <connecting> [IPv4 ('172.18.0.4', 29092)]>: Connection complete.
[2025-12-16T11:30:00.429+0000] {conn.py:1267} INFO - Broker version identified as 2.5.0
[2025-12-16T11:30:00.429+0000] {conn.py:1268} INFO - Set configuration api_version=(2, 5, 0) to skip auto check_version requests on startup
[2025-12-16T11:30:00.432+0000] {logging_mixin.py:154} INFO - Starting weather data producer for 55 minutes...
[2025-12-16T11:30:00.930+0000] {logging_mixin.py:154} INFO - Error fetching data for Almaty: 429 Client Error: Too Many Requests for url: https://api.tomorrow.io/v4/timelines?location=43.222%2C76.8512&fields=temperature&fields=humidity&fields=windSpeed&fields=precipitationIntensity&fields=weatherCode&timesteps=current&units=metric&apikey=AQD9YnFk7nHx6iVSXIFDgBIOz12qA1Mi
[2025-12-16T11:30:13.963+0000] {logging_mixin.py:154} INFO - Error fetching data for Astana: 429 Client Error: Too Many Requests for url: https://api.tomorrow.io/v4/timelines?location=51.1694%2C71.4491&fields=temperature&fields=humidity&fields=windSpeed&fields=precipitationIntensity&fields=weatherCode&timesteps=current&units=metric&apikey=AQD9YnFk7nHx6iVSXIFDgBIOz12qA1Mi
[2025-12-16T11:30:24.294+0000] {logging_mixin.py:154} INFO - Error fetching data for Shymkent: 429 Client Error: Too Many Requests for url: https://api.tomorrow.io/v4/timelines?location=42.3417%2C69.5901&fields=temperature&fields=humidity&fields=windSpeed&fields=precipitationIntensity&fields=weatherCode&timesteps=current&units=metric&apikey=AQD9YnFk7nHx6iVSXIFDgBIOz12qA1Mi
[2025-12-16T11:31:30.251+0000] {logging_mixin.py:154} INFO - Error fetching data for Almaty: 429 Client Error: Too Many Requests for url: https://api.tomorrow.io/v4/timelines?location=43.222%2C76.8512&fields=temperature&fields=humidity&fields=windSpeed&fields=precipitationIntensity&fields=weatherCode&timesteps=current&units=metric&apikey=AQD9YnFk7nHx6iVSXIFDgBIOz12qA1Mi
[2025-12-16T11:31:43.290+0000] {logging_mixin.py:154} INFO - Error fetching data for Astana: 429 Client Error: Too Many Requests for url: https://api.tomorrow.io/v4/timelines?location=51.1694%2C71.4491&fields=temperature&fields=humidity&fields=windSpeed&fields=precipitationIntensity&fields=weatherCode&timesteps=current&units=metric&apikey=AQD9YnFk7nHx6iVSXIFDgBIOz12qA1Mi
[2025-12-16T11:31:53.627+0000] {logging_mixin.py:154} INFO - Error fetching data for Shymkent: 429 Client Error: Too Many Requests for url: https://api.tomorrow.io/v4/timelines?location=42.3417%2C69.5901&fields=temperature&fields=humidity&fields=windSpeed&fields=precipitationIntensity&fields=weatherCode&timesteps=current&units=metric&apikey=AQD9YnFk7nHx6iVSXIFDgBIOz12qA1Mi
[2025-12-16T11:32:59.541+0000] {logging_mixin.py:154} INFO - Error fetching data for Almaty: 429 Client Error: Too Many Requests for url: https://api.tomorrow.io/v4/timelines?location=43.222%2C76.8512&fields=temperature&fields=humidity&fields=windSpeed&fields=precipitationIntensity&fields=weatherCode&timesteps=current&units=metric&apikey=AQD9YnFk7nHx6iVSXIFDgBIOz12qA1Mi
[2025-12-16T11:33:09.878+0000] {logging_mixin.py:154} INFO - Error fetching data for Astana: 429 Client Error: Too Many Requests for url: https://api.tomorrow.io/v4/timelines?location=51.1694%2C71.4491&fields=temperature&fields=humidity&fields=windSpeed&fields=precipitationIntensity&fields=weatherCode&timesteps=current&units=metric&apikey=AQD9YnFk7nHx6iVSXIFDgBIOz12qA1Mi
[2025-12-16T11:33:22.926+0000] {logging_mixin.py:154} INFO - Error fetching data for Shymkent: 429 Client Error: Too Many Requests for url: https://api.tomorrow.io/v4/timelines?location=42.3417%2C69.5901&fields=temperature&fields=humidity&fields=windSpeed&fields=precipitationIntensity&fields=weatherCode&timesteps=current&units=metric&apikey=AQD9YnFk7nHx6iVSXIFDgBIOz12qA1Mi
[2025-12-16T11:34:28.888+0000] {logging_mixin.py:154} INFO - Error fetching data for Almaty: 429 Client Error: Too Many Requests for url: https://api.tomorrow.io/v4/timelines?location=43.222%2C76.8512&fields=temperature&fields=humidity&fields=windSpeed&fields=precipitationIntensity&fields=weatherCode&timesteps=current&units=metric&apikey=AQD9YnFk7nHx6iVSXIFDgBIOz12qA1Mi
[2025-12-16T11:34:39.198+0000] {logging_mixin.py:154} INFO - Error fetching data for Astana: 429 Client Error: Too Many Requests for url: https://api.tomorrow.io/v4/timelines?location=51.1694%2C71.4491&fields=temperature&fields=humidity&fields=windSpeed&fields=precipitationIntensity&fields=weatherCode&timesteps=current&units=metric&apikey=AQD9YnFk7nHx6iVSXIFDgBIOz12qA1Mi
[2025-12-16T11:34:49.564+0000] {logging_mixin.py:154} INFO - Error fetching data for Shymkent: 429 Client Error: Too Many Requests for url: https://api.tomorrow.io/v4/timelines?location=42.3417%2C69.5901&fields=temperature&fields=humidity&fields=windSpeed&fields=precipitationIntensity&fields=weatherCode&timesteps=current&units=metric&apikey=AQD9YnFk7nHx6iVSXIFDgBIOz12qA1Mi
[2025-12-16T11:35:00.488+0000] {conn.py:380} INFO - <BrokerConnection node_id=1 host=kafka:29092 <connecting> [IPv4 ('172.18.0.4', 29092)]>: connecting to kafka:29092 [('172.18.0.4', 29092) IPv4]
[2025-12-16T11:35:00.490+0000] {conn.py:410} INFO - <BrokerConnection node_id=1 host=kafka:29092 <connecting> [IPv4 ('172.18.0.4', 29092)]>: Connection complete.
[2025-12-16T11:35:00.490+0000] {conn.py:919} INFO - <BrokerConnection node_id=bootstrap-0 host=kafka:29092 <connected> [IPv4 ('172.18.0.4', 29092)]>: Closing connection. 
[2025-12-16T11:35:55.514+0000] {logging_mixin.py:154} INFO - Error fetching data for Almaty: 429 Client Error: Too Many Requests for url: https://api.tomorrow.io/v4/timelines?location=43.222%2C76.8512&fields=temperature&fields=humidity&fields=windSpeed&fields=precipitationIntensity&fields=weatherCode&timesteps=current&units=metric&apikey=AQD9YnFk7nHx6iVSXIFDgBIOz12qA1Mi
[2025-12-16T11:36:08.602+0000] {logging_mixin.py:154} INFO - Error fetching data for Astana: 429 Client Error: Too Many Requests for url: https://api.tomorrow.io/v4/timelines?location=51.1694%2C71.4491&fields=temperature&fields=humidity&fields=windSpeed&fields=precipitationIntensity&fields=weatherCode&timesteps=current&units=metric&apikey=AQD9YnFk7nHx6iVSXIFDgBIOz12qA1Mi
[2025-12-16T11:36:18.977+0000] {logging_mixin.py:154} INFO - Error fetching data for Shymkent: 429 Client Error: Too Many Requests for url: https://api.tomorrow.io/v4/timelines?location=42.3417%2C69.5901&fields=temperature&fields=humidity&fields=windSpeed&fields=precipitationIntensity&fields=weatherCode&timesteps=current&units=metric&apikey=AQD9YnFk7nHx6iVSXIFDgBIOz12qA1Mi
[2025-12-16T11:37:25.010+0000] {logging_mixin.py:154} INFO - Error fetching data for Almaty: 429 Client Error: Too Many Requests for url: https://api.tomorrow.io/v4/timelines?location=43.222%2C76.8512&fields=temperature&fields=humidity&fields=windSpeed&fields=precipitationIntensity&fields=weatherCode&timesteps=current&units=metric&apikey=AQD9YnFk7nHx6iVSXIFDgBIOz12qA1Mi
[2025-12-16T11:37:35.367+0000] {logging_mixin.py:154} INFO - Error fetching data for Astana: 429 Client Error: Too Many Requests for url: https://api.tomorrow.io/v4/timelines?location=51.1694%2C71.4491&fields=temperature&fields=humidity&fields=windSpeed&fields=precipitationIntensity&fields=weatherCode&timesteps=current&units=metric&apikey=AQD9YnFk7nHx6iVSXIFDgBIOz12qA1Mi
[2025-12-16T11:37:48.435+0000] {logging_mixin.py:154} INFO - Error fetching data for Shymkent: 429 Client Error: Too Many Requests for url: https://api.tomorrow.io/v4/timelines?location=42.3417%2C69.5901&fields=temperature&fields=humidity&fields=windSpeed&fields=precipitationIntensity&fields=weatherCode&timesteps=current&units=metric&apikey=AQD9YnFk7nHx6iVSXIFDgBIOz12qA1Mi
[2025-12-16T11:38:54.366+0000] {logging_mixin.py:154} INFO - Error fetching data for Almaty: 429 Client Error: Too Many Requests for url: https://api.tomorrow.io/v4/timelines?location=43.222%2C76.8512&fields=temperature&fields=humidity&fields=windSpeed&fields=precipitationIntensity&fields=weatherCode&timesteps=current&units=metric&apikey=AQD9YnFk7nHx6iVSXIFDgBIOz12qA1Mi
[2025-12-16T11:39:04.716+0000] {logging_mixin.py:154} INFO - Error fetching data for Astana: 429 Client Error: Too Many Requests for url: https://api.tomorrow.io/v4/timelines?location=51.1694%2C71.4491&fields=temperature&fields=humidity&fields=windSpeed&fields=precipitationIntensity&fields=weatherCode&timesteps=current&units=metric&apikey=AQD9YnFk7nHx6iVSXIFDgBIOz12qA1Mi
[2025-12-16T11:39:15.071+0000] {logging_mixin.py:154} INFO - Error fetching data for Shymkent: 429 Client Error: Too Many Requests for url: https://api.tomorrow.io/v4/timelines?location=42.3417%2C69.5901&fields=temperature&fields=humidity&fields=windSpeed&fields=precipitationIntensity&fields=weatherCode&timesteps=current&units=metric&apikey=AQD9YnFk7nHx6iVSXIFDgBIOz12qA1Mi
[2025-12-16T11:40:21.018+0000] {logging_mixin.py:154} INFO - Error fetching data for Almaty: 429 Client Error: Too Many Requests for url: https://api.tomorrow.io/v4/timelines?location=43.222%2C76.8512&fields=temperature&fields=humidity&fields=windSpeed&fields=precipitationIntensity&fields=weatherCode&timesteps=current&units=metric&apikey=AQD9YnFk7nHx6iVSXIFDgBIOz12qA1Mi
[2025-12-16T11:40:34.138+0000] {logging_mixin.py:154} INFO - Error fetching data for Astana: 429 Client Error: Too Many Requests for url: https://api.tomorrow.io/v4/timelines?location=51.1694%2C71.4491&fields=temperature&fields=humidity&fields=windSpeed&fields=precipitationIntensity&fields=weatherCode&timesteps=current&units=metric&apikey=AQD9YnFk7nHx6iVSXIFDgBIOz12qA1Mi
[2025-12-16T11:40:44.561+0000] {logging_mixin.py:154} INFO - Error fetching data for Shymkent: 429 Client Error: Too Many Requests for url: https://api.tomorrow.io/v4/timelines?location=42.3417%2C69.5901&fields=temperature&fields=humidity&fields=windSpeed&fields=precipitationIntensity&fields=weatherCode&timesteps=current&units=metric&apikey=AQD9YnFk7nHx6iVSXIFDgBIOz12qA1Mi
[2025-12-16T11:41:50.488+0000] {logging_mixin.py:154} INFO - Error fetching data for Almaty: 429 Client Error: Too Many Requests for url: https://api.tomorrow.io/v4/timelines?location=43.222%2C76.8512&fields=temperature&fields=humidity&fields=windSpeed&fields=precipitationIntensity&fields=weatherCode&timesteps=current&units=metric&apikey=AQD9YnFk7nHx6iVSXIFDgBIOz12qA1Mi
[2025-12-16T11:42:00.830+0000] {logging_mixin.py:154} INFO - Error fetching data for Astana: 429 Client Error: Too Many Requests for url: https://api.tomorrow.io/v4/timelines?location=51.1694%2C71.4491&fields=temperature&fields=humidity&fields=windSpeed&fields=precipitationIntensity&fields=weatherCode&timesteps=current&units=metric&apikey=AQD9YnFk7nHx6iVSXIFDgBIOz12qA1Mi
[2025-12-16T11:42:13.942+0000] {logging_mixin.py:154} INFO - Error fetching data for Shymkent: 429 Client Error: Too Many Requests for url: https://api.tomorrow.io/v4/timelines?location=42.3417%2C69.5901&fields=temperature&fields=humidity&fields=windSpeed&fields=precipitationIntensity&fields=weatherCode&timesteps=current&units=metric&apikey=AQD9YnFk7nHx6iVSXIFDgBIOz12qA1Mi
[2025-12-16T11:43:19.880+0000] {logging_mixin.py:154} INFO - Error fetching data for Almaty: 429 Client Error: Too Many Requests for url: https://api.tomorrow.io/v4/timelines?location=43.222%2C76.8512&fields=temperature&fields=humidity&fields=windSpeed&fields=precipitationIntensity&fields=weatherCode&timesteps=current&units=metric&apikey=AQD9YnFk7nHx6iVSXIFDgBIOz12qA1Mi
[2025-12-16T11:43:30.244+0000] {logging_mixin.py:154} INFO - Error fetching data for Astana: 429 Client Error: Too Many Requests for url: https://api.tomorrow.io/v4/timelines?location=51.1694%2C71.4491&fields=temperature&fields=humidity&fields=windSpeed&fields=precipitationIntensity&fields=weatherCode&timesteps=current&units=metric&apikey=AQD9YnFk7nHx6iVSXIFDgBIOz12qA1Mi
[2025-12-16T11:43:43.297+0000] {logging_mixin.py:154} INFO - Error fetching data for Shymkent: 429 Client Error: Too Many Requests for url: https://api.tomorrow.io/v4/timelines?location=42.3417%2C69.5901&fields=temperature&fields=humidity&fields=windSpeed&fields=precipitationIntensity&fields=weatherCode&timesteps=current&units=metric&apikey=AQD9YnFk7nHx6iVSXIFDgBIOz12qA1Mi
[2025-12-16T11:44:49.264+0000] {logging_mixin.py:154} INFO - Error fetching data for Almaty: 429 Client Error: Too Many Requests for url: https://api.tomorrow.io/v4/timelines?location=43.222%2C76.8512&fields=temperature&fields=humidity&fields=windSpeed&fields=precipitationIntensity&fields=weatherCode&timesteps=current&units=metric&apikey=AQD9YnFk7nHx6iVSXIFDgBIOz12qA1Mi
[2025-12-16T11:44:59.634+0000] {logging_mixin.py:154} INFO - Error fetching data for Astana: 429 Client Error: Too Many Requests for url: https://api.tomorrow.io/v4/timelines?location=51.1694%2C71.4491&fields=temperature&fields=humidity&fields=windSpeed&fields=precipitationIntensity&fields=weatherCode&timesteps=current&units=metric&apikey=AQD9YnFk7nHx6iVSXIFDgBIOz12qA1Mi
[2025-12-16T11:45:10.018+0000] {logging_mixin.py:154} INFO - Error fetching data for Shymkent: 429 Client Error: Too Many Requests for url: https://api.tomorrow.io/v4/timelines?location=42.3417%2C69.5901&fields=temperature&fields=humidity&fields=windSpeed&fields=precipitationIntensity&fields=weatherCode&timesteps=current&units=metric&apikey=AQD9YnFk7nHx6iVSXIFDgBIOz12qA1Mi
[2025-12-16T11:46:16.038+0000] {logging_mixin.py:154} INFO - Error fetching data for Almaty: 429 Client Error: Too Many Requests for url: https://api.tomorrow.io/v4/timelines?location=43.222%2C76.8512&fields=temperature&fields=humidity&fields=windSpeed&fields=precipitationIntensity&fields=weatherCode&timesteps=current&units=metric&apikey=AQD9YnFk7nHx6iVSXIFDgBIOz12qA1Mi
[2025-12-16T11:46:29.153+0000] {logging_mixin.py:154} INFO - Error fetching data for Astana: 429 Client Error: Too Many Requests for url: https://api.tomorrow.io/v4/timelines?location=51.1694%2C71.4491&fields=temperature&fields=humidity&fields=windSpeed&fields=precipitationIntensity&fields=weatherCode&timesteps=current&units=metric&apikey=AQD9YnFk7nHx6iVSXIFDgBIOz12qA1Mi
[2025-12-16T11:46:39.533+0000] {logging_mixin.py:154} INFO - Error fetching data for Shymkent: 429 Client Error: Too Many Requests for url: https://api.tomorrow.io/v4/timelines?location=42.3417%2C69.5901&fields=temperature&fields=humidity&fields=windSpeed&fields=precipitationIntensity&fields=weatherCode&timesteps=current&units=metric&apikey=AQD9YnFk7nHx6iVSXIFDgBIOz12qA1Mi
[2025-12-16T11:47:34.576+0000] {local_task_job_runner.py:115} ERROR - Received SIGTERM. Terminating subprocesses
[2025-12-16T11:47:34.687+0000] {process_utils.py:131} INFO - Sending 15 to group 223. PIDs of all processes in the group: [223]
[2025-12-16T11:47:34.702+0000] {process_utils.py:86} INFO - Sending the signal 15 to group 223
[2025-12-16T11:47:34.725+0000] {taskinstance.py:1632} ERROR - Received SIGTERM. Terminating subprocesses.
[2025-12-16T11:47:34.732+0000] {kafka.py:483} INFO - Closing the Kafka producer with 9223372036.0 secs timeout.
[2025-12-16T11:47:34.754+0000] {conn.py:919} INFO - <BrokerConnection node_id=1 host=kafka:29092 <connected> [IPv4 ('172.18.0.4', 29092)]>: Closing connection. 
[2025-12-16T11:47:34.772+0000] {logging_mixin.py:154} INFO - Producer finished. Total messages sent: 0
[2025-12-16T11:47:34.905+0000] {taskinstance.py:1937} ERROR - Task failed with exception
Traceback (most recent call last):
  File "/home/airflow/.local/lib/python3.10/site-packages/airflow/operators/python.py", line 192, in execute
    return_value = self.execute_callable()
  File "/home/airflow/.local/lib/python3.10/site-packages/airflow/operators/python.py", line 209, in execute_callable
    return self.python_callable(*self.op_args, **self.op_kwargs)
  File "/opt/airflow/dags/job1_ingestion_dag.py", line 30, in ingestion_task
    run_producer(duration_minutes=55)
  File "/opt/airflow/src/job1_producer.py", line 86, in run_producer
    time.sleep(50)
  File "/home/airflow/.local/lib/python3.10/site-packages/airflow/models/taskinstance.py", line 1634, in signal_handler
    raise AirflowException("Task received SIGTERM signal")
airflow.exceptions.AirflowException: Task received SIGTERM signal
[2025-12-16T11:47:35.236+0000] {taskinstance.py:1400} INFO - Marking task as FAILED. dag_id=job1_weather_ingestion, task_id=ingest_weather_data, execution_date=20251216T100000, start_date=20251216T113000, end_date=20251216T114735
[2025-12-16T11:47:35.289+0000] {standard_task_runner.py:104} ERROR - Failed to execute job 10 for task ingest_weather_data (Task received SIGTERM signal; 223)
[2025-12-16T11:47:35.350+0000] {process_utils.py:79} INFO - Process psutil.Process(pid=223, status='terminated', exitcode=1, started='11:29:59') (223) terminated with exit code 1
[2025-12-16T11:47:35.352+0000] {local_task_job_runner.py:228} INFO - Task exited with return code 143
[2025-12-16T11:47:35.379+0000] {taskinstance.py:2778} INFO - 0 downstream tasks scheduled from follow-on schedule check
[2025-12-16T12:43:31.648+0000] {taskinstance.py:1159} INFO - Dependencies all met for dep_context=non-requeueable deps ti=<TaskInstance: job1_weather_ingestion.ingest_weather_data scheduled__2025-12-16T10:00:00+00:00 [queued]>
[2025-12-16T12:43:31.677+0000] {taskinstance.py:1159} INFO - Dependencies all met for dep_context=requeueable deps ti=<TaskInstance: job1_weather_ingestion.ingest_weather_data scheduled__2025-12-16T10:00:00+00:00 [queued]>
[2025-12-16T12:43:31.678+0000] {taskinstance.py:1361} INFO - Starting attempt 2 of 2
[2025-12-16T12:43:31.717+0000] {taskinstance.py:1382} INFO - Executing <Task(PythonOperator): ingest_weather_data> on 2025-12-16 10:00:00+00:00
[2025-12-16T12:43:31.731+0000] {standard_task_runner.py:57} INFO - Started process 179 to run task
[2025-12-16T12:43:31.744+0000] {standard_task_runner.py:84} INFO - Running: ['***', 'tasks', 'run', 'job1_weather_ingestion', 'ingest_weather_data', 'scheduled__2025-12-16T10:00:00+00:00', '--job-id', '24', '--raw', '--subdir', 'DAGS_FOLDER/job1_ingestion_dag.py', '--cfg-path', '/tmp/tmp9ruvfzdz']
[2025-12-16T12:43:31.754+0000] {standard_task_runner.py:85} INFO - Job 24: Subtask ingest_weather_data
[2025-12-16T12:43:32.015+0000] {task_command.py:416} INFO - Running <TaskInstance: job1_weather_ingestion.ingest_weather_data scheduled__2025-12-16T10:00:00+00:00 [running]> on host 368de0f02f1d
[2025-12-16T12:43:32.277+0000] {taskinstance.py:1662} INFO - Exporting env vars: AIRFLOW_CTX_DAG_OWNER='team' AIRFLOW_CTX_DAG_ID='job1_weather_ingestion' AIRFLOW_CTX_TASK_ID='ingest_weather_data' AIRFLOW_CTX_EXECUTION_DATE='2025-12-16T10:00:00+00:00' AIRFLOW_CTX_TRY_NUMBER='2' AIRFLOW_CTX_DAG_RUN_ID='scheduled__2025-12-16T10:00:00+00:00'
[2025-12-16T12:43:36.293+0000] {conn.py:1527} WARNING - DNS lookup failed for kafka:29092, exception was [Errno -5] No address associated with hostname. Is your advertised.listeners (called advertised.host.name before Kafka 9) correct and resolvable?
[2025-12-16T12:43:36.294+0000] {conn.py:315} ERROR - DNS lookup failed for kafka:29092 (0)
[2025-12-16T12:43:36.295+0000] {conn.py:1205} INFO - Probing node bootstrap-0 broker version
[2025-12-16T12:43:40.333+0000] {conn.py:1527} WARNING - DNS lookup failed for kafka:29092, exception was [Errno -2] Name or service not known. Is your advertised.listeners (called advertised.host.name before Kafka 9) correct and resolvable?
[2025-12-16T12:43:40.346+0000] {conn.py:315} ERROR - DNS lookup failed for kafka:29092 (0)
[2025-12-16T12:43:40.349+0000] {taskinstance.py:1937} ERROR - Task failed with exception
Traceback (most recent call last):
  File "/home/airflow/.local/lib/python3.10/site-packages/airflow/operators/python.py", line 192, in execute
    return_value = self.execute_callable()
  File "/home/airflow/.local/lib/python3.10/site-packages/airflow/operators/python.py", line 209, in execute_callable
    return self.python_callable(*self.op_args, **self.op_kwargs)
  File "/opt/airflow/dags/job1_ingestion_dag.py", line 30, in ingestion_task
    run_producer(duration_minutes=55)
  File "/opt/airflow/src/job1_producer.py", line 64, in run_producer
    producer = create_kafka_producer()
  File "/opt/airflow/src/job1_producer.py", line 21, in create_kafka_producer
    return KafkaProducer(
  File "/home/airflow/.local/lib/python3.10/site-packages/kafka/producer/kafka.py", line 381, in __init__
    client = KafkaClient(metrics=self._metrics, metric_group_prefix='producer',
  File "/home/airflow/.local/lib/python3.10/site-packages/kafka/client_async.py", line 244, in __init__
    self.config['api_version'] = self.check_version(timeout=check_timeout)
  File "/home/airflow/.local/lib/python3.10/site-packages/kafka/client_async.py", line 927, in check_version
    raise Errors.NoBrokersAvailable()
kafka.errors.NoBrokersAvailable: NoBrokersAvailable
[2025-12-16T12:43:40.420+0000] {taskinstance.py:1400} INFO - Marking task as FAILED. dag_id=job1_weather_ingestion, task_id=ingest_weather_data, execution_date=20251216T100000, start_date=20251216T124331, end_date=20251216T124340
[2025-12-16T12:43:40.465+0000] {standard_task_runner.py:104} ERROR - Failed to execute job 24 for task ingest_weather_data (NoBrokersAvailable; 179)
[2025-12-16T12:43:40.495+0000] {local_task_job_runner.py:228} INFO - Task exited with return code 1
[2025-12-16T12:43:40.636+0000] {taskinstance.py:2778} INFO - 0 downstream tasks scheduled from follow-on schedule check
