[2025-12-17T07:00:02.069+0000] {taskinstance.py:1159} INFO - Dependencies all met for dep_context=non-requeueable deps ti=<TaskInstance: job1_weather_ingestion.ingest_weather_data scheduled__2025-12-17T06:00:00+00:00 [queued]>
[2025-12-17T07:00:02.084+0000] {taskinstance.py:1159} INFO - Dependencies all met for dep_context=requeueable deps ti=<TaskInstance: job1_weather_ingestion.ingest_weather_data scheduled__2025-12-17T06:00:00+00:00 [queued]>
[2025-12-17T07:00:02.085+0000] {taskinstance.py:1361} INFO - Starting attempt 1 of 2
[2025-12-17T07:00:02.105+0000] {taskinstance.py:1382} INFO - Executing <Task(PythonOperator): ingest_weather_data> on 2025-12-17 06:00:00+00:00
[2025-12-17T07:00:02.114+0000] {standard_task_runner.py:57} INFO - Started process 1011 to run task
[2025-12-17T07:00:02.119+0000] {standard_task_runner.py:84} INFO - Running: ['***', 'tasks', 'run', 'job1_weather_ingestion', 'ingest_weather_data', 'scheduled__2025-12-17T06:00:00+00:00', '--job-id', '9', '--raw', '--subdir', 'DAGS_FOLDER/job1_ingestion_dag.py', '--cfg-path', '/tmp/tmp9iw05mml']
[2025-12-17T07:00:02.134+0000] {standard_task_runner.py:85} INFO - Job 9: Subtask ingest_weather_data
[2025-12-17T07:00:02.247+0000] {task_command.py:416} INFO - Running <TaskInstance: job1_weather_ingestion.ingest_weather_data scheduled__2025-12-17T06:00:00+00:00 [running]> on host 2610621bd5d4
[2025-12-17T07:00:02.366+0000] {taskinstance.py:1662} INFO - Exporting env vars: AIRFLOW_CTX_DAG_OWNER='team' AIRFLOW_CTX_DAG_ID='job1_weather_ingestion' AIRFLOW_CTX_TASK_ID='ingest_weather_data' AIRFLOW_CTX_EXECUTION_DATE='2025-12-17T06:00:00+00:00' AIRFLOW_CTX_TRY_NUMBER='1' AIRFLOW_CTX_DAG_RUN_ID='scheduled__2025-12-17T06:00:00+00:00'
[2025-12-17T07:00:02.372+0000] {conn.py:380} INFO - <BrokerConnection node_id=bootstrap-0 host=kafka:29092 <connecting> [IPv4 ('172.18.0.4', 29092)]>: connecting to kafka:29092 [('172.18.0.4', 29092) IPv4]
[2025-12-17T07:00:02.374+0000] {conn.py:1205} INFO - Probing node bootstrap-0 broker version
[2025-12-17T07:00:02.379+0000] {conn.py:410} INFO - <BrokerConnection node_id=bootstrap-0 host=kafka:29092 <connecting> [IPv4 ('172.18.0.4', 29092)]>: Connection complete.
[2025-12-17T07:00:02.497+0000] {conn.py:1267} INFO - Broker version identified as 2.5.0
[2025-12-17T07:00:02.498+0000] {conn.py:1268} INFO - Set configuration api_version=(2, 5, 0) to skip auto check_version requests on startup
[2025-12-17T07:00:02.506+0000] {logging_mixin.py:154} INFO - The producer is launched on 58 min. Interval: 2 minutes.
[2025-12-17T07:00:03.203+0000] {logging_mixin.py:154} INFO - Sent: Almaty в 2025-12-17T07:00:03.197326
[2025-12-17T07:00:03.205+0000] {conn.py:380} INFO - <BrokerConnection node_id=1 host=kafka:29092 <connecting> [IPv4 ('172.18.0.4', 29092)]>: connecting to kafka:29092 [('172.18.0.4', 29092) IPv4]
[2025-12-17T07:00:03.206+0000] {conn.py:410} INFO - <BrokerConnection node_id=1 host=kafka:29092 <connecting> [IPv4 ('172.18.0.4', 29092)]>: Connection complete.
[2025-12-17T07:00:03.207+0000] {conn.py:919} INFO - <BrokerConnection node_id=bootstrap-0 host=kafka:29092 <connected> [IPv4 ('172.18.0.4', 29092)]>: Closing connection. 
[2025-12-17T07:00:05.725+0000] {logging_mixin.py:154} INFO - Sent: Astana в 2025-12-17T07:00:05.721865
[2025-12-17T07:00:08.262+0000] {logging_mixin.py:154} INFO - Sent: Shymkent в 2025-12-17T07:00:08.261451
[2025-12-17T07:00:10.266+0000] {logging_mixin.py:154} INFO - Cycle completed. Waiting 112.2 sec. until next data collection...
[2025-12-17T07:02:03.161+0000] {logging_mixin.py:154} INFO - Sent: Almaty в 2025-12-17T07:02:03.156406
[2025-12-17T07:02:05.669+0000] {logging_mixin.py:154} INFO - Sent: Astana в 2025-12-17T07:02:05.668383
[2025-12-17T07:02:08.081+0000] {logging_mixin.py:154} INFO - Sent: Shymkent в 2025-12-17T07:02:08.081172
[2025-12-17T07:02:10.085+0000] {logging_mixin.py:154} INFO - Cycle completed. Waiting 112.5 sec. until next data collection...
[2025-12-17T07:04:03.193+0000] {logging_mixin.py:154} INFO - !!! Rate limit hit (429). Waiting...
[2025-12-17T07:04:35.596+0000] {logging_mixin.py:154} INFO - !!! Rate limit hit (429). Waiting...
[2025-12-17T07:05:08.115+0000] {logging_mixin.py:154} INFO - !!! Rate limit hit (429). Waiting...
[2025-12-17T07:05:40.145+0000] {logging_mixin.py:154} INFO - Cycle completed. Waiting 22.5 sec. until next data collection...
[2025-12-17T07:06:03.106+0000] {logging_mixin.py:154} INFO - !!! Rate limit hit (429). Waiting...
[2025-12-17T07:06:35.603+0000] {logging_mixin.py:154} INFO - !!! Rate limit hit (429). Waiting...
[2025-12-17T07:07:08.137+0000] {logging_mixin.py:154} INFO - !!! Rate limit hit (429). Waiting...
[2025-12-17T07:07:40.155+0000] {logging_mixin.py:154} INFO - Cycle completed. Waiting 22.5 sec. until next data collection...
[2025-12-17T07:08:03.126+0000] {logging_mixin.py:154} INFO - !!! Rate limit hit (429). Waiting...
[2025-12-17T07:08:35.583+0000] {logging_mixin.py:154} INFO - !!! Rate limit hit (429). Waiting...
[2025-12-17T07:09:08.044+0000] {logging_mixin.py:154} INFO - !!! Rate limit hit (429). Waiting...
[2025-12-17T07:09:40.069+0000] {logging_mixin.py:154} INFO - Cycle completed. Waiting 22.6 sec. until next data collection...
[2025-12-17T07:10:03.316+0000] {logging_mixin.py:154} INFO - !!! Rate limit hit (429). Waiting...
[2025-12-17T07:10:35.907+0000] {logging_mixin.py:154} INFO - !!! Rate limit hit (429). Waiting...
[2025-12-17T07:11:08.468+0000] {logging_mixin.py:154} INFO - !!! Rate limit hit (429). Waiting...
[2025-12-17T07:11:40.503+0000] {logging_mixin.py:154} INFO - Cycle completed. Waiting 22.1 sec. until next data collection...
[2025-12-17T07:12:03.141+0000] {logging_mixin.py:154} INFO - !!! Rate limit hit (429). Waiting...
[2025-12-17T07:12:35.818+0000] {logging_mixin.py:154} INFO - !!! Rate limit hit (429). Waiting...
[2025-12-17T07:13:08.270+0000] {logging_mixin.py:154} INFO - !!! Rate limit hit (429). Waiting...
[2025-12-17T07:13:40.302+0000] {logging_mixin.py:154} INFO - Cycle completed. Waiting 22.3 sec. until next data collection...
[2025-12-17T07:14:03.259+0000] {logging_mixin.py:154} INFO - !!! Rate limit hit (429). Waiting...
[2025-12-17T07:14:35.748+0000] {logging_mixin.py:154} INFO - !!! Rate limit hit (429). Waiting...
[2025-12-17T07:15:08.140+0000] {logging_mixin.py:154} INFO - !!! Rate limit hit (429). Waiting...
[2025-12-17T07:15:40.147+0000] {logging_mixin.py:154} INFO - Cycle completed. Waiting 22.5 sec. until next data collection...
[2025-12-17T07:16:03.174+0000] {logging_mixin.py:154} INFO - !!! Rate limit hit (429). Waiting...
[2025-12-17T07:16:35.562+0000] {logging_mixin.py:154} INFO - !!! Rate limit hit (429). Waiting...
[2025-12-17T07:17:08.093+0000] {logging_mixin.py:154} INFO - !!! Rate limit hit (429). Waiting...
[2025-12-17T07:17:40.116+0000] {logging_mixin.py:154} INFO - Cycle completed. Waiting 22.6 sec. until next data collection...
[2025-12-17T07:18:03.410+0000] {logging_mixin.py:154} INFO - !!! Rate limit hit (429). Waiting...
[2025-12-17T07:18:36.054+0000] {logging_mixin.py:154} INFO - !!! Rate limit hit (429). Waiting...
[2025-12-17T07:19:08.633+0000] {logging_mixin.py:154} INFO - !!! Rate limit hit (429). Waiting...
[2025-12-17T07:19:40.661+0000] {logging_mixin.py:154} INFO - Cycle completed. Waiting 22.0 sec. until next data collection...
[2025-12-17T07:20:03.521+0000] {logging_mixin.py:154} INFO - !!! Rate limit hit (429). Waiting...
[2025-12-17T07:20:36.103+0000] {logging_mixin.py:154} INFO - !!! Rate limit hit (429). Waiting...
[2025-12-17T07:21:09.553+0000] {logging_mixin.py:154} INFO - !!! Rate limit hit (429). Waiting...
[2025-12-17T07:21:41.588+0000] {logging_mixin.py:154} INFO - Cycle completed. Waiting 21.1 sec. until next data collection...
[2025-12-17T07:22:03.313+0000] {logging_mixin.py:154} INFO - !!! Rate limit hit (429). Waiting...
[2025-12-17T07:22:35.710+0000] {logging_mixin.py:154} INFO - !!! Rate limit hit (429). Waiting...
[2025-12-17T07:23:08.416+0000] {logging_mixin.py:154} INFO - !!! Rate limit hit (429). Waiting...
[2025-12-17T07:23:40.431+0000] {logging_mixin.py:154} INFO - Cycle completed. Waiting 22.3 sec. until next data collection...
[2025-12-17T07:24:03.235+0000] {logging_mixin.py:154} INFO - !!! Rate limit hit (429). Waiting...
[2025-12-17T07:24:35.770+0000] {logging_mixin.py:154} INFO - !!! Rate limit hit (429). Waiting...
[2025-12-17T07:25:08.259+0000] {logging_mixin.py:154} INFO - !!! Rate limit hit (429). Waiting...
[2025-12-17T07:25:40.290+0000] {logging_mixin.py:154} INFO - Cycle completed. Waiting 22.4 sec. until next data collection...
[2025-12-17T07:26:03.324+0000] {logging_mixin.py:154} INFO - !!! Rate limit hit (429). Waiting...
[2025-12-17T07:26:35.812+0000] {logging_mixin.py:154} INFO - !!! Rate limit hit (429). Waiting...
[2025-12-17T07:27:08.364+0000] {logging_mixin.py:154} INFO - !!! Rate limit hit (429). Waiting...
[2025-12-17T07:27:40.393+0000] {logging_mixin.py:154} INFO - Cycle completed. Waiting 22.3 sec. until next data collection...
[2025-12-17T07:28:03.248+0000] {logging_mixin.py:154} INFO - !!! Rate limit hit (429). Waiting...
[2025-12-17T07:28:35.760+0000] {logging_mixin.py:154} INFO - !!! Rate limit hit (429). Waiting...
[2025-12-17T07:29:08.266+0000] {logging_mixin.py:154} INFO - !!! Rate limit hit (429). Waiting...
[2025-12-17T07:29:40.298+0000] {logging_mixin.py:154} INFO - Cycle completed. Waiting 22.4 sec. until next data collection...
[2025-12-17T07:30:03.467+0000] {logging_mixin.py:154} INFO - !!! Rate limit hit (429). Waiting...
[2025-12-17T07:30:36.044+0000] {logging_mixin.py:154} INFO - !!! Rate limit hit (429). Waiting...
[2025-12-17T07:31:08.493+0000] {logging_mixin.py:154} INFO - !!! Rate limit hit (429). Waiting...
[2025-12-17T07:31:40.511+0000] {logging_mixin.py:154} INFO - Cycle completed. Waiting 22.2 sec. until next data collection...
[2025-12-17T07:32:03.368+0000] {logging_mixin.py:154} INFO - !!! Rate limit hit (429). Waiting...
[2025-12-17T07:32:35.775+0000] {logging_mixin.py:154} INFO - !!! Rate limit hit (429). Waiting...
[2025-12-17T07:33:08.273+0000] {logging_mixin.py:154} INFO - !!! Rate limit hit (429). Waiting...
[2025-12-17T07:33:40.302+0000] {logging_mixin.py:154} INFO - Cycle completed. Waiting 22.4 sec. until next data collection...
[2025-12-17T07:34:03.179+0000] {logging_mixin.py:154} INFO - !!! Rate limit hit (429). Waiting...
[2025-12-17T07:34:35.649+0000] {logging_mixin.py:154} INFO - !!! Rate limit hit (429). Waiting...
[2025-12-17T07:35:08.321+0000] {logging_mixin.py:154} INFO - !!! Rate limit hit (429). Waiting...
[2025-12-17T07:35:40.326+0000] {logging_mixin.py:154} INFO - Cycle completed. Waiting 22.4 sec. until next data collection...
[2025-12-17T07:36:03.248+0000] {logging_mixin.py:154} INFO - !!! Rate limit hit (429). Waiting...
[2025-12-17T07:36:35.855+0000] {logging_mixin.py:154} INFO - !!! Rate limit hit (429). Waiting...
[2025-12-17T07:37:08.362+0000] {logging_mixin.py:154} INFO - !!! Rate limit hit (429). Waiting...
[2025-12-17T07:37:40.387+0000] {logging_mixin.py:154} INFO - Cycle completed. Waiting 22.4 sec. until next data collection...
[2025-12-17T07:38:03.420+0000] {logging_mixin.py:154} INFO - !!! Rate limit hit (429). Waiting...
[2025-12-17T07:38:35.845+0000] {logging_mixin.py:154} INFO - !!! Rate limit hit (429). Waiting...
[2025-12-17T07:39:08.342+0000] {logging_mixin.py:154} INFO - !!! Rate limit hit (429). Waiting...
[2025-12-17T07:39:40.369+0000] {logging_mixin.py:154} INFO - Cycle completed. Waiting 22.4 sec. until next data collection...
[2025-12-17T07:40:03.217+0000] {logging_mixin.py:154} INFO - !!! Rate limit hit (429). Waiting...
[2025-12-17T07:40:35.628+0000] {logging_mixin.py:154} INFO - !!! Rate limit hit (429). Waiting...
[2025-12-17T07:41:08.363+0000] {logging_mixin.py:154} INFO - !!! Rate limit hit (429). Waiting...
[2025-12-17T07:41:40.383+0000] {logging_mixin.py:154} INFO - Cycle completed. Waiting 22.4 sec. until next data collection...
[2025-12-17T07:42:03.270+0000] {logging_mixin.py:154} INFO - !!! Rate limit hit (429). Waiting...
[2025-12-17T07:42:35.888+0000] {logging_mixin.py:154} INFO - !!! Rate limit hit (429). Waiting...
[2025-12-17T07:43:08.572+0000] {logging_mixin.py:154} INFO - !!! Rate limit hit (429). Waiting...
[2025-12-17T07:43:40.586+0000] {logging_mixin.py:154} INFO - Cycle completed. Waiting 22.2 sec. until next data collection...
[2025-12-17T07:44:03.458+0000] {logging_mixin.py:154} INFO - !!! Rate limit hit (429). Waiting...
[2025-12-17T07:44:35.919+0000] {logging_mixin.py:154} INFO - !!! Rate limit hit (429). Waiting...
[2025-12-17T07:45:08.482+0000] {logging_mixin.py:154} INFO - !!! Rate limit hit (429). Waiting...
[2025-12-17T07:45:40.512+0000] {logging_mixin.py:154} INFO - Cycle completed. Waiting 22.3 sec. until next data collection...
[2025-12-17T07:46:03.477+0000] {logging_mixin.py:154} INFO - !!! Rate limit hit (429). Waiting...
[2025-12-17T07:46:43.538+0000] {logging_mixin.py:154} INFO - API error for Astana: HTTPSConnectionPool(host='api.tomorrow.io', port=443): Max retries exceeded with url: /v4/weather/realtime?location=51.1694%2C71.4491&apikey=AQD9YnFk7nHx6iVSXIFDgBIOz12qA1Mi&units=metric (Caused by NewConnectionError('<urllib3.connection.HTTPSConnection object at 0x75fa8ac5d6f0>: Failed to establish a new connection: [Errno -3] Temporary failure in name resolution'))
[2025-12-17T07:46:47.415+0000] {logging_mixin.py:154} INFO - API error for Shymkent: HTTPSConnectionPool(host='api.tomorrow.io', port=443): Max retries exceeded with url: /v4/weather/realtime?location=42.3417%2C69.5901&apikey=AQD9YnFk7nHx6iVSXIFDgBIOz12qA1Mi&units=metric (Caused by NewConnectionError('<urllib3.connection.HTTPSConnection object at 0x75fa8ac5ce80>: Failed to establish a new connection: [Errno -5] No address associated with hostname'))
[2025-12-17T07:46:49.420+0000] {logging_mixin.py:154} INFO - Cycle completed. Waiting 73.4 sec. until next data collection...
[2025-12-17T07:48:03.593+0000] {logging_mixin.py:154} INFO - !!! Rate limit hit (429). Waiting...
[2025-12-17T07:48:36.005+0000] {logging_mixin.py:154} INFO - !!! Rate limit hit (429). Waiting...
[2025-12-17T07:49:08.617+0000] {logging_mixin.py:154} INFO - !!! Rate limit hit (429). Waiting...
[2025-12-17T07:49:40.643+0000] {logging_mixin.py:154} INFO - Cycle completed. Waiting 22.2 sec. until next data collection...
[2025-12-17T07:50:03.810+0000] {logging_mixin.py:154} INFO - !!! Rate limit hit (429). Waiting...
[2025-12-17T07:50:36.370+0000] {logging_mixin.py:154} INFO - !!! Rate limit hit (429). Waiting...
[2025-12-17T07:51:08.935+0000] {logging_mixin.py:154} INFO - !!! Rate limit hit (429). Waiting...
[2025-12-17T07:51:40.961+0000] {logging_mixin.py:154} INFO - Cycle completed. Waiting 21.9 sec. until next data collection...
[2025-12-17T07:52:03.433+0000] {logging_mixin.py:154} INFO - !!! Rate limit hit (429). Waiting...
[2025-12-17T07:52:35.868+0000] {logging_mixin.py:154} INFO - !!! Rate limit hit (429). Waiting...
[2025-12-17T07:53:08.332+0000] {logging_mixin.py:154} INFO - !!! Rate limit hit (429). Waiting...
[2025-12-17T07:53:40.348+0000] {logging_mixin.py:154} INFO - Cycle completed. Waiting 22.5 sec. until next data collection...
[2025-12-17T07:54:03.630+0000] {logging_mixin.py:154} INFO - !!! Rate limit hit (429). Waiting...
[2025-12-17T07:54:36.091+0000] {logging_mixin.py:154} INFO - !!! Rate limit hit (429). Waiting...
[2025-12-17T07:55:08.654+0000] {logging_mixin.py:154} INFO - !!! Rate limit hit (429). Waiting...
[2025-12-17T07:55:40.679+0000] {logging_mixin.py:154} INFO - Cycle completed. Waiting 22.2 sec. until next data collection...
[2025-12-17T07:56:03.540+0000] {logging_mixin.py:154} INFO - !!! Rate limit hit (429). Waiting...
[2025-12-17T07:56:35.962+0000] {logging_mixin.py:154} INFO - !!! Rate limit hit (429). Waiting...
[2025-12-17T07:57:08.562+0000] {logging_mixin.py:154} INFO - !!! Rate limit hit (429). Waiting...
[2025-12-17T07:57:40.561+0000] {logging_mixin.py:154} INFO - Cycle completed. Waiting 22.4 sec. until next data collection...
[2025-12-17T07:58:02.941+0000] {conn.py:919} INFO - <BrokerConnection node_id=1 host=kafka:29092 <connected> [IPv4 ('172.18.0.4', 29092)]>: Closing connection. 
[2025-12-17T07:58:02.967+0000] {python.py:194} INFO - Done. Returned value was: None
[2025-12-17T07:58:03.124+0000] {taskinstance.py:1400} INFO - Marking task as SUCCESS. dag_id=job1_weather_ingestion, task_id=ingest_weather_data, execution_date=20251217T060000, start_date=20251217T070002, end_date=20251217T075803
[2025-12-17T07:58:03.282+0000] {local_task_job_runner.py:228} INFO - Task exited with return code 0
[2025-12-17T07:58:03.372+0000] {taskinstance.py:2778} INFO - 0 downstream tasks scheduled from follow-on schedule check
