[2025-12-16T13:07:34.422+0000] {taskinstance.py:1159} INFO - Dependencies all met for dep_context=non-requeueable deps ti=<TaskInstance: job3_daily_analytics.compute_daily_summary manual__2025-12-16T13:07:28.746154+00:00 [queued]>
[2025-12-16T13:07:34.442+0000] {taskinstance.py:1159} INFO - Dependencies all met for dep_context=requeueable deps ti=<TaskInstance: job3_daily_analytics.compute_daily_summary manual__2025-12-16T13:07:28.746154+00:00 [queued]>
[2025-12-16T13:07:34.443+0000] {taskinstance.py:1361} INFO - Starting attempt 1 of 3
[2025-12-16T13:07:34.517+0000] {taskinstance.py:1382} INFO - Executing <Task(PythonOperator): compute_daily_summary> on 2025-12-16 13:07:28.746154+00:00
[2025-12-16T13:07:34.595+0000] {standard_task_runner.py:57} INFO - Started process 986 to run task
[2025-12-16T13:07:34.605+0000] {standard_task_runner.py:84} INFO - Running: ['***', 'tasks', 'run', 'job3_daily_analytics', 'compute_daily_summary', 'manual__2025-12-16T13:07:28.746154+00:00', '--job-id', '40', '--raw', '--subdir', 'DAGS_FOLDER/job3_daily_summary_dag.py', '--cfg-path', '/tmp/tmplu6ry9yu']
[2025-12-16T13:07:34.624+0000] {standard_task_runner.py:85} INFO - Job 40: Subtask compute_daily_summary
[2025-12-16T13:07:34.859+0000] {task_command.py:416} INFO - Running <TaskInstance: job3_daily_analytics.compute_daily_summary manual__2025-12-16T13:07:28.746154+00:00 [running]> on host 368de0f02f1d
[2025-12-16T13:07:35.255+0000] {taskinstance.py:1662} INFO - Exporting env vars: AIRFLOW_CTX_DAG_OWNER='team' AIRFLOW_CTX_DAG_ID='job3_daily_analytics' AIRFLOW_CTX_TASK_ID='compute_daily_summary' AIRFLOW_CTX_EXECUTION_DATE='2025-12-16T13:07:28.746154+00:00' AIRFLOW_CTX_TRY_NUMBER='1' AIRFLOW_CTX_DAG_RUN_ID='manual__2025-12-16T13:07:28.746154+00:00'
[2025-12-16T13:07:35.259+0000] {logging_mixin.py:154} INFO - Computing analytics for date: 2025-12-15
[2025-12-16T13:07:35.282+0000] {logging_mixin.py:154} INFO - Total records to analyze: 86
[2025-12-16T13:07:35.307+0000] {logging_mixin.py:154} INFO - 
Daily Summary Statistics:
[2025-12-16T13:07:35.316+0000] {logging_mixin.py:154} INFO -       date location  avg_temperature  min_temperature  max_temperature  avg_humidity  avg_wind_speed  total_precipitation  record_count
2025-12-16   Almaty            -0.02             -1.8              1.7         76.77            0.75                  0.0            31
2025-12-16   Astana            -9.12            -10.8             -8.1         83.82            5.99                  0.0            28
2025-12-16 Shymkent             4.41              1.1              6.3         68.67            1.31                  0.0            27
[2025-12-16T13:07:35.445+0000] {logging_mixin.py:154} INFO - Inserted 3 records into daily_summary table
[2025-12-16T13:07:35.446+0000] {logging_mixin.py:154} INFO - 
=== Additional Insights ===
[2025-12-16T13:07:35.475+0000] {logging_mixin.py:154} INFO - 
Overall Statistics:
[2025-12-16T13:07:35.502+0000] {logging_mixin.py:154} INFO -       temperature   humidity  wind_speed  precipitation
mean    -1.591860  76.523256    2.632558            NaN
std      5.711458   8.942597         NaN            NaN
max           NaN        NaN    7.700000            NaN
sum           NaN        NaN         NaN            0.0
[2025-12-16T13:07:35.504+0000] {logging_mixin.py:154} INFO - 
Temperature by Location:
[2025-12-16T13:07:35.508+0000] {logging_mixin.py:154} INFO - location
Shymkent    4.41
Almaty     -0.02
Astana     -9.12
Name: avg_temperature, dtype: float64
[2025-12-16T13:07:35.510+0000] {python.py:194} INFO - Done. Returned value was: None
[2025-12-16T13:07:35.534+0000] {taskinstance.py:1400} INFO - Marking task as SUCCESS. dag_id=job3_daily_analytics, task_id=compute_daily_summary, execution_date=20251216T130728, start_date=20251216T130734, end_date=20251216T130735
[2025-12-16T13:07:35.627+0000] {local_task_job_runner.py:228} INFO - Task exited with return code 0
[2025-12-16T13:07:35.663+0000] {taskinstance.py:2778} INFO - 0 downstream tasks scheduled from follow-on schedule check
