[2025-12-18T09:43:04.020+0000] {taskinstance.py:1159} INFO - Dependencies all met for dep_context=non-requeueable deps ti=<TaskInstance: job3_daily_analytics.compute_daily_summary scheduled__2025-12-17T00:00:00+00:00 [queued]>
[2025-12-18T09:43:04.035+0000] {taskinstance.py:1159} INFO - Dependencies all met for dep_context=requeueable deps ti=<TaskInstance: job3_daily_analytics.compute_daily_summary scheduled__2025-12-17T00:00:00+00:00 [queued]>
[2025-12-18T09:43:04.036+0000] {taskinstance.py:1361} INFO - Starting attempt 1 of 3
[2025-12-18T09:43:04.056+0000] {taskinstance.py:1382} INFO - Executing <Task(PythonOperator): compute_daily_summary> on 2025-12-17 00:00:00+00:00
[2025-12-18T09:43:04.069+0000] {standard_task_runner.py:57} INFO - Started process 210 to run task
[2025-12-18T09:43:04.076+0000] {standard_task_runner.py:84} INFO - Running: ['***', 'tasks', 'run', 'job3_daily_analytics', 'compute_daily_summary', 'scheduled__2025-12-17T00:00:00+00:00', '--job-id', '5', '--raw', '--subdir', 'DAGS_FOLDER/job3_daily_summary_dag.py', '--cfg-path', '/tmp/tmpkc6nua3t']
[2025-12-18T09:43:04.079+0000] {standard_task_runner.py:85} INFO - Job 5: Subtask compute_daily_summary
[2025-12-18T09:43:04.199+0000] {task_command.py:416} INFO - Running <TaskInstance: job3_daily_analytics.compute_daily_summary scheduled__2025-12-17T00:00:00+00:00 [running]> on host 7a1ab2ef5513
[2025-12-18T09:43:04.663+0000] {taskinstance.py:1662} INFO - Exporting env vars: AIRFLOW_CTX_DAG_OWNER='team' AIRFLOW_CTX_DAG_ID='job3_daily_analytics' AIRFLOW_CTX_TASK_ID='compute_daily_summary' AIRFLOW_CTX_EXECUTION_DATE='2025-12-17T00:00:00+00:00' AIRFLOW_CTX_TRY_NUMBER='1' AIRFLOW_CTX_DAG_RUN_ID='scheduled__2025-12-17T00:00:00+00:00'
[2025-12-18T09:43:04.666+0000] {logging_mixin.py:154} INFO - Computing analytics for date: 2025-12-17
[2025-12-18T09:43:04.768+0000] {logging_mixin.py:154} INFO - Total records to analyze: 15
[2025-12-18T09:43:04.858+0000] {logging_mixin.py:154} INFO - 
Daily Summary Statistics:
[2025-12-18T09:43:04.874+0000] {logging_mixin.py:154} INFO -       date location  avg_temperature  min_temperature  max_temperature  avg_humidity  avg_wind_speed total_precipitation  record_count
2025-12-17   Almaty             2.75              2.0              2.8         80.33             0.3                   0            15
[2025-12-18T09:43:04.991+0000] {logging_mixin.py:154} INFO - Inserted 1 records into daily_summary table
[2025-12-18T09:43:04.992+0000] {python.py:194} INFO - Done. Returned value was: None
[2025-12-18T09:43:05.011+0000] {taskinstance.py:1400} INFO - Marking task as SUCCESS. dag_id=job3_daily_analytics, task_id=compute_daily_summary, execution_date=20251217T000000, start_date=20251218T094304, end_date=20251218T094305
[2025-12-18T09:43:05.053+0000] {local_task_job_runner.py:228} INFO - Task exited with return code 0
[2025-12-18T09:43:05.087+0000] {taskinstance.py:2778} INFO - 0 downstream tasks scheduled from follow-on schedule check
