[2025-12-17T07:12:59.743+0000] {taskinstance.py:1159} INFO - Dependencies all met for dep_context=non-requeueable deps ti=<TaskInstance: job1_weather_ingestion.ingest_weather_data manual__2025-12-17T07:06:51.284080+00:00 [queued]>
[2025-12-17T07:12:59.767+0000] {taskinstance.py:1159} INFO - Dependencies all met for dep_context=requeueable deps ti=<TaskInstance: job1_weather_ingestion.ingest_weather_data manual__2025-12-17T07:06:51.284080+00:00 [queued]>
[2025-12-17T07:12:59.768+0000] {taskinstance.py:1361} INFO - Starting attempt 2 of 2
[2025-12-17T07:12:59.804+0000] {taskinstance.py:1382} INFO - Executing <Task(PythonOperator): ingest_weather_data> on 2025-12-17 07:06:51.284080+00:00
[2025-12-17T07:12:59.816+0000] {standard_task_runner.py:57} INFO - Started process 1452 to run task
[2025-12-17T07:12:59.826+0000] {standard_task_runner.py:84} INFO - Running: ['***', 'tasks', 'run', 'job1_weather_ingestion', 'ingest_weather_data', 'manual__2025-12-17T07:06:51.284080+00:00', '--job-id', '13', '--raw', '--subdir', 'DAGS_FOLDER/job1_ingestion_dag.py', '--cfg-path', '/tmp/tmprakb3use']
[2025-12-17T07:12:59.835+0000] {standard_task_runner.py:85} INFO - Job 13: Subtask ingest_weather_data
[2025-12-17T07:12:59.979+0000] {task_command.py:416} INFO - Running <TaskInstance: job1_weather_ingestion.ingest_weather_data manual__2025-12-17T07:06:51.284080+00:00 [running]> on host 2610621bd5d4
[2025-12-17T07:13:00.156+0000] {taskinstance.py:1662} INFO - Exporting env vars: AIRFLOW_CTX_DAG_OWNER='team' AIRFLOW_CTX_DAG_ID='job1_weather_ingestion' AIRFLOW_CTX_TASK_ID='ingest_weather_data' AIRFLOW_CTX_EXECUTION_DATE='2025-12-17T07:06:51.284080+00:00' AIRFLOW_CTX_TRY_NUMBER='2' AIRFLOW_CTX_DAG_RUN_ID='manual__2025-12-17T07:06:51.284080+00:00'
[2025-12-17T07:13:00.164+0000] {conn.py:380} INFO - <BrokerConnection node_id=bootstrap-0 host=kafka:29092 <connecting> [IPv4 ('172.18.0.4', 29092)]>: connecting to kafka:29092 [('172.18.0.4', 29092) IPv4]
[2025-12-17T07:13:00.166+0000] {conn.py:1205} INFO - Probing node bootstrap-0 broker version
[2025-12-17T07:13:00.167+0000] {conn.py:410} INFO - <BrokerConnection node_id=bootstrap-0 host=kafka:29092 <connecting> [IPv4 ('172.18.0.4', 29092)]>: Connection complete.
[2025-12-17T07:13:00.279+0000] {conn.py:1267} INFO - Broker version identified as 2.5.0
[2025-12-17T07:13:00.280+0000] {conn.py:1268} INFO - Set configuration api_version=(2, 5, 0) to skip auto check_version requests on startup
[2025-12-17T07:13:00.288+0000] {logging_mixin.py:154} INFO - The producer is launched on 58 min. Interval: 2 minutes.
[2025-12-17T07:13:00.804+0000] {logging_mixin.py:154} INFO - Sent: Almaty в 2025-12-17T07:13:00.801125
[2025-12-17T07:13:00.807+0000] {conn.py:380} INFO - <BrokerConnection node_id=1 host=kafka:29092 <connecting> [IPv4 ('172.18.0.4', 29092)]>: connecting to kafka:29092 [('172.18.0.4', 29092) IPv4]
[2025-12-17T07:13:00.808+0000] {conn.py:410} INFO - <BrokerConnection node_id=1 host=kafka:29092 <connecting> [IPv4 ('172.18.0.4', 29092)]>: Connection complete.
[2025-12-17T07:13:00.811+0000] {conn.py:919} INFO - <BrokerConnection node_id=bootstrap-0 host=kafka:29092 <connected> [IPv4 ('172.18.0.4', 29092)]>: Closing connection. 
[2025-12-17T07:13:03.280+0000] {logging_mixin.py:154} INFO - Sent: Astana в 2025-12-17T07:13:03.279188
[2025-12-17T07:13:05.803+0000] {logging_mixin.py:154} INFO - Sent: Shymkent в 2025-12-17T07:13:05.801960
[2025-12-17T07:13:07.808+0000] {logging_mixin.py:154} INFO - Cycle completed. Waiting 592.5 sec. until next data collection...
[2025-12-17T07:23:01.025+0000] {logging_mixin.py:154} INFO - Sent: Almaty в 2025-12-17T07:23:01.012062
[2025-12-17T07:23:03.761+0000] {logging_mixin.py:154} INFO - Sent: Astana в 2025-12-17T07:23:03.759354
[2025-12-17T07:23:06.397+0000] {logging_mixin.py:154} INFO - Sent: Shymkent в 2025-12-17T07:23:06.393932
[2025-12-17T07:23:08.403+0000] {logging_mixin.py:154} INFO - Cycle completed. Waiting 591.9 sec. until next data collection...
[2025-12-17T07:33:00.837+0000] {logging_mixin.py:154} INFO - Sent: Almaty в 2025-12-17T07:33:00.830753
[2025-12-17T07:33:03.309+0000] {logging_mixin.py:154} INFO - Sent: Astana в 2025-12-17T07:33:03.308106
[2025-12-17T07:33:05.754+0000] {logging_mixin.py:154} INFO - Sent: Shymkent в 2025-12-17T07:33:05.753172
[2025-12-17T07:33:07.762+0000] {logging_mixin.py:154} INFO - Cycle completed. Waiting 592.4 sec. until next data collection...
[2025-12-17T07:43:00.665+0000] {logging_mixin.py:154} INFO - Sent: Almaty в 2025-12-17T07:43:00.651142
[2025-12-17T07:43:03.324+0000] {logging_mixin.py:154} INFO - !!! Rate limit hit (429). Waiting...
[2025-12-17T07:48:05.841+0000] {logging_mixin.py:154} INFO - !!! Rate limit hit (429). Waiting...
[2025-12-17T07:53:07.837+0000] {logging_mixin.py:154} INFO - Cycle completed. Waiting 0 sec. until next data collection...
[2025-12-17T07:53:08.335+0000] {logging_mixin.py:154} INFO - !!! Rate limit hit (429). Waiting...
[2025-12-17T07:58:11.137+0000] {logging_mixin.py:154} INFO - !!! Rate limit hit (429). Waiting...
[2025-12-17T08:03:13.745+0000] {logging_mixin.py:154} INFO - Sent: Shymkent в 2025-12-17T08:03:13.737523
[2025-12-17T08:03:15.753+0000] {logging_mixin.py:154} INFO - Cycle completed. Waiting 0 sec. until next data collection...
[2025-12-17T08:03:16.496+0000] {logging_mixin.py:154} INFO - Sent: Almaty в 2025-12-17T08:03:16.494877
[2025-12-17T08:03:18.984+0000] {logging_mixin.py:154} INFO - Sent: Astana в 2025-12-17T08:03:18.980627
[2025-12-17T08:03:21.611+0000] {logging_mixin.py:154} INFO - Sent: Shymkent в 2025-12-17T08:03:21.610624
[2025-12-17T08:03:23.615+0000] {logging_mixin.py:154} INFO - Cycle completed. Waiting 592.1 sec. until next data collection...
[2025-12-17T08:13:15.702+0000] {conn.py:919} INFO - <BrokerConnection node_id=1 host=kafka:29092 <connected> [IPv4 ('172.18.0.4', 29092)]>: Closing connection. 
[2025-12-17T08:13:15.742+0000] {python.py:194} INFO - Done. Returned value was: None
[2025-12-17T08:13:15.853+0000] {taskinstance.py:1400} INFO - Marking task as SUCCESS. dag_id=job1_weather_ingestion, task_id=ingest_weather_data, execution_date=20251217T070651, start_date=20251217T071259, end_date=20251217T081315
[2025-12-17T08:13:15.956+0000] {local_task_job_runner.py:228} INFO - Task exited with return code 0
[2025-12-17T08:13:16.016+0000] {taskinstance.py:2778} INFO - 0 downstream tasks scheduled from follow-on schedule check
