[2025-12-16T10:08:03.098+0000] {taskinstance.py:1159} INFO - Dependencies all met for dep_context=non-requeueable deps ti=<TaskInstance: job1_weather_ingestion.ingest_weather_data scheduled__2025-12-16T08:00:00+00:00 [queued]>
[2025-12-16T10:08:03.137+0000] {taskinstance.py:1159} INFO - Dependencies all met for dep_context=requeueable deps ti=<TaskInstance: job1_weather_ingestion.ingest_weather_data scheduled__2025-12-16T08:00:00+00:00 [queued]>
[2025-12-16T10:08:03.138+0000] {taskinstance.py:1361} INFO - Starting attempt 1 of 2
[2025-12-16T10:08:03.188+0000] {taskinstance.py:1382} INFO - Executing <Task(PythonOperator): ingest_weather_data> on 2025-12-16 08:00:00+00:00
[2025-12-16T10:08:03.204+0000] {standard_task_runner.py:57} INFO - Started process 183 to run task
[2025-12-16T10:08:03.224+0000] {standard_task_runner.py:84} INFO - Running: ['***', 'tasks', 'run', 'job1_weather_ingestion', 'ingest_weather_data', 'scheduled__2025-12-16T08:00:00+00:00', '--job-id', '11', '--raw', '--subdir', 'DAGS_FOLDER/job1_ingestion_dag.py', '--cfg-path', '/tmp/tmpqcljgbt3']
[2025-12-16T10:08:03.237+0000] {standard_task_runner.py:85} INFO - Job 11: Subtask ingest_weather_data
[2025-12-16T10:08:03.582+0000] {task_command.py:416} INFO - Running <TaskInstance: job1_weather_ingestion.ingest_weather_data scheduled__2025-12-16T08:00:00+00:00 [running]> on host 9300a6e21dd4
[2025-12-16T10:08:04.222+0000] {taskinstance.py:1662} INFO - Exporting env vars: AIRFLOW_CTX_DAG_OWNER='team' AIRFLOW_CTX_DAG_ID='job1_weather_ingestion' AIRFLOW_CTX_TASK_ID='ingest_weather_data' AIRFLOW_CTX_EXECUTION_DATE='2025-12-16T08:00:00+00:00' AIRFLOW_CTX_TRY_NUMBER='1' AIRFLOW_CTX_DAG_RUN_ID='scheduled__2025-12-16T08:00:00+00:00'
[2025-12-16T10:08:04.306+0000] {conn.py:380} INFO - <BrokerConnection node_id=bootstrap-0 host=kafka:29092 <connecting> [IPv4 ('172.18.0.4', 29092)]>: connecting to kafka:29092 [('172.18.0.4', 29092) IPv4]
[2025-12-16T10:08:04.326+0000] {conn.py:1205} INFO - Probing node bootstrap-0 broker version
[2025-12-16T10:08:04.338+0000] {conn.py:410} INFO - <BrokerConnection node_id=bootstrap-0 host=kafka:29092 <connecting> [IPv4 ('172.18.0.4', 29092)]>: Connection complete.
[2025-12-16T10:08:04.506+0000] {conn.py:1267} INFO - Broker version identified as 2.5.0
[2025-12-16T10:08:04.510+0000] {conn.py:1268} INFO - Set configuration api_version=(2, 5, 0) to skip auto check_version requests on startup
[2025-12-16T10:08:04.530+0000] {logging_mixin.py:154} INFO - Starting weather data producer for 55 minutes...
[2025-12-16T10:08:05.343+0000] {conn.py:380} INFO - <BrokerConnection node_id=1 host=kafka:29092 <connecting> [IPv4 ('172.18.0.4', 29092)]>: connecting to kafka:29092 [('172.18.0.4', 29092) IPv4]
[2025-12-16T10:08:05.359+0000] {conn.py:410} INFO - <BrokerConnection node_id=1 host=kafka:29092 <connecting> [IPv4 ('172.18.0.4', 29092)]>: Connection complete.
[2025-12-16T10:08:05.367+0000] {conn.py:919} INFO - <BrokerConnection node_id=bootstrap-0 host=kafka:29092 <connected> [IPv4 ('172.18.0.4', 29092)]>: Closing connection. 
[2025-12-16T10:08:07.667+0000] {logging_mixin.py:154} INFO - Sent message #1: Almaty - Temp: 1.7°C, Humidity: 74%
[2025-12-16T10:08:20.977+0000] {logging_mixin.py:154} INFO - Sent message #2: Astana - Temp: -8.6°C, Humidity: 84%
[2025-12-16T10:08:31.331+0000] {logging_mixin.py:154} INFO - Sent message #3: Shymkent - Temp: 6.3°C, Humidity: 59%
[2025-12-16T10:09:37.278+0000] {logging_mixin.py:154} INFO - Sent message #4: Almaty - Temp: 1.7°C, Humidity: 74%
[2025-12-16T10:09:47.648+0000] {logging_mixin.py:154} INFO - Sent message #5: Astana - Temp: -8.6°C, Humidity: 84%
[2025-12-16T10:10:00.728+0000] {logging_mixin.py:154} INFO - Sent message #6: Shymkent - Temp: 6.3°C, Humidity: 59%
[2025-12-16T10:11:06.830+0000] {logging_mixin.py:154} INFO - Sent message #7: Almaty - Temp: 1.7°C, Humidity: 74%
[2025-12-16T10:11:17.254+0000] {logging_mixin.py:154} INFO - Sent message #8: Astana - Temp: -8.6°C, Humidity: 84%
[2025-12-16T10:11:27.655+0000] {logging_mixin.py:154} INFO - Error fetching data for Shymkent: 429 Client Error: Too Many Requests for url: https://api.tomorrow.io/v4/timelines?location=42.3417%2C69.5901&fields=temperature&fields=humidity&fields=windSpeed&fields=precipitationIntensity&fields=weatherCode&timesteps=current&units=metric&apikey=AQD9YnFk7nHx6iVSXIFDgBIOz12qA1Mi
[2025-12-16T10:12:33.554+0000] {logging_mixin.py:154} INFO - Error fetching data for Almaty: 429 Client Error: Too Many Requests for url: https://api.tomorrow.io/v4/timelines?location=43.222%2C76.8512&fields=temperature&fields=humidity&fields=windSpeed&fields=precipitationIntensity&fields=weatherCode&timesteps=current&units=metric&apikey=AQD9YnFk7nHx6iVSXIFDgBIOz12qA1Mi
[2025-12-16T10:12:46.612+0000] {logging_mixin.py:154} INFO - Error fetching data for Astana: 429 Client Error: Too Many Requests for url: https://api.tomorrow.io/v4/timelines?location=51.1694%2C71.4491&fields=temperature&fields=humidity&fields=windSpeed&fields=precipitationIntensity&fields=weatherCode&timesteps=current&units=metric&apikey=AQD9YnFk7nHx6iVSXIFDgBIOz12qA1Mi
[2025-12-16T10:12:56.941+0000] {logging_mixin.py:154} INFO - Error fetching data for Shymkent: 429 Client Error: Too Many Requests for url: https://api.tomorrow.io/v4/timelines?location=42.3417%2C69.5901&fields=temperature&fields=humidity&fields=windSpeed&fields=precipitationIntensity&fields=weatherCode&timesteps=current&units=metric&apikey=AQD9YnFk7nHx6iVSXIFDgBIOz12qA1Mi
[2025-12-16T10:14:02.888+0000] {logging_mixin.py:154} INFO - Error fetching data for Almaty: 429 Client Error: Too Many Requests for url: https://api.tomorrow.io/v4/timelines?location=43.222%2C76.8512&fields=temperature&fields=humidity&fields=windSpeed&fields=precipitationIntensity&fields=weatherCode&timesteps=current&units=metric&apikey=AQD9YnFk7nHx6iVSXIFDgBIOz12qA1Mi
[2025-12-16T10:14:13.224+0000] {logging_mixin.py:154} INFO - Error fetching data for Astana: 429 Client Error: Too Many Requests for url: https://api.tomorrow.io/v4/timelines?location=51.1694%2C71.4491&fields=temperature&fields=humidity&fields=windSpeed&fields=precipitationIntensity&fields=weatherCode&timesteps=current&units=metric&apikey=AQD9YnFk7nHx6iVSXIFDgBIOz12qA1Mi
[2025-12-16T10:14:26.303+0000] {logging_mixin.py:154} INFO - Error fetching data for Shymkent: 429 Client Error: Too Many Requests for url: https://api.tomorrow.io/v4/timelines?location=42.3417%2C69.5901&fields=temperature&fields=humidity&fields=windSpeed&fields=precipitationIntensity&fields=weatherCode&timesteps=current&units=metric&apikey=AQD9YnFk7nHx6iVSXIFDgBIOz12qA1Mi
[2025-12-16T10:15:32.247+0000] {logging_mixin.py:154} INFO - Error fetching data for Almaty: 429 Client Error: Too Many Requests for url: https://api.tomorrow.io/v4/timelines?location=43.222%2C76.8512&fields=temperature&fields=humidity&fields=windSpeed&fields=precipitationIntensity&fields=weatherCode&timesteps=current&units=metric&apikey=AQD9YnFk7nHx6iVSXIFDgBIOz12qA1Mi
[2025-12-16T10:15:42.597+0000] {logging_mixin.py:154} INFO - Error fetching data for Astana: 429 Client Error: Too Many Requests for url: https://api.tomorrow.io/v4/timelines?location=51.1694%2C71.4491&fields=temperature&fields=humidity&fields=windSpeed&fields=precipitationIntensity&fields=weatherCode&timesteps=current&units=metric&apikey=AQD9YnFk7nHx6iVSXIFDgBIOz12qA1Mi
[2025-12-16T10:15:52.966+0000] {logging_mixin.py:154} INFO - Error fetching data for Shymkent: 429 Client Error: Too Many Requests for url: https://api.tomorrow.io/v4/timelines?location=42.3417%2C69.5901&fields=temperature&fields=humidity&fields=windSpeed&fields=precipitationIntensity&fields=weatherCode&timesteps=current&units=metric&apikey=AQD9YnFk7nHx6iVSXIFDgBIOz12qA1Mi
[2025-12-16T10:16:58.804+0000] {logging_mixin.py:154} INFO - Error fetching data for Almaty: 429 Client Error: Too Many Requests for url: https://api.tomorrow.io/v4/timelines?location=43.222%2C76.8512&fields=temperature&fields=humidity&fields=windSpeed&fields=precipitationIntensity&fields=weatherCode&timesteps=current&units=metric&apikey=AQD9YnFk7nHx6iVSXIFDgBIOz12qA1Mi
[2025-12-16T10:17:11.853+0000] {logging_mixin.py:154} INFO - Error fetching data for Astana: 429 Client Error: Too Many Requests for url: https://api.tomorrow.io/v4/timelines?location=51.1694%2C71.4491&fields=temperature&fields=humidity&fields=windSpeed&fields=precipitationIntensity&fields=weatherCode&timesteps=current&units=metric&apikey=AQD9YnFk7nHx6iVSXIFDgBIOz12qA1Mi
[2025-12-16T10:17:22.320+0000] {logging_mixin.py:154} INFO - Error fetching data for Shymkent: 429 Client Error: Too Many Requests for url: https://api.tomorrow.io/v4/timelines?location=42.3417%2C69.5901&fields=temperature&fields=humidity&fields=windSpeed&fields=precipitationIntensity&fields=weatherCode&timesteps=current&units=metric&apikey=AQD9YnFk7nHx6iVSXIFDgBIOz12qA1Mi
[2025-12-16T10:18:29.564+0000] {logging_mixin.py:154} INFO - Error fetching data for Almaty: 429 Client Error: Too Many Requests for url: https://api.tomorrow.io/v4/timelines?location=43.222%2C76.8512&fields=temperature&fields=humidity&fields=windSpeed&fields=precipitationIntensity&fields=weatherCode&timesteps=current&units=metric&apikey=AQD9YnFk7nHx6iVSXIFDgBIOz12qA1Mi
[2025-12-16T10:18:39.900+0000] {logging_mixin.py:154} INFO - Error fetching data for Astana: 429 Client Error: Too Many Requests for url: https://api.tomorrow.io/v4/timelines?location=51.1694%2C71.4491&fields=temperature&fields=humidity&fields=windSpeed&fields=precipitationIntensity&fields=weatherCode&timesteps=current&units=metric&apikey=AQD9YnFk7nHx6iVSXIFDgBIOz12qA1Mi
[2025-12-16T10:18:51.595+0000] {logging_mixin.py:154} INFO - Error fetching data for Shymkent: 429 Client Error: Too Many Requests for url: https://api.tomorrow.io/v4/timelines?location=42.3417%2C69.5901&fields=temperature&fields=humidity&fields=windSpeed&fields=precipitationIntensity&fields=weatherCode&timesteps=current&units=metric&apikey=AQD9YnFk7nHx6iVSXIFDgBIOz12qA1Mi
[2025-12-16T10:19:57.648+0000] {logging_mixin.py:154} INFO - Error fetching data for Almaty: 429 Client Error: Too Many Requests for url: https://api.tomorrow.io/v4/timelines?location=43.222%2C76.8512&fields=temperature&fields=humidity&fields=windSpeed&fields=precipitationIntensity&fields=weatherCode&timesteps=current&units=metric&apikey=AQD9YnFk7nHx6iVSXIFDgBIOz12qA1Mi
[2025-12-16T10:20:08.003+0000] {logging_mixin.py:154} INFO - Error fetching data for Astana: 429 Client Error: Too Many Requests for url: https://api.tomorrow.io/v4/timelines?location=51.1694%2C71.4491&fields=temperature&fields=humidity&fields=windSpeed&fields=precipitationIntensity&fields=weatherCode&timesteps=current&units=metric&apikey=AQD9YnFk7nHx6iVSXIFDgBIOz12qA1Mi
[2025-12-16T10:20:21.094+0000] {logging_mixin.py:154} INFO - Error fetching data for Shymkent: 429 Client Error: Too Many Requests for url: https://api.tomorrow.io/v4/timelines?location=42.3417%2C69.5901&fields=temperature&fields=humidity&fields=windSpeed&fields=precipitationIntensity&fields=weatherCode&timesteps=current&units=metric&apikey=AQD9YnFk7nHx6iVSXIFDgBIOz12qA1Mi
[2025-12-16T10:21:26.924+0000] {logging_mixin.py:154} INFO - Error fetching data for Almaty: 429 Client Error: Too Many Requests for url: https://api.tomorrow.io/v4/timelines?location=43.222%2C76.8512&fields=temperature&fields=humidity&fields=windSpeed&fields=precipitationIntensity&fields=weatherCode&timesteps=current&units=metric&apikey=AQD9YnFk7nHx6iVSXIFDgBIOz12qA1Mi
[2025-12-16T10:21:37.251+0000] {logging_mixin.py:154} INFO - Error fetching data for Astana: 429 Client Error: Too Many Requests for url: https://api.tomorrow.io/v4/timelines?location=51.1694%2C71.4491&fields=temperature&fields=humidity&fields=windSpeed&fields=precipitationIntensity&fields=weatherCode&timesteps=current&units=metric&apikey=AQD9YnFk7nHx6iVSXIFDgBIOz12qA1Mi
[2025-12-16T10:21:47.584+0000] {logging_mixin.py:154} INFO - Error fetching data for Shymkent: 429 Client Error: Too Many Requests for url: https://api.tomorrow.io/v4/timelines?location=42.3417%2C69.5901&fields=temperature&fields=humidity&fields=windSpeed&fields=precipitationIntensity&fields=weatherCode&timesteps=current&units=metric&apikey=AQD9YnFk7nHx6iVSXIFDgBIOz12qA1Mi
[2025-12-16T10:22:53.532+0000] {logging_mixin.py:154} INFO - Error fetching data for Almaty: 429 Client Error: Too Many Requests for url: https://api.tomorrow.io/v4/timelines?location=43.222%2C76.8512&fields=temperature&fields=humidity&fields=windSpeed&fields=precipitationIntensity&fields=weatherCode&timesteps=current&units=metric&apikey=AQD9YnFk7nHx6iVSXIFDgBIOz12qA1Mi
[2025-12-16T10:23:06.607+0000] {logging_mixin.py:154} INFO - Error fetching data for Astana: 429 Client Error: Too Many Requests for url: https://api.tomorrow.io/v4/timelines?location=51.1694%2C71.4491&fields=temperature&fields=humidity&fields=windSpeed&fields=precipitationIntensity&fields=weatherCode&timesteps=current&units=metric&apikey=AQD9YnFk7nHx6iVSXIFDgBIOz12qA1Mi
[2025-12-16T10:23:09.324+0000] {local_task_job_runner.py:115} ERROR - Received SIGTERM. Terminating subprocesses
[2025-12-16T10:23:09.341+0000] {process_utils.py:131} INFO - Sending 15 to group 183. PIDs of all processes in the group: [183]
[2025-12-16T10:23:09.343+0000] {process_utils.py:86} INFO - Sending the signal 15 to group 183
[2025-12-16T10:23:09.345+0000] {taskinstance.py:1632} ERROR - Received SIGTERM. Terminating subprocesses.
[2025-12-16T10:23:09.346+0000] {kafka.py:483} INFO - Closing the Kafka producer with 9223372036.0 secs timeout.
[2025-12-16T10:23:09.349+0000] {conn.py:919} INFO - <BrokerConnection node_id=1 host=kafka:29092 <connected> [IPv4 ('172.18.0.4', 29092)]>: Closing connection. 
[2025-12-16T10:23:09.350+0000] {logging_mixin.py:154} INFO - Producer finished. Total messages sent: 8
[2025-12-16T10:23:09.371+0000] {taskinstance.py:1937} ERROR - Task failed with exception
Traceback (most recent call last):
  File "/home/airflow/.local/lib/python3.10/site-packages/airflow/operators/python.py", line 192, in execute
    return_value = self.execute_callable()
  File "/home/airflow/.local/lib/python3.10/site-packages/airflow/operators/python.py", line 209, in execute_callable
    return self.python_callable(*self.op_args, **self.op_kwargs)
  File "/opt/airflow/dags/job1_ingestion_dag.py", line 30, in ingestion_task
    run_producer(duration_minutes=55)
  File "/opt/airflow/src/job1_producer.py", line 84, in run_producer
    time.sleep(10)
  File "/home/airflow/.local/lib/python3.10/site-packages/airflow/models/taskinstance.py", line 1634, in signal_handler
    raise AirflowException("Task received SIGTERM signal")
airflow.exceptions.AirflowException: Task received SIGTERM signal
[2025-12-16T10:23:09.408+0000] {taskinstance.py:1400} INFO - Marking task as UP_FOR_RETRY. dag_id=job1_weather_ingestion, task_id=ingest_weather_data, execution_date=20251216T080000, start_date=20251216T100803, end_date=20251216T102309
[2025-12-16T10:23:09.426+0000] {standard_task_runner.py:104} ERROR - Failed to execute job 11 for task ingest_weather_data (Task received SIGTERM signal; 183)
[2025-12-16T10:23:09.444+0000] {process_utils.py:79} INFO - Process psutil.Process(pid=183, status='terminated', exitcode=1, started='10:08:02') (183) terminated with exit code 1
[2025-12-16T10:23:09.445+0000] {local_task_job_runner.py:228} INFO - Task exited with return code 143
[2025-12-16T10:23:09.479+0000] {taskinstance.py:2778} INFO - 0 downstream tasks scheduled from follow-on schedule check
