[2025-12-17T06:37:00.282+0000] {taskinstance.py:1159} INFO - Dependencies all met for dep_context=non-requeueable deps ti=<TaskInstance: job1_weather_ingestion.ingest_weather_data scheduled__2025-12-17T05:00:00+00:00 [queued]>
[2025-12-17T06:37:00.305+0000] {taskinstance.py:1159} INFO - Dependencies all met for dep_context=requeueable deps ti=<TaskInstance: job1_weather_ingestion.ingest_weather_data scheduled__2025-12-17T05:00:00+00:00 [queued]>
[2025-12-17T06:37:00.307+0000] {taskinstance.py:1361} INFO - Starting attempt 1 of 2
[2025-12-17T06:37:00.329+0000] {taskinstance.py:1382} INFO - Executing <Task(PythonOperator): ingest_weather_data> on 2025-12-17 05:00:00+00:00
[2025-12-17T06:37:00.335+0000] {standard_task_runner.py:57} INFO - Started process 233 to run task
[2025-12-17T06:37:00.340+0000] {standard_task_runner.py:84} INFO - Running: ['***', 'tasks', 'run', 'job1_weather_ingestion', 'ingest_weather_data', 'scheduled__2025-12-17T05:00:00+00:00', '--job-id', '2', '--raw', '--subdir', 'DAGS_FOLDER/job1_ingestion_dag.py', '--cfg-path', '/tmp/tmpzvpk3oy7']
[2025-12-17T06:37:00.347+0000] {standard_task_runner.py:85} INFO - Job 2: Subtask ingest_weather_data
[2025-12-17T06:37:00.489+0000] {task_command.py:416} INFO - Running <TaskInstance: job1_weather_ingestion.ingest_weather_data scheduled__2025-12-17T05:00:00+00:00 [running]> on host 2610621bd5d4
[2025-12-17T06:37:00.635+0000] {taskinstance.py:1662} INFO - Exporting env vars: AIRFLOW_CTX_DAG_OWNER='team' AIRFLOW_CTX_DAG_ID='job1_weather_ingestion' AIRFLOW_CTX_TASK_ID='ingest_weather_data' AIRFLOW_CTX_EXECUTION_DATE='2025-12-17T05:00:00+00:00' AIRFLOW_CTX_TRY_NUMBER='1' AIRFLOW_CTX_DAG_RUN_ID='scheduled__2025-12-17T05:00:00+00:00'
[2025-12-17T06:37:00.644+0000] {conn.py:380} INFO - <BrokerConnection node_id=bootstrap-0 host=kafka:29092 <connecting> [IPv4 ('172.18.0.4', 29092)]>: connecting to kafka:29092 [('172.18.0.4', 29092) IPv4]
[2025-12-17T06:37:00.645+0000] {conn.py:1205} INFO - Probing node bootstrap-0 broker version
[2025-12-17T06:37:00.647+0000] {conn.py:410} INFO - <BrokerConnection node_id=bootstrap-0 host=kafka:29092 <connecting> [IPv4 ('172.18.0.4', 29092)]>: Connection complete.
[2025-12-17T06:37:00.784+0000] {conn.py:1267} INFO - Broker version identified as 2.5.0
[2025-12-17T06:37:00.785+0000] {conn.py:1268} INFO - Set configuration api_version=(2, 5, 0) to skip auto check_version requests on startup
[2025-12-17T06:37:00.790+0000] {logging_mixin.py:154} INFO - The producer is launched on 58 min. Interval: 2 minutes.
[2025-12-17T06:37:01.923+0000] {logging_mixin.py:154} INFO - API error for Almaty: 'values'
[2025-12-17T06:37:04.355+0000] {logging_mixin.py:154} INFO - API error for Astana: 'values'
[2025-12-17T06:37:06.903+0000] {logging_mixin.py:154} INFO - API error for Shymkent: 'values'
[2025-12-17T06:37:08.907+0000] {logging_mixin.py:154} INFO - Cycle completed. Waiting 111.9 sec. until next data collection...
[2025-12-17T06:39:01.696+0000] {logging_mixin.py:154} INFO - API error for Almaty: 'values'
[2025-12-17T06:39:04.128+0000] {logging_mixin.py:154} INFO - API error for Astana: 'values'
[2025-12-17T06:39:06.601+0000] {logging_mixin.py:154} INFO - API error for Shymkent: 'values'
[2025-12-17T06:39:08.605+0000] {logging_mixin.py:154} INFO - Cycle completed. Waiting 112.3 sec. until next data collection...
[2025-12-17T06:41:01.505+0000] {logging_mixin.py:154} INFO - API error for Almaty: 'values'
[2025-12-17T06:41:04.065+0000] {logging_mixin.py:154} INFO - API error for Astana: 'values'
[2025-12-17T06:41:06.626+0000] {logging_mixin.py:154} INFO - API error for Shymkent: 'values'
[2025-12-17T06:41:08.630+0000] {logging_mixin.py:154} INFO - Cycle completed. Waiting 112.3 sec. until next data collection...
[2025-12-17T06:42:00.855+0000] {conn.py:380} INFO - <BrokerConnection node_id=1 host=kafka:29092 <connecting> [IPv4 ('172.18.0.4', 29092)]>: connecting to kafka:29092 [('172.18.0.4', 29092) IPv4]
[2025-12-17T06:42:00.858+0000] {conn.py:410} INFO - <BrokerConnection node_id=1 host=kafka:29092 <connecting> [IPv4 ('172.18.0.4', 29092)]>: Connection complete.
[2025-12-17T06:42:00.859+0000] {conn.py:919} INFO - <BrokerConnection node_id=bootstrap-0 host=kafka:29092 <connected> [IPv4 ('172.18.0.4', 29092)]>: Closing connection. 
[2025-12-17T06:43:01.517+0000] {logging_mixin.py:154} INFO - !!! API limit exceeded (429). Wait 30 seconds...
[2025-12-17T06:43:34.188+0000] {logging_mixin.py:154} INFO - !!! API limit exceeded (429). Wait 30 seconds...
[2025-12-17T06:44:06.689+0000] {logging_mixin.py:154} INFO - !!! API limit exceeded (429). Wait 30 seconds...
[2025-12-17T06:44:38.716+0000] {logging_mixin.py:154} INFO - Cycle completed. Waiting 22.3 sec. until next data collection...
[2025-12-17T06:45:01.563+0000] {logging_mixin.py:154} INFO - !!! API limit exceeded (429). Wait 30 seconds...
[2025-12-17T06:45:34.399+0000] {logging_mixin.py:154} INFO - !!! API limit exceeded (429). Wait 30 seconds...
[2025-12-17T06:46:06.835+0000] {logging_mixin.py:154} INFO - !!! API limit exceeded (429). Wait 30 seconds...
[2025-12-17T06:46:38.847+0000] {logging_mixin.py:154} INFO - Cycle completed. Waiting 22.2 sec. until next data collection...
[2025-12-17T06:47:01.747+0000] {logging_mixin.py:154} INFO - !!! API limit exceeded (429). Wait 30 seconds...
[2025-12-17T06:47:34.322+0000] {logging_mixin.py:154} INFO - !!! API limit exceeded (429). Wait 30 seconds...
[2025-12-17T06:48:07.080+0000] {logging_mixin.py:154} INFO - !!! API limit exceeded (429). Wait 30 seconds...
[2025-12-17T06:48:39.110+0000] {logging_mixin.py:154} INFO - Cycle completed. Waiting 22.0 sec. until next data collection...
[2025-12-17T06:49:01.557+0000] {logging_mixin.py:154} INFO - !!! API limit exceeded (429). Wait 30 seconds...
[2025-12-17T06:49:34.395+0000] {logging_mixin.py:154} INFO - !!! API limit exceeded (429). Wait 30 seconds...
[2025-12-17T06:50:07.111+0000] {logging_mixin.py:154} INFO - !!! API limit exceeded (429). Wait 30 seconds...
[2025-12-17T06:50:39.140+0000] {logging_mixin.py:154} INFO - Cycle completed. Waiting 22.0 sec. until next data collection...
[2025-12-17T06:51:01.789+0000] {logging_mixin.py:154} INFO - !!! API limit exceeded (429). Wait 30 seconds...
[2025-12-17T06:51:34.342+0000] {logging_mixin.py:154} INFO - !!! API limit exceeded (429). Wait 30 seconds...
[2025-12-17T06:52:06.810+0000] {logging_mixin.py:154} INFO - !!! API limit exceeded (429). Wait 30 seconds...
[2025-12-17T06:52:38.840+0000] {logging_mixin.py:154} INFO - Cycle completed. Waiting 22.3 sec. until next data collection...
[2025-12-17T06:53:01.544+0000] {logging_mixin.py:154} INFO - !!! API limit exceeded (429). Wait 30 seconds...
[2025-12-17T06:53:34.045+0000] {logging_mixin.py:154} INFO - !!! API limit exceeded (429). Wait 30 seconds...
[2025-12-17T06:54:06.713+0000] {logging_mixin.py:154} INFO - !!! API limit exceeded (429). Wait 30 seconds...
[2025-12-17T06:54:38.738+0000] {logging_mixin.py:154} INFO - Cycle completed. Waiting 22.4 sec. until next data collection...
[2025-12-17T06:55:01.803+0000] {logging_mixin.py:154} INFO - !!! API limit exceeded (429). Wait 30 seconds...
[2025-12-17T06:55:34.477+0000] {logging_mixin.py:154} INFO - !!! API limit exceeded (429). Wait 30 seconds...
[2025-12-17T06:56:07.135+0000] {logging_mixin.py:154} INFO - !!! API limit exceeded (429). Wait 30 seconds...
[2025-12-17T06:56:39.172+0000] {logging_mixin.py:154} INFO - Cycle completed. Waiting 22.0 sec. until next data collection...
[2025-12-17T06:57:01.818+0000] {logging_mixin.py:154} INFO - !!! API limit exceeded (429). Wait 30 seconds...
[2025-12-17T06:57:34.999+0000] {logging_mixin.py:154} INFO - !!! API limit exceeded (429). Wait 30 seconds...
[2025-12-17T06:58:07.395+0000] {logging_mixin.py:154} INFO - !!! API limit exceeded (429). Wait 30 seconds...
[2025-12-17T06:58:39.426+0000] {logging_mixin.py:154} INFO - Cycle completed. Waiting 21.7 sec. until next data collection...
[2025-12-17T06:59:01.737+0000] {logging_mixin.py:154} INFO - !!! API limit exceeded (429). Wait 30 seconds...
[2025-12-17T06:59:34.399+0000] {logging_mixin.py:154} INFO - !!! API limit exceeded (429). Wait 30 seconds...
[2025-12-17T07:00:06.877+0000] {logging_mixin.py:154} INFO - API error for Shymkent: 'values'
[2025-12-17T07:00:08.885+0000] {logging_mixin.py:154} INFO - Cycle completed. Waiting 52.3 sec. until next data collection...
[2025-12-17T07:01:01.694+0000] {logging_mixin.py:154} INFO - API error for Almaty: 'values'
[2025-12-17T07:01:04.072+0000] {logging_mixin.py:154} INFO - API error for Astana: 'values'
[2025-12-17T07:01:06.550+0000] {logging_mixin.py:154} INFO - API error for Shymkent: 'values'
[2025-12-17T07:01:08.554+0000] {logging_mixin.py:154} INFO - Cycle completed. Waiting 112.7 sec. until next data collection...
[2025-12-17T07:03:01.866+0000] {logging_mixin.py:154} INFO - API error for Almaty: 'values'
[2025-12-17T07:03:04.323+0000] {logging_mixin.py:154} INFO - API error for Astana: 'values'
[2025-12-17T07:03:06.735+0000] {logging_mixin.py:154} INFO - API error for Shymkent: 'values'
[2025-12-17T07:03:08.740+0000] {logging_mixin.py:154} INFO - Cycle completed. Waiting 112.6 sec. until next data collection...
[2025-12-17T07:05:01.869+0000] {logging_mixin.py:154} INFO - !!! API limit exceeded (429). Wait 30 seconds...
[2025-12-17T07:05:34.639+0000] {logging_mixin.py:154} INFO - !!! API limit exceeded (429). Wait 30 seconds...
[2025-12-17T07:06:07.102+0000] {logging_mixin.py:154} INFO - !!! API limit exceeded (429). Wait 30 seconds...
[2025-12-17T07:06:39.109+0000] {logging_mixin.py:154} INFO - Cycle completed. Waiting 22.2 sec. until next data collection...
[2025-12-17T07:07:01.755+0000] {logging_mixin.py:154} INFO - !!! API limit exceeded (429). Wait 30 seconds...
[2025-12-17T07:07:34.348+0000] {logging_mixin.py:154} INFO - !!! API limit exceeded (429). Wait 30 seconds...
[2025-12-17T07:08:06.723+0000] {logging_mixin.py:154} INFO - !!! API limit exceeded (429). Wait 30 seconds...
[2025-12-17T07:08:38.753+0000] {logging_mixin.py:154} INFO - Cycle completed. Waiting 22.6 sec. until next data collection...
[2025-12-17T07:09:01.900+0000] {logging_mixin.py:154} INFO - !!! API limit exceeded (429). Wait 30 seconds...
[2025-12-17T07:09:34.661+0000] {logging_mixin.py:154} INFO - !!! API limit exceeded (429). Wait 30 seconds...
[2025-12-17T07:10:07.224+0000] {logging_mixin.py:154} INFO - !!! API limit exceeded (429). Wait 30 seconds...
[2025-12-17T07:10:39.237+0000] {logging_mixin.py:154} INFO - Cycle completed. Waiting 22.1 sec. until next data collection...
[2025-12-17T07:11:02.082+0000] {logging_mixin.py:154} INFO - !!! API limit exceeded (429). Wait 30 seconds...
[2025-12-17T07:11:34.780+0000] {logging_mixin.py:154} INFO - !!! API limit exceeded (429). Wait 30 seconds...
[2025-12-17T07:12:07.352+0000] {logging_mixin.py:154} INFO - !!! API limit exceeded (429). Wait 30 seconds...
[2025-12-17T07:12:39.368+0000] {logging_mixin.py:154} INFO - Cycle completed. Waiting 22.0 sec. until next data collection...
[2025-12-17T07:13:01.754+0000] {logging_mixin.py:154} INFO - !!! API limit exceeded (429). Wait 30 seconds...
[2025-12-17T07:13:34.204+0000] {logging_mixin.py:154} INFO - !!! API limit exceeded (429). Wait 30 seconds...
[2025-12-17T07:14:06.669+0000] {logging_mixin.py:154} INFO - !!! API limit exceeded (429). Wait 30 seconds...
[2025-12-17T07:14:38.685+0000] {logging_mixin.py:154} INFO - Cycle completed. Waiting 22.7 sec. until next data collection...
[2025-12-17T07:15:01.797+0000] {logging_mixin.py:154} INFO - !!! API limit exceeded (429). Wait 30 seconds...
[2025-12-17T07:15:34.707+0000] {logging_mixin.py:154} INFO - !!! API limit exceeded (429). Wait 30 seconds...
[2025-12-17T07:16:07.169+0000] {logging_mixin.py:154} INFO - !!! API limit exceeded (429). Wait 30 seconds...
[2025-12-17T07:16:39.173+0000] {logging_mixin.py:154} INFO - Cycle completed. Waiting 22.2 sec. until next data collection...
[2025-12-17T07:17:01.969+0000] {logging_mixin.py:154} INFO - !!! API limit exceeded (429). Wait 30 seconds...
[2025-12-17T07:17:34.525+0000] {logging_mixin.py:154} INFO - !!! API limit exceeded (429). Wait 30 seconds...
[2025-12-17T07:18:07.078+0000] {logging_mixin.py:154} INFO - !!! API limit exceeded (429). Wait 30 seconds...
[2025-12-17T07:18:39.106+0000] {logging_mixin.py:154} INFO - Cycle completed. Waiting 22.3 sec. until next data collection...
[2025-12-17T07:19:02.164+0000] {logging_mixin.py:154} INFO - !!! API limit exceeded (429). Wait 30 seconds...
[2025-12-17T07:19:34.632+0000] {logging_mixin.py:154} INFO - !!! API limit exceeded (429). Wait 30 seconds...
[2025-12-17T07:20:07.089+0000] {logging_mixin.py:154} INFO - !!! API limit exceeded (429). Wait 30 seconds...
[2025-12-17T07:20:39.116+0000] {logging_mixin.py:154} INFO - Cycle completed. Waiting 22.3 sec. until next data collection...
[2025-12-17T07:21:01.864+0000] {logging_mixin.py:154} INFO - !!! API limit exceeded (429). Wait 30 seconds...
[2025-12-17T07:21:34.640+0000] {logging_mixin.py:154} INFO - !!! API limit exceeded (429). Wait 30 seconds...
[2025-12-17T07:22:07.302+0000] {logging_mixin.py:154} INFO - !!! API limit exceeded (429). Wait 30 seconds...
[2025-12-17T07:22:39.320+0000] {logging_mixin.py:154} INFO - Cycle completed. Waiting 22.1 sec. until next data collection...
[2025-12-17T07:23:01.886+0000] {logging_mixin.py:154} INFO - !!! API limit exceeded (429). Wait 30 seconds...
[2025-12-17T07:23:34.413+0000] {logging_mixin.py:154} INFO - !!! API limit exceeded (429). Wait 30 seconds...
[2025-12-17T07:24:07.011+0000] {logging_mixin.py:154} INFO - !!! API limit exceeded (429). Wait 30 seconds...
[2025-12-17T07:24:39.034+0000] {logging_mixin.py:154} INFO - Cycle completed. Waiting 22.4 sec. until next data collection...
[2025-12-17T07:25:01.904+0000] {logging_mixin.py:154} INFO - !!! API limit exceeded (429). Wait 30 seconds...
[2025-12-17T07:25:34.318+0000] {logging_mixin.py:154} INFO - !!! API limit exceeded (429). Wait 30 seconds...
[2025-12-17T07:26:06.923+0000] {logging_mixin.py:154} INFO - !!! API limit exceeded (429). Wait 30 seconds...
[2025-12-17T07:26:38.951+0000] {logging_mixin.py:154} INFO - Cycle completed. Waiting 22.5 sec. until next data collection...
[2025-12-17T07:27:02.014+0000] {logging_mixin.py:154} INFO - !!! API limit exceeded (429). Wait 30 seconds...
[2025-12-17T07:27:34.680+0000] {logging_mixin.py:154} INFO - !!! API limit exceeded (429). Wait 30 seconds...
[2025-12-17T07:28:07.147+0000] {logging_mixin.py:154} INFO - !!! API limit exceeded (429). Wait 30 seconds...
[2025-12-17T07:28:39.173+0000] {logging_mixin.py:154} INFO - Cycle completed. Waiting 22.3 sec. until next data collection...
[2025-12-17T07:29:02.026+0000] {logging_mixin.py:154} INFO - !!! API limit exceeded (429). Wait 30 seconds...
[2025-12-17T07:29:34.589+0000] {logging_mixin.py:154} INFO - !!! API limit exceeded (429). Wait 30 seconds...
[2025-12-17T07:30:07.257+0000] {logging_mixin.py:154} INFO - !!! API limit exceeded (429). Wait 30 seconds...
[2025-12-17T07:30:39.281+0000] {logging_mixin.py:154} INFO - Cycle completed. Waiting 22.2 sec. until next data collection...
[2025-12-17T07:31:01.927+0000] {logging_mixin.py:154} INFO - !!! API limit exceeded (429). Wait 30 seconds...
[2025-12-17T07:31:34.397+0000] {logging_mixin.py:154} INFO - !!! API limit exceeded (429). Wait 30 seconds...
[2025-12-17T07:32:06.856+0000] {logging_mixin.py:154} INFO - !!! API limit exceeded (429). Wait 30 seconds...
[2025-12-17T07:32:38.872+0000] {logging_mixin.py:154} INFO - Cycle completed. Waiting 22.6 sec. until next data collection...
[2025-12-17T07:33:01.951+0000] {logging_mixin.py:154} INFO - !!! API limit exceeded (429). Wait 30 seconds...
[2025-12-17T07:33:34.553+0000] {logging_mixin.py:154} INFO - !!! API limit exceeded (429). Wait 30 seconds...
[2025-12-17T07:34:06.973+0000] {logging_mixin.py:154} INFO - !!! API limit exceeded (429). Wait 30 seconds...
[2025-12-17T07:34:38.999+0000] {logging_mixin.py:154} INFO - Cycle completed. Waiting 22.5 sec. until next data collection...
[2025-12-17T07:35:01.515+0000] {conn.py:919} INFO - <BrokerConnection node_id=1 host=kafka:29092 <connected> [IPv4 ('172.18.0.4', 29092)]>: Closing connection. 
[2025-12-17T07:35:01.558+0000] {python.py:194} INFO - Done. Returned value was: None
[2025-12-17T07:35:01.789+0000] {taskinstance.py:1400} INFO - Marking task as SUCCESS. dag_id=job1_weather_ingestion, task_id=ingest_weather_data, execution_date=20251217T050000, start_date=20251217T063700, end_date=20251217T073501
[2025-12-17T07:35:01.946+0000] {local_task_job_runner.py:228} INFO - Task exited with return code 0
[2025-12-17T07:35:02.043+0000] {taskinstance.py:2778} INFO - 0 downstream tasks scheduled from follow-on schedule check
