[2025-12-17T06:07:11.583+0000] {logging_mixin.py:154} INFO - Changing /opt/***/logs/dag_id=job2_weather_cleaning/run_id=scheduled__2025-12-16T18:00:00+00:00/task_id=clean_and_store_weather permission to 509
[2025-12-17T06:07:11.584+0000] {logging_mixin.py:154} INFO - Failed to change /opt/***/logs/dag_id=job2_weather_cleaning/run_id=scheduled__2025-12-16T18:00:00+00:00/task_id=clean_and_store_weather permission to 509: [Errno 1] Operation not permitted: '/opt/***/logs/dag_id=job2_weather_cleaning/run_id=scheduled__2025-12-16T18:00:00+00:00/task_id=clean_and_store_weather'
[2025-12-17T06:07:11.645+0000] {logging_mixin.py:154} INFO - Changing /opt/***/logs/dag_id=job2_weather_cleaning/run_id=scheduled__2025-12-16T18:00:00+00:00/task_id=clean_and_store_weather permission to 509
[2025-12-17T06:07:11.646+0000] {logging_mixin.py:154} INFO - Failed to change /opt/***/logs/dag_id=job2_weather_cleaning/run_id=scheduled__2025-12-16T18:00:00+00:00/task_id=clean_and_store_weather permission to 509: [Errno 1] Operation not permitted: '/opt/***/logs/dag_id=job2_weather_cleaning/run_id=scheduled__2025-12-16T18:00:00+00:00/task_id=clean_and_store_weather'
[2025-12-17T06:07:11.718+0000] {taskinstance.py:1159} INFO - Dependencies all met for dep_context=non-requeueable deps ti=<TaskInstance: job2_weather_cleaning.clean_and_store_weather scheduled__2025-12-16T18:00:00+00:00 [queued]>
[2025-12-17T06:07:11.737+0000] {taskinstance.py:1159} INFO - Dependencies all met for dep_context=requeueable deps ti=<TaskInstance: job2_weather_cleaning.clean_and_store_weather scheduled__2025-12-16T18:00:00+00:00 [queued]>
[2025-12-17T06:07:11.738+0000] {taskinstance.py:1361} INFO - Starting attempt 3 of 3
[2025-12-17T06:07:11.770+0000] {taskinstance.py:1382} INFO - Executing <Task(PythonOperator): clean_and_store_weather> on 2025-12-16 18:00:00+00:00
[2025-12-17T06:07:11.784+0000] {standard_task_runner.py:57} INFO - Started process 271 to run task
[2025-12-17T06:07:11.804+0000] {standard_task_runner.py:84} INFO - Running: ['***', 'tasks', 'run', 'job2_weather_cleaning', 'clean_and_store_weather', 'scheduled__2025-12-16T18:00:00+00:00', '--job-id', '40', '--raw', '--subdir', 'DAGS_FOLDER/job2_clean_store_dag.py', '--cfg-path', '/tmp/tmpnngj__yr']
[2025-12-17T06:07:11.820+0000] {standard_task_runner.py:85} INFO - Job 40: Subtask clean_and_store_weather
[2025-12-17T06:07:12.083+0000] {logging_mixin.py:154} INFO - Changing /opt/***/logs/dag_id=job2_weather_cleaning/run_id=scheduled__2025-12-16T18:00:00+00:00/task_id=clean_and_store_weather permission to 509
[2025-12-17T06:07:12.084+0000] {logging_mixin.py:154} INFO - Failed to change /opt/***/logs/dag_id=job2_weather_cleaning/run_id=scheduled__2025-12-16T18:00:00+00:00/task_id=clean_and_store_weather permission to 509: [Errno 1] Operation not permitted: '/opt/***/logs/dag_id=job2_weather_cleaning/run_id=scheduled__2025-12-16T18:00:00+00:00/task_id=clean_and_store_weather'
[2025-12-17T06:07:12.109+0000] {task_command.py:416} INFO - Running <TaskInstance: job2_weather_cleaning.clean_and_store_weather scheduled__2025-12-16T18:00:00+00:00 [running]> on host 623e93b4b3f8
[2025-12-17T06:07:12.430+0000] {taskinstance.py:1662} INFO - Exporting env vars: AIRFLOW_CTX_DAG_OWNER='team' AIRFLOW_CTX_DAG_ID='job2_weather_cleaning' AIRFLOW_CTX_TASK_ID='clean_and_store_weather' AIRFLOW_CTX_EXECUTION_DATE='2025-12-16T18:00:00+00:00' AIRFLOW_CTX_TRY_NUMBER='3' AIRFLOW_CTX_DAG_RUN_ID='scheduled__2025-12-16T18:00:00+00:00'
[2025-12-17T06:07:12.501+0000] {logging_mixin.py:154} INFO - Database initialized at /opt/***/data/app.db
[2025-12-17T06:07:12.515+0000] {conn.py:380} INFO - <BrokerConnection node_id=bootstrap-0 host=kafka:29092 <connecting> [IPv4 ('172.18.0.4', 29092)]>: connecting to kafka:29092 [('172.18.0.4', 29092) IPv4]
[2025-12-17T06:07:12.517+0000] {conn.py:1205} INFO - Probing node bootstrap-0 broker version
[2025-12-17T06:07:12.520+0000] {conn.py:410} INFO - <BrokerConnection node_id=bootstrap-0 host=kafka:29092 <connecting> [IPv4 ('172.18.0.4', 29092)]>: Connection complete.
[2025-12-17T06:07:12.633+0000] {conn.py:1267} INFO - Broker version identified as 2.5.0
[2025-12-17T06:07:12.634+0000] {conn.py:1268} INFO - Set configuration api_version=(2, 5, 0) to skip auto check_version requests on startup
[2025-12-17T06:07:12.638+0000] {subscription_state.py:171} INFO - Updating subscribed topics to: ('raw_weather_events',)
[2025-12-17T06:07:12.639+0000] {logging_mixin.py:154} INFO - Starting to consume messages from Kafka...
[2025-12-17T06:07:12.646+0000] {cluster.py:371} INFO - Group coordinator for weather_cleaner_group is ('coordinator-1', 'kafka', 29092, None)
[2025-12-17T06:07:12.647+0000] {base.py:693} INFO - Discovered coordinator coordinator-1 for group weather_cleaner_group
[2025-12-17T06:07:12.648+0000] {base.py:741} INFO - Starting new heartbeat thread
[2025-12-17T06:07:12.649+0000] {consumer.py:348} INFO - Revoking previously assigned partitions () for group weather_cleaner_group
[2025-12-17T06:07:12.652+0000] {conn.py:380} INFO - <BrokerConnection node_id=coordinator-1 host=kafka:29092 <connecting> [IPv4 ('172.18.0.4', 29092)]>: connecting to kafka:29092 [('172.18.0.4', 29092) IPv4]
[2025-12-17T06:07:12.654+0000] {conn.py:410} INFO - <BrokerConnection node_id=coordinator-1 host=kafka:29092 <connecting> [IPv4 ('172.18.0.4', 29092)]>: Connection complete.
[2025-12-17T06:07:12.654+0000] {conn.py:919} INFO - <BrokerConnection node_id=bootstrap-0 host=kafka:29092 <connected> [IPv4 ('172.18.0.4', 29092)]>: Closing connection. 
[2025-12-17T06:07:12.757+0000] {base.py:450} INFO - (Re-)joining group weather_cleaner_group
[2025-12-17T06:07:15.731+0000] {base.py:335} INFO - Successfully joined group weather_cleaner_group with generation 5
[2025-12-17T06:07:15.733+0000] {subscription_state.py:257} INFO - Updated partition assignment: []
[2025-12-17T06:07:15.734+0000] {consumer.py:245} INFO - Setting newly assigned partitions () for group weather_cleaner_group
[2025-12-17T06:07:22.641+0000] {base.py:748} INFO - Stopping heartbeat thread
[2025-12-17T06:07:22.642+0000] {base.py:773} INFO - Leaving consumer group (weather_cleaner_group).
[2025-12-17T06:07:22.650+0000] {conn.py:919} INFO - <BrokerConnection node_id=coordinator-1 host=kafka:29092 <connected> [IPv4 ('172.18.0.4', 29092)]>: Closing connection. 
[2025-12-17T06:07:22.653+0000] {logging_mixin.py:154} INFO - No messages were consumed
[2025-12-17T06:07:22.654+0000] {python.py:194} INFO - Done. Returned value was: None
[2025-12-17T06:07:22.678+0000] {taskinstance.py:1400} INFO - Marking task as SUCCESS. dag_id=job2_weather_cleaning, task_id=clean_and_store_weather, execution_date=20251216T180000, start_date=20251217T060711, end_date=20251217T060722
[2025-12-17T06:07:22.758+0000] {local_task_job_runner.py:228} INFO - Task exited with return code 0
[2025-12-17T06:07:22.779+0000] {taskinstance.py:2778} INFO - 0 downstream tasks scheduled from follow-on schedule check
