[2025-12-17T03:27:37.390+0000] {taskinstance.py:1159} INFO - Dependencies all met for dep_context=non-requeueable deps ti=<TaskInstance: job3_daily_analytics.compute_daily_summary scheduled__2025-12-16T00:00:00+00:00 [queued]>
[2025-12-17T03:27:37.408+0000] {taskinstance.py:1159} INFO - Dependencies all met for dep_context=requeueable deps ti=<TaskInstance: job3_daily_analytics.compute_daily_summary scheduled__2025-12-16T00:00:00+00:00 [queued]>
[2025-12-17T03:27:37.408+0000] {taskinstance.py:1361} INFO - Starting attempt 1 of 3
[2025-12-17T03:27:37.437+0000] {taskinstance.py:1382} INFO - Executing <Task(PythonOperator): compute_daily_summary> on 2025-12-16 00:00:00+00:00
[2025-12-17T03:27:37.456+0000] {standard_task_runner.py:57} INFO - Started process 193 to run task
[2025-12-17T03:27:37.461+0000] {standard_task_runner.py:84} INFO - Running: ['***', 'tasks', 'run', 'job3_daily_analytics', 'compute_daily_summary', 'scheduled__2025-12-16T00:00:00+00:00', '--job-id', '60', '--raw', '--subdir', 'DAGS_FOLDER/job3_daily_summary_dag.py', '--cfg-path', '/tmp/tmphjdeou0j']
[2025-12-17T03:27:37.527+0000] {standard_task_runner.py:85} INFO - Job 60: Subtask compute_daily_summary
[2025-12-17T03:27:37.659+0000] {task_command.py:416} INFO - Running <TaskInstance: job3_daily_analytics.compute_daily_summary scheduled__2025-12-16T00:00:00+00:00 [running]> on host 368de0f02f1d
[2025-12-17T03:27:38.107+0000] {taskinstance.py:1662} INFO - Exporting env vars: AIRFLOW_CTX_DAG_OWNER='team' AIRFLOW_CTX_DAG_ID='job3_daily_analytics' AIRFLOW_CTX_TASK_ID='compute_daily_summary' AIRFLOW_CTX_EXECUTION_DATE='2025-12-16T00:00:00+00:00' AIRFLOW_CTX_TRY_NUMBER='1' AIRFLOW_CTX_DAG_RUN_ID='scheduled__2025-12-16T00:00:00+00:00'
[2025-12-17T03:27:38.109+0000] {logging_mixin.py:154} INFO - Computing analytics for date: 2025-12-16
[2025-12-17T03:27:38.131+0000] {logging_mixin.py:154} INFO - Total records to analyze: 118
[2025-12-17T03:27:38.158+0000] {logging_mixin.py:154} INFO - 
Daily Summary Statistics:
[2025-12-17T03:27:38.162+0000] {logging_mixin.py:154} INFO -       date location  avg_temperature  min_temperature  max_temperature  avg_humidity  avg_wind_speed  total_precipitation  record_count
2025-12-16   Almaty            -0.39             -2.0              1.7         75.93            0.76                 0.13            42
2025-12-16   Astana            -9.85            -12.3             -8.1         82.87            6.10                 0.00            39
2025-12-16 Shymkent             3.91              1.1              6.3         73.16            1.26                 1.37            37
[2025-12-17T03:27:38.208+0000] {logging_mixin.py:154} INFO - Inserted 3 records into daily_summary table
[2025-12-17T03:27:38.209+0000] {logging_mixin.py:154} INFO - 
=== Additional Insights ===
[2025-12-17T03:27:38.215+0000] {logging_mixin.py:154} INFO - 
Overall Statistics:
[2025-12-17T03:27:38.220+0000] {logging_mixin.py:154} INFO -       temperature   humidity  wind_speed  precipitation
mean    -2.167797  77.355932    2.679661            NaN
std      5.878672   8.273659         NaN            NaN
max           NaN        NaN    7.700000            NaN
sum           NaN        NaN         NaN            1.5
[2025-12-17T03:27:38.220+0000] {logging_mixin.py:154} INFO - 
Temperature by Location:
[2025-12-17T03:27:38.223+0000] {logging_mixin.py:154} INFO - location
Shymkent    3.91
Almaty     -0.39
Astana     -9.85
Name: avg_temperature, dtype: float64
[2025-12-17T03:27:38.224+0000] {python.py:194} INFO - Done. Returned value was: None
[2025-12-17T03:27:38.232+0000] {taskinstance.py:1400} INFO - Marking task as SUCCESS. dag_id=job3_daily_analytics, task_id=compute_daily_summary, execution_date=20251216T000000, start_date=20251217T032737, end_date=20251217T032738
[2025-12-17T03:27:38.287+0000] {local_task_job_runner.py:228} INFO - Task exited with return code 0
[2025-12-17T03:27:38.314+0000] {taskinstance.py:2778} INFO - 0 downstream tasks scheduled from follow-on schedule check
[2025-12-17T06:37:02.847+0000] {logging_mixin.py:154} INFO - Changing /opt/***/logs/dag_id=job3_daily_analytics/run_id=scheduled__2025-12-16T00:00:00+00:00/task_id=compute_daily_summary permission to 509
[2025-12-17T06:37:02.849+0000] {logging_mixin.py:154} INFO - Failed to change /opt/***/logs/dag_id=job3_daily_analytics/run_id=scheduled__2025-12-16T00:00:00+00:00/task_id=compute_daily_summary permission to 509: [Errno 1] Operation not permitted: '/opt/***/logs/dag_id=job3_daily_analytics/run_id=scheduled__2025-12-16T00:00:00+00:00/task_id=compute_daily_summary'
[2025-12-17T06:37:02.922+0000] {logging_mixin.py:154} INFO - Changing /opt/***/logs/dag_id=job3_daily_analytics/run_id=scheduled__2025-12-16T00:00:00+00:00/task_id=compute_daily_summary permission to 509
[2025-12-17T06:37:02.923+0000] {logging_mixin.py:154} INFO - Failed to change /opt/***/logs/dag_id=job3_daily_analytics/run_id=scheduled__2025-12-16T00:00:00+00:00/task_id=compute_daily_summary permission to 509: [Errno 1] Operation not permitted: '/opt/***/logs/dag_id=job3_daily_analytics/run_id=scheduled__2025-12-16T00:00:00+00:00/task_id=compute_daily_summary'
[2025-12-17T06:37:02.993+0000] {taskinstance.py:1159} INFO - Dependencies all met for dep_context=non-requeueable deps ti=<TaskInstance: job3_daily_analytics.compute_daily_summary scheduled__2025-12-16T00:00:00+00:00 [queued]>
[2025-12-17T06:37:03.006+0000] {taskinstance.py:1159} INFO - Dependencies all met for dep_context=requeueable deps ti=<TaskInstance: job3_daily_analytics.compute_daily_summary scheduled__2025-12-16T00:00:00+00:00 [queued]>
[2025-12-17T06:37:03.007+0000] {taskinstance.py:1361} INFO - Starting attempt 1 of 3
[2025-12-17T06:37:03.028+0000] {taskinstance.py:1382} INFO - Executing <Task(PythonOperator): compute_daily_summary> on 2025-12-16 00:00:00+00:00
[2025-12-17T06:37:03.036+0000] {standard_task_runner.py:57} INFO - Started process 240 to run task
[2025-12-17T06:37:03.042+0000] {standard_task_runner.py:84} INFO - Running: ['***', 'tasks', 'run', 'job3_daily_analytics', 'compute_daily_summary', 'scheduled__2025-12-16T00:00:00+00:00', '--job-id', '4', '--raw', '--subdir', 'DAGS_FOLDER/job3_daily_summary_dag.py', '--cfg-path', '/tmp/tmpnf490fs_']
[2025-12-17T06:37:03.049+0000] {standard_task_runner.py:85} INFO - Job 4: Subtask compute_daily_summary
[2025-12-17T06:37:03.123+0000] {logging_mixin.py:154} INFO - Changing /opt/***/logs/dag_id=job3_daily_analytics/run_id=scheduled__2025-12-16T00:00:00+00:00/task_id=compute_daily_summary permission to 509
[2025-12-17T06:37:03.124+0000] {logging_mixin.py:154} INFO - Failed to change /opt/***/logs/dag_id=job3_daily_analytics/run_id=scheduled__2025-12-16T00:00:00+00:00/task_id=compute_daily_summary permission to 509: [Errno 1] Operation not permitted: '/opt/***/logs/dag_id=job3_daily_analytics/run_id=scheduled__2025-12-16T00:00:00+00:00/task_id=compute_daily_summary'
[2025-12-17T06:37:03.162+0000] {task_command.py:416} INFO - Running <TaskInstance: job3_daily_analytics.compute_daily_summary scheduled__2025-12-16T00:00:00+00:00 [running]> on host 2610621bd5d4
[2025-12-17T06:37:03.593+0000] {taskinstance.py:1662} INFO - Exporting env vars: AIRFLOW_CTX_DAG_OWNER='team' AIRFLOW_CTX_DAG_ID='job3_daily_analytics' AIRFLOW_CTX_TASK_ID='compute_daily_summary' AIRFLOW_CTX_EXECUTION_DATE='2025-12-16T00:00:00+00:00' AIRFLOW_CTX_TRY_NUMBER='1' AIRFLOW_CTX_DAG_RUN_ID='scheduled__2025-12-16T00:00:00+00:00'
[2025-12-17T06:37:03.596+0000] {logging_mixin.py:154} INFO - Computing analytics for date: 2025-12-16
[2025-12-17T06:37:03.630+0000] {logging_mixin.py:154} INFO - Total records to analyze: 147
[2025-12-17T06:37:03.672+0000] {logging_mixin.py:154} INFO - 
Daily Summary Statistics:
[2025-12-17T06:37:03.679+0000] {logging_mixin.py:154} INFO -       date location  avg_temperature  min_temperature  max_temperature  avg_humidity  avg_wind_speed  total_precipitation  record_count
2025-12-16   Almaty            -0.39             -2.0              1.7         75.93            0.76                 0.13            42
2025-12-16   Astana            -9.85            -12.3             -8.1         82.87            6.10                 0.00            39
2025-12-16 Shymkent             3.91              1.1              6.3         73.16            1.26                 1.37            37
2025-12-17   Almaty             3.22              2.9              3.6         68.08            1.14                 0.91            12
2025-12-17   Astana           -16.22            -16.3            -15.6         83.56            3.59                 0.00             9
2025-12-17 Shymkent             3.47              2.8              4.0         92.00            1.90                 4.63             8
[2025-12-17T06:37:03.792+0000] {logging_mixin.py:154} INFO - Inserted 6 records into daily_summary table
[2025-12-17T06:37:03.793+0000] {logging_mixin.py:154} INFO - 
=== Additional Insights ===
[2025-12-17T06:37:03.799+0000] {logging_mixin.py:154} INFO - 
Overall Statistics:
[2025-12-17T06:37:03.807+0000] {logging_mixin.py:154} INFO -       temperature   humidity  wind_speed  precipitation
mean    -2.280952  77.775510    2.567347            NaN
std      6.634327   8.857159         NaN            NaN
max           NaN        NaN    7.700000            NaN
sum           NaN        NaN         NaN           7.04
[2025-12-17T06:37:03.808+0000] {logging_mixin.py:154} INFO - 
Temperature by Location:
[2025-12-17T06:37:03.814+0000] {logging_mixin.py:154} INFO - location
Shymkent     3.690
Almaty       1.415
Astana     -13.035
Name: avg_temperature, dtype: float64
[2025-12-17T06:37:03.816+0000] {python.py:194} INFO - Done. Returned value was: None
[2025-12-17T06:37:03.836+0000] {taskinstance.py:1400} INFO - Marking task as SUCCESS. dag_id=job3_daily_analytics, task_id=compute_daily_summary, execution_date=20251216T000000, start_date=20251217T063702, end_date=20251217T063703
[2025-12-17T06:37:03.903+0000] {local_task_job_runner.py:228} INFO - Task exited with return code 0
[2025-12-17T06:37:03.923+0000] {taskinstance.py:2778} INFO - 0 downstream tasks scheduled from follow-on schedule check
