[2025-12-17T06:49:09.602+0000] {taskinstance.py:1159} INFO - Dependencies all met for dep_context=non-requeueable deps ti=<TaskInstance: job1_weather_ingestion.ingest_weather_data manual__2025-12-17T06:38:14.855050+00:00 [queued]>
[2025-12-17T06:49:09.618+0000] {taskinstance.py:1159} INFO - Dependencies all met for dep_context=requeueable deps ti=<TaskInstance: job1_weather_ingestion.ingest_weather_data manual__2025-12-17T06:38:14.855050+00:00 [queued]>
[2025-12-17T06:49:09.619+0000] {taskinstance.py:1361} INFO - Starting attempt 2 of 2
[2025-12-17T06:49:09.647+0000] {taskinstance.py:1382} INFO - Executing <Task(PythonOperator): ingest_weather_data> on 2025-12-17 06:38:14.855050+00:00
[2025-12-17T06:49:09.657+0000] {standard_task_runner.py:57} INFO - Started process 645 to run task
[2025-12-17T06:49:09.660+0000] {standard_task_runner.py:84} INFO - Running: ['***', 'tasks', 'run', 'job1_weather_ingestion', 'ingest_weather_data', 'manual__2025-12-17T06:38:14.855050+00:00', '--job-id', '7', '--raw', '--subdir', 'DAGS_FOLDER/job1_ingestion_dag.py', '--cfg-path', '/tmp/tmpx_v3accv']
[2025-12-17T06:49:09.665+0000] {standard_task_runner.py:85} INFO - Job 7: Subtask ingest_weather_data
[2025-12-17T06:49:09.784+0000] {task_command.py:416} INFO - Running <TaskInstance: job1_weather_ingestion.ingest_weather_data manual__2025-12-17T06:38:14.855050+00:00 [running]> on host 2610621bd5d4
[2025-12-17T06:49:09.934+0000] {taskinstance.py:1662} INFO - Exporting env vars: AIRFLOW_CTX_DAG_OWNER='team' AIRFLOW_CTX_DAG_ID='job1_weather_ingestion' AIRFLOW_CTX_TASK_ID='ingest_weather_data' AIRFLOW_CTX_EXECUTION_DATE='2025-12-17T06:38:14.855050+00:00' AIRFLOW_CTX_TRY_NUMBER='2' AIRFLOW_CTX_DAG_RUN_ID='manual__2025-12-17T06:38:14.855050+00:00'
[2025-12-17T06:49:09.945+0000] {conn.py:380} INFO - <BrokerConnection node_id=bootstrap-0 host=kafka:29092 <connecting> [IPv4 ('172.18.0.4', 29092)]>: connecting to kafka:29092 [('172.18.0.4', 29092) IPv4]
[2025-12-17T06:49:09.947+0000] {conn.py:1205} INFO - Probing node bootstrap-0 broker version
[2025-12-17T06:49:09.950+0000] {conn.py:410} INFO - <BrokerConnection node_id=bootstrap-0 host=kafka:29092 <connecting> [IPv4 ('172.18.0.4', 29092)]>: Connection complete.
[2025-12-17T06:49:10.066+0000] {conn.py:1267} INFO - Broker version identified as 2.5.0
[2025-12-17T06:49:10.067+0000] {conn.py:1268} INFO - Set configuration api_version=(2, 5, 0) to skip auto check_version requests on startup
[2025-12-17T06:49:10.079+0000] {logging_mixin.py:154} INFO - The producer is launched on 58 min. Interval: 2 minutes.
[2025-12-17T06:49:10.549+0000] {logging_mixin.py:154} INFO - !!! Rate limit hit (429). Waiting...
[2025-12-17T06:49:43.032+0000] {logging_mixin.py:154} INFO - !!! Rate limit hit (429). Waiting...
[2025-12-17T06:50:15.493+0000] {logging_mixin.py:154} INFO - !!! Rate limit hit (429). Waiting...
[2025-12-17T06:50:47.522+0000] {logging_mixin.py:154} INFO - Cycle completed. Waiting 22.6 sec. until next data collection...
[2025-12-17T06:51:10.480+0000] {logging_mixin.py:154} INFO - !!! Rate limit hit (429). Waiting...
[2025-12-17T06:51:42.940+0000] {logging_mixin.py:154} INFO - !!! Rate limit hit (429). Waiting...
[2025-12-17T06:52:15.503+0000] {logging_mixin.py:154} INFO - !!! Rate limit hit (429). Waiting...
[2025-12-17T06:52:47.534+0000] {logging_mixin.py:154} INFO - Cycle completed. Waiting 22.6 sec. until next data collection...
[2025-12-17T06:53:10.593+0000] {logging_mixin.py:154} INFO - !!! Rate limit hit (429). Waiting...
[2025-12-17T06:53:42.995+0000] {logging_mixin.py:154} INFO - !!! Rate limit hit (429). Waiting...
[2025-12-17T06:54:10.177+0000] {conn.py:380} INFO - <BrokerConnection node_id=1 host=kafka:29092 <connecting> [IPv4 ('172.18.0.4', 29092)]>: connecting to kafka:29092 [('172.18.0.4', 29092) IPv4]
[2025-12-17T06:54:10.180+0000] {conn.py:410} INFO - <BrokerConnection node_id=1 host=kafka:29092 <connecting> [IPv4 ('172.18.0.4', 29092)]>: Connection complete.
[2025-12-17T06:54:10.182+0000] {conn.py:919} INFO - <BrokerConnection node_id=bootstrap-0 host=kafka:29092 <connected> [IPv4 ('172.18.0.4', 29092)]>: Closing connection. 
[2025-12-17T06:54:15.618+0000] {logging_mixin.py:154} INFO - !!! Rate limit hit (429). Waiting...
[2025-12-17T06:54:47.646+0000] {logging_mixin.py:154} INFO - Cycle completed. Waiting 22.5 sec. until next data collection...
[2025-12-17T06:55:10.621+0000] {logging_mixin.py:154} INFO - !!! Rate limit hit (429). Waiting...
[2025-12-17T06:55:43.173+0000] {logging_mixin.py:154} INFO - !!! Rate limit hit (429). Waiting...
[2025-12-17T06:56:15.633+0000] {logging_mixin.py:154} INFO - !!! Rate limit hit (429). Waiting...
[2025-12-17T06:56:47.635+0000] {logging_mixin.py:154} INFO - Cycle completed. Waiting 22.5 sec. until next data collection...
[2025-12-17T06:57:10.540+0000] {logging_mixin.py:154} INFO - !!! Rate limit hit (429). Waiting...
[2025-12-17T06:57:43.085+0000] {logging_mixin.py:154} INFO - !!! Rate limit hit (429). Waiting...
[2025-12-17T06:58:19.649+0000] {logging_mixin.py:154} INFO - !!! Rate limit hit (429). Waiting...
[2025-12-17T06:58:51.686+0000] {logging_mixin.py:154} INFO - Cycle completed. Waiting 18.5 sec. until next data collection...
[2025-12-17T06:59:10.751+0000] {logging_mixin.py:154} INFO - !!! Rate limit hit (429). Waiting...
[2025-12-17T06:59:43.153+0000] {logging_mixin.py:154} INFO - !!! Rate limit hit (429). Waiting...
[2025-12-17T07:00:15.685+0000] {logging_mixin.py:154} INFO - Sent: Shymkent в 2025-12-17T07:00:15.644261
[2025-12-17T07:00:17.698+0000] {logging_mixin.py:154} INFO - Cycle completed. Waiting 52.5 sec. until next data collection...
[2025-12-17T07:01:10.651+0000] {logging_mixin.py:154} INFO - Sent: Almaty в 2025-12-17T07:01:10.649031
[2025-12-17T07:01:13.136+0000] {logging_mixin.py:154} INFO - Sent: Astana в 2025-12-17T07:01:13.134634
[2025-12-17T07:01:15.560+0000] {logging_mixin.py:154} INFO - Sent: Shymkent в 2025-12-17T07:01:15.558945
[2025-12-17T07:01:17.564+0000] {logging_mixin.py:154} INFO - Cycle completed. Waiting 112.6 sec. until next data collection...
[2025-12-17T07:03:10.801+0000] {logging_mixin.py:154} INFO - Sent: Almaty в 2025-12-17T07:03:10.796461
[2025-12-17T07:03:13.335+0000] {logging_mixin.py:154} INFO - Sent: Astana в 2025-12-17T07:03:13.334085
[2025-12-17T07:03:15.942+0000] {logging_mixin.py:154} INFO - !!! Rate limit hit (429). Waiting...
[2025-12-17T07:03:47.952+0000] {logging_mixin.py:154} INFO - Cycle completed. Waiting 82.3 sec. until next data collection...
[2025-12-17T07:05:10.783+0000] {logging_mixin.py:154} INFO - !!! Rate limit hit (429). Waiting...
[2025-12-17T07:05:43.346+0000] {logging_mixin.py:154} INFO - !!! Rate limit hit (429). Waiting...
[2025-12-17T07:06:15.906+0000] {logging_mixin.py:154} INFO - !!! Rate limit hit (429). Waiting...
[2025-12-17T07:06:47.930+0000] {logging_mixin.py:154} INFO - Cycle completed. Waiting 22.3 sec. until next data collection...
[2025-12-17T07:07:10.681+0000] {logging_mixin.py:154} INFO - !!! Rate limit hit (429). Waiting...
[2025-12-17T07:07:43.122+0000] {logging_mixin.py:154} INFO - !!! Rate limit hit (429). Waiting...
[2025-12-17T07:08:15.612+0000] {logging_mixin.py:154} INFO - !!! Rate limit hit (429). Waiting...
[2025-12-17T07:08:47.656+0000] {logging_mixin.py:154} INFO - Cycle completed. Waiting 22.6 sec. until next data collection...
[2025-12-17T07:09:10.806+0000] {logging_mixin.py:154} INFO - !!! Rate limit hit (429). Waiting...
[2025-12-17T07:09:43.241+0000] {logging_mixin.py:154} INFO - !!! Rate limit hit (429). Waiting...
[2025-12-17T07:10:15.724+0000] {logging_mixin.py:154} INFO - !!! Rate limit hit (429). Waiting...
[2025-12-17T07:10:47.753+0000] {logging_mixin.py:154} INFO - Cycle completed. Waiting 22.5 sec. until next data collection...
[2025-12-17T07:11:11.028+0000] {logging_mixin.py:154} INFO - !!! Rate limit hit (429). Waiting...
[2025-12-17T07:11:43.585+0000] {logging_mixin.py:154} INFO - !!! Rate limit hit (429). Waiting...
[2025-12-17T07:12:16.032+0000] {logging_mixin.py:154} INFO - !!! Rate limit hit (429). Waiting...
[2025-12-17T07:12:48.063+0000] {logging_mixin.py:154} INFO - Cycle completed. Waiting 22.2 sec. until next data collection...
[2025-12-17T07:13:10.793+0000] {logging_mixin.py:154} INFO - !!! Rate limit hit (429). Waiting...
[2025-12-17T07:13:43.306+0000] {logging_mixin.py:154} INFO - !!! Rate limit hit (429). Waiting...
[2025-12-17T07:14:15.855+0000] {logging_mixin.py:154} INFO - !!! Rate limit hit (429). Waiting...
[2025-12-17T07:14:47.874+0000] {logging_mixin.py:154} INFO - Cycle completed. Waiting 22.4 sec. until next data collection...
[2025-12-17T07:15:10.692+0000] {logging_mixin.py:154} INFO - !!! Rate limit hit (429). Waiting...
[2025-12-17T07:15:43.407+0000] {logging_mixin.py:154} INFO - !!! Rate limit hit (429). Waiting...
[2025-12-17T07:16:16.076+0000] {logging_mixin.py:154} INFO - !!! Rate limit hit (429). Waiting...
[2025-12-17T07:16:48.105+0000] {logging_mixin.py:154} INFO - Cycle completed. Waiting 22.2 sec. until next data collection...
[2025-12-17T07:17:10.860+0000] {logging_mixin.py:154} INFO - !!! Rate limit hit (429). Waiting...
[2025-12-17T07:17:43.420+0000] {logging_mixin.py:154} INFO - !!! Rate limit hit (429). Waiting...
[2025-12-17T07:18:15.883+0000] {logging_mixin.py:154} INFO - !!! Rate limit hit (429). Waiting...
[2025-12-17T07:18:47.910+0000] {logging_mixin.py:154} INFO - Cycle completed. Waiting 22.4 sec. until next data collection...
[2025-12-17T07:19:10.885+0000] {logging_mixin.py:154} INFO - !!! Rate limit hit (429). Waiting...
[2025-12-17T07:19:43.333+0000] {logging_mixin.py:154} INFO - !!! Rate limit hit (429). Waiting...
[2025-12-17T07:20:15.870+0000] {logging_mixin.py:154} INFO - !!! Rate limit hit (429). Waiting...
[2025-12-17T07:20:47.893+0000] {logging_mixin.py:154} INFO - Cycle completed. Waiting 22.5 sec. until next data collection...
[2025-12-17T07:21:10.904+0000] {logging_mixin.py:154} INFO - !!! Rate limit hit (429). Waiting...
[2025-12-17T07:21:43.606+0000] {logging_mixin.py:154} INFO - !!! Rate limit hit (429). Waiting...
[2025-12-17T07:22:16.031+0000] {logging_mixin.py:154} INFO - !!! Rate limit hit (429). Waiting...
[2025-12-17T07:22:48.045+0000] {logging_mixin.py:154} INFO - Cycle completed. Waiting 22.3 sec. until next data collection...
[2025-12-17T07:23:10.791+0000] {logging_mixin.py:154} INFO - !!! Rate limit hit (429). Waiting...
[2025-12-17T07:23:43.255+0000] {logging_mixin.py:154} INFO - !!! Rate limit hit (429). Waiting...
[2025-12-17T07:24:15.822+0000] {logging_mixin.py:154} INFO - !!! Rate limit hit (429). Waiting...
[2025-12-17T07:24:47.824+0000] {logging_mixin.py:154} INFO - Cycle completed. Waiting 22.6 sec. until next data collection...
[2025-12-17T07:25:10.983+0000] {logging_mixin.py:154} INFO - !!! Rate limit hit (429). Waiting...
[2025-12-17T07:25:43.475+0000] {logging_mixin.py:154} INFO - !!! Rate limit hit (429). Waiting...
[2025-12-17T07:26:16.049+0000] {logging_mixin.py:154} INFO - !!! Rate limit hit (429). Waiting...
[2025-12-17T07:26:48.060+0000] {logging_mixin.py:154} INFO - Cycle completed. Waiting 22.3 sec. until next data collection...
[2025-12-17T07:27:10.828+0000] {logging_mixin.py:154} INFO - !!! Rate limit hit (429). Waiting...
[2025-12-17T07:27:43.591+0000] {logging_mixin.py:154} INFO - !!! Rate limit hit (429). Waiting...
[2025-12-17T07:28:16.056+0000] {logging_mixin.py:154} INFO - !!! Rate limit hit (429). Waiting...
[2025-12-17T07:28:48.082+0000] {logging_mixin.py:154} INFO - Cycle completed. Waiting 22.3 sec. until next data collection...
[2025-12-17T07:29:10.802+0000] {logging_mixin.py:154} INFO - !!! Rate limit hit (429). Waiting...
[2025-12-17T07:29:43.307+0000] {logging_mixin.py:154} INFO - !!! Rate limit hit (429). Waiting...
[2025-12-17T07:30:15.760+0000] {logging_mixin.py:154} INFO - !!! Rate limit hit (429). Waiting...
[2025-12-17T07:30:47.769+0000] {logging_mixin.py:154} INFO - Cycle completed. Waiting 22.6 sec. until next data collection...
[2025-12-17T07:31:11.061+0000] {logging_mixin.py:154} INFO - !!! Rate limit hit (429). Waiting...
[2025-12-17T07:31:43.619+0000] {logging_mixin.py:154} INFO - !!! Rate limit hit (429). Waiting...
[2025-12-17T07:32:16.191+0000] {logging_mixin.py:154} INFO - !!! Rate limit hit (429). Waiting...
[2025-12-17T07:32:48.216+0000] {logging_mixin.py:154} INFO - Cycle completed. Waiting 22.2 sec. until next data collection...
[2025-12-17T07:33:10.966+0000] {logging_mixin.py:154} INFO - !!! Rate limit hit (429). Waiting...
[2025-12-17T07:33:43.388+0000] {logging_mixin.py:154} INFO - !!! Rate limit hit (429). Waiting...
[2025-12-17T07:34:16.101+0000] {logging_mixin.py:154} INFO - !!! Rate limit hit (429). Waiting...
[2025-12-17T07:34:48.129+0000] {logging_mixin.py:154} INFO - Cycle completed. Waiting 22.3 sec. until next data collection...
[2025-12-17T07:35:10.981+0000] {logging_mixin.py:154} INFO - !!! Rate limit hit (429). Waiting...
[2025-12-17T07:35:43.646+0000] {logging_mixin.py:154} INFO - !!! Rate limit hit (429). Waiting...
[2025-12-17T07:36:16.208+0000] {logging_mixin.py:154} INFO - !!! Rate limit hit (429). Waiting...
[2025-12-17T07:36:48.234+0000] {logging_mixin.py:154} INFO - Cycle completed. Waiting 22.2 sec. until next data collection...
[2025-12-17T07:37:10.895+0000] {logging_mixin.py:154} INFO - !!! Rate limit hit (429). Waiting...
[2025-12-17T07:37:43.464+0000] {logging_mixin.py:154} INFO - !!! Rate limit hit (429). Waiting...
[2025-12-17T07:38:15.915+0000] {logging_mixin.py:154} INFO - !!! Rate limit hit (429). Waiting...
[2025-12-17T07:38:47.940+0000] {logging_mixin.py:154} INFO - Cycle completed. Waiting 22.5 sec. until next data collection...
[2025-12-17T07:39:11.007+0000] {logging_mixin.py:154} INFO - !!! Rate limit hit (429). Waiting...
[2025-12-17T07:39:43.670+0000] {logging_mixin.py:154} INFO - !!! Rate limit hit (429). Waiting...
[2025-12-17T07:40:16.160+0000] {logging_mixin.py:154} INFO - !!! Rate limit hit (429). Waiting...
[2025-12-17T07:40:48.176+0000] {logging_mixin.py:154} INFO - Cycle completed. Waiting 22.3 sec. until next data collection...
[2025-12-17T07:41:11.017+0000] {logging_mixin.py:154} INFO - !!! Rate limit hit (429). Waiting...
[2025-12-17T07:41:43.582+0000] {logging_mixin.py:154} INFO - !!! Rate limit hit (429). Waiting...
[2025-12-17T07:42:16.055+0000] {logging_mixin.py:154} INFO - !!! Rate limit hit (429). Waiting...
[2025-12-17T07:42:48.073+0000] {logging_mixin.py:154} INFO - Cycle completed. Waiting 22.4 sec. until next data collection...
[2025-12-17T07:43:11.029+0000] {logging_mixin.py:154} INFO - !!! Rate limit hit (429). Waiting...
[2025-12-17T07:43:43.472+0000] {logging_mixin.py:154} INFO - !!! Rate limit hit (429). Waiting...
[2025-12-17T07:44:15.958+0000] {logging_mixin.py:154} INFO - !!! Rate limit hit (429). Waiting...
[2025-12-17T07:44:47.961+0000] {logging_mixin.py:154} INFO - Cycle completed. Waiting 22.5 sec. until next data collection...
[2025-12-17T07:45:10.885+0000] {logging_mixin.py:154} INFO - !!! Rate limit hit (429). Waiting...
[2025-12-17T07:45:43.505+0000] {logging_mixin.py:154} INFO - !!! Rate limit hit (429). Waiting...
[2025-12-17T07:46:15.898+0000] {logging_mixin.py:154} INFO - !!! Rate limit hit (429). Waiting...
[2025-12-17T07:46:47.924+0000] {logging_mixin.py:154} INFO - Cycle completed. Waiting 22.6 sec. until next data collection...
[2025-12-17T07:47:10.522+0000] {conn.py:919} INFO - <BrokerConnection node_id=1 host=kafka:29092 <connected> [IPv4 ('172.18.0.4', 29092)]>: Closing connection. 
[2025-12-17T07:47:10.554+0000] {python.py:194} INFO - Done. Returned value was: None
[2025-12-17T07:47:10.931+0000] {taskinstance.py:1400} INFO - Marking task as SUCCESS. dag_id=job1_weather_ingestion, task_id=ingest_weather_data, execution_date=20251217T063814, start_date=20251217T064909, end_date=20251217T074710
[2025-12-17T07:47:11.120+0000] {local_task_job_runner.py:228} INFO - Task exited with return code 0
[2025-12-17T07:47:11.275+0000] {taskinstance.py:2778} INFO - 0 downstream tasks scheduled from follow-on schedule check
