[2025-12-16T08:37:04.261+0000] {taskinstance.py:1159} INFO - Dependencies all met for dep_context=non-requeueable deps ti=<TaskInstance: job3_daily_analytics.compute_daily_summary manual__2025-12-16T08:37:03.205267+00:00 [queued]>
[2025-12-16T08:37:04.273+0000] {taskinstance.py:1159} INFO - Dependencies all met for dep_context=requeueable deps ti=<TaskInstance: job3_daily_analytics.compute_daily_summary manual__2025-12-16T08:37:03.205267+00:00 [queued]>
[2025-12-16T08:37:04.274+0000] {taskinstance.py:1361} INFO - Starting attempt 1 of 3
[2025-12-16T08:37:04.290+0000] {taskinstance.py:1382} INFO - Executing <Task(PythonOperator): compute_daily_summary> on 2025-12-16 08:37:03.205267+00:00
[2025-12-16T08:37:04.296+0000] {standard_task_runner.py:57} INFO - Started process 673 to run task
[2025-12-16T08:37:04.302+0000] {standard_task_runner.py:84} INFO - Running: ['***', 'tasks', 'run', 'job3_daily_analytics', 'compute_daily_summary', 'manual__2025-12-16T08:37:03.205267+00:00', '--job-id', '8', '--raw', '--subdir', 'DAGS_FOLDER/job3_daily_summary_dag.py', '--cfg-path', '/tmp/tmp53qrb3fj']
[2025-12-16T08:37:04.307+0000] {standard_task_runner.py:85} INFO - Job 8: Subtask compute_daily_summary
[2025-12-16T08:37:04.398+0000] {task_command.py:416} INFO - Running <TaskInstance: job3_daily_analytics.compute_daily_summary manual__2025-12-16T08:37:03.205267+00:00 [running]> on host e0891a411581
[2025-12-16T08:37:04.613+0000] {taskinstance.py:1662} INFO - Exporting env vars: AIRFLOW_CTX_DAG_OWNER='team' AIRFLOW_CTX_DAG_ID='job3_daily_analytics' AIRFLOW_CTX_TASK_ID='compute_daily_summary' AIRFLOW_CTX_EXECUTION_DATE='2025-12-16T08:37:03.205267+00:00' AIRFLOW_CTX_TRY_NUMBER='1' AIRFLOW_CTX_DAG_RUN_ID='manual__2025-12-16T08:37:03.205267+00:00'
[2025-12-16T08:37:04.614+0000] {logging_mixin.py:154} INFO - Computing analytics for date: 2025-12-15
[2025-12-16T08:37:04.624+0000] {logging_mixin.py:154} INFO - Total records to analyze: 25
[2025-12-16T08:37:04.641+0000] {logging_mixin.py:154} INFO - 
Daily Summary Statistics:
[2025-12-16T08:37:04.645+0000] {logging_mixin.py:154} INFO -       date location  avg_temperature  min_temperature  max_temperature  avg_humidity  avg_wind_speed  total_precipitation  record_count
2025-12-16   Almaty             0.99              0.5              1.6         79.33            1.00                  0.0             9
2025-12-16   Astana            -8.14             -8.2             -8.1         83.12            7.18                  0.0             8
2025-12-16 Shymkent             5.79              5.6              6.1         56.88            1.01                  0.0             8
[2025-12-16T08:37:04.674+0000] {logging_mixin.py:154} INFO - Inserted 3 records into daily_summary table
[2025-12-16T08:37:04.675+0000] {logging_mixin.py:154} INFO - 
=== Additional Insights ===
[2025-12-16T08:37:04.680+0000] {logging_mixin.py:154} INFO - 
Overall Statistics:
[2025-12-16T08:37:04.685+0000] {logging_mixin.py:154} INFO -       temperature   humidity  wind_speed  precipitation
mean    -0.396000  73.360000        2.98            NaN
std      5.794285  11.852848         NaN            NaN
max           NaN        NaN        7.70            NaN
sum           NaN        NaN         NaN            0.0
[2025-12-16T08:37:04.686+0000] {logging_mixin.py:154} INFO - 
Temperature by Location:
[2025-12-16T08:37:04.689+0000] {logging_mixin.py:154} INFO - location
Shymkent    5.79
Almaty      0.99
Astana     -8.14
Name: avg_temperature, dtype: float64
[2025-12-16T08:37:04.689+0000] {python.py:194} INFO - Done. Returned value was: None
[2025-12-16T08:37:04.698+0000] {taskinstance.py:1400} INFO - Marking task as SUCCESS. dag_id=job3_daily_analytics, task_id=compute_daily_summary, execution_date=20251216T083703, start_date=20251216T083704, end_date=20251216T083704
[2025-12-16T08:37:04.715+0000] {local_task_job_runner.py:228} INFO - Task exited with return code 0
[2025-12-16T08:37:04.728+0000] {taskinstance.py:2778} INFO - 0 downstream tasks scheduled from follow-on schedule check
