[2025-12-18T09:12:01.153+0000] {taskinstance.py:1159} INFO - Dependencies all met for dep_context=non-requeueable deps ti=<TaskInstance: job3_daily_analytics.compute_daily_summary manual__2025-12-18T09:11:59.150621+00:00 [queued]>
[2025-12-18T09:12:01.156+0000] {taskinstance.py:1159} INFO - Dependencies all met for dep_context=requeueable deps ti=<TaskInstance: job3_daily_analytics.compute_daily_summary manual__2025-12-18T09:11:59.150621+00:00 [queued]>
[2025-12-18T09:12:01.156+0000] {taskinstance.py:1361} INFO - Starting attempt 1 of 3
[2025-12-18T09:12:01.161+0000] {taskinstance.py:1382} INFO - Executing <Task(PythonOperator): compute_daily_summary> on 2025-12-18 09:11:59.150621+00:00
[2025-12-18T09:12:01.163+0000] {standard_task_runner.py:57} INFO - Started process 410 to run task
[2025-12-18T09:12:01.165+0000] {standard_task_runner.py:84} INFO - Running: ['***', 'tasks', 'run', 'job3_daily_analytics', 'compute_daily_summary', 'manual__2025-12-18T09:11:59.150621+00:00', '--job-id', '9', '--raw', '--subdir', 'DAGS_FOLDER/job3_daily_summary_dag.py', '--cfg-path', '/tmp/tmp5xsrt5jc']
[2025-12-18T09:12:01.166+0000] {standard_task_runner.py:85} INFO - Job 9: Subtask compute_daily_summary
[2025-12-18T09:12:01.185+0000] {task_command.py:416} INFO - Running <TaskInstance: job3_daily_analytics.compute_daily_summary manual__2025-12-18T09:11:59.150621+00:00 [running]> on host b207cfb1c307
[2025-12-18T09:12:01.293+0000] {taskinstance.py:1662} INFO - Exporting env vars: AIRFLOW_CTX_DAG_OWNER='team' AIRFLOW_CTX_DAG_ID='job3_daily_analytics' AIRFLOW_CTX_TASK_ID='compute_daily_summary' AIRFLOW_CTX_EXECUTION_DATE='2025-12-18T09:11:59.150621+00:00' AIRFLOW_CTX_TRY_NUMBER='1' AIRFLOW_CTX_DAG_RUN_ID='manual__2025-12-18T09:11:59.150621+00:00'
[2025-12-18T09:12:01.294+0000] {logging_mixin.py:154} INFO - Computing analytics for date: 2025-12-17
[2025-12-18T09:12:01.298+0000] {logging_mixin.py:154} INFO - Total records to analyze: 15
[2025-12-18T09:12:01.302+0000] {logging_mixin.py:154} INFO - 
Daily Summary Statistics:
[2025-12-18T09:12:01.304+0000] {logging_mixin.py:154} INFO -       date location  avg_temperature  min_temperature  max_temperature  avg_humidity  avg_wind_speed total_precipitation  record_count
2025-12-17   Almaty             2.75              2.0              2.8         80.33             0.3                   0            15
[2025-12-18T09:12:01.311+0000] {logging_mixin.py:154} INFO - Inserted 1 records into daily_summary table
[2025-12-18T09:12:01.311+0000] {python.py:194} INFO - Done. Returned value was: None
[2025-12-18T09:12:01.316+0000] {taskinstance.py:1400} INFO - Marking task as SUCCESS. dag_id=job3_daily_analytics, task_id=compute_daily_summary, execution_date=20251218T091159, start_date=20251218T091201, end_date=20251218T091201
[2025-12-18T09:12:01.352+0000] {local_task_job_runner.py:228} INFO - Task exited with return code 0
[2025-12-18T09:12:01.361+0000] {taskinstance.py:2778} INFO - 0 downstream tasks scheduled from follow-on schedule check
