[2025-12-16T11:49:16.735+0000] {taskinstance.py:1159} INFO - Dependencies all met for dep_context=non-requeueable deps ti=<TaskInstance: job1_weather_ingestion.ingest_weather_data manual__2025-12-16T11:49:15.688772+00:00 [queued]>
[2025-12-16T11:49:16.752+0000] {taskinstance.py:1159} INFO - Dependencies all met for dep_context=requeueable deps ti=<TaskInstance: job1_weather_ingestion.ingest_weather_data manual__2025-12-16T11:49:15.688772+00:00 [queued]>
[2025-12-16T11:49:16.753+0000] {taskinstance.py:1361} INFO - Starting attempt 1 of 2
[2025-12-16T11:49:16.778+0000] {taskinstance.py:1382} INFO - Executing <Task(PythonOperator): ingest_weather_data> on 2025-12-16 11:49:15.688772+00:00
[2025-12-16T11:49:16.784+0000] {standard_task_runner.py:57} INFO - Started process 199 to run task
[2025-12-16T11:49:16.794+0000] {standard_task_runner.py:84} INFO - Running: ['***', 'tasks', 'run', 'job1_weather_ingestion', 'ingest_weather_data', 'manual__2025-12-16T11:49:15.688772+00:00', '--job-id', '14', '--raw', '--subdir', 'DAGS_FOLDER/job1_ingestion_dag.py', '--cfg-path', '/tmp/tmpmpeno54u']
[2025-12-16T11:49:16.802+0000] {standard_task_runner.py:85} INFO - Job 14: Subtask ingest_weather_data
[2025-12-16T11:49:16.940+0000] {task_command.py:416} INFO - Running <TaskInstance: job1_weather_ingestion.ingest_weather_data manual__2025-12-16T11:49:15.688772+00:00 [running]> on host 368de0f02f1d
[2025-12-16T11:49:17.177+0000] {taskinstance.py:1662} INFO - Exporting env vars: AIRFLOW_CTX_DAG_OWNER='team' AIRFLOW_CTX_DAG_ID='job1_weather_ingestion' AIRFLOW_CTX_TASK_ID='ingest_weather_data' AIRFLOW_CTX_EXECUTION_DATE='2025-12-16T11:49:15.688772+00:00' AIRFLOW_CTX_TRY_NUMBER='1' AIRFLOW_CTX_DAG_RUN_ID='manual__2025-12-16T11:49:15.688772+00:00'
[2025-12-16T11:49:17.185+0000] {conn.py:380} INFO - <BrokerConnection node_id=bootstrap-0 host=kafka:29092 <connecting> [IPv4 ('172.18.0.4', 29092)]>: connecting to kafka:29092 [('172.18.0.4', 29092) IPv4]
[2025-12-16T11:49:17.188+0000] {conn.py:1205} INFO - Probing node bootstrap-0 broker version
[2025-12-16T11:49:17.192+0000] {conn.py:410} INFO - <BrokerConnection node_id=bootstrap-0 host=kafka:29092 <connecting> [IPv4 ('172.18.0.4', 29092)]>: Connection complete.
[2025-12-16T11:49:17.323+0000] {conn.py:1267} INFO - Broker version identified as 2.5.0
[2025-12-16T11:49:17.324+0000] {conn.py:1268} INFO - Set configuration api_version=(2, 5, 0) to skip auto check_version requests on startup
[2025-12-16T11:49:17.331+0000] {logging_mixin.py:154} INFO - Starting weather data producer for 55 minutes...
[2025-12-16T11:49:17.844+0000] {logging_mixin.py:154} INFO - Error fetching data for Almaty: 429 Client Error: Too Many Requests for url: https://api.tomorrow.io/v4/timelines?location=43.222%2C76.8512&fields=temperature&fields=humidity&fields=windSpeed&fields=precipitationIntensity&fields=weatherCode&timesteps=current&units=metric&apikey=AQD9YnFk7nHx6iVSXIFDgBIOz12qA1Mi
[2025-12-16T11:49:28.200+0000] {logging_mixin.py:154} INFO - Error fetching data for Astana: 429 Client Error: Too Many Requests for url: https://api.tomorrow.io/v4/timelines?location=51.1694%2C71.4491&fields=temperature&fields=humidity&fields=windSpeed&fields=precipitationIntensity&fields=weatherCode&timesteps=current&units=metric&apikey=AQD9YnFk7nHx6iVSXIFDgBIOz12qA1Mi
[2025-12-16T11:49:38.553+0000] {logging_mixin.py:154} INFO - Error fetching data for Shymkent: 429 Client Error: Too Many Requests for url: https://api.tomorrow.io/v4/timelines?location=42.3417%2C69.5901&fields=temperature&fields=humidity&fields=windSpeed&fields=precipitationIntensity&fields=weatherCode&timesteps=current&units=metric&apikey=AQD9YnFk7nHx6iVSXIFDgBIOz12qA1Mi
[2025-12-16T11:50:44.537+0000] {logging_mixin.py:154} INFO - Error fetching data for Almaty: 429 Client Error: Too Many Requests for url: https://api.tomorrow.io/v4/timelines?location=43.222%2C76.8512&fields=temperature&fields=humidity&fields=windSpeed&fields=precipitationIntensity&fields=weatherCode&timesteps=current&units=metric&apikey=AQD9YnFk7nHx6iVSXIFDgBIOz12qA1Mi
[2025-12-16T11:50:57.558+0000] {logging_mixin.py:154} INFO - Error fetching data for Astana: 429 Client Error: Too Many Requests for url: https://api.tomorrow.io/v4/timelines?location=51.1694%2C71.4491&fields=temperature&fields=humidity&fields=windSpeed&fields=precipitationIntensity&fields=weatherCode&timesteps=current&units=metric&apikey=AQD9YnFk7nHx6iVSXIFDgBIOz12qA1Mi
[2025-12-16T11:51:07.957+0000] {logging_mixin.py:154} INFO - Error fetching data for Shymkent: 429 Client Error: Too Many Requests for url: https://api.tomorrow.io/v4/timelines?location=42.3417%2C69.5901&fields=temperature&fields=humidity&fields=windSpeed&fields=precipitationIntensity&fields=weatherCode&timesteps=current&units=metric&apikey=AQD9YnFk7nHx6iVSXIFDgBIOz12qA1Mi
[2025-12-16T11:52:14.111+0000] {logging_mixin.py:154} INFO - Error fetching data for Almaty: 429 Client Error: Too Many Requests for url: https://api.tomorrow.io/v4/timelines?location=43.222%2C76.8512&fields=temperature&fields=humidity&fields=windSpeed&fields=precipitationIntensity&fields=weatherCode&timesteps=current&units=metric&apikey=AQD9YnFk7nHx6iVSXIFDgBIOz12qA1Mi
[2025-12-16T11:52:27.155+0000] {logging_mixin.py:154} INFO - Error fetching data for Astana: 429 Client Error: Too Many Requests for url: https://api.tomorrow.io/v4/timelines?location=51.1694%2C71.4491&fields=temperature&fields=humidity&fields=windSpeed&fields=precipitationIntensity&fields=weatherCode&timesteps=current&units=metric&apikey=AQD9YnFk7nHx6iVSXIFDgBIOz12qA1Mi
[2025-12-16T11:52:37.554+0000] {logging_mixin.py:154} INFO - Error fetching data for Shymkent: 429 Client Error: Too Many Requests for url: https://api.tomorrow.io/v4/timelines?location=42.3417%2C69.5901&fields=temperature&fields=humidity&fields=windSpeed&fields=precipitationIntensity&fields=weatherCode&timesteps=current&units=metric&apikey=AQD9YnFk7nHx6iVSXIFDgBIOz12qA1Mi
[2025-12-16T11:53:43.533+0000] {logging_mixin.py:154} INFO - Error fetching data for Almaty: 429 Client Error: Too Many Requests for url: https://api.tomorrow.io/v4/timelines?location=43.222%2C76.8512&fields=temperature&fields=humidity&fields=windSpeed&fields=precipitationIntensity&fields=weatherCode&timesteps=current&units=metric&apikey=AQD9YnFk7nHx6iVSXIFDgBIOz12qA1Mi
[2025-12-16T11:53:53.884+0000] {logging_mixin.py:154} INFO - Error fetching data for Astana: 429 Client Error: Too Many Requests for url: https://api.tomorrow.io/v4/timelines?location=51.1694%2C71.4491&fields=temperature&fields=humidity&fields=windSpeed&fields=precipitationIntensity&fields=weatherCode&timesteps=current&units=metric&apikey=AQD9YnFk7nHx6iVSXIFDgBIOz12qA1Mi
[2025-12-16T11:54:06.972+0000] {logging_mixin.py:154} INFO - Error fetching data for Shymkent: 429 Client Error: Too Many Requests for url: https://api.tomorrow.io/v4/timelines?location=42.3417%2C69.5901&fields=temperature&fields=humidity&fields=windSpeed&fields=precipitationIntensity&fields=weatherCode&timesteps=current&units=metric&apikey=AQD9YnFk7nHx6iVSXIFDgBIOz12qA1Mi
[2025-12-16T11:54:17.389+0000] {conn.py:380} INFO - <BrokerConnection node_id=1 host=kafka:29092 <connecting> [IPv4 ('172.18.0.4', 29092)]>: connecting to kafka:29092 [('172.18.0.4', 29092) IPv4]
[2025-12-16T11:54:17.392+0000] {conn.py:410} INFO - <BrokerConnection node_id=1 host=kafka:29092 <connecting> [IPv4 ('172.18.0.4', 29092)]>: Connection complete.
[2025-12-16T11:54:17.394+0000] {conn.py:919} INFO - <BrokerConnection node_id=bootstrap-0 host=kafka:29092 <connected> [IPv4 ('172.18.0.4', 29092)]>: Closing connection. 
[2025-12-16T11:55:12.975+0000] {logging_mixin.py:154} INFO - Error fetching data for Almaty: 429 Client Error: Too Many Requests for url: https://api.tomorrow.io/v4/timelines?location=43.222%2C76.8512&fields=temperature&fields=humidity&fields=windSpeed&fields=precipitationIntensity&fields=weatherCode&timesteps=current&units=metric&apikey=AQD9YnFk7nHx6iVSXIFDgBIOz12qA1Mi
[2025-12-16T11:55:23.328+0000] {logging_mixin.py:154} INFO - Error fetching data for Astana: 429 Client Error: Too Many Requests for url: https://api.tomorrow.io/v4/timelines?location=51.1694%2C71.4491&fields=temperature&fields=humidity&fields=windSpeed&fields=precipitationIntensity&fields=weatherCode&timesteps=current&units=metric&apikey=AQD9YnFk7nHx6iVSXIFDgBIOz12qA1Mi
[2025-12-16T11:55:33.686+0000] {logging_mixin.py:154} INFO - Error fetching data for Shymkent: 429 Client Error: Too Many Requests for url: https://api.tomorrow.io/v4/timelines?location=42.3417%2C69.5901&fields=temperature&fields=humidity&fields=windSpeed&fields=precipitationIntensity&fields=weatherCode&timesteps=current&units=metric&apikey=AQD9YnFk7nHx6iVSXIFDgBIOz12qA1Mi
[2025-12-16T11:56:39.694+0000] {logging_mixin.py:154} INFO - Error fetching data for Almaty: 429 Client Error: Too Many Requests for url: https://api.tomorrow.io/v4/timelines?location=43.222%2C76.8512&fields=temperature&fields=humidity&fields=windSpeed&fields=precipitationIntensity&fields=weatherCode&timesteps=current&units=metric&apikey=AQD9YnFk7nHx6iVSXIFDgBIOz12qA1Mi
[2025-12-16T11:56:52.771+0000] {logging_mixin.py:154} INFO - Error fetching data for Astana: 429 Client Error: Too Many Requests for url: https://api.tomorrow.io/v4/timelines?location=51.1694%2C71.4491&fields=temperature&fields=humidity&fields=windSpeed&fields=precipitationIntensity&fields=weatherCode&timesteps=current&units=metric&apikey=AQD9YnFk7nHx6iVSXIFDgBIOz12qA1Mi
[2025-12-16T11:57:03.135+0000] {logging_mixin.py:154} INFO - Error fetching data for Shymkent: 429 Client Error: Too Many Requests for url: https://api.tomorrow.io/v4/timelines?location=42.3417%2C69.5901&fields=temperature&fields=humidity&fields=windSpeed&fields=precipitationIntensity&fields=weatherCode&timesteps=current&units=metric&apikey=AQD9YnFk7nHx6iVSXIFDgBIOz12qA1Mi
[2025-12-16T11:58:09.103+0000] {logging_mixin.py:154} INFO - Error fetching data for Almaty: 429 Client Error: Too Many Requests for url: https://api.tomorrow.io/v4/timelines?location=43.222%2C76.8512&fields=temperature&fields=humidity&fields=windSpeed&fields=precipitationIntensity&fields=weatherCode&timesteps=current&units=metric&apikey=AQD9YnFk7nHx6iVSXIFDgBIOz12qA1Mi
[2025-12-16T11:58:19.451+0000] {logging_mixin.py:154} INFO - Error fetching data for Astana: 429 Client Error: Too Many Requests for url: https://api.tomorrow.io/v4/timelines?location=51.1694%2C71.4491&fields=temperature&fields=humidity&fields=windSpeed&fields=precipitationIntensity&fields=weatherCode&timesteps=current&units=metric&apikey=AQD9YnFk7nHx6iVSXIFDgBIOz12qA1Mi
[2025-12-16T11:58:32.499+0000] {logging_mixin.py:154} INFO - Error fetching data for Shymkent: 429 Client Error: Too Many Requests for url: https://api.tomorrow.io/v4/timelines?location=42.3417%2C69.5901&fields=temperature&fields=humidity&fields=windSpeed&fields=precipitationIntensity&fields=weatherCode&timesteps=current&units=metric&apikey=AQD9YnFk7nHx6iVSXIFDgBIOz12qA1Mi
[2025-12-16T11:59:38.539+0000] {logging_mixin.py:154} INFO - Error fetching data for Almaty: 429 Client Error: Too Many Requests for url: https://api.tomorrow.io/v4/timelines?location=43.222%2C76.8512&fields=temperature&fields=humidity&fields=windSpeed&fields=precipitationIntensity&fields=weatherCode&timesteps=current&units=metric&apikey=AQD9YnFk7nHx6iVSXIFDgBIOz12qA1Mi
[2025-12-16T11:59:49.004+0000] {logging_mixin.py:154} INFO - Error fetching data for Astana: 429 Client Error: Too Many Requests for url: https://api.tomorrow.io/v4/timelines?location=51.1694%2C71.4491&fields=temperature&fields=humidity&fields=windSpeed&fields=precipitationIntensity&fields=weatherCode&timesteps=current&units=metric&apikey=AQD9YnFk7nHx6iVSXIFDgBIOz12qA1Mi
[2025-12-16T12:00:00.017+0000] {logging_mixin.py:154} INFO - Sent message #1: Shymkent - Temp: 1.8°C, Humidity: 77%
[2025-12-16T12:01:06.022+0000] {logging_mixin.py:154} INFO - Sent message #2: Almaty - Temp: -1.7°C, Humidity: 76%
[2025-12-16T12:01:19.336+0000] {logging_mixin.py:154} INFO - Sent message #3: Astana - Temp: -9.7°C, Humidity: 84%
[2025-12-16T12:01:29.811+0000] {logging_mixin.py:154} INFO - Sent message #4: Shymkent - Temp: 2.5°C, Humidity: 80%
[2025-12-16T12:02:35.814+0000] {logging_mixin.py:154} INFO - Sent message #5: Almaty - Temp: -1.7°C, Humidity: 77%
[2025-12-16T12:02:49.000+0000] {logging_mixin.py:154} INFO - Sent message #6: Astana - Temp: -9.7°C, Humidity: 84%
[2025-12-16T12:02:59.442+0000] {logging_mixin.py:154} INFO - Sent message #7: Shymkent - Temp: 2.8°C, Humidity: 82%
[2025-12-16T12:04:05.506+0000] {logging_mixin.py:154} INFO - Sent message #8: Almaty - Temp: -1.8°C, Humidity: 79%
[2025-12-16T12:04:17.288+0000] {logging_mixin.py:154} INFO - Error fetching data for Astana: 429 Client Error: Too Many Requests for url: https://api.tomorrow.io/v4/timelines?location=51.1694%2C71.4491&fields=temperature&fields=humidity&fields=windSpeed&fields=precipitationIntensity&fields=weatherCode&timesteps=current&units=metric&apikey=AQD9YnFk7nHx6iVSXIFDgBIOz12qA1Mi
[2025-12-16T12:04:30.591+0000] {logging_mixin.py:154} INFO - Error fetching data for Shymkent: 429 Client Error: Too Many Requests for url: https://api.tomorrow.io/v4/timelines?location=42.3417%2C69.5901&fields=temperature&fields=humidity&fields=windSpeed&fields=precipitationIntensity&fields=weatherCode&timesteps=current&units=metric&apikey=AQD9YnFk7nHx6iVSXIFDgBIOz12qA1Mi
[2025-12-16T12:05:36.610+0000] {logging_mixin.py:154} INFO - Error fetching data for Almaty: 429 Client Error: Too Many Requests for url: https://api.tomorrow.io/v4/timelines?location=43.222%2C76.8512&fields=temperature&fields=humidity&fields=windSpeed&fields=precipitationIntensity&fields=weatherCode&timesteps=current&units=metric&apikey=AQD9YnFk7nHx6iVSXIFDgBIOz12qA1Mi
[2025-12-16T12:05:47.025+0000] {logging_mixin.py:154} INFO - Error fetching data for Astana: 429 Client Error: Too Many Requests for url: https://api.tomorrow.io/v4/timelines?location=51.1694%2C71.4491&fields=temperature&fields=humidity&fields=windSpeed&fields=precipitationIntensity&fields=weatherCode&timesteps=current&units=metric&apikey=AQD9YnFk7nHx6iVSXIFDgBIOz12qA1Mi
[2025-12-16T12:05:57.406+0000] {logging_mixin.py:154} INFO - Error fetching data for Shymkent: 429 Client Error: Too Many Requests for url: https://api.tomorrow.io/v4/timelines?location=42.3417%2C69.5901&fields=temperature&fields=humidity&fields=windSpeed&fields=precipitationIntensity&fields=weatherCode&timesteps=current&units=metric&apikey=AQD9YnFk7nHx6iVSXIFDgBIOz12qA1Mi
[2025-12-16T12:07:03.785+0000] {logging_mixin.py:154} INFO - Error fetching data for Almaty: 429 Client Error: Too Many Requests for url: https://api.tomorrow.io/v4/timelines?location=43.222%2C76.8512&fields=temperature&fields=humidity&fields=windSpeed&fields=precipitationIntensity&fields=weatherCode&timesteps=current&units=metric&apikey=AQD9YnFk7nHx6iVSXIFDgBIOz12qA1Mi
[2025-12-16T12:07:16.969+0000] {logging_mixin.py:154} INFO - Error fetching data for Astana: 429 Client Error: Too Many Requests for url: https://api.tomorrow.io/v4/timelines?location=51.1694%2C71.4491&fields=temperature&fields=humidity&fields=windSpeed&fields=precipitationIntensity&fields=weatherCode&timesteps=current&units=metric&apikey=AQD9YnFk7nHx6iVSXIFDgBIOz12qA1Mi
[2025-12-16T12:07:27.387+0000] {logging_mixin.py:154} INFO - Error fetching data for Shymkent: 429 Client Error: Too Many Requests for url: https://api.tomorrow.io/v4/timelines?location=42.3417%2C69.5901&fields=temperature&fields=humidity&fields=windSpeed&fields=precipitationIntensity&fields=weatherCode&timesteps=current&units=metric&apikey=AQD9YnFk7nHx6iVSXIFDgBIOz12qA1Mi
[2025-12-16T12:08:33.329+0000] {logging_mixin.py:154} INFO - Error fetching data for Almaty: 429 Client Error: Too Many Requests for url: https://api.tomorrow.io/v4/timelines?location=43.222%2C76.8512&fields=temperature&fields=humidity&fields=windSpeed&fields=precipitationIntensity&fields=weatherCode&timesteps=current&units=metric&apikey=AQD9YnFk7nHx6iVSXIFDgBIOz12qA1Mi
[2025-12-16T12:08:43.893+0000] {logging_mixin.py:154} INFO - Error fetching data for Astana: 429 Client Error: Too Many Requests for url: https://api.tomorrow.io/v4/timelines?location=51.1694%2C71.4491&fields=temperature&fields=humidity&fields=windSpeed&fields=precipitationIntensity&fields=weatherCode&timesteps=current&units=metric&apikey=AQD9YnFk7nHx6iVSXIFDgBIOz12qA1Mi
[2025-12-16T12:08:57.092+0000] {logging_mixin.py:154} INFO - Error fetching data for Shymkent: 429 Client Error: Too Many Requests for url: https://api.tomorrow.io/v4/timelines?location=42.3417%2C69.5901&fields=temperature&fields=humidity&fields=windSpeed&fields=precipitationIntensity&fields=weatherCode&timesteps=current&units=metric&apikey=AQD9YnFk7nHx6iVSXIFDgBIOz12qA1Mi
[2025-12-16T12:10:03.219+0000] {logging_mixin.py:154} INFO - Error fetching data for Almaty: 429 Client Error: Too Many Requests for url: https://api.tomorrow.io/v4/timelines?location=43.222%2C76.8512&fields=temperature&fields=humidity&fields=windSpeed&fields=precipitationIntensity&fields=weatherCode&timesteps=current&units=metric&apikey=AQD9YnFk7nHx6iVSXIFDgBIOz12qA1Mi
[2025-12-16T12:10:13.701+0000] {logging_mixin.py:154} INFO - Error fetching data for Astana: 429 Client Error: Too Many Requests for url: https://api.tomorrow.io/v4/timelines?location=51.1694%2C71.4491&fields=temperature&fields=humidity&fields=windSpeed&fields=precipitationIntensity&fields=weatherCode&timesteps=current&units=metric&apikey=AQD9YnFk7nHx6iVSXIFDgBIOz12qA1Mi
[2025-12-16T12:10:24.207+0000] {logging_mixin.py:154} INFO - Error fetching data for Shymkent: 429 Client Error: Too Many Requests for url: https://api.tomorrow.io/v4/timelines?location=42.3417%2C69.5901&fields=temperature&fields=humidity&fields=windSpeed&fields=precipitationIntensity&fields=weatherCode&timesteps=current&units=metric&apikey=AQD9YnFk7nHx6iVSXIFDgBIOz12qA1Mi
[2025-12-16T12:11:33.270+0000] {logging_mixin.py:154} INFO - Error fetching data for Almaty: 429 Client Error: Too Many Requests for url: https://api.tomorrow.io/v4/timelines?location=43.222%2C76.8512&fields=temperature&fields=humidity&fields=windSpeed&fields=precipitationIntensity&fields=weatherCode&timesteps=current&units=metric&apikey=AQD9YnFk7nHx6iVSXIFDgBIOz12qA1Mi
[2025-12-16T12:11:43.692+0000] {logging_mixin.py:154} INFO - Error fetching data for Astana: 429 Client Error: Too Many Requests for url: https://api.tomorrow.io/v4/timelines?location=51.1694%2C71.4491&fields=temperature&fields=humidity&fields=windSpeed&fields=precipitationIntensity&fields=weatherCode&timesteps=current&units=metric&apikey=AQD9YnFk7nHx6iVSXIFDgBIOz12qA1Mi
[2025-12-16T12:11:54.107+0000] {logging_mixin.py:154} INFO - Error fetching data for Shymkent: 429 Client Error: Too Many Requests for url: https://api.tomorrow.io/v4/timelines?location=42.3417%2C69.5901&fields=temperature&fields=humidity&fields=windSpeed&fields=precipitationIntensity&fields=weatherCode&timesteps=current&units=metric&apikey=AQD9YnFk7nHx6iVSXIFDgBIOz12qA1Mi
[2025-12-16T12:13:00.163+0000] {logging_mixin.py:154} INFO - Error fetching data for Almaty: 429 Client Error: Too Many Requests for url: https://api.tomorrow.io/v4/timelines?location=43.222%2C76.8512&fields=temperature&fields=humidity&fields=windSpeed&fields=precipitationIntensity&fields=weatherCode&timesteps=current&units=metric&apikey=AQD9YnFk7nHx6iVSXIFDgBIOz12qA1Mi
[2025-12-16T12:13:13.399+0000] {logging_mixin.py:154} INFO - Error fetching data for Astana: 429 Client Error: Too Many Requests for url: https://api.tomorrow.io/v4/timelines?location=51.1694%2C71.4491&fields=temperature&fields=humidity&fields=windSpeed&fields=precipitationIntensity&fields=weatherCode&timesteps=current&units=metric&apikey=AQD9YnFk7nHx6iVSXIFDgBIOz12qA1Mi
[2025-12-16T12:13:23.820+0000] {logging_mixin.py:154} INFO - Error fetching data for Shymkent: 429 Client Error: Too Many Requests for url: https://api.tomorrow.io/v4/timelines?location=42.3417%2C69.5901&fields=temperature&fields=humidity&fields=windSpeed&fields=precipitationIntensity&fields=weatherCode&timesteps=current&units=metric&apikey=AQD9YnFk7nHx6iVSXIFDgBIOz12qA1Mi
[2025-12-16T12:14:29.733+0000] {logging_mixin.py:154} INFO - Error fetching data for Almaty: 429 Client Error: Too Many Requests for url: https://api.tomorrow.io/v4/timelines?location=43.222%2C76.8512&fields=temperature&fields=humidity&fields=windSpeed&fields=precipitationIntensity&fields=weatherCode&timesteps=current&units=metric&apikey=AQD9YnFk7nHx6iVSXIFDgBIOz12qA1Mi
[2025-12-16T12:14:40.141+0000] {logging_mixin.py:154} INFO - Error fetching data for Astana: 429 Client Error: Too Many Requests for url: https://api.tomorrow.io/v4/timelines?location=51.1694%2C71.4491&fields=temperature&fields=humidity&fields=windSpeed&fields=precipitationIntensity&fields=weatherCode&timesteps=current&units=metric&apikey=AQD9YnFk7nHx6iVSXIFDgBIOz12qA1Mi
[2025-12-16T12:14:53.291+0000] {logging_mixin.py:154} INFO - Error fetching data for Shymkent: 429 Client Error: Too Many Requests for url: https://api.tomorrow.io/v4/timelines?location=42.3417%2C69.5901&fields=temperature&fields=humidity&fields=windSpeed&fields=precipitationIntensity&fields=weatherCode&timesteps=current&units=metric&apikey=AQD9YnFk7nHx6iVSXIFDgBIOz12qA1Mi
[2025-12-16T12:15:59.271+0000] {logging_mixin.py:154} INFO - Error fetching data for Almaty: 429 Client Error: Too Many Requests for url: https://api.tomorrow.io/v4/timelines?location=43.222%2C76.8512&fields=temperature&fields=humidity&fields=windSpeed&fields=precipitationIntensity&fields=weatherCode&timesteps=current&units=metric&apikey=AQD9YnFk7nHx6iVSXIFDgBIOz12qA1Mi
[2025-12-16T12:16:09.665+0000] {logging_mixin.py:154} INFO - Error fetching data for Astana: 429 Client Error: Too Many Requests for url: https://api.tomorrow.io/v4/timelines?location=51.1694%2C71.4491&fields=temperature&fields=humidity&fields=windSpeed&fields=precipitationIntensity&fields=weatherCode&timesteps=current&units=metric&apikey=AQD9YnFk7nHx6iVSXIFDgBIOz12qA1Mi
[2025-12-16T12:16:20.063+0000] {logging_mixin.py:154} INFO - Error fetching data for Shymkent: 429 Client Error: Too Many Requests for url: https://api.tomorrow.io/v4/timelines?location=42.3417%2C69.5901&fields=temperature&fields=humidity&fields=windSpeed&fields=precipitationIntensity&fields=weatherCode&timesteps=current&units=metric&apikey=AQD9YnFk7nHx6iVSXIFDgBIOz12qA1Mi
[2025-12-16T12:17:26.096+0000] {logging_mixin.py:154} INFO - Error fetching data for Almaty: 429 Client Error: Too Many Requests for url: https://api.tomorrow.io/v4/timelines?location=43.222%2C76.8512&fields=temperature&fields=humidity&fields=windSpeed&fields=precipitationIntensity&fields=weatherCode&timesteps=current&units=metric&apikey=AQD9YnFk7nHx6iVSXIFDgBIOz12qA1Mi
[2025-12-16T12:17:39.293+0000] {logging_mixin.py:154} INFO - Error fetching data for Astana: 429 Client Error: Too Many Requests for url: https://api.tomorrow.io/v4/timelines?location=51.1694%2C71.4491&fields=temperature&fields=humidity&fields=windSpeed&fields=precipitationIntensity&fields=weatherCode&timesteps=current&units=metric&apikey=AQD9YnFk7nHx6iVSXIFDgBIOz12qA1Mi
[2025-12-16T12:17:49.809+0000] {logging_mixin.py:154} INFO - Error fetching data for Shymkent: 429 Client Error: Too Many Requests for url: https://api.tomorrow.io/v4/timelines?location=42.3417%2C69.5901&fields=temperature&fields=humidity&fields=windSpeed&fields=precipitationIntensity&fields=weatherCode&timesteps=current&units=metric&apikey=AQD9YnFk7nHx6iVSXIFDgBIOz12qA1Mi
[2025-12-16T12:18:55.865+0000] {logging_mixin.py:154} INFO - Error fetching data for Almaty: 429 Client Error: Too Many Requests for url: https://api.tomorrow.io/v4/timelines?location=43.222%2C76.8512&fields=temperature&fields=humidity&fields=windSpeed&fields=precipitationIntensity&fields=weatherCode&timesteps=current&units=metric&apikey=AQD9YnFk7nHx6iVSXIFDgBIOz12qA1Mi
[2025-12-16T12:19:06.344+0000] {logging_mixin.py:154} INFO - Error fetching data for Astana: 429 Client Error: Too Many Requests for url: https://api.tomorrow.io/v4/timelines?location=51.1694%2C71.4491&fields=temperature&fields=humidity&fields=windSpeed&fields=precipitationIntensity&fields=weatherCode&timesteps=current&units=metric&apikey=AQD9YnFk7nHx6iVSXIFDgBIOz12qA1Mi
[2025-12-16T12:19:19.483+0000] {logging_mixin.py:154} INFO - Error fetching data for Shymkent: 429 Client Error: Too Many Requests for url: https://api.tomorrow.io/v4/timelines?location=42.3417%2C69.5901&fields=temperature&fields=humidity&fields=windSpeed&fields=precipitationIntensity&fields=weatherCode&timesteps=current&units=metric&apikey=AQD9YnFk7nHx6iVSXIFDgBIOz12qA1Mi
[2025-12-16T12:20:25.599+0000] {logging_mixin.py:154} INFO - Error fetching data for Almaty: 429 Client Error: Too Many Requests for url: https://api.tomorrow.io/v4/timelines?location=43.222%2C76.8512&fields=temperature&fields=humidity&fields=windSpeed&fields=precipitationIntensity&fields=weatherCode&timesteps=current&units=metric&apikey=AQD9YnFk7nHx6iVSXIFDgBIOz12qA1Mi
[2025-12-16T12:20:35.994+0000] {logging_mixin.py:154} INFO - Error fetching data for Astana: 429 Client Error: Too Many Requests for url: https://api.tomorrow.io/v4/timelines?location=51.1694%2C71.4491&fields=temperature&fields=humidity&fields=windSpeed&fields=precipitationIntensity&fields=weatherCode&timesteps=current&units=metric&apikey=AQD9YnFk7nHx6iVSXIFDgBIOz12qA1Mi
[2025-12-16T12:20:45.886+0000] {logging_mixin.py:154} INFO - Error fetching data for Shymkent: 429 Client Error: Too Many Requests for url: https://api.tomorrow.io/v4/timelines?location=42.3417%2C69.5901&fields=temperature&fields=humidity&fields=windSpeed&fields=precipitationIntensity&fields=weatherCode&timesteps=current&units=metric&apikey=AQD9YnFk7nHx6iVSXIFDgBIOz12qA1Mi
[2025-12-16T12:21:55.099+0000] {logging_mixin.py:154} INFO - Error fetching data for Almaty: 429 Client Error: Too Many Requests for url: https://api.tomorrow.io/v4/timelines?location=43.222%2C76.8512&fields=temperature&fields=humidity&fields=windSpeed&fields=precipitationIntensity&fields=weatherCode&timesteps=current&units=metric&apikey=AQD9YnFk7nHx6iVSXIFDgBIOz12qA1Mi
[2025-12-16T12:22:05.635+0000] {logging_mixin.py:154} INFO - Error fetching data for Astana: 429 Client Error: Too Many Requests for url: https://api.tomorrow.io/v4/timelines?location=51.1694%2C71.4491&fields=temperature&fields=humidity&fields=windSpeed&fields=precipitationIntensity&fields=weatherCode&timesteps=current&units=metric&apikey=AQD9YnFk7nHx6iVSXIFDgBIOz12qA1Mi
[2025-12-16T12:22:16.028+0000] {logging_mixin.py:154} INFO - Error fetching data for Shymkent: 429 Client Error: Too Many Requests for url: https://api.tomorrow.io/v4/timelines?location=42.3417%2C69.5901&fields=temperature&fields=humidity&fields=windSpeed&fields=precipitationIntensity&fields=weatherCode&timesteps=current&units=metric&apikey=AQD9YnFk7nHx6iVSXIFDgBIOz12qA1Mi
[2025-12-16T12:23:22.134+0000] {logging_mixin.py:154} INFO - Error fetching data for Almaty: 429 Client Error: Too Many Requests for url: https://api.tomorrow.io/v4/timelines?location=43.222%2C76.8512&fields=temperature&fields=humidity&fields=windSpeed&fields=precipitationIntensity&fields=weatherCode&timesteps=current&units=metric&apikey=AQD9YnFk7nHx6iVSXIFDgBIOz12qA1Mi
[2025-12-16T12:23:35.315+0000] {logging_mixin.py:154} INFO - Error fetching data for Astana: 429 Client Error: Too Many Requests for url: https://api.tomorrow.io/v4/timelines?location=51.1694%2C71.4491&fields=temperature&fields=humidity&fields=windSpeed&fields=precipitationIntensity&fields=weatherCode&timesteps=current&units=metric&apikey=AQD9YnFk7nHx6iVSXIFDgBIOz12qA1Mi
[2025-12-16T12:23:38.708+0000] {local_task_job_runner.py:115} ERROR - Received SIGTERM. Terminating subprocesses
[2025-12-16T12:23:38.786+0000] {process_utils.py:131} INFO - Sending 15 to group 199. PIDs of all processes in the group: [199]
[2025-12-16T12:23:38.789+0000] {process_utils.py:86} INFO - Sending the signal 15 to group 199
[2025-12-16T12:23:38.805+0000] {taskinstance.py:1632} ERROR - Received SIGTERM. Terminating subprocesses.
[2025-12-16T12:23:38.821+0000] {kafka.py:483} INFO - Closing the Kafka producer with 9223372036.0 secs timeout.
[2025-12-16T12:23:38.882+0000] {conn.py:919} INFO - <BrokerConnection node_id=1 host=kafka:29092 <connected> [IPv4 ('172.18.0.4', 29092)]>: Closing connection. 
[2025-12-16T12:23:38.889+0000] {logging_mixin.py:154} INFO - Producer finished. Total messages sent: 8
[2025-12-16T12:23:39.099+0000] {taskinstance.py:1937} ERROR - Task failed with exception
Traceback (most recent call last):
  File "/home/airflow/.local/lib/python3.10/site-packages/airflow/operators/python.py", line 192, in execute
    return_value = self.execute_callable()
  File "/home/airflow/.local/lib/python3.10/site-packages/airflow/operators/python.py", line 209, in execute_callable
    return self.python_callable(*self.op_args, **self.op_kwargs)
  File "/opt/airflow/dags/job1_ingestion_dag.py", line 30, in ingestion_task
    run_producer(duration_minutes=55)
  File "/opt/airflow/src/job1_producer.py", line 84, in run_producer
    time.sleep(10)
  File "/home/airflow/.local/lib/python3.10/site-packages/airflow/models/taskinstance.py", line 1634, in signal_handler
    raise AirflowException("Task received SIGTERM signal")
airflow.exceptions.AirflowException: Task received SIGTERM signal
[2025-12-16T12:23:39.159+0000] {taskinstance.py:1400} INFO - Marking task as UP_FOR_RETRY. dag_id=job1_weather_ingestion, task_id=ingest_weather_data, execution_date=20251216T114915, start_date=20251216T114916, end_date=20251216T122339
[2025-12-16T12:23:39.250+0000] {standard_task_runner.py:104} ERROR - Failed to execute job 14 for task ingest_weather_data (Task received SIGTERM signal; 199)
[2025-12-16T12:23:39.296+0000] {process_utils.py:79} INFO - Process psutil.Process(pid=199, status='terminated', exitcode=1, started='11:49:16') (199) terminated with exit code 1
[2025-12-16T12:23:39.301+0000] {local_task_job_runner.py:228} INFO - Task exited with return code 143
[2025-12-16T12:23:39.368+0000] {taskinstance.py:2778} INFO - 0 downstream tasks scheduled from follow-on schedule check
