[2025-12-17T06:09:23.901+0000] {taskinstance.py:1159} INFO - Dependencies all met for dep_context=non-requeueable deps ti=<TaskInstance: job3_daily_analytics.compute_daily_summary manual__2025-12-17T05:59:19.749016+00:00 [queued]>
[2025-12-17T06:09:23.925+0000] {taskinstance.py:1159} INFO - Dependencies all met for dep_context=requeueable deps ti=<TaskInstance: job3_daily_analytics.compute_daily_summary manual__2025-12-17T05:59:19.749016+00:00 [queued]>
[2025-12-17T06:09:23.926+0000] {taskinstance.py:1361} INFO - Starting attempt 2 of 3
[2025-12-17T06:09:23.958+0000] {taskinstance.py:1382} INFO - Executing <Task(PythonOperator): compute_daily_summary> on 2025-12-17 05:59:19.749016+00:00
[2025-12-17T06:09:23.972+0000] {standard_task_runner.py:57} INFO - Started process 344 to run task
[2025-12-17T06:09:23.983+0000] {standard_task_runner.py:84} INFO - Running: ['***', 'tasks', 'run', 'job3_daily_analytics', 'compute_daily_summary', 'manual__2025-12-17T05:59:19.749016+00:00', '--job-id', '41', '--raw', '--subdir', 'DAGS_FOLDER/job3_daily_summary_dag.py', '--cfg-path', '/tmp/tmp5f2470ik']
[2025-12-17T06:09:23.992+0000] {standard_task_runner.py:85} INFO - Job 41: Subtask compute_daily_summary
[2025-12-17T06:09:24.109+0000] {task_command.py:416} INFO - Running <TaskInstance: job3_daily_analytics.compute_daily_summary manual__2025-12-17T05:59:19.749016+00:00 [running]> on host 623e93b4b3f8
[2025-12-17T06:09:24.538+0000] {taskinstance.py:1662} INFO - Exporting env vars: AIRFLOW_CTX_DAG_OWNER='team' AIRFLOW_CTX_DAG_ID='job3_daily_analytics' AIRFLOW_CTX_TASK_ID='compute_daily_summary' AIRFLOW_CTX_EXECUTION_DATE='2025-12-17T05:59:19.749016+00:00' AIRFLOW_CTX_TRY_NUMBER='2' AIRFLOW_CTX_DAG_RUN_ID='manual__2025-12-17T05:59:19.749016+00:00'
[2025-12-17T06:09:24.542+0000] {logging_mixin.py:154} INFO - Computing analytics for date: 2025-12-16
[2025-12-17T06:09:24.579+0000] {logging_mixin.py:154} INFO - Total records to analyze: 147
[2025-12-17T06:09:24.610+0000] {logging_mixin.py:154} INFO - 
Daily Summary Statistics:
[2025-12-17T06:09:24.619+0000] {logging_mixin.py:154} INFO -       date location  avg_temperature  min_temperature  max_temperature  avg_humidity  avg_wind_speed  total_precipitation  record_count
2025-12-16   Almaty            -0.39             -2.0              1.7         75.93            0.76                 0.13            42
2025-12-16   Astana            -9.85            -12.3             -8.1         82.87            6.10                 0.00            39
2025-12-16 Shymkent             3.91              1.1              6.3         73.16            1.26                 1.37            37
2025-12-17   Almaty             3.22              2.9              3.6         68.08            1.14                 0.91            12
2025-12-17   Astana           -16.22            -16.3            -15.6         83.56            3.59                 0.00             9
2025-12-17 Shymkent             3.47              2.8              4.0         92.00            1.90                 4.63             8
[2025-12-17T06:09:24.787+0000] {logging_mixin.py:154} INFO - Inserted 6 records into daily_summary table
[2025-12-17T06:09:24.788+0000] {logging_mixin.py:154} INFO - 
=== Additional Insights ===
[2025-12-17T06:09:24.803+0000] {logging_mixin.py:154} INFO - 
Overall Statistics:
[2025-12-17T06:09:24.815+0000] {logging_mixin.py:154} INFO -       temperature   humidity  wind_speed  precipitation
mean    -2.280952  77.775510    2.567347            NaN
std      6.634327   8.857159         NaN            NaN
max           NaN        NaN    7.700000            NaN
sum           NaN        NaN         NaN           7.04
[2025-12-17T06:09:24.817+0000] {logging_mixin.py:154} INFO - 
Temperature by Location:
[2025-12-17T06:09:24.821+0000] {logging_mixin.py:154} INFO - location
Shymkent     3.690
Almaty       1.415
Astana     -13.035
Name: avg_temperature, dtype: float64
[2025-12-17T06:09:24.822+0000] {python.py:194} INFO - Done. Returned value was: None
[2025-12-17T06:09:24.843+0000] {taskinstance.py:1400} INFO - Marking task as SUCCESS. dag_id=job3_daily_analytics, task_id=compute_daily_summary, execution_date=20251217T055919, start_date=20251217T060923, end_date=20251217T060924
[2025-12-17T06:09:24.921+0000] {local_task_job_runner.py:228} INFO - Task exited with return code 0
[2025-12-17T06:09:24.997+0000] {taskinstance.py:2778} INFO - 0 downstream tasks scheduled from follow-on schedule check
