[2025-12-16T16:13:52.463+0000] {taskinstance.py:1159} INFO - Dependencies all met for dep_context=non-requeueable deps ti=<TaskInstance: job3_daily_analytics.compute_daily_summary manual__2025-12-16T16:13:49.766441+00:00 [queued]>
[2025-12-16T16:13:52.489+0000] {taskinstance.py:1159} INFO - Dependencies all met for dep_context=requeueable deps ti=<TaskInstance: job3_daily_analytics.compute_daily_summary manual__2025-12-16T16:13:49.766441+00:00 [queued]>
[2025-12-16T16:13:52.490+0000] {taskinstance.py:1361} INFO - Starting attempt 1 of 3
[2025-12-16T16:13:52.530+0000] {taskinstance.py:1382} INFO - Executing <Task(PythonOperator): compute_daily_summary> on 2025-12-16 16:13:49.766441+00:00
[2025-12-16T16:13:52.551+0000] {standard_task_runner.py:57} INFO - Started process 6674 to run task
[2025-12-16T16:13:52.565+0000] {standard_task_runner.py:84} INFO - Running: ['***', 'tasks', 'run', 'job3_daily_analytics', 'compute_daily_summary', 'manual__2025-12-16T16:13:49.766441+00:00', '--job-id', '50', '--raw', '--subdir', 'DAGS_FOLDER/job3_daily_summary_dag.py', '--cfg-path', '/tmp/tmpg67mdb5q']
[2025-12-16T16:13:52.577+0000] {standard_task_runner.py:85} INFO - Job 50: Subtask compute_daily_summary
[2025-12-16T16:13:52.737+0000] {task_command.py:416} INFO - Running <TaskInstance: job3_daily_analytics.compute_daily_summary manual__2025-12-16T16:13:49.766441+00:00 [running]> on host 368de0f02f1d
[2025-12-16T16:13:53.521+0000] {taskinstance.py:1662} INFO - Exporting env vars: AIRFLOW_CTX_DAG_OWNER='team' AIRFLOW_CTX_DAG_ID='job3_daily_analytics' AIRFLOW_CTX_TASK_ID='compute_daily_summary' AIRFLOW_CTX_EXECUTION_DATE='2025-12-16T16:13:49.766441+00:00' AIRFLOW_CTX_TRY_NUMBER='1' AIRFLOW_CTX_DAG_RUN_ID='manual__2025-12-16T16:13:49.766441+00:00'
[2025-12-16T16:13:53.523+0000] {logging_mixin.py:154} INFO - Computing analytics for date: 2025-12-15
[2025-12-16T16:13:53.550+0000] {logging_mixin.py:154} INFO - Total records to analyze: 117
[2025-12-16T16:13:53.587+0000] {logging_mixin.py:154} INFO - 
Daily Summary Statistics:
[2025-12-16T16:13:53.603+0000] {logging_mixin.py:154} INFO -       date location  avg_temperature  min_temperature  max_temperature  avg_humidity  avg_wind_speed  total_precipitation  record_count
2025-12-16   Almaty            -0.39             -2.0              1.7         75.93            0.76                 0.13            42
2025-12-16   Astana            -9.85            -12.3             -8.1         82.87            6.10                 0.00            39
2025-12-16 Shymkent             3.95              1.1              6.3         73.03            1.27                 1.25            36
[2025-12-16T16:13:53.719+0000] {logging_mixin.py:154} INFO - Inserted 3 records into daily_summary table
[2025-12-16T16:13:53.720+0000] {logging_mixin.py:154} INFO - 
=== Additional Insights ===
[2025-12-16T16:13:53.735+0000] {logging_mixin.py:154} INFO - 
Overall Statistics:
[2025-12-16T16:13:53.746+0000] {logging_mixin.py:154} INFO -       temperature   humidity  wind_speed  precipitation
mean    -2.208547  77.350427    2.695726            NaN
std      5.887195   8.309027         NaN            NaN
max           NaN        NaN    7.700000            NaN
sum           NaN        NaN         NaN           1.38
[2025-12-16T16:13:53.747+0000] {logging_mixin.py:154} INFO - 
Temperature by Location:
[2025-12-16T16:13:53.751+0000] {logging_mixin.py:154} INFO - location
Shymkent    3.95
Almaty     -0.39
Astana     -9.85
Name: avg_temperature, dtype: float64
[2025-12-16T16:13:53.752+0000] {python.py:194} INFO - Done. Returned value was: None
[2025-12-16T16:13:53.771+0000] {taskinstance.py:1400} INFO - Marking task as SUCCESS. dag_id=job3_daily_analytics, task_id=compute_daily_summary, execution_date=20251216T161349, start_date=20251216T161352, end_date=20251216T161353
[2025-12-16T16:13:53.836+0000] {local_task_job_runner.py:228} INFO - Task exited with return code 0
[2025-12-16T16:13:53.878+0000] {taskinstance.py:2778} INFO - 0 downstream tasks scheduled from follow-on schedule check
