[2025-12-17T09:00:29.921+0000] {taskinstance.py:1159} INFO - Dependencies all met for dep_context=non-requeueable deps ti=<TaskInstance: job1_weather_ingestion.ingest_weather_data manual__2025-12-17T08:50:39.305260+00:00 [queued]>
[2025-12-17T09:00:29.930+0000] {taskinstance.py:1159} INFO - Dependencies all met for dep_context=requeueable deps ti=<TaskInstance: job1_weather_ingestion.ingest_weather_data manual__2025-12-17T08:50:39.305260+00:00 [queued]>
[2025-12-17T09:00:29.931+0000] {taskinstance.py:1361} INFO - Starting attempt 2 of 2
[2025-12-17T09:00:29.946+0000] {taskinstance.py:1382} INFO - Executing <Task(PythonOperator): ingest_weather_data> on 2025-12-17 08:50:39.305260+00:00
[2025-12-17T09:00:29.952+0000] {standard_task_runner.py:57} INFO - Started process 5050 to run task
[2025-12-17T09:00:29.955+0000] {standard_task_runner.py:84} INFO - Running: ['***', 'tasks', 'run', 'job1_weather_ingestion', 'ingest_weather_data', 'manual__2025-12-17T08:50:39.305260+00:00', '--job-id', '21', '--raw', '--subdir', 'DAGS_FOLDER/job1_ingestion_dag.py', '--cfg-path', '/tmp/tmp6y_5312u']
[2025-12-17T09:00:29.959+0000] {standard_task_runner.py:85} INFO - Job 21: Subtask ingest_weather_data
[2025-12-17T09:00:30.035+0000] {task_command.py:416} INFO - Running <TaskInstance: job1_weather_ingestion.ingest_weather_data manual__2025-12-17T08:50:39.305260+00:00 [running]> on host 2610621bd5d4
[2025-12-17T09:00:30.105+0000] {taskinstance.py:1662} INFO - Exporting env vars: AIRFLOW_CTX_DAG_OWNER='team' AIRFLOW_CTX_DAG_ID='job1_weather_ingestion' AIRFLOW_CTX_TASK_ID='ingest_weather_data' AIRFLOW_CTX_EXECUTION_DATE='2025-12-17T08:50:39.305260+00:00' AIRFLOW_CTX_TRY_NUMBER='2' AIRFLOW_CTX_DAG_RUN_ID='manual__2025-12-17T08:50:39.305260+00:00'
[2025-12-17T09:00:30.110+0000] {conn.py:380} INFO - <BrokerConnection node_id=bootstrap-0 host=kafka:29092 <connecting> [IPv4 ('172.18.0.4', 29092)]>: connecting to kafka:29092 [('172.18.0.4', 29092) IPv4]
[2025-12-17T09:00:30.111+0000] {conn.py:1205} INFO - Probing node bootstrap-0 broker version
[2025-12-17T09:00:30.112+0000] {conn.py:410} INFO - <BrokerConnection node_id=bootstrap-0 host=kafka:29092 <connecting> [IPv4 ('172.18.0.4', 29092)]>: Connection complete.
[2025-12-17T09:00:30.220+0000] {conn.py:1267} INFO - Broker version identified as 2.5.0
[2025-12-17T09:00:30.221+0000] {conn.py:1268} INFO - Set configuration api_version=(2, 5, 0) to skip auto check_version requests on startup
[2025-12-17T09:00:30.225+0000] {logging_mixin.py:154} INFO - The producer is launched on 50 min. Interval: 3 minutes.
[2025-12-17T09:00:30.682+0000] {logging_mixin.py:154} INFO - Sent: Almaty в 2025-12-17T09:00:30.681997
[2025-12-17T09:00:30.684+0000] {conn.py:380} INFO - <BrokerConnection node_id=1 host=kafka:29092 <connecting> [IPv4 ('172.18.0.4', 29092)]>: connecting to kafka:29092 [('172.18.0.4', 29092) IPv4]
[2025-12-17T09:00:30.684+0000] {conn.py:410} INFO - <BrokerConnection node_id=1 host=kafka:29092 <connecting> [IPv4 ('172.18.0.4', 29092)]>: Connection complete.
[2025-12-17T09:00:30.685+0000] {conn.py:919} INFO - <BrokerConnection node_id=bootstrap-0 host=kafka:29092 <connected> [IPv4 ('172.18.0.4', 29092)]>: Closing connection. 
[2025-12-17T09:00:32.685+0000] {logging_mixin.py:154} INFO - Cycle completed. Waiting 177.5 sec. until next data collection...
[2025-12-17T09:03:30.677+0000] {logging_mixin.py:154} INFO - Sent: Almaty в 2025-12-17T09:03:30.676370
[2025-12-17T09:03:32.683+0000] {logging_mixin.py:154} INFO - Cycle completed. Waiting 177.6 sec. until next data collection...
[2025-12-17T09:06:31.093+0000] {logging_mixin.py:154} INFO - Sent: Almaty в 2025-12-17T09:06:31.086238
[2025-12-17T09:06:33.101+0000] {logging_mixin.py:154} INFO - Cycle completed. Waiting 177.2 sec. until next data collection...
[2025-12-17T09:09:31.046+0000] {logging_mixin.py:154} INFO - Sent: Almaty в 2025-12-17T09:09:31.038827
[2025-12-17T09:09:33.057+0000] {logging_mixin.py:154} INFO - Cycle completed. Waiting 177.3 sec. until next data collection...
[2025-12-17T09:12:30.870+0000] {logging_mixin.py:154} INFO - Sent: Almaty в 2025-12-17T09:12:30.868467
[2025-12-17T09:12:32.874+0000] {logging_mixin.py:154} INFO - Cycle completed. Waiting 177.5 sec. until next data collection...
[2025-12-17T09:15:30.950+0000] {logging_mixin.py:154} INFO - Sent: Almaty в 2025-12-17T09:15:30.947123
[2025-12-17T09:15:32.956+0000] {logging_mixin.py:154} INFO - Cycle completed. Waiting 177.5 sec. until next data collection...
[2025-12-17T09:18:30.917+0000] {logging_mixin.py:154} INFO - !!! Rate limit hit (429). Waiting...
[2025-12-17T09:23:33.051+0000] {logging_mixin.py:154} INFO - Cycle completed. Waiting 0 sec. until next data collection...
[2025-12-17T09:23:33.714+0000] {logging_mixin.py:154} INFO - !!! Rate limit hit (429). Waiting...
[2025-12-17T09:28:35.814+0000] {logging_mixin.py:154} INFO - Cycle completed. Waiting 0 sec. until next data collection...
[2025-12-17T09:28:36.368+0000] {logging_mixin.py:154} INFO - !!! Rate limit hit (429). Waiting...
[2025-12-17T09:33:38.447+0000] {logging_mixin.py:154} INFO - Cycle completed. Waiting 0 sec. until next data collection...
[2025-12-17T09:33:39.309+0000] {logging_mixin.py:154} INFO - !!! Rate limit hit (429). Waiting...
[2025-12-17T09:38:41.390+0000] {logging_mixin.py:154} INFO - Cycle completed. Waiting 0 sec. until next data collection...
[2025-12-17T09:38:41.985+0000] {logging_mixin.py:154} INFO - !!! Rate limit hit (429). Waiting...
[2025-12-17T09:43:44.052+0000] {logging_mixin.py:154} INFO - Cycle completed. Waiting 0 sec. until next data collection...
[2025-12-17T09:43:44.755+0000] {logging_mixin.py:154} INFO - !!! Rate limit hit (429). Waiting...
[2025-12-17T09:48:46.846+0000] {logging_mixin.py:154} INFO - Cycle completed. Waiting 0 sec. until next data collection...
[2025-12-17T09:48:47.428+0000] {logging_mixin.py:154} INFO - !!! Rate limit hit (429). Waiting...
[2025-12-17T09:53:49.434+0000] {logging_mixin.py:154} INFO - Cycle completed. Waiting 0 sec. until next data collection...
[2025-12-17T09:53:49.458+0000] {conn.py:919} INFO - <BrokerConnection node_id=1 host=kafka:29092 <connected> [IPv4 ('172.18.0.4', 29092)]>: Closing connection. 
[2025-12-17T09:53:49.486+0000] {python.py:194} INFO - Done. Returned value was: None
[2025-12-17T09:53:49.719+0000] {taskinstance.py:1400} INFO - Marking task as SUCCESS. dag_id=job1_weather_ingestion, task_id=ingest_weather_data, execution_date=20251217T085039, start_date=20251217T090029, end_date=20251217T095349
[2025-12-17T09:53:49.851+0000] {local_task_job_runner.py:228} INFO - Task exited with return code 0
[2025-12-17T09:53:49.953+0000] {taskinstance.py:2778} INFO - 0 downstream tasks scheduled from follow-on schedule check
