[2025-12-17T09:00:02.500+0000] {taskinstance.py:1159} INFO - Dependencies all met for dep_context=non-requeueable deps ti=<TaskInstance: job2_weather_cleaning.clean_and_store_weather scheduled__2025-12-17T08:00:00+00:00 [queued]>
[2025-12-17T09:00:02.515+0000] {taskinstance.py:1159} INFO - Dependencies all met for dep_context=requeueable deps ti=<TaskInstance: job2_weather_cleaning.clean_and_store_weather scheduled__2025-12-17T08:00:00+00:00 [queued]>
[2025-12-17T09:00:02.515+0000] {taskinstance.py:1361} INFO - Starting attempt 1 of 3
[2025-12-17T09:00:02.531+0000] {taskinstance.py:1382} INFO - Executing <Task(PythonOperator): clean_and_store_weather> on 2025-12-17 08:00:00+00:00
[2025-12-17T09:00:02.537+0000] {standard_task_runner.py:57} INFO - Started process 5036 to run task
[2025-12-17T09:00:02.569+0000] {standard_task_runner.py:84} INFO - Running: ['***', 'tasks', 'run', 'job2_weather_cleaning', 'clean_and_store_weather', 'scheduled__2025-12-17T08:00:00+00:00', '--job-id', '20', '--raw', '--subdir', 'DAGS_FOLDER/job2_clean_store_dag.py', '--cfg-path', '/tmp/tmphamvz439']
[2025-12-17T09:00:02.603+0000] {standard_task_runner.py:85} INFO - Job 20: Subtask clean_and_store_weather
[2025-12-17T09:00:02.828+0000] {task_command.py:416} INFO - Running <TaskInstance: job2_weather_cleaning.clean_and_store_weather scheduled__2025-12-17T08:00:00+00:00 [running]> on host 2610621bd5d4
[2025-12-17T09:00:02.978+0000] {taskinstance.py:1662} INFO - Exporting env vars: AIRFLOW_CTX_DAG_OWNER='team' AIRFLOW_CTX_DAG_ID='job2_weather_cleaning' AIRFLOW_CTX_TASK_ID='clean_and_store_weather' AIRFLOW_CTX_EXECUTION_DATE='2025-12-17T08:00:00+00:00' AIRFLOW_CTX_TRY_NUMBER='1' AIRFLOW_CTX_DAG_RUN_ID='scheduled__2025-12-17T08:00:00+00:00'
[2025-12-17T09:00:03.018+0000] {logging_mixin.py:154} INFO - Database initialized at /opt/***/data/app.db
[2025-12-17T09:00:03.031+0000] {conn.py:380} INFO - <BrokerConnection node_id=bootstrap-0 host=kafka:29092 <connecting> [IPv4 ('172.18.0.4', 29092)]>: connecting to kafka:29092 [('172.18.0.4', 29092) IPv4]
[2025-12-17T09:00:03.032+0000] {conn.py:1205} INFO - Probing node bootstrap-0 broker version
[2025-12-17T09:00:03.036+0000] {conn.py:410} INFO - <BrokerConnection node_id=bootstrap-0 host=kafka:29092 <connecting> [IPv4 ('172.18.0.4', 29092)]>: Connection complete.
[2025-12-17T09:00:03.147+0000] {conn.py:1267} INFO - Broker version identified as 2.5.0
[2025-12-17T09:00:03.148+0000] {conn.py:1268} INFO - Set configuration api_version=(2, 5, 0) to skip auto check_version requests on startup
[2025-12-17T09:00:03.159+0000] {subscription_state.py:171} INFO - Updating subscribed topics to: ('raw_weather_events',)
[2025-12-17T09:00:03.160+0000] {logging_mixin.py:154} INFO - Starting to consume messages from Kafka...
[2025-12-17T09:00:03.182+0000] {cluster.py:371} INFO - Group coordinator for weather_cleaner_group is ('coordinator-1', 'kafka', 29092, None)
[2025-12-17T09:00:03.183+0000] {base.py:693} INFO - Discovered coordinator coordinator-1 for group weather_cleaner_group
[2025-12-17T09:00:03.184+0000] {base.py:741} INFO - Starting new heartbeat thread
[2025-12-17T09:00:03.186+0000] {consumer.py:348} INFO - Revoking previously assigned partitions () for group weather_cleaner_group
[2025-12-17T09:00:03.188+0000] {conn.py:380} INFO - <BrokerConnection node_id=coordinator-1 host=kafka:29092 <connecting> [IPv4 ('172.18.0.4', 29092)]>: connecting to kafka:29092 [('172.18.0.4', 29092) IPv4]
[2025-12-17T09:00:03.189+0000] {conn.py:410} INFO - <BrokerConnection node_id=coordinator-1 host=kafka:29092 <connecting> [IPv4 ('172.18.0.4', 29092)]>: Connection complete.
[2025-12-17T09:00:03.190+0000] {conn.py:919} INFO - <BrokerConnection node_id=bootstrap-0 host=kafka:29092 <connected> [IPv4 ('172.18.0.4', 29092)]>: Closing connection. 
[2025-12-17T09:00:03.291+0000] {base.py:450} INFO - (Re-)joining group weather_cleaner_group
[2025-12-17T09:00:06.344+0000] {base.py:521} INFO - Elected group leader -- performing partition assignments using range
[2025-12-17T09:00:06.346+0000] {conn.py:380} INFO - <BrokerConnection node_id=1 host=kafka:29092 <connecting> [IPv4 ('172.18.0.4', 29092)]>: connecting to kafka:29092 [('172.18.0.4', 29092) IPv4]
[2025-12-17T09:00:06.347+0000] {conn.py:410} INFO - <BrokerConnection node_id=1 host=kafka:29092 <connecting> [IPv4 ('172.18.0.4', 29092)]>: Connection complete.
[2025-12-17T09:00:06.384+0000] {base.py:335} INFO - Successfully joined group weather_cleaner_group with generation 9
[2025-12-17T09:00:06.385+0000] {subscription_state.py:257} INFO - Updated partition assignment: [('raw_weather_events', 0)]
[2025-12-17T09:00:06.385+0000] {consumer.py:245} INFO - Setting newly assigned partitions (('raw_weather_events', 0),) for group weather_cleaner_group
[2025-12-17T09:00:06.422+0000] {logging_mixin.py:154} INFO - Consumed message: Shymkent at 2025-12-17T08:03:13.737523
[2025-12-17T09:00:06.424+0000] {logging_mixin.py:154} INFO - Consumed message: Almaty at 2025-12-17T08:03:15.173707
[2025-12-17T09:00:06.425+0000] {logging_mixin.py:154} INFO - Consumed message: Almaty at 2025-12-17T08:03:16.494877
[2025-12-17T09:00:06.425+0000] {logging_mixin.py:154} INFO - Consumed message: Astana at 2025-12-17T08:03:17.724365
[2025-12-17T09:00:06.426+0000] {logging_mixin.py:154} INFO - Consumed message: Astana at 2025-12-17T08:03:18.980627
[2025-12-17T09:00:06.426+0000] {logging_mixin.py:154} INFO - Consumed message: Shymkent at 2025-12-17T08:03:20.198750
[2025-12-17T09:00:06.426+0000] {logging_mixin.py:154} INFO - Consumed message: Shymkent at 2025-12-17T08:03:21.610624
[2025-12-17T09:00:06.427+0000] {logging_mixin.py:154} INFO - Consumed message: Almaty at 2025-12-17T08:10:03.955554
[2025-12-17T09:00:06.427+0000] {logging_mixin.py:154} INFO - Consumed message: Astana at 2025-12-17T08:10:06.507839
[2025-12-17T09:00:06.427+0000] {logging_mixin.py:154} INFO - Consumed message: Shymkent at 2025-12-17T08:10:09.068406
[2025-12-17T09:00:06.427+0000] {logging_mixin.py:154} INFO - Consumed message: Almaty at 2025-12-17T08:20:03.449934
[2025-12-17T09:00:06.428+0000] {logging_mixin.py:154} INFO - Consumed message: Astana at 2025-12-17T08:20:06.166629
[2025-12-17T09:00:06.428+0000] {logging_mixin.py:154} INFO - Consumed message: Shymkent at 2025-12-17T08:20:14.981561
[2025-12-17T09:00:06.428+0000] {logging_mixin.py:154} INFO - Consumed message: Almaty at 2025-12-17T08:30:03.087448
[2025-12-17T09:00:06.428+0000] {logging_mixin.py:154} INFO - Consumed message: Astana at 2025-12-17T08:30:05.813039
[2025-12-17T09:00:06.429+0000] {logging_mixin.py:154} INFO - Consumed message: Shymkent at 2025-12-17T08:30:08.393997
[2025-12-17T09:00:06.429+0000] {logging_mixin.py:154} INFO - Consumed message: Almaty at 2025-12-17T08:40:03.170971
[2025-12-17T09:00:06.429+0000] {logging_mixin.py:154} INFO - Consumed message: Astana at 2025-12-17T08:40:05.701176
[2025-12-17T09:00:06.429+0000] {logging_mixin.py:154} INFO - Consumed message: Shymkent at 2025-12-17T08:40:08.345903
[2025-12-17T09:00:06.430+0000] {logging_mixin.py:154} INFO - Consumed message: Almaty at 2025-12-17T08:50:43.039112
[2025-12-17T09:00:06.430+0000] {logging_mixin.py:154} INFO - Consumed message: Almaty at 2025-12-17T08:53:42.943513
[2025-12-17T09:00:06.430+0000] {logging_mixin.py:154} INFO - Consumed message: Almaty at 2025-12-17T08:54:51.988409
[2025-12-17T09:00:06.430+0000] {logging_mixin.py:154} INFO - Consumed message: Almaty at 2025-12-17T09:00:02.566199
[2025-12-17T09:00:16.434+0000] {base.py:748} INFO - Stopping heartbeat thread
[2025-12-17T09:00:16.435+0000] {base.py:773} INFO - Leaving consumer group (weather_cleaner_group).
[2025-12-17T09:00:16.446+0000] {conn.py:919} INFO - <BrokerConnection node_id=coordinator-1 host=kafka:29092 <connected> [IPv4 ('172.18.0.4', 29092)]>: Closing connection. 
[2025-12-17T09:00:16.447+0000] {conn.py:919} INFO - <BrokerConnection node_id=1 host=kafka:29092 <connected> [IPv4 ('172.18.0.4', 29092)]>: Closing connection. 
[2025-12-17T09:00:16.447+0000] {future.py:79} ERROR - Fetch to node 1 failed: Cancelled: <BrokerConnection node_id=1 host=kafka:29092 <connected> [IPv4 ('172.18.0.4', 29092)]>
[2025-12-17T09:00:16.447+0000] {logging_mixin.py:154} INFO - 
Total messages consumed: 23
[2025-12-17T09:00:16.463+0000] {logging_mixin.py:154} INFO - Initial records: 23
[2025-12-17T09:00:16.472+0000] {logging_mixin.py:154} INFO - After removing duplicates: 23
[2025-12-17T09:00:16.491+0000] {logging_mixin.py:154} INFO - After removing invalid timestamps: 23
[2025-12-17T09:00:16.493+0000] {logging_mixin.py:154} INFO - After range validation: 23
[2025-12-17T09:00:16.501+0000] {logging_mixin.py:154} INFO - Final cleaned records: 23
[2025-12-17T09:00:16.520+0000] {logging_mixin.py:154} INFO - Inserted 23 records into events table
[2025-12-17T09:00:16.521+0000] {logging_mixin.py:154} INFO - Successfully inserted 23 cleaned records
[2025-12-17T09:00:16.521+0000] {python.py:194} INFO - Done. Returned value was: None
[2025-12-17T09:00:16.531+0000] {taskinstance.py:1400} INFO - Marking task as SUCCESS. dag_id=job2_weather_cleaning, task_id=clean_and_store_weather, execution_date=20251217T080000, start_date=20251217T090002, end_date=20251217T090016
[2025-12-17T09:00:16.551+0000] {local_task_job_runner.py:228} INFO - Task exited with return code 0
[2025-12-17T09:00:16.564+0000] {taskinstance.py:2778} INFO - 0 downstream tasks scheduled from follow-on schedule check
