[2025-12-17T04:00:01.004+0000] {taskinstance.py:1159} INFO - Dependencies all met for dep_context=non-requeueable deps ti=<TaskInstance: job1_weather_ingestion.ingest_weather_data scheduled__2025-12-17T03:00:00+00:00 [queued]>
[2025-12-17T04:00:01.013+0000] {taskinstance.py:1159} INFO - Dependencies all met for dep_context=requeueable deps ti=<TaskInstance: job1_weather_ingestion.ingest_weather_data scheduled__2025-12-17T03:00:00+00:00 [queued]>
[2025-12-17T04:00:01.014+0000] {taskinstance.py:1361} INFO - Starting attempt 1 of 2
[2025-12-17T04:00:01.027+0000] {taskinstance.py:1382} INFO - Executing <Task(PythonOperator): ingest_weather_data> on 2025-12-17 03:00:00+00:00
[2025-12-17T04:00:01.031+0000] {standard_task_runner.py:57} INFO - Started process 1264 to run task
[2025-12-17T04:00:01.035+0000] {standard_task_runner.py:84} INFO - Running: ['***', 'tasks', 'run', 'job1_weather_ingestion', 'ingest_weather_data', 'scheduled__2025-12-17T03:00:00+00:00', '--job-id', '66', '--raw', '--subdir', 'DAGS_FOLDER/job1_ingestion_dag.py', '--cfg-path', '/tmp/tmpshtvdd3x']
[2025-12-17T04:00:01.040+0000] {standard_task_runner.py:85} INFO - Job 66: Subtask ingest_weather_data
[2025-12-17T04:00:01.111+0000] {task_command.py:416} INFO - Running <TaskInstance: job1_weather_ingestion.ingest_weather_data scheduled__2025-12-17T03:00:00+00:00 [running]> on host 368de0f02f1d
[2025-12-17T04:00:01.192+0000] {taskinstance.py:1662} INFO - Exporting env vars: AIRFLOW_CTX_DAG_OWNER='team' AIRFLOW_CTX_DAG_ID='job1_weather_ingestion' AIRFLOW_CTX_TASK_ID='ingest_weather_data' AIRFLOW_CTX_EXECUTION_DATE='2025-12-17T03:00:00+00:00' AIRFLOW_CTX_TRY_NUMBER='1' AIRFLOW_CTX_DAG_RUN_ID='scheduled__2025-12-17T03:00:00+00:00'
[2025-12-17T04:00:01.195+0000] {conn.py:380} INFO - <BrokerConnection node_id=bootstrap-0 host=kafka:29092 <connecting> [IPv4 ('172.18.0.4', 29092)]>: connecting to kafka:29092 [('172.18.0.4', 29092) IPv4]
[2025-12-17T04:00:01.196+0000] {conn.py:1205} INFO - Probing node bootstrap-0 broker version
[2025-12-17T04:00:01.197+0000] {conn.py:410} INFO - <BrokerConnection node_id=bootstrap-0 host=kafka:29092 <connecting> [IPv4 ('172.18.0.4', 29092)]>: Connection complete.
[2025-12-17T04:00:01.303+0000] {conn.py:1267} INFO - Broker version identified as 2.5.0
[2025-12-17T04:00:01.304+0000] {conn.py:1268} INFO - Set configuration api_version=(2, 5, 0) to skip auto check_version requests on startup
[2025-12-17T04:00:01.308+0000] {logging_mixin.py:154} INFO - Starting weather data producer for 55 minutes...
[2025-12-17T04:00:05.882+0000] {logging_mixin.py:154} INFO - Sent message #1: Almaty - Temp: 2.9°C, Humidity: 64%
[2025-12-17T04:00:05.884+0000] {conn.py:380} INFO - <BrokerConnection node_id=1 host=kafka:29092 <connecting> [IPv4 ('172.18.0.4', 29092)]>: connecting to kafka:29092 [('172.18.0.4', 29092) IPv4]
[2025-12-17T04:00:05.885+0000] {conn.py:410} INFO - <BrokerConnection node_id=1 host=kafka:29092 <connecting> [IPv4 ('172.18.0.4', 29092)]>: Connection complete.
[2025-12-17T04:00:05.886+0000] {conn.py:919} INFO - <BrokerConnection node_id=bootstrap-0 host=kafka:29092 <connected> [IPv4 ('172.18.0.4', 29092)]>: Closing connection. 
[2025-12-17T04:01:01.456+0000] {local_task_job_runner.py:294} WARNING - State of this instance has been externally set to None. Terminating instance.
[2025-12-17T04:01:01.461+0000] {process_utils.py:131} INFO - Sending 15 to group 1264. PIDs of all processes in the group: [1264]
[2025-12-17T04:01:01.462+0000] {process_utils.py:86} INFO - Sending the signal 15 to group 1264
[2025-12-17T04:01:01.463+0000] {taskinstance.py:1632} ERROR - Received SIGTERM. Terminating subprocesses.
[2025-12-17T04:01:01.464+0000] {kafka.py:483} INFO - Closing the Kafka producer with 9223372036.0 secs timeout.
[2025-12-17T04:01:01.465+0000] {conn.py:919} INFO - <BrokerConnection node_id=1 host=kafka:29092 <connected> [IPv4 ('172.18.0.4', 29092)]>: Closing connection. 
[2025-12-17T04:01:01.466+0000] {logging_mixin.py:154} INFO - Producer finished. Total messages sent: 1
[2025-12-17T04:01:01.475+0000] {taskinstance.py:1937} ERROR - Task failed with exception
Traceback (most recent call last):
  File "/home/airflow/.local/lib/python3.10/site-packages/airflow/operators/python.py", line 192, in execute
    return_value = self.execute_callable()
  File "/home/airflow/.local/lib/python3.10/site-packages/airflow/operators/python.py", line 209, in execute_callable
    return self.python_callable(*self.op_args, **self.op_kwargs)
  File "/opt/airflow/dags/job1_ingestion_dag.py", line 30, in ingestion_task
    run_producer(duration_minutes=55)
  File "/opt/airflow/src/job1_producer.py", line 84, in run_producer
    time.sleep(120)
  File "/home/airflow/.local/lib/python3.10/site-packages/airflow/models/taskinstance.py", line 1634, in signal_handler
    raise AirflowException("Task received SIGTERM signal")
airflow.exceptions.AirflowException: Task received SIGTERM signal
[2025-12-17T04:01:01.485+0000] {taskinstance.py:1400} INFO - Marking task as FAILED. dag_id=job1_weather_ingestion, task_id=ingest_weather_data, execution_date=20251217T030000, start_date=20251217T040001, end_date=20251217T040101
[2025-12-17T04:01:01.497+0000] {standard_task_runner.py:104} ERROR - Failed to execute job 66 for task ingest_weather_data ((psycopg2.errors.ForeignKeyViolation) insert or update on table "task_fail" violates foreign key constraint "task_fail_ti_fkey"
DETAIL:  Key (dag_id, task_id, run_id, map_index)=(job1_weather_ingestion, ingest_weather_data, scheduled__2025-12-17T03:00:00+00:00, -1) is not present in table "task_instance".

[SQL: INSERT INTO task_fail (task_id, dag_id, run_id, map_index, start_date, end_date, duration) VALUES (%(task_id)s, %(dag_id)s, %(run_id)s, %(map_index)s, %(start_date)s, %(end_date)s, %(duration)s) RETURNING task_fail.id]
[parameters: {'task_id': 'ingest_weather_data', 'dag_id': 'job1_weather_ingestion', 'run_id': 'scheduled__2025-12-17T03:00:00+00:00', 'map_index': -1, 'start_date': datetime.datetime(2025, 12, 17, 4, 0, 1, 5478, tzinfo=Timezone('UTC')), 'end_date': datetime.datetime(2025, 12, 17, 4, 1, 1, 485053, tzinfo=Timezone('UTC')), 'duration': 60}]
(Background on this error at: https://sqlalche.me/e/14/gkpj); 1264)
[2025-12-17T04:01:01.515+0000] {process_utils.py:79} INFO - Process psutil.Process(pid=1264, status='terminated', exitcode=1, started='04:00:00') (1264) terminated with exit code 1
[2025-12-17T04:01:04.666+0000] {taskinstance.py:1159} INFO - Dependencies all met for dep_context=non-requeueable deps ti=<TaskInstance: job1_weather_ingestion.ingest_weather_data scheduled__2025-12-17T03:00:00+00:00 [queued]>
[2025-12-17T04:01:04.674+0000] {taskinstance.py:1159} INFO - Dependencies all met for dep_context=requeueable deps ti=<TaskInstance: job1_weather_ingestion.ingest_weather_data scheduled__2025-12-17T03:00:00+00:00 [queued]>
[2025-12-17T04:01:04.674+0000] {taskinstance.py:1361} INFO - Starting attempt 1 of 2
[2025-12-17T04:01:04.687+0000] {taskinstance.py:1382} INFO - Executing <Task(PythonOperator): ingest_weather_data> on 2025-12-17 03:00:00+00:00
[2025-12-17T04:01:04.693+0000] {standard_task_runner.py:57} INFO - Started process 1308 to run task
[2025-12-17T04:01:04.696+0000] {standard_task_runner.py:84} INFO - Running: ['***', 'tasks', 'run', 'job1_weather_ingestion', 'ingest_weather_data', 'scheduled__2025-12-17T03:00:00+00:00', '--job-id', '68', '--raw', '--subdir', 'DAGS_FOLDER/job1_ingestion_dag.py', '--cfg-path', '/tmp/tmpjkk7euxc']
[2025-12-17T04:01:04.699+0000] {standard_task_runner.py:85} INFO - Job 68: Subtask ingest_weather_data
[2025-12-17T04:01:04.762+0000] {task_command.py:416} INFO - Running <TaskInstance: job1_weather_ingestion.ingest_weather_data scheduled__2025-12-17T03:00:00+00:00 [running]> on host 368de0f02f1d
[2025-12-17T04:01:04.834+0000] {taskinstance.py:1662} INFO - Exporting env vars: AIRFLOW_CTX_DAG_OWNER='team' AIRFLOW_CTX_DAG_ID='job1_weather_ingestion' AIRFLOW_CTX_TASK_ID='ingest_weather_data' AIRFLOW_CTX_EXECUTION_DATE='2025-12-17T03:00:00+00:00' AIRFLOW_CTX_TRY_NUMBER='1' AIRFLOW_CTX_DAG_RUN_ID='scheduled__2025-12-17T03:00:00+00:00'
[2025-12-17T04:01:04.837+0000] {conn.py:380} INFO - <BrokerConnection node_id=bootstrap-0 host=kafka:29092 <connecting> [IPv4 ('172.18.0.4', 29092)]>: connecting to kafka:29092 [('172.18.0.4', 29092) IPv4]
[2025-12-17T04:01:04.838+0000] {conn.py:1205} INFO - Probing node bootstrap-0 broker version
[2025-12-17T04:01:04.839+0000] {conn.py:410} INFO - <BrokerConnection node_id=bootstrap-0 host=kafka:29092 <connecting> [IPv4 ('172.18.0.4', 29092)]>: Connection complete.
[2025-12-17T04:01:04.943+0000] {conn.py:1267} INFO - Broker version identified as 2.5.0
[2025-12-17T04:01:04.945+0000] {conn.py:1268} INFO - Set configuration api_version=(2, 5, 0) to skip auto check_version requests on startup
[2025-12-17T04:01:04.948+0000] {logging_mixin.py:154} INFO - Starting weather data producer for 55 minutes...
[2025-12-17T04:01:05.551+0000] {logging_mixin.py:154} INFO - Sent message #1: Almaty - Temp: 3.4°C, Humidity: 71%
[2025-12-17T04:01:05.553+0000] {conn.py:380} INFO - <BrokerConnection node_id=1 host=kafka:29092 <connecting> [IPv4 ('172.18.0.4', 29092)]>: connecting to kafka:29092 [('172.18.0.4', 29092) IPv4]
[2025-12-17T04:01:05.554+0000] {conn.py:410} INFO - <BrokerConnection node_id=1 host=kafka:29092 <connecting> [IPv4 ('172.18.0.4', 29092)]>: Connection complete.
[2025-12-17T04:01:05.554+0000] {conn.py:919} INFO - <BrokerConnection node_id=bootstrap-0 host=kafka:29092 <connected> [IPv4 ('172.18.0.4', 29092)]>: Closing connection. 
[2025-12-17T04:02:10.078+0000] {local_task_job_runner.py:294} WARNING - State of this instance has been externally set to None. Terminating instance.
[2025-12-17T04:02:10.081+0000] {process_utils.py:131} INFO - Sending 15 to group 1308. PIDs of all processes in the group: [1308]
[2025-12-17T04:02:10.081+0000] {process_utils.py:86} INFO - Sending the signal 15 to group 1308
[2025-12-17T04:02:10.082+0000] {taskinstance.py:1632} ERROR - Received SIGTERM. Terminating subprocesses.
[2025-12-17T04:02:10.083+0000] {kafka.py:483} INFO - Closing the Kafka producer with 9223372036.0 secs timeout.
[2025-12-17T04:02:10.085+0000] {conn.py:919} INFO - <BrokerConnection node_id=1 host=kafka:29092 <connected> [IPv4 ('172.18.0.4', 29092)]>: Closing connection. 
[2025-12-17T04:02:10.086+0000] {logging_mixin.py:154} INFO - Producer finished. Total messages sent: 1
[2025-12-17T04:02:10.096+0000] {taskinstance.py:1937} ERROR - Task failed with exception
Traceback (most recent call last):
  File "/home/airflow/.local/lib/python3.10/site-packages/airflow/operators/python.py", line 192, in execute
    return_value = self.execute_callable()
  File "/home/airflow/.local/lib/python3.10/site-packages/airflow/operators/python.py", line 209, in execute_callable
    return self.python_callable(*self.op_args, **self.op_kwargs)
  File "/opt/airflow/dags/job1_ingestion_dag.py", line 30, in ingestion_task
    run_producer(duration_minutes=55)
  File "/opt/airflow/src/job1_producer.py", line 84, in run_producer
    time.sleep(120)
  File "/home/airflow/.local/lib/python3.10/site-packages/airflow/models/taskinstance.py", line 1634, in signal_handler
    raise AirflowException("Task received SIGTERM signal")
airflow.exceptions.AirflowException: Task received SIGTERM signal
[2025-12-17T04:02:10.105+0000] {taskinstance.py:1400} INFO - Marking task as FAILED. dag_id=job1_weather_ingestion, task_id=ingest_weather_data, execution_date=20251217T030000, start_date=20251217T040104, end_date=20251217T040210
[2025-12-17T04:02:10.118+0000] {standard_task_runner.py:104} ERROR - Failed to execute job 68 for task ingest_weather_data ((psycopg2.errors.ForeignKeyViolation) insert or update on table "task_fail" violates foreign key constraint "task_fail_ti_fkey"
DETAIL:  Key (dag_id, task_id, run_id, map_index)=(job1_weather_ingestion, ingest_weather_data, scheduled__2025-12-17T03:00:00+00:00, -1) is not present in table "task_instance".

[SQL: INSERT INTO task_fail (task_id, dag_id, run_id, map_index, start_date, end_date, duration) VALUES (%(task_id)s, %(dag_id)s, %(run_id)s, %(map_index)s, %(start_date)s, %(end_date)s, %(duration)s) RETURNING task_fail.id]
[parameters: {'task_id': 'ingest_weather_data', 'dag_id': 'job1_weather_ingestion', 'run_id': 'scheduled__2025-12-17T03:00:00+00:00', 'map_index': -1, 'start_date': datetime.datetime(2025, 12, 17, 4, 1, 4, 667189, tzinfo=Timezone('UTC')), 'end_date': datetime.datetime(2025, 12, 17, 4, 2, 10, 104915, tzinfo=Timezone('UTC')), 'duration': 65}]
(Background on this error at: https://sqlalche.me/e/14/gkpj); 1308)
[2025-12-17T04:02:10.135+0000] {process_utils.py:79} INFO - Process psutil.Process(pid=1308, status='terminated', exitcode=1, started='04:01:04') (1308) terminated with exit code 1
