[2025-12-17T06:06:55.760+0000] {logging_mixin.py:154} INFO - Changing /opt/***/logs/dag_id=job3_daily_analytics/run_id=scheduled__2025-12-16T00:00:00+00:00/task_id=compute_daily_summary permission to 509
[2025-12-17T06:06:55.761+0000] {logging_mixin.py:154} INFO - Failed to change /opt/***/logs/dag_id=job3_daily_analytics/run_id=scheduled__2025-12-16T00:00:00+00:00/task_id=compute_daily_summary permission to 509: [Errno 1] Operation not permitted: '/opt/***/logs/dag_id=job3_daily_analytics/run_id=scheduled__2025-12-16T00:00:00+00:00/task_id=compute_daily_summary'
[2025-12-17T06:06:55.835+0000] {logging_mixin.py:154} INFO - Changing /opt/***/logs/dag_id=job3_daily_analytics/run_id=scheduled__2025-12-16T00:00:00+00:00/task_id=compute_daily_summary permission to 509
[2025-12-17T06:06:55.836+0000] {logging_mixin.py:154} INFO - Failed to change /opt/***/logs/dag_id=job3_daily_analytics/run_id=scheduled__2025-12-16T00:00:00+00:00/task_id=compute_daily_summary permission to 509: [Errno 1] Operation not permitted: '/opt/***/logs/dag_id=job3_daily_analytics/run_id=scheduled__2025-12-16T00:00:00+00:00/task_id=compute_daily_summary'
[2025-12-17T06:06:55.921+0000] {taskinstance.py:1159} INFO - Dependencies all met for dep_context=non-requeueable deps ti=<TaskInstance: job3_daily_analytics.compute_daily_summary scheduled__2025-12-16T00:00:00+00:00 [queued]>
[2025-12-17T06:06:55.937+0000] {taskinstance.py:1159} INFO - Dependencies all met for dep_context=requeueable deps ti=<TaskInstance: job3_daily_analytics.compute_daily_summary scheduled__2025-12-16T00:00:00+00:00 [queued]>
[2025-12-17T06:06:55.938+0000] {taskinstance.py:1361} INFO - Starting attempt 2 of 3
[2025-12-17T06:06:55.963+0000] {taskinstance.py:1382} INFO - Executing <Task(PythonOperator): compute_daily_summary> on 2025-12-16 00:00:00+00:00
[2025-12-17T06:06:55.974+0000] {standard_task_runner.py:57} INFO - Started process 248 to run task
[2025-12-17T06:06:55.980+0000] {standard_task_runner.py:84} INFO - Running: ['***', 'tasks', 'run', 'job3_daily_analytics', 'compute_daily_summary', 'scheduled__2025-12-16T00:00:00+00:00', '--job-id', '38', '--raw', '--subdir', 'DAGS_FOLDER/job3_daily_summary_dag.py', '--cfg-path', '/tmp/tmpg2e5pd96']
[2025-12-17T06:06:55.986+0000] {standard_task_runner.py:85} INFO - Job 38: Subtask compute_daily_summary
[2025-12-17T06:06:56.090+0000] {logging_mixin.py:154} INFO - Changing /opt/***/logs/dag_id=job3_daily_analytics/run_id=scheduled__2025-12-16T00:00:00+00:00/task_id=compute_daily_summary permission to 509
[2025-12-17T06:06:56.091+0000] {logging_mixin.py:154} INFO - Failed to change /opt/***/logs/dag_id=job3_daily_analytics/run_id=scheduled__2025-12-16T00:00:00+00:00/task_id=compute_daily_summary permission to 509: [Errno 1] Operation not permitted: '/opt/***/logs/dag_id=job3_daily_analytics/run_id=scheduled__2025-12-16T00:00:00+00:00/task_id=compute_daily_summary'
[2025-12-17T06:06:56.119+0000] {task_command.py:416} INFO - Running <TaskInstance: job3_daily_analytics.compute_daily_summary scheduled__2025-12-16T00:00:00+00:00 [running]> on host 623e93b4b3f8
[2025-12-17T06:06:57.290+0000] {taskinstance.py:1662} INFO - Exporting env vars: AIRFLOW_CTX_DAG_OWNER='team' AIRFLOW_CTX_DAG_ID='job3_daily_analytics' AIRFLOW_CTX_TASK_ID='compute_daily_summary' AIRFLOW_CTX_EXECUTION_DATE='2025-12-16T00:00:00+00:00' AIRFLOW_CTX_TRY_NUMBER='2' AIRFLOW_CTX_DAG_RUN_ID='scheduled__2025-12-16T00:00:00+00:00'
[2025-12-17T06:06:57.296+0000] {logging_mixin.py:154} INFO - Computing analytics for date: 2025-12-16
[2025-12-17T06:06:57.374+0000] {logging_mixin.py:154} INFO - Total records to analyze: 146
[2025-12-17T06:06:57.518+0000] {logging_mixin.py:154} INFO - 
Daily Summary Statistics:
[2025-12-17T06:06:57.529+0000] {logging_mixin.py:154} INFO -       date location  avg_temperature  min_temperature  max_temperature  avg_humidity  avg_wind_speed  total_precipitation  record_count
2025-12-16   Almaty            -0.39             -2.0              1.7         75.93            0.76                 0.13            42
2025-12-16   Astana            -9.85            -12.3             -8.1         82.87            6.10                 0.00            39
2025-12-16 Shymkent             3.91              1.1              6.3         73.16            1.26                 1.37            37
2025-12-17   Almaty             3.22              2.9              3.6         68.08            1.14                 0.91            12
2025-12-17   Astana           -16.30            -16.3            -16.3         84.00            3.40                 0.00             8
2025-12-17 Shymkent             3.47              2.8              4.0         92.00            1.90                 4.63             8
[2025-12-17T06:06:57.624+0000] {logging_mixin.py:154} INFO - Inserted 6 records into daily_summary table
[2025-12-17T06:06:57.625+0000] {logging_mixin.py:154} INFO - 
=== Additional Insights ===
[2025-12-17T06:06:57.635+0000] {logging_mixin.py:154} INFO - 
Overall Statistics:
[2025-12-17T06:06:57.643+0000] {logging_mixin.py:154} INFO -       temperature   humidity  wind_speed  precipitation
mean    -2.189726  77.760274        2.55            NaN
std      6.563995   8.885715         NaN            NaN
max           NaN        NaN        7.70            NaN
sum           NaN        NaN         NaN           7.04
[2025-12-17T06:06:57.644+0000] {logging_mixin.py:154} INFO - 
Temperature by Location:
[2025-12-17T06:06:57.648+0000] {logging_mixin.py:154} INFO - location
Shymkent     3.690
Almaty       1.415
Astana     -13.075
Name: avg_temperature, dtype: float64
[2025-12-17T06:06:57.649+0000] {python.py:194} INFO - Done. Returned value was: None
[2025-12-17T06:06:57.662+0000] {taskinstance.py:1400} INFO - Marking task as SUCCESS. dag_id=job3_daily_analytics, task_id=compute_daily_summary, execution_date=20251216T000000, start_date=20251217T060655, end_date=20251217T060657
[2025-12-17T06:06:57.718+0000] {local_task_job_runner.py:228} INFO - Task exited with return code 0
[2025-12-17T06:06:57.743+0000] {taskinstance.py:2778} INFO - 0 downstream tasks scheduled from follow-on schedule check
