[2025-12-16T11:29:10.227+0000] {taskinstance.py:1159} INFO - Dependencies all met for dep_context=non-requeueable deps ti=<TaskInstance: job3_daily_analytics.compute_daily_summary manual__2025-12-16T11:29:08.627472+00:00 [queued]>
[2025-12-16T11:29:10.237+0000] {taskinstance.py:1159} INFO - Dependencies all met for dep_context=requeueable deps ti=<TaskInstance: job3_daily_analytics.compute_daily_summary manual__2025-12-16T11:29:08.627472+00:00 [queued]>
[2025-12-16T11:29:10.237+0000] {taskinstance.py:1361} INFO - Starting attempt 1 of 3
[2025-12-16T11:29:10.251+0000] {taskinstance.py:1382} INFO - Executing <Task(PythonOperator): compute_daily_summary> on 2025-12-16 11:29:08.627472+00:00
[2025-12-16T11:29:10.256+0000] {standard_task_runner.py:57} INFO - Started process 202 to run task
[2025-12-16T11:29:10.261+0000] {standard_task_runner.py:84} INFO - Running: ['***', 'tasks', 'run', 'job3_daily_analytics', 'compute_daily_summary', 'manual__2025-12-16T11:29:08.627472+00:00', '--job-id', '9', '--raw', '--subdir', 'DAGS_FOLDER/job3_daily_summary_dag.py', '--cfg-path', '/tmp/tmpe6vmpbjh']
[2025-12-16T11:29:10.265+0000] {standard_task_runner.py:85} INFO - Job 9: Subtask compute_daily_summary
[2025-12-16T11:29:10.346+0000] {task_command.py:416} INFO - Running <TaskInstance: job3_daily_analytics.compute_daily_summary manual__2025-12-16T11:29:08.627472+00:00 [running]> on host 88b5a86de249
[2025-12-16T11:29:10.653+0000] {taskinstance.py:1662} INFO - Exporting env vars: AIRFLOW_CTX_DAG_OWNER='team' AIRFLOW_CTX_DAG_ID='job3_daily_analytics' AIRFLOW_CTX_TASK_ID='compute_daily_summary' AIRFLOW_CTX_EXECUTION_DATE='2025-12-16T11:29:08.627472+00:00' AIRFLOW_CTX_TRY_NUMBER='1' AIRFLOW_CTX_DAG_RUN_ID='manual__2025-12-16T11:29:08.627472+00:00'
[2025-12-16T11:29:10.654+0000] {logging_mixin.py:154} INFO - Computing analytics for date: 2025-12-15
[2025-12-16T11:29:10.662+0000] {logging_mixin.py:154} INFO - Total records to analyze: 58
[2025-12-16T11:29:10.681+0000] {logging_mixin.py:154} INFO - 
Daily Summary Statistics:
[2025-12-16T11:29:10.685+0000] {logging_mixin.py:154} INFO -       date location  avg_temperature  min_temperature  max_temperature  avg_humidity  avg_wind_speed  total_precipitation  record_count
2025-12-16   Almaty             0.70              0.0              1.7         76.80            0.70                  0.0            20
2025-12-16   Astana            -8.57             -9.0             -8.1         84.47            6.01                  0.0            19
2025-12-16 Shymkent             5.37              4.6              6.3         62.58            1.28                  0.0            19
[2025-12-16T11:29:10.721+0000] {logging_mixin.py:154} INFO - Inserted 3 records into daily_summary table
[2025-12-16T11:29:10.722+0000] {logging_mixin.py:154} INFO - 
=== Additional Insights ===
[2025-12-16T11:29:10.726+0000] {logging_mixin.py:154} INFO - 
Overall Statistics:
[2025-12-16T11:29:10.730+0000] {logging_mixin.py:154} INFO -       temperature   humidity  wind_speed  precipitation
mean    -0.808621  74.655172    2.631034            NaN
std      5.831953   9.953491         NaN            NaN
max           NaN        NaN    7.700000            NaN
sum           NaN        NaN         NaN            0.0
[2025-12-16T11:29:10.730+0000] {logging_mixin.py:154} INFO - 
Temperature by Location:
[2025-12-16T11:29:10.732+0000] {logging_mixin.py:154} INFO - location
Shymkent    5.37
Almaty      0.70
Astana     -8.57
Name: avg_temperature, dtype: float64
[2025-12-16T11:29:10.732+0000] {python.py:194} INFO - Done. Returned value was: None
[2025-12-16T11:29:10.740+0000] {taskinstance.py:1400} INFO - Marking task as SUCCESS. dag_id=job3_daily_analytics, task_id=compute_daily_summary, execution_date=20251216T112908, start_date=20251216T112910, end_date=20251216T112910
[2025-12-16T11:29:10.796+0000] {local_task_job_runner.py:228} INFO - Task exited with return code 0
[2025-12-16T11:29:10.811+0000] {taskinstance.py:2778} INFO - 0 downstream tasks scheduled from follow-on schedule check
