[2025-12-17T08:54:50.905+0000] {taskinstance.py:1159} INFO - Dependencies all met for dep_context=non-requeueable deps ti=<TaskInstance: job1_weather_ingestion.ingest_weather_data scheduled__2025-12-17T07:00:00+00:00 [queued]>
[2025-12-17T08:54:50.914+0000] {taskinstance.py:1159} INFO - Dependencies all met for dep_context=requeueable deps ti=<TaskInstance: job1_weather_ingestion.ingest_weather_data scheduled__2025-12-17T07:00:00+00:00 [queued]>
[2025-12-17T08:54:50.914+0000] {taskinstance.py:1361} INFO - Starting attempt 2 of 2
[2025-12-17T08:54:50.939+0000] {taskinstance.py:1382} INFO - Executing <Task(PythonOperator): ingest_weather_data> on 2025-12-17 07:00:00+00:00
[2025-12-17T08:54:50.946+0000] {standard_task_runner.py:57} INFO - Started process 4856 to run task
[2025-12-17T08:54:50.950+0000] {standard_task_runner.py:84} INFO - Running: ['***', 'tasks', 'run', 'job1_weather_ingestion', 'ingest_weather_data', 'scheduled__2025-12-17T07:00:00+00:00', '--job-id', '17', '--raw', '--subdir', 'DAGS_FOLDER/job1_ingestion_dag.py', '--cfg-path', '/tmp/tmpz71k9l7t']
[2025-12-17T08:54:50.955+0000] {standard_task_runner.py:85} INFO - Job 17: Subtask ingest_weather_data
[2025-12-17T08:54:51.054+0000] {task_command.py:416} INFO - Running <TaskInstance: job1_weather_ingestion.ingest_weather_data scheduled__2025-12-17T07:00:00+00:00 [running]> on host 2610621bd5d4
[2025-12-17T08:54:51.161+0000] {taskinstance.py:1662} INFO - Exporting env vars: AIRFLOW_CTX_DAG_OWNER='team' AIRFLOW_CTX_DAG_ID='job1_weather_ingestion' AIRFLOW_CTX_TASK_ID='ingest_weather_data' AIRFLOW_CTX_EXECUTION_DATE='2025-12-17T07:00:00+00:00' AIRFLOW_CTX_TRY_NUMBER='2' AIRFLOW_CTX_DAG_RUN_ID='scheduled__2025-12-17T07:00:00+00:00'
[2025-12-17T08:54:51.165+0000] {conn.py:380} INFO - <BrokerConnection node_id=bootstrap-0 host=kafka:29092 <connecting> [IPv4 ('172.18.0.4', 29092)]>: connecting to kafka:29092 [('172.18.0.4', 29092) IPv4]
[2025-12-17T08:54:51.166+0000] {conn.py:1205} INFO - Probing node bootstrap-0 broker version
[2025-12-17T08:54:51.169+0000] {conn.py:410} INFO - <BrokerConnection node_id=bootstrap-0 host=kafka:29092 <connecting> [IPv4 ('172.18.0.4', 29092)]>: Connection complete.
[2025-12-17T08:54:51.284+0000] {conn.py:1267} INFO - Broker version identified as 2.5.0
[2025-12-17T08:54:51.285+0000] {conn.py:1268} INFO - Set configuration api_version=(2, 5, 0) to skip auto check_version requests on startup
[2025-12-17T08:54:51.295+0000] {logging_mixin.py:154} INFO - The producer is launched on 50 min. Interval: 3 minutes.
[2025-12-17T08:54:51.989+0000] {logging_mixin.py:154} INFO - Sent: Almaty в 2025-12-17T08:54:51.988409
[2025-12-17T08:54:51.991+0000] {conn.py:380} INFO - <BrokerConnection node_id=1 host=kafka:29092 <connecting> [IPv4 ('172.18.0.4', 29092)]>: connecting to kafka:29092 [('172.18.0.4', 29092) IPv4]
[2025-12-17T08:54:51.992+0000] {conn.py:410} INFO - <BrokerConnection node_id=1 host=kafka:29092 <connecting> [IPv4 ('172.18.0.4', 29092)]>: Connection complete.
[2025-12-17T08:54:51.993+0000] {conn.py:919} INFO - <BrokerConnection node_id=bootstrap-0 host=kafka:29092 <connected> [IPv4 ('172.18.0.4', 29092)]>: Closing connection. 
[2025-12-17T08:54:53.993+0000] {logging_mixin.py:154} INFO - Cycle completed. Waiting 177.3 sec. until next data collection...
[2025-12-17T08:57:51.960+0000] {logging_mixin.py:154} INFO - !!! Rate limit hit (429). Waiting...
[2025-12-17T09:02:54.060+0000] {logging_mixin.py:154} INFO - Cycle completed. Waiting 0 sec. until next data collection...
[2025-12-17T09:02:54.656+0000] {logging_mixin.py:154} INFO - Sent: Almaty в 2025-12-17T09:02:54.648199
[2025-12-17T09:02:56.663+0000] {logging_mixin.py:154} INFO - Cycle completed. Waiting 177.4 sec. until next data collection...
[2025-12-17T09:05:54.758+0000] {logging_mixin.py:154} INFO - Sent: Almaty в 2025-12-17T09:05:54.750103
[2025-12-17T09:05:56.765+0000] {logging_mixin.py:154} INFO - Cycle completed. Waiting 177.4 sec. until next data collection...
[2025-12-17T09:08:55.255+0000] {logging_mixin.py:154} INFO - Sent: Almaty в 2025-12-17T09:08:55.242402
[2025-12-17T09:08:57.260+0000] {logging_mixin.py:154} INFO - Cycle completed. Waiting 176.9 sec. until next data collection...
[2025-12-17T09:11:55.265+0000] {logging_mixin.py:154} INFO - Sent: Almaty в 2025-12-17T09:11:55.262895
[2025-12-17T09:11:57.264+0000] {logging_mixin.py:154} INFO - Cycle completed. Waiting 177.0 sec. until next data collection...
[2025-12-17T09:14:55.031+0000] {logging_mixin.py:154} INFO - Sent: Almaty в 2025-12-17T09:14:55.030545
[2025-12-17T09:14:57.030+0000] {logging_mixin.py:154} INFO - Cycle completed. Waiting 177.3 sec. until next data collection...
[2025-12-17T09:17:55.020+0000] {logging_mixin.py:154} INFO - Sent: Almaty в 2025-12-17T09:17:55.011284
[2025-12-17T09:17:57.023+0000] {logging_mixin.py:154} INFO - Cycle completed. Waiting 177.3 sec. until next data collection...
[2025-12-17T09:20:55.421+0000] {logging_mixin.py:154} INFO - !!! Rate limit hit (429). Waiting...
[2025-12-17T09:25:57.532+0000] {logging_mixin.py:154} INFO - Cycle completed. Waiting 0 sec. until next data collection...
[2025-12-17T09:25:58.230+0000] {logging_mixin.py:154} INFO - !!! Rate limit hit (429). Waiting...
[2025-12-17T09:31:00.337+0000] {logging_mixin.py:154} INFO - Cycle completed. Waiting 0 sec. until next data collection...
[2025-12-17T09:31:00.991+0000] {logging_mixin.py:154} INFO - !!! Rate limit hit (429). Waiting...
[2025-12-17T09:36:03.060+0000] {logging_mixin.py:154} INFO - Cycle completed. Waiting 0 sec. until next data collection...
[2025-12-17T09:36:03.825+0000] {logging_mixin.py:154} INFO - !!! Rate limit hit (429). Waiting...
[2025-12-17T09:41:05.898+0000] {logging_mixin.py:154} INFO - Cycle completed. Waiting 0 sec. until next data collection...
[2025-12-17T09:41:06.397+0000] {logging_mixin.py:154} INFO - !!! Rate limit hit (429). Waiting...
[2025-12-17T09:46:08.485+0000] {logging_mixin.py:154} INFO - Cycle completed. Waiting 0 sec. until next data collection...
[2025-12-17T09:46:08.505+0000] {conn.py:919} INFO - <BrokerConnection node_id=1 host=kafka:29092 <connected> [IPv4 ('172.18.0.4', 29092)]>: Closing connection. 
[2025-12-17T09:46:08.538+0000] {python.py:194} INFO - Done. Returned value was: None
[2025-12-17T09:46:08.823+0000] {taskinstance.py:1400} INFO - Marking task as SUCCESS. dag_id=job1_weather_ingestion, task_id=ingest_weather_data, execution_date=20251217T070000, start_date=20251217T085450, end_date=20251217T094608
[2025-12-17T09:46:08.990+0000] {local_task_job_runner.py:228} INFO - Task exited with return code 0
[2025-12-17T09:46:09.101+0000] {taskinstance.py:2778} INFO - 0 downstream tasks scheduled from follow-on schedule check
