[2025-12-16T13:43:39.051+0000] {taskinstance.py:1159} INFO - Dependencies all met for dep_context=non-requeueable deps ti=<TaskInstance: job3_daily_analytics.compute_daily_summary manual__2025-12-16T13:43:35.513612+00:00 [queued]>
[2025-12-16T13:43:39.065+0000] {taskinstance.py:1159} INFO - Dependencies all met for dep_context=requeueable deps ti=<TaskInstance: job3_daily_analytics.compute_daily_summary manual__2025-12-16T13:43:35.513612+00:00 [queued]>
[2025-12-16T13:43:39.066+0000] {taskinstance.py:1361} INFO - Starting attempt 1 of 3
[2025-12-16T13:43:39.095+0000] {taskinstance.py:1382} INFO - Executing <Task(PythonOperator): compute_daily_summary> on 2025-12-16 13:43:35.513612+00:00
[2025-12-16T13:43:39.108+0000] {standard_task_runner.py:57} INFO - Started process 1970 to run task
[2025-12-16T13:43:39.116+0000] {standard_task_runner.py:84} INFO - Running: ['***', 'tasks', 'run', 'job3_daily_analytics', 'compute_daily_summary', 'manual__2025-12-16T13:43:35.513612+00:00', '--job-id', '42', '--raw', '--subdir', 'DAGS_FOLDER/job3_daily_summary_dag.py', '--cfg-path', '/tmp/tmp8moxj3ce']
[2025-12-16T13:43:39.123+0000] {standard_task_runner.py:85} INFO - Job 42: Subtask compute_daily_summary
[2025-12-16T13:43:39.280+0000] {task_command.py:416} INFO - Running <TaskInstance: job3_daily_analytics.compute_daily_summary manual__2025-12-16T13:43:35.513612+00:00 [running]> on host 368de0f02f1d
[2025-12-16T13:43:39.725+0000] {taskinstance.py:1662} INFO - Exporting env vars: AIRFLOW_CTX_DAG_OWNER='team' AIRFLOW_CTX_DAG_ID='job3_daily_analytics' AIRFLOW_CTX_TASK_ID='compute_daily_summary' AIRFLOW_CTX_EXECUTION_DATE='2025-12-16T13:43:35.513612+00:00' AIRFLOW_CTX_TRY_NUMBER='1' AIRFLOW_CTX_DAG_RUN_ID='manual__2025-12-16T13:43:35.513612+00:00'
[2025-12-16T13:43:39.727+0000] {logging_mixin.py:154} INFO - Computing analytics for date: 2025-12-15
[2025-12-16T13:43:39.782+0000] {logging_mixin.py:154} INFO - Total records to analyze: 94
[2025-12-16T13:43:39.866+0000] {logging_mixin.py:154} INFO - 
Daily Summary Statistics:
[2025-12-16T13:43:39.884+0000] {logging_mixin.py:154} INFO -       date location  avg_temperature  min_temperature  max_temperature  avg_humidity  avg_wind_speed  total_precipitation  record_count
2025-12-16   Almaty            -0.13             -1.8              1.7         76.62            0.72                  0.0            34
2025-12-16   Astana            -9.28            -10.8             -8.1         83.55            6.05                  0.0            31
2025-12-16 Shymkent             4.23              1.1              6.3         70.14            1.30                  0.0            29
[2025-12-16T13:43:40.025+0000] {logging_mixin.py:154} INFO - Inserted 3 records into daily_summary table
[2025-12-16T13:43:40.026+0000] {logging_mixin.py:154} INFO - 
=== Additional Insights ===
[2025-12-16T13:43:40.051+0000] {logging_mixin.py:154} INFO - 
Overall Statistics:
[2025-12-16T13:43:40.068+0000] {logging_mixin.py:154} INFO -       temperature   humidity  wind_speed  precipitation
mean    -1.804255  76.904255    2.655319            NaN
std      5.723145   8.807462         NaN            NaN
max           NaN        NaN    7.700000            NaN
sum           NaN        NaN         NaN            0.0
[2025-12-16T13:43:40.069+0000] {logging_mixin.py:154} INFO - 
Temperature by Location:
[2025-12-16T13:43:40.073+0000] {logging_mixin.py:154} INFO - location
Shymkent    4.23
Almaty     -0.13
Astana     -9.28
Name: avg_temperature, dtype: float64
[2025-12-16T13:43:40.075+0000] {python.py:194} INFO - Done. Returned value was: None
[2025-12-16T13:43:40.101+0000] {taskinstance.py:1400} INFO - Marking task as SUCCESS. dag_id=job3_daily_analytics, task_id=compute_daily_summary, execution_date=20251216T134335, start_date=20251216T134339, end_date=20251216T134340
[2025-12-16T13:43:40.171+0000] {local_task_job_runner.py:228} INFO - Task exited with return code 0
[2025-12-16T13:43:40.296+0000] {taskinstance.py:2778} INFO - 0 downstream tasks scheduled from follow-on schedule check
