[2025-12-17T07:08:06.121+0000] {taskinstance.py:1159} INFO - Dependencies all met for dep_context=non-requeueable deps ti=<TaskInstance: job1_weather_ingestion.ingest_weather_data manual__2025-12-17T07:08:04.519544+00:00 [queued]>
[2025-12-17T07:08:06.135+0000] {taskinstance.py:1159} INFO - Dependencies all met for dep_context=requeueable deps ti=<TaskInstance: job1_weather_ingestion.ingest_weather_data manual__2025-12-17T07:08:04.519544+00:00 [queued]>
[2025-12-17T07:08:06.136+0000] {taskinstance.py:1361} INFO - Starting attempt 1 of 2
[2025-12-17T07:08:06.158+0000] {taskinstance.py:1382} INFO - Executing <Task(PythonOperator): ingest_weather_data> on 2025-12-17 07:08:04.519544+00:00
[2025-12-17T07:08:06.168+0000] {standard_task_runner.py:57} INFO - Started process 1291 to run task
[2025-12-17T07:08:06.174+0000] {standard_task_runner.py:84} INFO - Running: ['***', 'tasks', 'run', 'job1_weather_ingestion', 'ingest_weather_data', 'manual__2025-12-17T07:08:04.519544+00:00', '--job-id', '12', '--raw', '--subdir', 'DAGS_FOLDER/job1_ingestion_dag.py', '--cfg-path', '/tmp/tmpvz0lvc07']
[2025-12-17T07:08:06.178+0000] {standard_task_runner.py:85} INFO - Job 12: Subtask ingest_weather_data
[2025-12-17T07:08:06.280+0000] {task_command.py:416} INFO - Running <TaskInstance: job1_weather_ingestion.ingest_weather_data manual__2025-12-17T07:08:04.519544+00:00 [running]> on host 2610621bd5d4
[2025-12-17T07:08:06.411+0000] {taskinstance.py:1662} INFO - Exporting env vars: AIRFLOW_CTX_DAG_OWNER='team' AIRFLOW_CTX_DAG_ID='job1_weather_ingestion' AIRFLOW_CTX_TASK_ID='ingest_weather_data' AIRFLOW_CTX_EXECUTION_DATE='2025-12-17T07:08:04.519544+00:00' AIRFLOW_CTX_TRY_NUMBER='1' AIRFLOW_CTX_DAG_RUN_ID='manual__2025-12-17T07:08:04.519544+00:00'
[2025-12-17T07:08:06.416+0000] {conn.py:380} INFO - <BrokerConnection node_id=bootstrap-0 host=kafka:29092 <connecting> [IPv4 ('172.18.0.4', 29092)]>: connecting to kafka:29092 [('172.18.0.4', 29092) IPv4]
[2025-12-17T07:08:06.417+0000] {conn.py:1205} INFO - Probing node bootstrap-0 broker version
[2025-12-17T07:08:06.418+0000] {conn.py:410} INFO - <BrokerConnection node_id=bootstrap-0 host=kafka:29092 <connecting> [IPv4 ('172.18.0.4', 29092)]>: Connection complete.
[2025-12-17T07:08:06.530+0000] {conn.py:1267} INFO - Broker version identified as 2.5.0
[2025-12-17T07:08:06.531+0000] {conn.py:1268} INFO - Set configuration api_version=(2, 5, 0) to skip auto check_version requests on startup
[2025-12-17T07:08:06.539+0000] {logging_mixin.py:154} INFO - The producer is launched on 58 min. Interval: 2 minutes.
[2025-12-17T07:08:06.913+0000] {logging_mixin.py:154} INFO - Sent: Almaty в 2025-12-17T07:08:06.911511
[2025-12-17T07:08:06.917+0000] {conn.py:380} INFO - <BrokerConnection node_id=1 host=kafka:29092 <connecting> [IPv4 ('172.18.0.4', 29092)]>: connecting to kafka:29092 [('172.18.0.4', 29092) IPv4]
[2025-12-17T07:08:06.919+0000] {conn.py:410} INFO - <BrokerConnection node_id=1 host=kafka:29092 <connecting> [IPv4 ('172.18.0.4', 29092)]>: Connection complete.
[2025-12-17T07:08:06.921+0000] {conn.py:919} INFO - <BrokerConnection node_id=bootstrap-0 host=kafka:29092 <connected> [IPv4 ('172.18.0.4', 29092)]>: Closing connection. 
[2025-12-17T07:08:09.571+0000] {logging_mixin.py:154} INFO - Sent: Astana в 2025-12-17T07:08:09.570496
[2025-12-17T07:08:12.159+0000] {logging_mixin.py:154} INFO - Sent: Shymkent в 2025-12-17T07:08:12.158740
[2025-12-17T07:08:14.164+0000] {logging_mixin.py:154} INFO - Cycle completed. Waiting 592.4 sec. until next data collection...
[2025-12-17T07:18:07.134+0000] {logging_mixin.py:154} INFO - Sent: Almaty в 2025-12-17T07:18:07.113176
[2025-12-17T07:18:09.751+0000] {logging_mixin.py:154} INFO - Sent: Astana в 2025-12-17T07:18:09.749230
[2025-12-17T07:18:12.303+0000] {logging_mixin.py:154} INFO - Sent: Shymkent в 2025-12-17T07:18:12.300407
[2025-12-17T07:18:14.306+0000] {logging_mixin.py:154} INFO - Cycle completed. Waiting 592.2 sec. until next data collection...
[2025-12-17T07:28:07.158+0000] {logging_mixin.py:154} INFO - Sent: Almaty в 2025-12-17T07:28:07.150145
[2025-12-17T07:28:09.576+0000] {logging_mixin.py:154} INFO - Sent: Astana в 2025-12-17T07:28:09.575484
[2025-12-17T07:28:12.167+0000] {logging_mixin.py:154} INFO - Sent: Shymkent в 2025-12-17T07:28:12.166719
[2025-12-17T07:28:14.171+0000] {logging_mixin.py:154} INFO - Cycle completed. Waiting 592.3 sec. until next data collection...
[2025-12-17T07:38:06.932+0000] {logging_mixin.py:154} INFO - Sent: Almaty в 2025-12-17T07:38:06.922210
[2025-12-17T07:38:09.353+0000] {logging_mixin.py:154} INFO - Sent: Astana в 2025-12-17T07:38:09.352481
[2025-12-17T07:38:12.058+0000] {logging_mixin.py:154} INFO - Sent: Shymkent в 2025-12-17T07:38:12.057848
[2025-12-17T07:38:14.062+0000] {logging_mixin.py:154} INFO - Cycle completed. Waiting 592.3 sec. until next data collection...
[2025-12-17T07:48:06.983+0000] {logging_mixin.py:154} INFO - !!! Rate limit hit (429). Waiting...
[2025-12-17T07:53:09.783+0000] {logging_mixin.py:154} INFO - !!! Rate limit hit (429). Waiting...
[2025-12-17T07:58:12.471+0000] {logging_mixin.py:154} INFO - !!! Rate limit hit (429). Waiting...
[2025-12-17T08:03:14.493+0000] {logging_mixin.py:154} INFO - Cycle completed. Waiting 0 sec. until next data collection...
[2025-12-17T08:03:15.196+0000] {logging_mixin.py:154} INFO - Sent: Almaty в 2025-12-17T08:03:15.173707
[2025-12-17T08:03:17.727+0000] {logging_mixin.py:154} INFO - Sent: Astana в 2025-12-17T08:03:17.724365
[2025-12-17T08:03:20.200+0000] {logging_mixin.py:154} INFO - Sent: Shymkent в 2025-12-17T08:03:20.198750
[2025-12-17T08:03:22.205+0000] {logging_mixin.py:154} INFO - Cycle completed. Waiting 592.3 sec. until next data collection...
[2025-12-17T08:13:14.430+0000] {conn.py:919} INFO - <BrokerConnection node_id=1 host=kafka:29092 <connected> [IPv4 ('172.18.0.4', 29092)]>: Closing connection. 
[2025-12-17T08:13:14.463+0000] {python.py:194} INFO - Done. Returned value was: None
[2025-12-17T08:13:14.631+0000] {taskinstance.py:1400} INFO - Marking task as SUCCESS. dag_id=job1_weather_ingestion, task_id=ingest_weather_data, execution_date=20251217T070804, start_date=20251217T070806, end_date=20251217T081314
[2025-12-17T08:13:14.780+0000] {local_task_job_runner.py:228} INFO - Task exited with return code 0
[2025-12-17T08:13:14.858+0000] {taskinstance.py:2778} INFO - 0 downstream tasks scheduled from follow-on schedule check
