[2025-12-17T06:44:40.678+0000] {taskinstance.py:1159} INFO - Dependencies all met for dep_context=non-requeueable deps ti=<TaskInstance: job1_weather_ingestion.ingest_weather_data manual__2025-12-17T06:44:39.032272+00:00 [queued]>
[2025-12-17T06:44:40.692+0000] {taskinstance.py:1159} INFO - Dependencies all met for dep_context=requeueable deps ti=<TaskInstance: job1_weather_ingestion.ingest_weather_data manual__2025-12-17T06:44:39.032272+00:00 [queued]>
[2025-12-17T06:44:40.692+0000] {taskinstance.py:1361} INFO - Starting attempt 1 of 2
[2025-12-17T06:44:40.712+0000] {taskinstance.py:1382} INFO - Executing <Task(PythonOperator): ingest_weather_data> on 2025-12-17 06:44:39.032272+00:00
[2025-12-17T06:44:40.719+0000] {standard_task_runner.py:57} INFO - Started process 501 to run task
[2025-12-17T06:44:40.729+0000] {standard_task_runner.py:84} INFO - Running: ['***', 'tasks', 'run', 'job1_weather_ingestion', 'ingest_weather_data', 'manual__2025-12-17T06:44:39.032272+00:00', '--job-id', '6', '--raw', '--subdir', 'DAGS_FOLDER/job1_ingestion_dag.py', '--cfg-path', '/tmp/tmpuyixh2b2']
[2025-12-17T06:44:40.735+0000] {standard_task_runner.py:85} INFO - Job 6: Subtask ingest_weather_data
[2025-12-17T06:44:40.849+0000] {task_command.py:416} INFO - Running <TaskInstance: job1_weather_ingestion.ingest_weather_data manual__2025-12-17T06:44:39.032272+00:00 [running]> on host 2610621bd5d4
[2025-12-17T06:44:40.964+0000] {taskinstance.py:1662} INFO - Exporting env vars: AIRFLOW_CTX_DAG_OWNER='team' AIRFLOW_CTX_DAG_ID='job1_weather_ingestion' AIRFLOW_CTX_TASK_ID='ingest_weather_data' AIRFLOW_CTX_EXECUTION_DATE='2025-12-17T06:44:39.032272+00:00' AIRFLOW_CTX_TRY_NUMBER='1' AIRFLOW_CTX_DAG_RUN_ID='manual__2025-12-17T06:44:39.032272+00:00'
[2025-12-17T06:44:40.971+0000] {conn.py:380} INFO - <BrokerConnection node_id=bootstrap-0 host=kafka:29092 <connecting> [IPv4 ('172.18.0.4', 29092)]>: connecting to kafka:29092 [('172.18.0.4', 29092) IPv4]
[2025-12-17T06:44:40.972+0000] {conn.py:1205} INFO - Probing node bootstrap-0 broker version
[2025-12-17T06:44:40.974+0000] {conn.py:410} INFO - <BrokerConnection node_id=bootstrap-0 host=kafka:29092 <connecting> [IPv4 ('172.18.0.4', 29092)]>: Connection complete.
[2025-12-17T06:44:41.092+0000] {conn.py:1267} INFO - Broker version identified as 2.5.0
[2025-12-17T06:44:41.094+0000] {conn.py:1268} INFO - Set configuration api_version=(2, 5, 0) to skip auto check_version requests on startup
[2025-12-17T06:44:41.102+0000] {logging_mixin.py:154} INFO - The producer is launched on 58 min. Interval: 2 minutes.
[2025-12-17T06:44:41.667+0000] {logging_mixin.py:154} INFO - !!! Rate limit hit (429). Waiting...
[2025-12-17T06:45:14.229+0000] {logging_mixin.py:154} INFO - !!! Rate limit hit (429). Waiting...
[2025-12-17T06:45:46.694+0000] {logging_mixin.py:154} INFO - !!! Rate limit hit (429). Waiting...
[2025-12-17T06:46:18.727+0000] {logging_mixin.py:154} INFO - Cycle completed. Waiting 22.4 sec. until next data collection...
[2025-12-17T06:46:41.795+0000] {logging_mixin.py:154} INFO - !!! Rate limit hit (429). Waiting...
[2025-12-17T06:47:14.243+0000] {logging_mixin.py:154} INFO - !!! Rate limit hit (429). Waiting...
[2025-12-17T06:47:46.704+0000] {logging_mixin.py:154} INFO - !!! Rate limit hit (429). Waiting...
[2025-12-17T06:48:18.731+0000] {logging_mixin.py:154} INFO - Cycle completed. Waiting 22.4 sec. until next data collection...
[2025-12-17T06:48:41.693+0000] {logging_mixin.py:154} INFO - !!! Rate limit hit (429). Waiting...
[2025-12-17T06:49:14.152+0000] {logging_mixin.py:154} INFO - !!! Rate limit hit (429). Waiting...
[2025-12-17T06:49:41.180+0000] {conn.py:380} INFO - <BrokerConnection node_id=1 host=kafka:29092 <connecting> [IPv4 ('172.18.0.4', 29092)]>: connecting to kafka:29092 [('172.18.0.4', 29092) IPv4]
[2025-12-17T06:49:41.183+0000] {conn.py:410} INFO - <BrokerConnection node_id=1 host=kafka:29092 <connecting> [IPv4 ('172.18.0.4', 29092)]>: Connection complete.
[2025-12-17T06:49:41.185+0000] {conn.py:919} INFO - <BrokerConnection node_id=bootstrap-0 host=kafka:29092 <connected> [IPv4 ('172.18.0.4', 29092)]>: Closing connection. 
[2025-12-17T06:49:46.817+0000] {logging_mixin.py:154} INFO - !!! Rate limit hit (429). Waiting...
[2025-12-17T06:50:18.848+0000] {logging_mixin.py:154} INFO - Cycle completed. Waiting 22.3 sec. until next data collection...
[2025-12-17T06:50:41.912+0000] {logging_mixin.py:154} INFO - !!! Rate limit hit (429). Waiting...
[2025-12-17T06:51:14.402+0000] {logging_mixin.py:154} INFO - !!! Rate limit hit (429). Waiting...
[2025-12-17T06:51:46.831+0000] {logging_mixin.py:154} INFO - !!! Rate limit hit (429). Waiting...
[2025-12-17T06:52:18.846+0000] {logging_mixin.py:154} INFO - Cycle completed. Waiting 22.3 sec. until next data collection...
[2025-12-17T06:52:41.785+0000] {logging_mixin.py:154} INFO - !!! Rate limit hit (429). Waiting...
[2025-12-17T06:53:14.285+0000] {logging_mixin.py:154} INFO - !!! Rate limit hit (429). Waiting...
[2025-12-17T06:53:46.848+0000] {logging_mixin.py:154} INFO - !!! Rate limit hit (429). Waiting...
[2025-12-17T06:54:18.879+0000] {logging_mixin.py:154} INFO - Cycle completed. Waiting 22.3 sec. until next data collection...
[2025-12-17T06:54:41.573+0000] {logging_mixin.py:154} INFO - !!! Rate limit hit (429). Waiting...
[2025-12-17T06:55:14.074+0000] {logging_mixin.py:154} INFO - !!! Rate limit hit (429). Waiting...
[2025-12-17T06:55:46.521+0000] {logging_mixin.py:154} INFO - !!! Rate limit hit (429). Waiting...
[2025-12-17T06:56:18.530+0000] {logging_mixin.py:154} INFO - Cycle completed. Waiting 22.6 sec. until next data collection...
[2025-12-17T06:56:41.664+0000] {logging_mixin.py:154} INFO - !!! Rate limit hit (429). Waiting...
[2025-12-17T06:57:14.361+0000] {logging_mixin.py:154} INFO - !!! Rate limit hit (429). Waiting...
[2025-12-17T06:57:46.886+0000] {logging_mixin.py:154} INFO - !!! Rate limit hit (429). Waiting...
[2025-12-17T06:58:18.921+0000] {logging_mixin.py:154} INFO - Cycle completed. Waiting 22.3 sec. until next data collection...
[2025-12-17T06:58:41.866+0000] {logging_mixin.py:154} INFO - !!! Rate limit hit (429). Waiting...
[2025-12-17T06:59:14.411+0000] {logging_mixin.py:154} INFO - !!! Rate limit hit (429). Waiting...
[2025-12-17T06:59:47.104+0000] {logging_mixin.py:154} INFO - !!! Rate limit hit (429). Waiting...
[2025-12-17T07:00:19.120+0000] {logging_mixin.py:154} INFO - Cycle completed. Waiting 22.1 sec. until next data collection...
[2025-12-17T07:00:42.056+0000] {logging_mixin.py:154} INFO - Sent: Almaty в 2025-12-17T07:00:42.004312
[2025-12-17T07:00:44.459+0000] {logging_mixin.py:154} INFO - Sent: Astana в 2025-12-17T07:00:44.458421
[2025-12-17T07:00:47.307+0000] {logging_mixin.py:154} INFO - Sent: Shymkent в 2025-12-17T07:00:47.306322
[2025-12-17T07:00:49.312+0000] {logging_mixin.py:154} INFO - Cycle completed. Waiting 111.9 sec. until next data collection...
[2025-12-17T07:02:41.901+0000] {logging_mixin.py:154} INFO - Sent: Almaty в 2025-12-17T07:02:41.894373
[2025-12-17T07:02:44.555+0000] {logging_mixin.py:154} INFO - Sent: Astana в 2025-12-17T07:02:44.554426
[2025-12-17T07:02:47.010+0000] {logging_mixin.py:154} INFO - Sent: Shymkent в 2025-12-17T07:02:47.009346
[2025-12-17T07:02:49.016+0000] {logging_mixin.py:154} INFO - Cycle completed. Waiting 112.3 sec. until next data collection...
[2025-12-17T07:04:41.906+0000] {logging_mixin.py:154} INFO - !!! Rate limit hit (429). Waiting...
[2025-12-17T07:05:14.442+0000] {logging_mixin.py:154} INFO - !!! Rate limit hit (429). Waiting...
[2025-12-17T07:05:47.131+0000] {logging_mixin.py:154} INFO - !!! Rate limit hit (429). Waiting...
[2025-12-17T07:06:19.159+0000] {logging_mixin.py:154} INFO - Cycle completed. Waiting 22.2 sec. until next data collection...
[2025-12-17T07:06:41.919+0000] {logging_mixin.py:154} INFO - !!! Rate limit hit (429). Waiting...
[2025-12-17T07:07:14.380+0000] {logging_mixin.py:154} INFO - !!! Rate limit hit (429). Waiting...
[2025-12-17T07:07:46.942+0000] {logging_mixin.py:154} INFO - !!! Rate limit hit (429). Waiting...
[2025-12-17T07:08:18.965+0000] {logging_mixin.py:154} INFO - Cycle completed. Waiting 22.4 sec. until next data collection...
[2025-12-17T07:08:41.941+0000] {logging_mixin.py:154} INFO - !!! Rate limit hit (429). Waiting...
[2025-12-17T07:09:14.400+0000] {logging_mixin.py:154} INFO - !!! Rate limit hit (429). Waiting...
[2025-12-17T07:09:47.087+0000] {logging_mixin.py:154} INFO - !!! Rate limit hit (429). Waiting...
[2025-12-17T07:10:19.109+0000] {logging_mixin.py:154} INFO - Cycle completed. Waiting 22.3 sec. until next data collection...
[2025-12-17T07:10:41.947+0000] {logging_mixin.py:154} INFO - !!! Rate limit hit (429). Waiting...
[2025-12-17T07:11:14.508+0000] {logging_mixin.py:154} INFO - !!! Rate limit hit (429). Waiting...
[2025-12-17T07:11:46.968+0000] {logging_mixin.py:154} INFO - !!! Rate limit hit (429). Waiting...
[2025-12-17T07:12:18.995+0000] {logging_mixin.py:154} INFO - Cycle completed. Waiting 22.4 sec. until next data collection...
[2025-12-17T07:12:41.938+0000] {logging_mixin.py:154} INFO - !!! Rate limit hit (429). Waiting...
[2025-12-17T07:13:14.352+0000] {logging_mixin.py:154} INFO - !!! Rate limit hit (429). Waiting...
[2025-12-17T07:13:46.762+0000] {logging_mixin.py:154} INFO - !!! Rate limit hit (429). Waiting...
[2025-12-17T07:14:18.768+0000] {logging_mixin.py:154} INFO - Cycle completed. Waiting 22.7 sec. until next data collection...
[2025-12-17T07:14:42.071+0000] {logging_mixin.py:154} INFO - !!! Rate limit hit (429). Waiting...
[2025-12-17T07:15:14.475+0000] {logging_mixin.py:154} INFO - !!! Rate limit hit (429). Waiting...
[2025-12-17T07:15:46.912+0000] {logging_mixin.py:154} INFO - !!! Rate limit hit (429). Waiting...
[2025-12-17T07:16:18.913+0000] {logging_mixin.py:154} INFO - Cycle completed. Waiting 22.6 sec. until next data collection...
[2025-12-17T07:16:41.922+0000] {logging_mixin.py:154} INFO - !!! Rate limit hit (429). Waiting...
[2025-12-17T07:17:14.450+0000] {logging_mixin.py:154} INFO - !!! Rate limit hit (429). Waiting...
[2025-12-17T07:17:46.927+0000] {logging_mixin.py:154} INFO - !!! Rate limit hit (429). Waiting...
[2025-12-17T07:18:18.950+0000] {logging_mixin.py:154} INFO - Cycle completed. Waiting 22.6 sec. until next data collection...
[2025-12-17T07:18:42.112+0000] {logging_mixin.py:154} INFO - !!! Rate limit hit (429). Waiting...
[2025-12-17T07:19:14.657+0000] {logging_mixin.py:154} INFO - !!! Rate limit hit (429). Waiting...
[2025-12-17T07:19:47.075+0000] {logging_mixin.py:154} INFO - !!! Rate limit hit (429). Waiting...
[2025-12-17T07:20:19.097+0000] {logging_mixin.py:154} INFO - Cycle completed. Waiting 22.4 sec. until next data collection...
[2025-12-17T07:20:42.115+0000] {logging_mixin.py:154} INFO - !!! Rate limit hit (429). Waiting...
[2025-12-17T07:21:14.513+0000] {logging_mixin.py:154} INFO - !!! Rate limit hit (429). Waiting...
[2025-12-17T07:21:47.034+0000] {logging_mixin.py:154} INFO - !!! Rate limit hit (429). Waiting...
[2025-12-17T07:22:19.050+0000] {logging_mixin.py:154} INFO - Cycle completed. Waiting 22.5 sec. until next data collection...
[2025-12-17T07:22:42.029+0000] {logging_mixin.py:154} INFO - !!! Rate limit hit (429). Waiting...
[2025-12-17T07:23:14.514+0000] {logging_mixin.py:154} INFO - !!! Rate limit hit (429). Waiting...
[2025-12-17T07:23:47.002+0000] {logging_mixin.py:154} INFO - !!! Rate limit hit (429). Waiting...
[2025-12-17T07:24:19.028+0000] {logging_mixin.py:154} INFO - Cycle completed. Waiting 22.5 sec. until next data collection...
[2025-12-17T07:24:42.034+0000] {logging_mixin.py:154} INFO - !!! Rate limit hit (429). Waiting...
[2025-12-17T07:25:14.425+0000] {logging_mixin.py:154} INFO - !!! Rate limit hit (429). Waiting...
[2025-12-17T07:25:46.970+0000] {logging_mixin.py:154} INFO - !!! Rate limit hit (429). Waiting...
[2025-12-17T07:26:18.997+0000] {logging_mixin.py:154} INFO - Cycle completed. Waiting 22.6 sec. until next data collection...
[2025-12-17T07:26:41.999+0000] {logging_mixin.py:154} INFO - !!! Rate limit hit (429). Waiting...
[2025-12-17T07:27:14.512+0000] {logging_mixin.py:154} INFO - !!! Rate limit hit (429). Waiting...
[2025-12-17T07:27:46.978+0000] {logging_mixin.py:154} INFO - !!! Rate limit hit (429). Waiting...
[2025-12-17T07:28:19.006+0000] {logging_mixin.py:154} INFO - Cycle completed. Waiting 22.6 sec. until next data collection...
[2025-12-17T07:28:42.057+0000] {logging_mixin.py:154} INFO - !!! Rate limit hit (429). Waiting...
[2025-12-17T07:29:14.512+0000] {logging_mixin.py:154} INFO - !!! Rate limit hit (429). Waiting...
[2025-12-17T07:29:47.090+0000] {logging_mixin.py:154} INFO - !!! Rate limit hit (429). Waiting...
[2025-12-17T07:30:19.114+0000] {logging_mixin.py:154} INFO - Cycle completed. Waiting 22.5 sec. until next data collection...
[2025-12-17T07:30:42.074+0000] {logging_mixin.py:154} INFO - !!! Rate limit hit (429). Waiting...
[2025-12-17T07:31:14.577+0000] {logging_mixin.py:154} INFO - !!! Rate limit hit (429). Waiting...
[2025-12-17T07:31:47.108+0000] {logging_mixin.py:154} INFO - !!! Rate limit hit (429). Waiting...
[2025-12-17T07:32:19.107+0000] {logging_mixin.py:154} INFO - Cycle completed. Waiting 22.5 sec. until next data collection...
[2025-12-17T07:32:42.044+0000] {logging_mixin.py:154} INFO - !!! Rate limit hit (429). Waiting...
[2025-12-17T07:33:14.449+0000] {logging_mixin.py:154} INFO - !!! Rate limit hit (429). Waiting...
[2025-12-17T07:33:46.909+0000] {logging_mixin.py:154} INFO - !!! Rate limit hit (429). Waiting...
[2025-12-17T07:34:18.935+0000] {logging_mixin.py:154} INFO - Cycle completed. Waiting 22.7 sec. until next data collection...
[2025-12-17T07:34:42.113+0000] {logging_mixin.py:154} INFO - !!! Rate limit hit (429). Waiting...
[2025-12-17T07:35:14.871+0000] {logging_mixin.py:154} INFO - !!! Rate limit hit (429). Waiting...
[2025-12-17T07:35:47.331+0000] {logging_mixin.py:154} INFO - !!! Rate limit hit (429). Waiting...
[2025-12-17T07:36:19.330+0000] {logging_mixin.py:154} INFO - Cycle completed. Waiting 22.3 sec. until next data collection...
[2025-12-17T07:36:42.117+0000] {logging_mixin.py:154} INFO - !!! Rate limit hit (429). Waiting...
[2025-12-17T07:37:14.530+0000] {logging_mixin.py:154} INFO - !!! Rate limit hit (429). Waiting...
[2025-12-17T07:37:47.038+0000] {logging_mixin.py:154} INFO - !!! Rate limit hit (429). Waiting...
[2025-12-17T07:38:19.062+0000] {logging_mixin.py:154} INFO - Cycle completed. Waiting 22.5 sec. until next data collection...
[2025-12-17T07:38:42.128+0000] {logging_mixin.py:154} INFO - !!! Rate limit hit (429). Waiting...
[2025-12-17T07:39:14.793+0000] {logging_mixin.py:154} INFO - !!! Rate limit hit (429). Waiting...
[2025-12-17T07:39:47.357+0000] {logging_mixin.py:154} INFO - !!! Rate limit hit (429). Waiting...
[2025-12-17T07:40:19.386+0000] {logging_mixin.py:154} INFO - Cycle completed. Waiting 22.2 sec. until next data collection...
[2025-12-17T07:40:42.010+0000] {logging_mixin.py:154} INFO - !!! Rate limit hit (429). Waiting...
[2025-12-17T07:41:14.447+0000] {logging_mixin.py:154} INFO - !!! Rate limit hit (429). Waiting...
[2025-12-17T07:41:46.895+0000] {logging_mixin.py:154} INFO - !!! Rate limit hit (429). Waiting...
[2025-12-17T07:42:18.916+0000] {logging_mixin.py:154} INFO - Cycle completed. Waiting 22.7 sec. until next data collection...
[2025-12-17T07:42:41.648+0000] {conn.py:919} INFO - <BrokerConnection node_id=1 host=kafka:29092 <connected> [IPv4 ('172.18.0.4', 29092)]>: Closing connection. 
[2025-12-17T07:42:41.684+0000] {python.py:194} INFO - Done. Returned value was: None
[2025-12-17T07:42:42.074+0000] {taskinstance.py:1400} INFO - Marking task as SUCCESS. dag_id=job1_weather_ingestion, task_id=ingest_weather_data, execution_date=20251217T064439, start_date=20251217T064440, end_date=20251217T074242
[2025-12-17T07:42:42.355+0000] {local_task_job_runner.py:228} INFO - Task exited with return code 0
[2025-12-17T07:42:42.500+0000] {taskinstance.py:2778} INFO - 0 downstream tasks scheduled from follow-on schedule check
