[2025-12-17T09:00:01.428+0000] {taskinstance.py:1159} INFO - Dependencies all met for dep_context=non-requeueable deps ti=<TaskInstance: job1_weather_ingestion.ingest_weather_data scheduled__2025-12-17T08:00:00+00:00 [queued]>
[2025-12-17T09:00:01.437+0000] {taskinstance.py:1159} INFO - Dependencies all met for dep_context=requeueable deps ti=<TaskInstance: job1_weather_ingestion.ingest_weather_data scheduled__2025-12-17T08:00:00+00:00 [queued]>
[2025-12-17T09:00:01.437+0000] {taskinstance.py:1361} INFO - Starting attempt 1 of 2
[2025-12-17T09:00:01.449+0000] {taskinstance.py:1382} INFO - Executing <Task(PythonOperator): ingest_weather_data> on 2025-12-17 08:00:00+00:00
[2025-12-17T09:00:01.453+0000] {standard_task_runner.py:57} INFO - Started process 5034 to run task
[2025-12-17T09:00:01.456+0000] {standard_task_runner.py:84} INFO - Running: ['***', 'tasks', 'run', 'job1_weather_ingestion', 'ingest_weather_data', 'scheduled__2025-12-17T08:00:00+00:00', '--job-id', '19', '--raw', '--subdir', 'DAGS_FOLDER/job1_ingestion_dag.py', '--cfg-path', '/tmp/tmpblfonyew']
[2025-12-17T09:00:01.458+0000] {standard_task_runner.py:85} INFO - Job 19: Subtask ingest_weather_data
[2025-12-17T09:00:01.522+0000] {task_command.py:416} INFO - Running <TaskInstance: job1_weather_ingestion.ingest_weather_data scheduled__2025-12-17T08:00:00+00:00 [running]> on host 2610621bd5d4
[2025-12-17T09:00:01.752+0000] {taskinstance.py:1662} INFO - Exporting env vars: AIRFLOW_CTX_DAG_OWNER='team' AIRFLOW_CTX_DAG_ID='job1_weather_ingestion' AIRFLOW_CTX_TASK_ID='ingest_weather_data' AIRFLOW_CTX_EXECUTION_DATE='2025-12-17T08:00:00+00:00' AIRFLOW_CTX_TRY_NUMBER='1' AIRFLOW_CTX_DAG_RUN_ID='scheduled__2025-12-17T08:00:00+00:00'
[2025-12-17T09:00:01.777+0000] {conn.py:380} INFO - <BrokerConnection node_id=bootstrap-0 host=kafka:29092 <connecting> [IPv4 ('172.18.0.4', 29092)]>: connecting to kafka:29092 [('172.18.0.4', 29092) IPv4]
[2025-12-17T09:00:01.779+0000] {conn.py:1205} INFO - Probing node bootstrap-0 broker version
[2025-12-17T09:00:01.780+0000] {conn.py:410} INFO - <BrokerConnection node_id=bootstrap-0 host=kafka:29092 <connecting> [IPv4 ('172.18.0.4', 29092)]>: Connection complete.
[2025-12-17T09:00:01.886+0000] {conn.py:1267} INFO - Broker version identified as 2.5.0
[2025-12-17T09:00:01.886+0000] {conn.py:1268} INFO - Set configuration api_version=(2, 5, 0) to skip auto check_version requests on startup
[2025-12-17T09:00:01.897+0000] {logging_mixin.py:154} INFO - The producer is launched on 50 min. Interval: 3 minutes.
[2025-12-17T09:00:02.570+0000] {logging_mixin.py:154} INFO - Sent: Almaty в 2025-12-17T09:00:02.566199
[2025-12-17T09:00:02.571+0000] {conn.py:380} INFO - <BrokerConnection node_id=1 host=kafka:29092 <connecting> [IPv4 ('172.18.0.4', 29092)]>: connecting to kafka:29092 [('172.18.0.4', 29092) IPv4]
[2025-12-17T09:00:02.572+0000] {conn.py:410} INFO - <BrokerConnection node_id=1 host=kafka:29092 <connecting> [IPv4 ('172.18.0.4', 29092)]>: Connection complete.
[2025-12-17T09:00:02.572+0000] {conn.py:919} INFO - <BrokerConnection node_id=bootstrap-0 host=kafka:29092 <connected> [IPv4 ('172.18.0.4', 29092)]>: Closing connection. 
[2025-12-17T09:00:04.573+0000] {logging_mixin.py:154} INFO - Cycle completed. Waiting 177.3 sec. until next data collection...
[2025-12-17T09:03:02.439+0000] {logging_mixin.py:154} INFO - Sent: Almaty в 2025-12-17T09:03:02.436763
[2025-12-17T09:03:04.445+0000] {logging_mixin.py:154} INFO - Cycle completed. Waiting 177.5 sec. until next data collection...
[2025-12-17T09:06:02.473+0000] {logging_mixin.py:154} INFO - Sent: Almaty в 2025-12-17T09:06:02.467987
[2025-12-17T09:06:04.482+0000] {logging_mixin.py:154} INFO - Cycle completed. Waiting 177.6 sec. until next data collection...
[2025-12-17T09:09:02.527+0000] {logging_mixin.py:154} INFO - Sent: Almaty в 2025-12-17T09:09:02.515648
[2025-12-17T09:09:04.536+0000] {logging_mixin.py:154} INFO - Cycle completed. Waiting 177.6 sec. until next data collection...
[2025-12-17T09:12:02.589+0000] {logging_mixin.py:154} INFO - Sent: Almaty в 2025-12-17T09:12:02.588677
[2025-12-17T09:12:04.593+0000] {logging_mixin.py:154} INFO - Cycle completed. Waiting 177.6 sec. until next data collection...
[2025-12-17T09:15:02.678+0000] {logging_mixin.py:154} INFO - Sent: Almaty в 2025-12-17T09:15:02.676643
[2025-12-17T09:15:04.681+0000] {logging_mixin.py:154} INFO - Cycle completed. Waiting 177.6 sec. until next data collection...
[2025-12-17T09:18:02.744+0000] {logging_mixin.py:154} INFO - Sent: Almaty в 2025-12-17T09:18:02.739189
[2025-12-17T09:18:04.748+0000] {logging_mixin.py:154} INFO - Cycle completed. Waiting 177.5 sec. until next data collection...
[2025-12-17T09:21:02.838+0000] {logging_mixin.py:154} INFO - !!! Rate limit hit (429). Waiting...
[2025-12-17T09:26:04.927+0000] {logging_mixin.py:154} INFO - Cycle completed. Waiting 0 sec. until next data collection...
[2025-12-17T09:26:05.391+0000] {logging_mixin.py:154} INFO - !!! Rate limit hit (429). Waiting...
[2025-12-17T09:31:07.490+0000] {logging_mixin.py:154} INFO - Cycle completed. Waiting 0 sec. until next data collection...
[2025-12-17T09:31:07.952+0000] {logging_mixin.py:154} INFO - !!! Rate limit hit (429). Waiting...
[2025-12-17T09:36:10.024+0000] {logging_mixin.py:154} INFO - Cycle completed. Waiting 0 sec. until next data collection...
[2025-12-17T09:36:10.466+0000] {logging_mixin.py:154} INFO - !!! Rate limit hit (429). Waiting...
[2025-12-17T09:41:12.545+0000] {logging_mixin.py:154} INFO - Cycle completed. Waiting 0 sec. until next data collection...
[2025-12-17T09:41:12.989+0000] {logging_mixin.py:154} INFO - !!! Rate limit hit (429). Waiting...
[2025-12-17T09:46:15.053+0000] {logging_mixin.py:154} INFO - Cycle completed. Waiting 0 sec. until next data collection...
[2025-12-17T09:46:15.461+0000] {logging_mixin.py:154} INFO - !!! Rate limit hit (429). Waiting...
[2025-12-17T09:51:17.518+0000] {logging_mixin.py:154} INFO - Cycle completed. Waiting 0 sec. until next data collection...
[2025-12-17T09:51:17.538+0000] {conn.py:919} INFO - <BrokerConnection node_id=1 host=kafka:29092 <connected> [IPv4 ('172.18.0.4', 29092)]>: Closing connection. 
[2025-12-17T09:51:17.564+0000] {python.py:194} INFO - Done. Returned value was: None
[2025-12-17T09:51:17.748+0000] {taskinstance.py:1400} INFO - Marking task as SUCCESS. dag_id=job1_weather_ingestion, task_id=ingest_weather_data, execution_date=20251217T080000, start_date=20251217T090001, end_date=20251217T095117
[2025-12-17T09:51:17.878+0000] {local_task_job_runner.py:228} INFO - Task exited with return code 0
[2025-12-17T09:51:17.956+0000] {taskinstance.py:2778} INFO - 0 downstream tasks scheduled from follow-on schedule check
