[2025-12-17T08:00:03.099+0000] {taskinstance.py:1159} INFO - Dependencies all met for dep_context=non-requeueable deps ti=<TaskInstance: job2_weather_cleaning.clean_and_store_weather scheduled__2025-12-17T07:00:00+00:00 [queued]>
[2025-12-17T08:00:03.110+0000] {taskinstance.py:1159} INFO - Dependencies all met for dep_context=requeueable deps ti=<TaskInstance: job2_weather_cleaning.clean_and_store_weather scheduled__2025-12-17T07:00:00+00:00 [queued]>
[2025-12-17T08:00:03.111+0000] {taskinstance.py:1361} INFO - Starting attempt 1 of 3
[2025-12-17T08:00:03.127+0000] {taskinstance.py:1382} INFO - Executing <Task(PythonOperator): clean_and_store_weather> on 2025-12-17 07:00:00+00:00
[2025-12-17T08:00:03.140+0000] {standard_task_runner.py:57} INFO - Started process 2999 to run task
[2025-12-17T08:00:03.148+0000] {standard_task_runner.py:84} INFO - Running: ['***', 'tasks', 'run', 'job2_weather_cleaning', 'clean_and_store_weather', 'scheduled__2025-12-17T07:00:00+00:00', '--job-id', '15', '--raw', '--subdir', 'DAGS_FOLDER/job2_clean_store_dag.py', '--cfg-path', '/tmp/tmphz25kler']
[2025-12-17T08:00:03.157+0000] {standard_task_runner.py:85} INFO - Job 15: Subtask clean_and_store_weather
[2025-12-17T08:00:03.334+0000] {task_command.py:416} INFO - Running <TaskInstance: job2_weather_cleaning.clean_and_store_weather scheduled__2025-12-17T07:00:00+00:00 [running]> on host 2610621bd5d4
[2025-12-17T08:00:03.455+0000] {taskinstance.py:1662} INFO - Exporting env vars: AIRFLOW_CTX_DAG_OWNER='team' AIRFLOW_CTX_DAG_ID='job2_weather_cleaning' AIRFLOW_CTX_TASK_ID='clean_and_store_weather' AIRFLOW_CTX_EXECUTION_DATE='2025-12-17T07:00:00+00:00' AIRFLOW_CTX_TRY_NUMBER='1' AIRFLOW_CTX_DAG_RUN_ID='scheduled__2025-12-17T07:00:00+00:00'
[2025-12-17T08:00:03.487+0000] {logging_mixin.py:154} INFO - Database initialized at /opt/***/data/app.db
[2025-12-17T08:00:03.493+0000] {conn.py:380} INFO - <BrokerConnection node_id=bootstrap-0 host=kafka:29092 <connecting> [IPv4 ('172.18.0.4', 29092)]>: connecting to kafka:29092 [('172.18.0.4', 29092) IPv4]
[2025-12-17T08:00:03.494+0000] {conn.py:1205} INFO - Probing node bootstrap-0 broker version
[2025-12-17T08:00:03.498+0000] {conn.py:410} INFO - <BrokerConnection node_id=bootstrap-0 host=kafka:29092 <connecting> [IPv4 ('172.18.0.4', 29092)]>: Connection complete.
[2025-12-17T08:00:03.607+0000] {conn.py:1267} INFO - Broker version identified as 2.5.0
[2025-12-17T08:00:03.609+0000] {conn.py:1268} INFO - Set configuration api_version=(2, 5, 0) to skip auto check_version requests on startup
[2025-12-17T08:00:03.612+0000] {subscription_state.py:171} INFO - Updating subscribed topics to: ('raw_weather_events',)
[2025-12-17T08:00:03.613+0000] {logging_mixin.py:154} INFO - Starting to consume messages from Kafka...
[2025-12-17T08:00:03.645+0000] {cluster.py:371} INFO - Group coordinator for weather_cleaner_group is ('coordinator-1', 'kafka', 29092, None)
[2025-12-17T08:00:03.646+0000] {base.py:693} INFO - Discovered coordinator coordinator-1 for group weather_cleaner_group
[2025-12-17T08:00:03.648+0000] {base.py:741} INFO - Starting new heartbeat thread
[2025-12-17T08:00:03.650+0000] {consumer.py:348} INFO - Revoking previously assigned partitions () for group weather_cleaner_group
[2025-12-17T08:00:03.653+0000] {conn.py:380} INFO - <BrokerConnection node_id=coordinator-1 host=kafka:29092 <connecting> [IPv4 ('172.18.0.4', 29092)]>: connecting to kafka:29092 [('172.18.0.4', 29092) IPv4]
[2025-12-17T08:00:03.655+0000] {conn.py:410} INFO - <BrokerConnection node_id=coordinator-1 host=kafka:29092 <connecting> [IPv4 ('172.18.0.4', 29092)]>: Connection complete.
[2025-12-17T08:00:03.656+0000] {conn.py:919} INFO - <BrokerConnection node_id=bootstrap-0 host=kafka:29092 <connected> [IPv4 ('172.18.0.4', 29092)]>: Closing connection. 
[2025-12-17T08:00:03.758+0000] {base.py:450} INFO - (Re-)joining group weather_cleaner_group
[2025-12-17T08:00:06.845+0000] {base.py:521} INFO - Elected group leader -- performing partition assignments using range
[2025-12-17T08:00:06.849+0000] {conn.py:380} INFO - <BrokerConnection node_id=1 host=kafka:29092 <connecting> [IPv4 ('172.18.0.4', 29092)]>: connecting to kafka:29092 [('172.18.0.4', 29092) IPv4]
[2025-12-17T08:00:06.851+0000] {conn.py:410} INFO - <BrokerConnection node_id=1 host=kafka:29092 <connecting> [IPv4 ('172.18.0.4', 29092)]>: Connection complete.
[2025-12-17T08:00:06.925+0000] {base.py:335} INFO - Successfully joined group weather_cleaner_group with generation 7
[2025-12-17T08:00:06.926+0000] {subscription_state.py:257} INFO - Updated partition assignment: [('raw_weather_events', 0)]
[2025-12-17T08:00:06.927+0000] {consumer.py:245} INFO - Setting newly assigned partitions (('raw_weather_events', 0),) for group weather_cleaner_group
[2025-12-17T08:00:07.025+0000] {logging_mixin.py:154} INFO - Consumed message: Almaty at 2025-12-17T07:00:42.004312
[2025-12-17T08:00:07.026+0000] {logging_mixin.py:154} INFO - Consumed message: Astana at 2025-12-17T07:00:44.458421
[2025-12-17T08:00:07.030+0000] {logging_mixin.py:154} INFO - Consumed message: Shymkent at 2025-12-17T07:00:47.306322
[2025-12-17T08:00:07.031+0000] {logging_mixin.py:154} INFO - Consumed message: Almaty at 2025-12-17T07:01:10.649031
[2025-12-17T08:00:07.032+0000] {logging_mixin.py:154} INFO - Consumed message: Astana at 2025-12-17T07:01:13.134634
[2025-12-17T08:00:07.032+0000] {logging_mixin.py:154} INFO - Consumed message: Shymkent at 2025-12-17T07:01:15.558945
[2025-12-17T08:00:07.033+0000] {logging_mixin.py:154} INFO - Consumed message: Almaty at 2025-12-17T07:02:03.156406
[2025-12-17T08:00:07.033+0000] {logging_mixin.py:154} INFO - Consumed message: Astana at 2025-12-17T07:02:05.668383
[2025-12-17T08:00:07.034+0000] {logging_mixin.py:154} INFO - Consumed message: Shymkent at 2025-12-17T07:02:08.081172
[2025-12-17T08:00:07.035+0000] {logging_mixin.py:154} INFO - Consumed message: Almaty at 2025-12-17T07:02:41.894373
[2025-12-17T08:00:07.036+0000] {logging_mixin.py:154} INFO - Consumed message: Astana at 2025-12-17T07:02:44.554426
[2025-12-17T08:00:07.036+0000] {logging_mixin.py:154} INFO - Consumed message: Shymkent at 2025-12-17T07:02:47.009346
[2025-12-17T08:00:07.037+0000] {logging_mixin.py:154} INFO - Consumed message: Almaty at 2025-12-17T07:03:10.796461
[2025-12-17T08:00:07.038+0000] {logging_mixin.py:154} INFO - Consumed message: Astana at 2025-12-17T07:03:13.334085
[2025-12-17T08:00:07.039+0000] {logging_mixin.py:154} INFO - Consumed message: Almaty at 2025-12-17T07:06:54.721752
[2025-12-17T08:00:07.040+0000] {logging_mixin.py:154} INFO - Consumed message: Astana at 2025-12-17T07:06:57.132426
[2025-12-17T08:00:07.041+0000] {logging_mixin.py:154} INFO - Consumed message: Shymkent at 2025-12-17T07:06:59.734086
[2025-12-17T08:00:07.042+0000] {logging_mixin.py:154} INFO - Consumed message: Almaty at 2025-12-17T07:08:06.911511
[2025-12-17T08:00:07.043+0000] {logging_mixin.py:154} INFO - Consumed message: Astana at 2025-12-17T07:08:09.570496
[2025-12-17T08:00:07.044+0000] {logging_mixin.py:154} INFO - Consumed message: Shymkent at 2025-12-17T07:08:12.158740
[2025-12-17T08:00:07.045+0000] {logging_mixin.py:154} INFO - Consumed message: Almaty at 2025-12-17T07:13:00.801125
[2025-12-17T08:00:07.045+0000] {logging_mixin.py:154} INFO - Consumed message: Astana at 2025-12-17T07:13:03.279188
[2025-12-17T08:00:07.046+0000] {logging_mixin.py:154} INFO - Consumed message: Shymkent at 2025-12-17T07:13:05.801960
[2025-12-17T08:00:07.046+0000] {logging_mixin.py:154} INFO - Consumed message: Almaty at 2025-12-17T07:18:07.113176
[2025-12-17T08:00:07.047+0000] {logging_mixin.py:154} INFO - Consumed message: Astana at 2025-12-17T07:18:09.749230
[2025-12-17T08:00:07.048+0000] {logging_mixin.py:154} INFO - Consumed message: Shymkent at 2025-12-17T07:18:12.300407
[2025-12-17T08:00:07.048+0000] {logging_mixin.py:154} INFO - Consumed message: Almaty at 2025-12-17T07:23:01.012062
[2025-12-17T08:00:07.048+0000] {logging_mixin.py:154} INFO - Consumed message: Astana at 2025-12-17T07:23:03.759354
[2025-12-17T08:00:07.049+0000] {logging_mixin.py:154} INFO - Consumed message: Shymkent at 2025-12-17T07:23:06.393932
[2025-12-17T08:00:07.049+0000] {logging_mixin.py:154} INFO - Consumed message: Almaty at 2025-12-17T07:28:07.150145
[2025-12-17T08:00:07.050+0000] {logging_mixin.py:154} INFO - Consumed message: Astana at 2025-12-17T07:28:09.575484
[2025-12-17T08:00:07.051+0000] {logging_mixin.py:154} INFO - Consumed message: Shymkent at 2025-12-17T07:28:12.166719
[2025-12-17T08:00:07.052+0000] {logging_mixin.py:154} INFO - Consumed message: Almaty at 2025-12-17T07:33:00.830753
[2025-12-17T08:00:07.053+0000] {logging_mixin.py:154} INFO - Consumed message: Astana at 2025-12-17T07:33:03.308106
[2025-12-17T08:00:07.054+0000] {logging_mixin.py:154} INFO - Consumed message: Shymkent at 2025-12-17T07:33:05.753172
[2025-12-17T08:00:07.055+0000] {logging_mixin.py:154} INFO - Consumed message: Almaty at 2025-12-17T07:38:06.922210
[2025-12-17T08:00:07.055+0000] {logging_mixin.py:154} INFO - Consumed message: Astana at 2025-12-17T07:38:09.352481
[2025-12-17T08:00:07.056+0000] {logging_mixin.py:154} INFO - Consumed message: Shymkent at 2025-12-17T07:38:12.057848
[2025-12-17T08:00:07.057+0000] {logging_mixin.py:154} INFO - Consumed message: Almaty at 2025-12-17T07:43:00.651142
[2025-12-17T08:00:07.058+0000] {logging_mixin.py:154} INFO - Consumed message: Almaty at 2025-12-17T08:00:03.575704
[2025-12-17T08:00:07.058+0000] {logging_mixin.py:154} INFO - Consumed message: Astana at 2025-12-17T08:00:06.004631
[2025-12-17T08:00:17.069+0000] {base.py:748} INFO - Stopping heartbeat thread
[2025-12-17T08:00:17.071+0000] {base.py:773} INFO - Leaving consumer group (weather_cleaner_group).
[2025-12-17T08:00:17.095+0000] {conn.py:919} INFO - <BrokerConnection node_id=coordinator-1 host=kafka:29092 <connected> [IPv4 ('172.18.0.4', 29092)]>: Closing connection. 
[2025-12-17T08:00:17.096+0000] {conn.py:919} INFO - <BrokerConnection node_id=1 host=kafka:29092 <connected> [IPv4 ('172.18.0.4', 29092)]>: Closing connection. 
[2025-12-17T08:00:17.097+0000] {future.py:79} ERROR - Fetch to node 1 failed: Cancelled: <BrokerConnection node_id=1 host=kafka:29092 <connected> [IPv4 ('172.18.0.4', 29092)]>
[2025-12-17T08:00:17.098+0000] {logging_mixin.py:154} INFO - 
Total messages consumed: 41
[2025-12-17T08:00:17.124+0000] {logging_mixin.py:154} INFO - Initial records: 41
[2025-12-17T08:00:17.140+0000] {logging_mixin.py:154} INFO - After removing duplicates: 41
[2025-12-17T08:00:17.174+0000] {logging_mixin.py:154} INFO - After removing invalid timestamps: 41
[2025-12-17T08:00:17.184+0000] {logging_mixin.py:154} INFO - After range validation: 41
[2025-12-17T08:00:17.207+0000] {logging_mixin.py:154} INFO - Final cleaned records: 41
[2025-12-17T08:00:17.281+0000] {logging_mixin.py:154} INFO - Inserted 41 records into events table
[2025-12-17T08:00:17.283+0000] {logging_mixin.py:154} INFO - Successfully inserted 41 cleaned records
[2025-12-17T08:00:17.284+0000] {python.py:194} INFO - Done. Returned value was: None
[2025-12-17T08:00:17.310+0000] {taskinstance.py:1400} INFO - Marking task as SUCCESS. dag_id=job2_weather_cleaning, task_id=clean_and_store_weather, execution_date=20251217T070000, start_date=20251217T080003, end_date=20251217T080017
[2025-12-17T08:00:17.373+0000] {local_task_job_runner.py:228} INFO - Task exited with return code 0
[2025-12-17T08:00:17.400+0000] {taskinstance.py:2778} INFO - 0 downstream tasks scheduled from follow-on schedule check
