[2025-12-18T09:02:00.986+0000] {processor.py:157} INFO - Started process (PID=174) to work on /opt/airflow/dags/job1_ingestion_dag.py
[2025-12-18T09:02:00.988+0000] {processor.py:829} INFO - Processing file /opt/airflow/dags/job1_ingestion_dag.py for tasks to queue
[2025-12-18T09:02:00.989+0000] {logging_mixin.py:154} INFO - [2025-12-18T09:02:00.989+0000] {dagbag.py:536} INFO - Filling up the DagBag from /opt/airflow/dags/job1_ingestion_dag.py
[2025-12-18T09:02:01.016+0000] {processor.py:839} INFO - DAG(s) dict_keys(['job1_weather_ingestion']) retrieved from /opt/airflow/dags/job1_ingestion_dag.py
[2025-12-18T09:02:01.059+0000] {logging_mixin.py:154} INFO - [2025-12-18T09:02:01.058+0000] {manager.py:499} INFO - Created Permission View: %s
[2025-12-18T09:02:01.062+0000] {logging_mixin.py:154} INFO - [2025-12-18T09:02:01.062+0000] {manager.py:499} INFO - Created Permission View: %s
[2025-12-18T09:02:01.065+0000] {logging_mixin.py:154} INFO - [2025-12-18T09:02:01.065+0000] {manager.py:499} INFO - Created Permission View: %s
[2025-12-18T09:02:01.065+0000] {logging_mixin.py:154} INFO - [2025-12-18T09:02:01.065+0000] {dag.py:2941} INFO - Sync 1 DAGs
[2025-12-18T09:02:01.069+0000] {logging_mixin.py:154} INFO - [2025-12-18T09:02:01.069+0000] {dag.py:2963} INFO - Creating ORM DAG for job1_weather_ingestion
[2025-12-18T09:02:01.074+0000] {logging_mixin.py:154} INFO - [2025-12-18T09:02:01.074+0000] {dag.py:3722} INFO - Setting next_dagrun for job1_weather_ingestion to 2025-12-18T08:00:00+00:00, run_after=2025-12-18T09:00:00+00:00
[2025-12-18T09:02:01.081+0000] {processor.py:179} INFO - Processing /opt/airflow/dags/job1_ingestion_dag.py took 0.097 seconds
[2025-12-18T09:02:31.578+0000] {processor.py:157} INFO - Started process (PID=191) to work on /opt/airflow/dags/job1_ingestion_dag.py
[2025-12-18T09:02:31.579+0000] {processor.py:829} INFO - Processing file /opt/airflow/dags/job1_ingestion_dag.py for tasks to queue
[2025-12-18T09:02:31.580+0000] {logging_mixin.py:154} INFO - [2025-12-18T09:02:31.579+0000] {dagbag.py:536} INFO - Filling up the DagBag from /opt/airflow/dags/job1_ingestion_dag.py
[2025-12-18T09:02:31.613+0000] {processor.py:839} INFO - DAG(s) dict_keys(['job1_weather_ingestion']) retrieved from /opt/airflow/dags/job1_ingestion_dag.py
[2025-12-18T09:02:31.628+0000] {logging_mixin.py:154} INFO - [2025-12-18T09:02:31.628+0000] {dag.py:2941} INFO - Sync 1 DAGs
[2025-12-18T09:02:31.643+0000] {logging_mixin.py:154} INFO - [2025-12-18T09:02:31.643+0000] {dag.py:3722} INFO - Setting next_dagrun for job1_weather_ingestion to 2025-12-18T08:00:00+00:00, run_after=2025-12-18T09:00:00+00:00
[2025-12-18T09:02:31.652+0000] {processor.py:179} INFO - Processing /opt/airflow/dags/job1_ingestion_dag.py took 0.076 seconds
[2025-12-18T09:03:02.301+0000] {processor.py:157} INFO - Started process (PID=208) to work on /opt/airflow/dags/job1_ingestion_dag.py
[2025-12-18T09:03:02.302+0000] {processor.py:829} INFO - Processing file /opt/airflow/dags/job1_ingestion_dag.py for tasks to queue
[2025-12-18T09:03:02.302+0000] {logging_mixin.py:154} INFO - [2025-12-18T09:03:02.302+0000] {dagbag.py:536} INFO - Filling up the DagBag from /opt/airflow/dags/job1_ingestion_dag.py
[2025-12-18T09:03:02.329+0000] {processor.py:839} INFO - DAG(s) dict_keys(['job1_weather_ingestion']) retrieved from /opt/airflow/dags/job1_ingestion_dag.py
[2025-12-18T09:03:02.340+0000] {logging_mixin.py:154} INFO - [2025-12-18T09:03:02.340+0000] {dag.py:2941} INFO - Sync 1 DAGs
[2025-12-18T09:03:02.350+0000] {logging_mixin.py:154} INFO - [2025-12-18T09:03:02.350+0000] {dag.py:3722} INFO - Setting next_dagrun for job1_weather_ingestion to 2025-12-18T08:00:00+00:00, run_after=2025-12-18T09:00:00+00:00
[2025-12-18T09:03:02.357+0000] {processor.py:179} INFO - Processing /opt/airflow/dags/job1_ingestion_dag.py took 0.057 seconds
[2025-12-18T09:03:32.936+0000] {processor.py:157} INFO - Started process (PID=227) to work on /opt/airflow/dags/job1_ingestion_dag.py
[2025-12-18T09:03:32.936+0000] {processor.py:829} INFO - Processing file /opt/airflow/dags/job1_ingestion_dag.py for tasks to queue
[2025-12-18T09:03:32.937+0000] {logging_mixin.py:154} INFO - [2025-12-18T09:03:32.937+0000] {dagbag.py:536} INFO - Filling up the DagBag from /opt/airflow/dags/job1_ingestion_dag.py
[2025-12-18T09:03:32.959+0000] {processor.py:839} INFO - DAG(s) dict_keys(['job1_weather_ingestion']) retrieved from /opt/airflow/dags/job1_ingestion_dag.py
[2025-12-18T09:03:32.972+0000] {logging_mixin.py:154} INFO - [2025-12-18T09:03:32.972+0000] {dag.py:2941} INFO - Sync 1 DAGs
[2025-12-18T09:03:32.982+0000] {logging_mixin.py:154} INFO - [2025-12-18T09:03:32.982+0000] {dag.py:3722} INFO - Setting next_dagrun for job1_weather_ingestion to 2025-12-18T08:00:00+00:00, run_after=2025-12-18T09:00:00+00:00
[2025-12-18T09:03:32.988+0000] {processor.py:179} INFO - Processing /opt/airflow/dags/job1_ingestion_dag.py took 0.054 seconds
[2025-12-18T09:04:03.427+0000] {processor.py:157} INFO - Started process (PID=242) to work on /opt/airflow/dags/job1_ingestion_dag.py
[2025-12-18T09:04:03.427+0000] {processor.py:829} INFO - Processing file /opt/airflow/dags/job1_ingestion_dag.py for tasks to queue
[2025-12-18T09:04:03.428+0000] {logging_mixin.py:154} INFO - [2025-12-18T09:04:03.427+0000] {dagbag.py:536} INFO - Filling up the DagBag from /opt/airflow/dags/job1_ingestion_dag.py
[2025-12-18T09:04:03.457+0000] {processor.py:839} INFO - DAG(s) dict_keys(['job1_weather_ingestion']) retrieved from /opt/airflow/dags/job1_ingestion_dag.py
[2025-12-18T09:04:03.470+0000] {logging_mixin.py:154} INFO - [2025-12-18T09:04:03.469+0000] {dag.py:2941} INFO - Sync 1 DAGs
[2025-12-18T09:04:03.483+0000] {logging_mixin.py:154} INFO - [2025-12-18T09:04:03.483+0000] {dag.py:3722} INFO - Setting next_dagrun for job1_weather_ingestion to 2025-12-18T08:00:00+00:00, run_after=2025-12-18T09:00:00+00:00
[2025-12-18T09:04:03.503+0000] {processor.py:179} INFO - Processing /opt/airflow/dags/job1_ingestion_dag.py took 0.078 seconds
[2025-12-18T09:04:34.002+0000] {processor.py:157} INFO - Started process (PID=259) to work on /opt/airflow/dags/job1_ingestion_dag.py
[2025-12-18T09:04:34.003+0000] {processor.py:829} INFO - Processing file /opt/airflow/dags/job1_ingestion_dag.py for tasks to queue
[2025-12-18T09:04:34.003+0000] {logging_mixin.py:154} INFO - [2025-12-18T09:04:34.003+0000] {dagbag.py:536} INFO - Filling up the DagBag from /opt/airflow/dags/job1_ingestion_dag.py
[2025-12-18T09:04:34.026+0000] {processor.py:839} INFO - DAG(s) dict_keys(['job1_weather_ingestion']) retrieved from /opt/airflow/dags/job1_ingestion_dag.py
[2025-12-18T09:04:34.040+0000] {logging_mixin.py:154} INFO - [2025-12-18T09:04:34.040+0000] {dag.py:2941} INFO - Sync 1 DAGs
[2025-12-18T09:04:34.051+0000] {logging_mixin.py:154} INFO - [2025-12-18T09:04:34.051+0000] {dag.py:3722} INFO - Setting next_dagrun for job1_weather_ingestion to 2025-12-18T08:00:00+00:00, run_after=2025-12-18T09:00:00+00:00
[2025-12-18T09:04:34.060+0000] {processor.py:179} INFO - Processing /opt/airflow/dags/job1_ingestion_dag.py took 0.061 seconds
[2025-12-18T09:05:04.599+0000] {processor.py:157} INFO - Started process (PID=276) to work on /opt/airflow/dags/job1_ingestion_dag.py
[2025-12-18T09:05:04.599+0000] {processor.py:829} INFO - Processing file /opt/airflow/dags/job1_ingestion_dag.py for tasks to queue
[2025-12-18T09:05:04.600+0000] {logging_mixin.py:154} INFO - [2025-12-18T09:05:04.599+0000] {dagbag.py:536} INFO - Filling up the DagBag from /opt/airflow/dags/job1_ingestion_dag.py
[2025-12-18T09:05:04.623+0000] {processor.py:839} INFO - DAG(s) dict_keys(['job1_weather_ingestion']) retrieved from /opt/airflow/dags/job1_ingestion_dag.py
[2025-12-18T09:05:04.636+0000] {logging_mixin.py:154} INFO - [2025-12-18T09:05:04.635+0000] {dag.py:2941} INFO - Sync 1 DAGs
[2025-12-18T09:05:04.647+0000] {logging_mixin.py:154} INFO - [2025-12-18T09:05:04.647+0000] {dag.py:3722} INFO - Setting next_dagrun for job1_weather_ingestion to 2025-12-18T08:00:00+00:00, run_after=2025-12-18T09:00:00+00:00
[2025-12-18T09:05:04.655+0000] {processor.py:179} INFO - Processing /opt/airflow/dags/job1_ingestion_dag.py took 0.058 seconds
[2025-12-18T09:05:30.627+0000] {processor.py:157} INFO - Started process (PID=174) to work on /opt/airflow/dags/job1_ingestion_dag.py
[2025-12-18T09:05:30.627+0000] {processor.py:829} INFO - Processing file /opt/airflow/dags/job1_ingestion_dag.py for tasks to queue
[2025-12-18T09:05:30.628+0000] {logging_mixin.py:154} INFO - [2025-12-18T09:05:30.628+0000] {dagbag.py:536} INFO - Filling up the DagBag from /opt/airflow/dags/job1_ingestion_dag.py
[2025-12-18T09:05:30.657+0000] {processor.py:839} INFO - DAG(s) dict_keys(['job1_weather_ingestion']) retrieved from /opt/airflow/dags/job1_ingestion_dag.py
[2025-12-18T09:05:30.698+0000] {logging_mixin.py:154} INFO - [2025-12-18T09:05:30.698+0000] {manager.py:499} INFO - Created Permission View: %s
[2025-12-18T09:05:30.701+0000] {logging_mixin.py:154} INFO - [2025-12-18T09:05:30.701+0000] {manager.py:499} INFO - Created Permission View: %s
[2025-12-18T09:05:30.704+0000] {logging_mixin.py:154} INFO - [2025-12-18T09:05:30.704+0000] {manager.py:499} INFO - Created Permission View: %s
[2025-12-18T09:05:30.704+0000] {logging_mixin.py:154} INFO - [2025-12-18T09:05:30.704+0000] {dag.py:2941} INFO - Sync 1 DAGs
[2025-12-18T09:05:30.708+0000] {logging_mixin.py:154} INFO - [2025-12-18T09:05:30.708+0000] {dag.py:2963} INFO - Creating ORM DAG for job1_weather_ingestion
[2025-12-18T09:05:30.712+0000] {logging_mixin.py:154} INFO - [2025-12-18T09:05:30.712+0000] {dag.py:3722} INFO - Setting next_dagrun for job1_weather_ingestion to 2025-12-18T08:00:00+00:00, run_after=2025-12-18T09:00:00+00:00
[2025-12-18T09:05:30.719+0000] {processor.py:179} INFO - Processing /opt/airflow/dags/job1_ingestion_dag.py took 0.095 seconds
[2025-12-18T09:06:01.163+0000] {processor.py:157} INFO - Started process (PID=191) to work on /opt/airflow/dags/job1_ingestion_dag.py
[2025-12-18T09:06:01.163+0000] {processor.py:829} INFO - Processing file /opt/airflow/dags/job1_ingestion_dag.py for tasks to queue
[2025-12-18T09:06:01.164+0000] {logging_mixin.py:154} INFO - [2025-12-18T09:06:01.164+0000] {dagbag.py:536} INFO - Filling up the DagBag from /opt/airflow/dags/job1_ingestion_dag.py
[2025-12-18T09:06:01.195+0000] {processor.py:839} INFO - DAG(s) dict_keys(['job1_weather_ingestion']) retrieved from /opt/airflow/dags/job1_ingestion_dag.py
[2025-12-18T09:06:01.208+0000] {logging_mixin.py:154} INFO - [2025-12-18T09:06:01.208+0000] {dag.py:2941} INFO - Sync 1 DAGs
[2025-12-18T09:06:01.219+0000] {logging_mixin.py:154} INFO - [2025-12-18T09:06:01.219+0000] {dag.py:3722} INFO - Setting next_dagrun for job1_weather_ingestion to 2025-12-18T08:00:00+00:00, run_after=2025-12-18T09:00:00+00:00
[2025-12-18T09:06:01.227+0000] {processor.py:179} INFO - Processing /opt/airflow/dags/job1_ingestion_dag.py took 0.066 seconds
[2025-12-18T09:06:31.805+0000] {processor.py:157} INFO - Started process (PID=221) to work on /opt/airflow/dags/job1_ingestion_dag.py
[2025-12-18T09:06:31.805+0000] {processor.py:829} INFO - Processing file /opt/airflow/dags/job1_ingestion_dag.py for tasks to queue
[2025-12-18T09:06:31.805+0000] {logging_mixin.py:154} INFO - [2025-12-18T09:06:31.805+0000] {dagbag.py:536} INFO - Filling up the DagBag from /opt/airflow/dags/job1_ingestion_dag.py
[2025-12-18T09:06:31.826+0000] {processor.py:839} INFO - DAG(s) dict_keys(['job1_weather_ingestion']) retrieved from /opt/airflow/dags/job1_ingestion_dag.py
[2025-12-18T09:06:31.835+0000] {logging_mixin.py:154} INFO - [2025-12-18T09:06:31.835+0000] {dag.py:2941} INFO - Sync 1 DAGs
[2025-12-18T09:06:31.844+0000] {logging_mixin.py:154} INFO - [2025-12-18T09:06:31.844+0000] {dag.py:3722} INFO - Setting next_dagrun for job1_weather_ingestion to 2025-12-18T09:00:00+00:00, run_after=2025-12-18T10:00:00+00:00
[2025-12-18T09:06:31.850+0000] {processor.py:179} INFO - Processing /opt/airflow/dags/job1_ingestion_dag.py took 0.047 seconds
[2025-12-18T09:07:02.413+0000] {processor.py:157} INFO - Started process (PID=238) to work on /opt/airflow/dags/job1_ingestion_dag.py
[2025-12-18T09:07:02.414+0000] {processor.py:829} INFO - Processing file /opt/airflow/dags/job1_ingestion_dag.py for tasks to queue
[2025-12-18T09:07:02.414+0000] {logging_mixin.py:154} INFO - [2025-12-18T09:07:02.414+0000] {dagbag.py:536} INFO - Filling up the DagBag from /opt/airflow/dags/job1_ingestion_dag.py
[2025-12-18T09:07:02.436+0000] {processor.py:839} INFO - DAG(s) dict_keys(['job1_weather_ingestion']) retrieved from /opt/airflow/dags/job1_ingestion_dag.py
[2025-12-18T09:07:02.445+0000] {logging_mixin.py:154} INFO - [2025-12-18T09:07:02.445+0000] {dag.py:2941} INFO - Sync 1 DAGs
[2025-12-18T09:07:02.454+0000] {logging_mixin.py:154} INFO - [2025-12-18T09:07:02.454+0000] {dag.py:3722} INFO - Setting next_dagrun for job1_weather_ingestion to 2025-12-18T09:00:00+00:00, run_after=2025-12-18T10:00:00+00:00
[2025-12-18T09:07:02.461+0000] {processor.py:179} INFO - Processing /opt/airflow/dags/job1_ingestion_dag.py took 0.049 seconds
[2025-12-18T09:07:32.883+0000] {processor.py:157} INFO - Started process (PID=255) to work on /opt/airflow/dags/job1_ingestion_dag.py
[2025-12-18T09:07:32.883+0000] {processor.py:829} INFO - Processing file /opt/airflow/dags/job1_ingestion_dag.py for tasks to queue
[2025-12-18T09:07:32.885+0000] {logging_mixin.py:154} INFO - [2025-12-18T09:07:32.884+0000] {dagbag.py:536} INFO - Filling up the DagBag from /opt/airflow/dags/job1_ingestion_dag.py
[2025-12-18T09:07:32.910+0000] {processor.py:839} INFO - DAG(s) dict_keys(['job1_weather_ingestion']) retrieved from /opt/airflow/dags/job1_ingestion_dag.py
[2025-12-18T09:07:32.922+0000] {logging_mixin.py:154} INFO - [2025-12-18T09:07:32.922+0000] {dag.py:2941} INFO - Sync 1 DAGs
[2025-12-18T09:07:32.932+0000] {logging_mixin.py:154} INFO - [2025-12-18T09:07:32.932+0000] {dag.py:3722} INFO - Setting next_dagrun for job1_weather_ingestion to 2025-12-18T09:00:00+00:00, run_after=2025-12-18T10:00:00+00:00
[2025-12-18T09:07:32.940+0000] {processor.py:179} INFO - Processing /opt/airflow/dags/job1_ingestion_dag.py took 0.059 seconds
[2025-12-18T09:08:03.469+0000] {processor.py:157} INFO - Started process (PID=272) to work on /opt/airflow/dags/job1_ingestion_dag.py
[2025-12-18T09:08:03.469+0000] {processor.py:829} INFO - Processing file /opt/airflow/dags/job1_ingestion_dag.py for tasks to queue
[2025-12-18T09:08:03.469+0000] {logging_mixin.py:154} INFO - [2025-12-18T09:08:03.469+0000] {dagbag.py:536} INFO - Filling up the DagBag from /opt/airflow/dags/job1_ingestion_dag.py
[2025-12-18T09:08:03.494+0000] {processor.py:839} INFO - DAG(s) dict_keys(['job1_weather_ingestion']) retrieved from /opt/airflow/dags/job1_ingestion_dag.py
[2025-12-18T09:08:03.506+0000] {logging_mixin.py:154} INFO - [2025-12-18T09:08:03.506+0000] {dag.py:2941} INFO - Sync 1 DAGs
[2025-12-18T09:08:03.517+0000] {logging_mixin.py:154} INFO - [2025-12-18T09:08:03.516+0000] {dag.py:3722} INFO - Setting next_dagrun for job1_weather_ingestion to 2025-12-18T09:00:00+00:00, run_after=2025-12-18T10:00:00+00:00
[2025-12-18T09:08:03.524+0000] {processor.py:179} INFO - Processing /opt/airflow/dags/job1_ingestion_dag.py took 0.058 seconds
[2025-12-18T09:08:34.001+0000] {processor.py:157} INFO - Started process (PID=289) to work on /opt/airflow/dags/job1_ingestion_dag.py
[2025-12-18T09:08:34.001+0000] {processor.py:829} INFO - Processing file /opt/airflow/dags/job1_ingestion_dag.py for tasks to queue
[2025-12-18T09:08:34.001+0000] {logging_mixin.py:154} INFO - [2025-12-18T09:08:34.001+0000] {dagbag.py:536} INFO - Filling up the DagBag from /opt/airflow/dags/job1_ingestion_dag.py
[2025-12-18T09:08:34.026+0000] {processor.py:839} INFO - DAG(s) dict_keys(['job1_weather_ingestion']) retrieved from /opt/airflow/dags/job1_ingestion_dag.py
[2025-12-18T09:08:34.038+0000] {logging_mixin.py:154} INFO - [2025-12-18T09:08:34.038+0000] {dag.py:2941} INFO - Sync 1 DAGs
[2025-12-18T09:08:34.048+0000] {logging_mixin.py:154} INFO - [2025-12-18T09:08:34.048+0000] {dag.py:3722} INFO - Setting next_dagrun for job1_weather_ingestion to 2025-12-18T09:00:00+00:00, run_after=2025-12-18T10:00:00+00:00
[2025-12-18T09:08:34.058+0000] {processor.py:179} INFO - Processing /opt/airflow/dags/job1_ingestion_dag.py took 0.060 seconds
[2025-12-18T09:09:04.651+0000] {processor.py:157} INFO - Started process (PID=309) to work on /opt/airflow/dags/job1_ingestion_dag.py
[2025-12-18T09:09:04.651+0000] {processor.py:829} INFO - Processing file /opt/airflow/dags/job1_ingestion_dag.py for tasks to queue
[2025-12-18T09:09:04.651+0000] {logging_mixin.py:154} INFO - [2025-12-18T09:09:04.651+0000] {dagbag.py:536} INFO - Filling up the DagBag from /opt/airflow/dags/job1_ingestion_dag.py
[2025-12-18T09:09:04.674+0000] {processor.py:839} INFO - DAG(s) dict_keys(['job1_weather_ingestion']) retrieved from /opt/airflow/dags/job1_ingestion_dag.py
[2025-12-18T09:09:04.684+0000] {logging_mixin.py:154} INFO - [2025-12-18T09:09:04.684+0000] {dag.py:2941} INFO - Sync 1 DAGs
[2025-12-18T09:09:04.692+0000] {logging_mixin.py:154} INFO - [2025-12-18T09:09:04.692+0000] {dag.py:3722} INFO - Setting next_dagrun for job1_weather_ingestion to 2025-12-18T09:00:00+00:00, run_after=2025-12-18T10:00:00+00:00
[2025-12-18T09:09:04.699+0000] {processor.py:179} INFO - Processing /opt/airflow/dags/job1_ingestion_dag.py took 0.050 seconds
[2025-12-18T09:09:35.276+0000] {processor.py:157} INFO - Started process (PID=326) to work on /opt/airflow/dags/job1_ingestion_dag.py
[2025-12-18T09:09:35.276+0000] {processor.py:829} INFO - Processing file /opt/airflow/dags/job1_ingestion_dag.py for tasks to queue
[2025-12-18T09:09:35.276+0000] {logging_mixin.py:154} INFO - [2025-12-18T09:09:35.276+0000] {dagbag.py:536} INFO - Filling up the DagBag from /opt/airflow/dags/job1_ingestion_dag.py
[2025-12-18T09:09:35.299+0000] {processor.py:839} INFO - DAG(s) dict_keys(['job1_weather_ingestion']) retrieved from /opt/airflow/dags/job1_ingestion_dag.py
[2025-12-18T09:09:35.309+0000] {logging_mixin.py:154} INFO - [2025-12-18T09:09:35.309+0000] {dag.py:2941} INFO - Sync 1 DAGs
[2025-12-18T09:09:35.318+0000] {logging_mixin.py:154} INFO - [2025-12-18T09:09:35.318+0000] {dag.py:3722} INFO - Setting next_dagrun for job1_weather_ingestion to 2025-12-18T09:00:00+00:00, run_after=2025-12-18T10:00:00+00:00
[2025-12-18T09:09:35.325+0000] {processor.py:179} INFO - Processing /opt/airflow/dags/job1_ingestion_dag.py took 0.050 seconds
[2025-12-18T09:10:05.903+0000] {processor.py:157} INFO - Started process (PID=345) to work on /opt/airflow/dags/job1_ingestion_dag.py
[2025-12-18T09:10:05.903+0000] {processor.py:829} INFO - Processing file /opt/airflow/dags/job1_ingestion_dag.py for tasks to queue
[2025-12-18T09:10:05.903+0000] {logging_mixin.py:154} INFO - [2025-12-18T09:10:05.903+0000] {dagbag.py:536} INFO - Filling up the DagBag from /opt/airflow/dags/job1_ingestion_dag.py
[2025-12-18T09:10:05.927+0000] {processor.py:839} INFO - DAG(s) dict_keys(['job1_weather_ingestion']) retrieved from /opt/airflow/dags/job1_ingestion_dag.py
[2025-12-18T09:10:05.938+0000] {logging_mixin.py:154} INFO - [2025-12-18T09:10:05.938+0000] {dag.py:2941} INFO - Sync 1 DAGs
[2025-12-18T09:10:05.948+0000] {logging_mixin.py:154} INFO - [2025-12-18T09:10:05.948+0000] {dag.py:3722} INFO - Setting next_dagrun for job1_weather_ingestion to 2025-12-18T09:00:00+00:00, run_after=2025-12-18T10:00:00+00:00
[2025-12-18T09:10:05.954+0000] {processor.py:179} INFO - Processing /opt/airflow/dags/job1_ingestion_dag.py took 0.053 seconds
[2025-12-18T09:10:36.439+0000] {processor.py:157} INFO - Started process (PID=360) to work on /opt/airflow/dags/job1_ingestion_dag.py
[2025-12-18T09:10:36.439+0000] {processor.py:829} INFO - Processing file /opt/airflow/dags/job1_ingestion_dag.py for tasks to queue
[2025-12-18T09:10:36.440+0000] {logging_mixin.py:154} INFO - [2025-12-18T09:10:36.440+0000] {dagbag.py:536} INFO - Filling up the DagBag from /opt/airflow/dags/job1_ingestion_dag.py
[2025-12-18T09:10:36.466+0000] {processor.py:839} INFO - DAG(s) dict_keys(['job1_weather_ingestion']) retrieved from /opt/airflow/dags/job1_ingestion_dag.py
[2025-12-18T09:10:36.478+0000] {logging_mixin.py:154} INFO - [2025-12-18T09:10:36.478+0000] {dag.py:2941} INFO - Sync 1 DAGs
[2025-12-18T09:10:36.488+0000] {logging_mixin.py:154} INFO - [2025-12-18T09:10:36.488+0000] {dag.py:3722} INFO - Setting next_dagrun for job1_weather_ingestion to 2025-12-18T09:00:00+00:00, run_after=2025-12-18T10:00:00+00:00
[2025-12-18T09:10:36.496+0000] {processor.py:179} INFO - Processing /opt/airflow/dags/job1_ingestion_dag.py took 0.059 seconds
[2025-12-18T09:11:06.971+0000] {processor.py:157} INFO - Started process (PID=377) to work on /opt/airflow/dags/job1_ingestion_dag.py
[2025-12-18T09:11:06.972+0000] {processor.py:829} INFO - Processing file /opt/airflow/dags/job1_ingestion_dag.py for tasks to queue
[2025-12-18T09:11:06.972+0000] {logging_mixin.py:154} INFO - [2025-12-18T09:11:06.972+0000] {dagbag.py:536} INFO - Filling up the DagBag from /opt/airflow/dags/job1_ingestion_dag.py
[2025-12-18T09:11:06.995+0000] {processor.py:839} INFO - DAG(s) dict_keys(['job1_weather_ingestion']) retrieved from /opt/airflow/dags/job1_ingestion_dag.py
[2025-12-18T09:11:07.008+0000] {logging_mixin.py:154} INFO - [2025-12-18T09:11:07.008+0000] {dag.py:2941} INFO - Sync 1 DAGs
[2025-12-18T09:11:07.018+0000] {logging_mixin.py:154} INFO - [2025-12-18T09:11:07.018+0000] {dag.py:3722} INFO - Setting next_dagrun for job1_weather_ingestion to 2025-12-18T09:00:00+00:00, run_after=2025-12-18T10:00:00+00:00
[2025-12-18T09:11:07.025+0000] {processor.py:179} INFO - Processing /opt/airflow/dags/job1_ingestion_dag.py took 0.056 seconds
[2025-12-18T09:11:37.527+0000] {processor.py:157} INFO - Started process (PID=394) to work on /opt/airflow/dags/job1_ingestion_dag.py
[2025-12-18T09:11:37.527+0000] {processor.py:829} INFO - Processing file /opt/airflow/dags/job1_ingestion_dag.py for tasks to queue
[2025-12-18T09:11:37.528+0000] {logging_mixin.py:154} INFO - [2025-12-18T09:11:37.527+0000] {dagbag.py:536} INFO - Filling up the DagBag from /opt/airflow/dags/job1_ingestion_dag.py
[2025-12-18T09:11:37.552+0000] {processor.py:839} INFO - DAG(s) dict_keys(['job1_weather_ingestion']) retrieved from /opt/airflow/dags/job1_ingestion_dag.py
[2025-12-18T09:11:37.565+0000] {logging_mixin.py:154} INFO - [2025-12-18T09:11:37.564+0000] {dag.py:2941} INFO - Sync 1 DAGs
[2025-12-18T09:11:37.576+0000] {logging_mixin.py:154} INFO - [2025-12-18T09:11:37.576+0000] {dag.py:3722} INFO - Setting next_dagrun for job1_weather_ingestion to 2025-12-18T09:00:00+00:00, run_after=2025-12-18T10:00:00+00:00
[2025-12-18T09:11:37.583+0000] {processor.py:179} INFO - Processing /opt/airflow/dags/job1_ingestion_dag.py took 0.058 seconds
[2025-12-18T09:12:08.120+0000] {processor.py:157} INFO - Started process (PID=421) to work on /opt/airflow/dags/job1_ingestion_dag.py
[2025-12-18T09:12:08.121+0000] {processor.py:829} INFO - Processing file /opt/airflow/dags/job1_ingestion_dag.py for tasks to queue
[2025-12-18T09:12:08.121+0000] {logging_mixin.py:154} INFO - [2025-12-18T09:12:08.121+0000] {dagbag.py:536} INFO - Filling up the DagBag from /opt/airflow/dags/job1_ingestion_dag.py
[2025-12-18T09:12:08.143+0000] {processor.py:839} INFO - DAG(s) dict_keys(['job1_weather_ingestion']) retrieved from /opt/airflow/dags/job1_ingestion_dag.py
[2025-12-18T09:12:08.153+0000] {logging_mixin.py:154} INFO - [2025-12-18T09:12:08.153+0000] {dag.py:2941} INFO - Sync 1 DAGs
[2025-12-18T09:12:08.161+0000] {logging_mixin.py:154} INFO - [2025-12-18T09:12:08.161+0000] {dag.py:3722} INFO - Setting next_dagrun for job1_weather_ingestion to 2025-12-18T09:00:00+00:00, run_after=2025-12-18T10:00:00+00:00
[2025-12-18T09:12:08.168+0000] {processor.py:179} INFO - Processing /opt/airflow/dags/job1_ingestion_dag.py took 0.049 seconds
[2025-12-18T09:12:38.726+0000] {processor.py:157} INFO - Started process (PID=440) to work on /opt/airflow/dags/job1_ingestion_dag.py
[2025-12-18T09:12:38.727+0000] {processor.py:829} INFO - Processing file /opt/airflow/dags/job1_ingestion_dag.py for tasks to queue
[2025-12-18T09:12:38.727+0000] {logging_mixin.py:154} INFO - [2025-12-18T09:12:38.727+0000] {dagbag.py:536} INFO - Filling up the DagBag from /opt/airflow/dags/job1_ingestion_dag.py
[2025-12-18T09:12:38.761+0000] {processor.py:839} INFO - DAG(s) dict_keys(['job1_weather_ingestion']) retrieved from /opt/airflow/dags/job1_ingestion_dag.py
[2025-12-18T09:12:38.773+0000] {logging_mixin.py:154} INFO - [2025-12-18T09:12:38.773+0000] {dag.py:2941} INFO - Sync 1 DAGs
[2025-12-18T09:12:38.785+0000] {logging_mixin.py:154} INFO - [2025-12-18T09:12:38.785+0000] {dag.py:3722} INFO - Setting next_dagrun for job1_weather_ingestion to 2025-12-18T09:00:00+00:00, run_after=2025-12-18T10:00:00+00:00
[2025-12-18T09:12:38.795+0000] {processor.py:179} INFO - Processing /opt/airflow/dags/job1_ingestion_dag.py took 0.070 seconds
[2025-12-18T09:13:09.252+0000] {processor.py:157} INFO - Started process (PID=455) to work on /opt/airflow/dags/job1_ingestion_dag.py
[2025-12-18T09:13:09.252+0000] {processor.py:829} INFO - Processing file /opt/airflow/dags/job1_ingestion_dag.py for tasks to queue
[2025-12-18T09:13:09.253+0000] {logging_mixin.py:154} INFO - [2025-12-18T09:13:09.253+0000] {dagbag.py:536} INFO - Filling up the DagBag from /opt/airflow/dags/job1_ingestion_dag.py
[2025-12-18T09:13:09.282+0000] {processor.py:839} INFO - DAG(s) dict_keys(['job1_weather_ingestion']) retrieved from /opt/airflow/dags/job1_ingestion_dag.py
[2025-12-18T09:13:09.296+0000] {logging_mixin.py:154} INFO - [2025-12-18T09:13:09.296+0000] {dag.py:2941} INFO - Sync 1 DAGs
[2025-12-18T09:13:09.307+0000] {logging_mixin.py:154} INFO - [2025-12-18T09:13:09.307+0000] {dag.py:3722} INFO - Setting next_dagrun for job1_weather_ingestion to 2025-12-18T09:00:00+00:00, run_after=2025-12-18T10:00:00+00:00
[2025-12-18T09:13:09.316+0000] {processor.py:179} INFO - Processing /opt/airflow/dags/job1_ingestion_dag.py took 0.066 seconds
[2025-12-18T09:42:07.776+0000] {processor.py:157} INFO - Started process (PID=164) to work on /opt/airflow/dags/job1_ingestion_dag.py
[2025-12-18T09:42:07.778+0000] {processor.py:829} INFO - Processing file /opt/airflow/dags/job1_ingestion_dag.py for tasks to queue
[2025-12-18T09:42:07.780+0000] {logging_mixin.py:154} INFO - [2025-12-18T09:42:07.780+0000] {dagbag.py:536} INFO - Filling up the DagBag from /opt/airflow/dags/job1_ingestion_dag.py
[2025-12-18T09:42:08.190+0000] {processor.py:839} INFO - DAG(s) dict_keys(['job1_weather_ingestion']) retrieved from /opt/airflow/dags/job1_ingestion_dag.py
[2025-12-18T09:42:08.896+0000] {logging_mixin.py:154} INFO - [2025-12-18T09:42:08.896+0000] {manager.py:499} INFO - Created Permission View: %s
[2025-12-18T09:42:08.924+0000] {logging_mixin.py:154} INFO - [2025-12-18T09:42:08.923+0000] {manager.py:499} INFO - Created Permission View: %s
[2025-12-18T09:42:08.938+0000] {logging_mixin.py:154} INFO - [2025-12-18T09:42:08.938+0000] {manager.py:499} INFO - Created Permission View: %s
[2025-12-18T09:42:08.939+0000] {logging_mixin.py:154} INFO - [2025-12-18T09:42:08.939+0000] {dag.py:2941} INFO - Sync 1 DAGs
[2025-12-18T09:42:08.977+0000] {logging_mixin.py:154} INFO - [2025-12-18T09:42:08.977+0000] {dag.py:2963} INFO - Creating ORM DAG for job1_weather_ingestion
[2025-12-18T09:42:09.014+0000] {logging_mixin.py:154} INFO - [2025-12-18T09:42:09.014+0000] {dag.py:3722} INFO - Setting next_dagrun for job1_weather_ingestion to 2025-12-18T08:00:00+00:00, run_after=2025-12-18T09:00:00+00:00
[2025-12-18T09:42:09.142+0000] {processor.py:179} INFO - Processing /opt/airflow/dags/job1_ingestion_dag.py took 1.377 seconds
[2025-12-18T09:42:39.910+0000] {processor.py:157} INFO - Started process (PID=181) to work on /opt/airflow/dags/job1_ingestion_dag.py
[2025-12-18T09:42:39.912+0000] {processor.py:829} INFO - Processing file /opt/airflow/dags/job1_ingestion_dag.py for tasks to queue
[2025-12-18T09:42:39.917+0000] {logging_mixin.py:154} INFO - [2025-12-18T09:42:39.916+0000] {dagbag.py:536} INFO - Filling up the DagBag from /opt/airflow/dags/job1_ingestion_dag.py
[2025-12-18T09:42:40.384+0000] {processor.py:839} INFO - DAG(s) dict_keys(['job1_weather_ingestion']) retrieved from /opt/airflow/dags/job1_ingestion_dag.py
[2025-12-18T09:42:40.489+0000] {logging_mixin.py:154} INFO - [2025-12-18T09:42:40.488+0000] {dag.py:2941} INFO - Sync 1 DAGs
[2025-12-18T09:42:40.569+0000] {logging_mixin.py:154} INFO - [2025-12-18T09:42:40.569+0000] {dag.py:3722} INFO - Setting next_dagrun for job1_weather_ingestion to 2025-12-18T08:00:00+00:00, run_after=2025-12-18T09:00:00+00:00
[2025-12-18T09:42:40.605+0000] {processor.py:179} INFO - Processing /opt/airflow/dags/job1_ingestion_dag.py took 0.742 seconds
[2025-12-18T09:43:11.419+0000] {processor.py:157} INFO - Started process (PID=211) to work on /opt/airflow/dags/job1_ingestion_dag.py
[2025-12-18T09:43:11.421+0000] {processor.py:829} INFO - Processing file /opt/airflow/dags/job1_ingestion_dag.py for tasks to queue
[2025-12-18T09:43:11.424+0000] {logging_mixin.py:154} INFO - [2025-12-18T09:43:11.423+0000] {dagbag.py:536} INFO - Filling up the DagBag from /opt/airflow/dags/job1_ingestion_dag.py
[2025-12-18T09:43:11.614+0000] {processor.py:839} INFO - DAG(s) dict_keys(['job1_weather_ingestion']) retrieved from /opt/airflow/dags/job1_ingestion_dag.py
[2025-12-18T09:43:11.646+0000] {logging_mixin.py:154} INFO - [2025-12-18T09:43:11.645+0000] {dag.py:2941} INFO - Sync 1 DAGs
[2025-12-18T09:43:11.679+0000] {logging_mixin.py:154} INFO - [2025-12-18T09:43:11.678+0000] {dag.py:3722} INFO - Setting next_dagrun for job1_weather_ingestion to 2025-12-18T09:00:00+00:00, run_after=2025-12-18T10:00:00+00:00
[2025-12-18T09:43:11.701+0000] {processor.py:179} INFO - Processing /opt/airflow/dags/job1_ingestion_dag.py took 0.292 seconds
[2025-12-18T09:43:42.571+0000] {processor.py:157} INFO - Started process (PID=228) to work on /opt/airflow/dags/job1_ingestion_dag.py
[2025-12-18T09:43:42.572+0000] {processor.py:829} INFO - Processing file /opt/airflow/dags/job1_ingestion_dag.py for tasks to queue
[2025-12-18T09:43:42.574+0000] {logging_mixin.py:154} INFO - [2025-12-18T09:43:42.574+0000] {dagbag.py:536} INFO - Filling up the DagBag from /opt/airflow/dags/job1_ingestion_dag.py
[2025-12-18T09:43:42.720+0000] {processor.py:839} INFO - DAG(s) dict_keys(['job1_weather_ingestion']) retrieved from /opt/airflow/dags/job1_ingestion_dag.py
[2025-12-18T09:43:42.759+0000] {logging_mixin.py:154} INFO - [2025-12-18T09:43:42.758+0000] {dag.py:2941} INFO - Sync 1 DAGs
[2025-12-18T09:43:42.789+0000] {logging_mixin.py:154} INFO - [2025-12-18T09:43:42.789+0000] {dag.py:3722} INFO - Setting next_dagrun for job1_weather_ingestion to 2025-12-18T09:00:00+00:00, run_after=2025-12-18T10:00:00+00:00
[2025-12-18T09:43:42.818+0000] {processor.py:179} INFO - Processing /opt/airflow/dags/job1_ingestion_dag.py took 0.252 seconds
[2025-12-18T09:44:13.145+0000] {processor.py:157} INFO - Started process (PID=245) to work on /opt/airflow/dags/job1_ingestion_dag.py
[2025-12-18T09:44:13.146+0000] {processor.py:829} INFO - Processing file /opt/airflow/dags/job1_ingestion_dag.py for tasks to queue
[2025-12-18T09:44:13.148+0000] {logging_mixin.py:154} INFO - [2025-12-18T09:44:13.147+0000] {dagbag.py:536} INFO - Filling up the DagBag from /opt/airflow/dags/job1_ingestion_dag.py
[2025-12-18T09:44:13.276+0000] {processor.py:839} INFO - DAG(s) dict_keys(['job1_weather_ingestion']) retrieved from /opt/airflow/dags/job1_ingestion_dag.py
[2025-12-18T09:44:13.366+0000] {logging_mixin.py:154} INFO - [2025-12-18T09:44:13.366+0000] {dag.py:2941} INFO - Sync 1 DAGs
[2025-12-18T09:44:13.412+0000] {logging_mixin.py:154} INFO - [2025-12-18T09:44:13.411+0000] {dag.py:3722} INFO - Setting next_dagrun for job1_weather_ingestion to 2025-12-18T09:00:00+00:00, run_after=2025-12-18T10:00:00+00:00
[2025-12-18T09:44:13.448+0000] {processor.py:179} INFO - Processing /opt/airflow/dags/job1_ingestion_dag.py took 0.308 seconds
[2025-12-18T09:44:44.015+0000] {processor.py:157} INFO - Started process (PID=262) to work on /opt/airflow/dags/job1_ingestion_dag.py
[2025-12-18T09:44:44.018+0000] {processor.py:829} INFO - Processing file /opt/airflow/dags/job1_ingestion_dag.py for tasks to queue
[2025-12-18T09:44:44.021+0000] {logging_mixin.py:154} INFO - [2025-12-18T09:44:44.020+0000] {dagbag.py:536} INFO - Filling up the DagBag from /opt/airflow/dags/job1_ingestion_dag.py
[2025-12-18T09:44:44.236+0000] {processor.py:839} INFO - DAG(s) dict_keys(['job1_weather_ingestion']) retrieved from /opt/airflow/dags/job1_ingestion_dag.py
[2025-12-18T09:44:44.279+0000] {logging_mixin.py:154} INFO - [2025-12-18T09:44:44.279+0000] {dag.py:2941} INFO - Sync 1 DAGs
[2025-12-18T09:44:44.308+0000] {logging_mixin.py:154} INFO - [2025-12-18T09:44:44.308+0000] {dag.py:3722} INFO - Setting next_dagrun for job1_weather_ingestion to 2025-12-18T09:00:00+00:00, run_after=2025-12-18T10:00:00+00:00
[2025-12-18T09:44:44.349+0000] {processor.py:179} INFO - Processing /opt/airflow/dags/job1_ingestion_dag.py took 0.343 seconds
[2025-12-18T09:45:14.645+0000] {processor.py:157} INFO - Started process (PID=279) to work on /opt/airflow/dags/job1_ingestion_dag.py
[2025-12-18T09:45:14.646+0000] {processor.py:829} INFO - Processing file /opt/airflow/dags/job1_ingestion_dag.py for tasks to queue
[2025-12-18T09:45:14.648+0000] {logging_mixin.py:154} INFO - [2025-12-18T09:45:14.647+0000] {dagbag.py:536} INFO - Filling up the DagBag from /opt/airflow/dags/job1_ingestion_dag.py
[2025-12-18T09:45:14.741+0000] {processor.py:839} INFO - DAG(s) dict_keys(['job1_weather_ingestion']) retrieved from /opt/airflow/dags/job1_ingestion_dag.py
[2025-12-18T09:45:14.772+0000] {logging_mixin.py:154} INFO - [2025-12-18T09:45:14.772+0000] {dag.py:2941} INFO - Sync 1 DAGs
[2025-12-18T09:45:14.802+0000] {logging_mixin.py:154} INFO - [2025-12-18T09:45:14.802+0000] {dag.py:3722} INFO - Setting next_dagrun for job1_weather_ingestion to 2025-12-18T09:00:00+00:00, run_after=2025-12-18T10:00:00+00:00
[2025-12-18T09:45:14.837+0000] {processor.py:179} INFO - Processing /opt/airflow/dags/job1_ingestion_dag.py took 0.197 seconds
