[2025-12-18T09:02:00.380+0000] {processor.py:157} INFO - Started process (PID=166) to work on /opt/airflow/dags/job2_clean_store_dag.py
[2025-12-18T09:02:00.382+0000] {processor.py:829} INFO - Processing file /opt/airflow/dags/job2_clean_store_dag.py for tasks to queue
[2025-12-18T09:02:00.383+0000] {logging_mixin.py:154} INFO - [2025-12-18T09:02:00.383+0000] {dagbag.py:536} INFO - Filling up the DagBag from /opt/airflow/dags/job2_clean_store_dag.py
[2025-12-18T09:02:00.697+0000] {processor.py:839} INFO - DAG(s) dict_keys(['job2_weather_cleaning']) retrieved from /opt/airflow/dags/job2_clean_store_dag.py
[2025-12-18T09:02:00.914+0000] {logging_mixin.py:154} INFO - [2025-12-18T09:02:00.914+0000] {manager.py:499} INFO - Created Permission View: %s
[2025-12-18T09:02:00.921+0000] {logging_mixin.py:154} INFO - [2025-12-18T09:02:00.921+0000] {manager.py:499} INFO - Created Permission View: %s
[2025-12-18T09:02:00.928+0000] {logging_mixin.py:154} INFO - [2025-12-18T09:02:00.928+0000] {manager.py:499} INFO - Created Permission View: %s
[2025-12-18T09:02:00.928+0000] {logging_mixin.py:154} INFO - [2025-12-18T09:02:00.928+0000] {dag.py:2941} INFO - Sync 1 DAGs
[2025-12-18T09:02:00.935+0000] {logging_mixin.py:154} INFO - [2025-12-18T09:02:00.935+0000] {dag.py:2963} INFO - Creating ORM DAG for job2_weather_cleaning
[2025-12-18T09:02:00.941+0000] {logging_mixin.py:154} INFO - [2025-12-18T09:02:00.941+0000] {dag.py:3722} INFO - Setting next_dagrun for job2_weather_cleaning to 2025-12-18T08:00:00+00:00, run_after=2025-12-18T09:00:00+00:00
[2025-12-18T09:02:00.960+0000] {processor.py:179} INFO - Processing /opt/airflow/dags/job2_clean_store_dag.py took 0.587 seconds
[2025-12-18T09:02:31.274+0000] {processor.py:157} INFO - Started process (PID=183) to work on /opt/airflow/dags/job2_clean_store_dag.py
[2025-12-18T09:02:31.275+0000] {processor.py:829} INFO - Processing file /opt/airflow/dags/job2_clean_store_dag.py for tasks to queue
[2025-12-18T09:02:31.276+0000] {logging_mixin.py:154} INFO - [2025-12-18T09:02:31.276+0000] {dagbag.py:536} INFO - Filling up the DagBag from /opt/airflow/dags/job2_clean_store_dag.py
[2025-12-18T09:02:31.537+0000] {processor.py:839} INFO - DAG(s) dict_keys(['job2_weather_cleaning']) retrieved from /opt/airflow/dags/job2_clean_store_dag.py
[2025-12-18T09:02:31.552+0000] {logging_mixin.py:154} INFO - [2025-12-18T09:02:31.552+0000] {dag.py:2941} INFO - Sync 1 DAGs
[2025-12-18T09:02:31.697+0000] {logging_mixin.py:154} INFO - [2025-12-18T09:02:31.697+0000] {dag.py:3722} INFO - Setting next_dagrun for job2_weather_cleaning to 2025-12-18T08:00:00+00:00, run_after=2025-12-18T09:00:00+00:00
[2025-12-18T09:02:31.704+0000] {processor.py:179} INFO - Processing /opt/airflow/dags/job2_clean_store_dag.py took 0.435 seconds
[2025-12-18T09:03:01.906+0000] {processor.py:157} INFO - Started process (PID=201) to work on /opt/airflow/dags/job2_clean_store_dag.py
[2025-12-18T09:03:01.908+0000] {processor.py:829} INFO - Processing file /opt/airflow/dags/job2_clean_store_dag.py for tasks to queue
[2025-12-18T09:03:01.908+0000] {logging_mixin.py:154} INFO - [2025-12-18T09:03:01.908+0000] {dagbag.py:536} INFO - Filling up the DagBag from /opt/airflow/dags/job2_clean_store_dag.py
[2025-12-18T09:03:02.119+0000] {processor.py:839} INFO - DAG(s) dict_keys(['job2_weather_cleaning']) retrieved from /opt/airflow/dags/job2_clean_store_dag.py
[2025-12-18T09:03:02.131+0000] {logging_mixin.py:154} INFO - [2025-12-18T09:03:02.131+0000] {dag.py:2941} INFO - Sync 1 DAGs
[2025-12-18T09:03:02.285+0000] {logging_mixin.py:154} INFO - [2025-12-18T09:03:02.285+0000] {dag.py:3722} INFO - Setting next_dagrun for job2_weather_cleaning to 2025-12-18T08:00:00+00:00, run_after=2025-12-18T09:00:00+00:00
[2025-12-18T09:03:02.297+0000] {processor.py:179} INFO - Processing /opt/airflow/dags/job2_clean_store_dag.py took 0.393 seconds
[2025-12-18T09:03:32.586+0000] {processor.py:157} INFO - Started process (PID=218) to work on /opt/airflow/dags/job2_clean_store_dag.py
[2025-12-18T09:03:32.586+0000] {processor.py:829} INFO - Processing file /opt/airflow/dags/job2_clean_store_dag.py for tasks to queue
[2025-12-18T09:03:32.587+0000] {logging_mixin.py:154} INFO - [2025-12-18T09:03:32.587+0000] {dagbag.py:536} INFO - Filling up the DagBag from /opt/airflow/dags/job2_clean_store_dag.py
[2025-12-18T09:03:32.772+0000] {processor.py:839} INFO - DAG(s) dict_keys(['job2_weather_cleaning']) retrieved from /opt/airflow/dags/job2_clean_store_dag.py
[2025-12-18T09:03:32.785+0000] {logging_mixin.py:154} INFO - [2025-12-18T09:03:32.784+0000] {dag.py:2941} INFO - Sync 1 DAGs
[2025-12-18T09:03:32.916+0000] {logging_mixin.py:154} INFO - [2025-12-18T09:03:32.916+0000] {dag.py:3722} INFO - Setting next_dagrun for job2_weather_cleaning to 2025-12-18T08:00:00+00:00, run_after=2025-12-18T09:00:00+00:00
[2025-12-18T09:03:32.924+0000] {processor.py:179} INFO - Processing /opt/airflow/dags/job2_clean_store_dag.py took 0.341 seconds
[2025-12-18T09:04:03.232+0000] {processor.py:157} INFO - Started process (PID=235) to work on /opt/airflow/dags/job2_clean_store_dag.py
[2025-12-18T09:04:03.232+0000] {processor.py:829} INFO - Processing file /opt/airflow/dags/job2_clean_store_dag.py for tasks to queue
[2025-12-18T09:04:03.233+0000] {logging_mixin.py:154} INFO - [2025-12-18T09:04:03.233+0000] {dagbag.py:536} INFO - Filling up the DagBag from /opt/airflow/dags/job2_clean_store_dag.py
[2025-12-18T09:04:03.393+0000] {processor.py:839} INFO - DAG(s) dict_keys(['job2_weather_cleaning']) retrieved from /opt/airflow/dags/job2_clean_store_dag.py
[2025-12-18T09:04:03.516+0000] {logging_mixin.py:154} INFO - [2025-12-18T09:04:03.515+0000] {dag.py:2941} INFO - Sync 1 DAGs
[2025-12-18T09:04:03.525+0000] {logging_mixin.py:154} INFO - [2025-12-18T09:04:03.525+0000] {dag.py:3722} INFO - Setting next_dagrun for job2_weather_cleaning to 2025-12-18T08:00:00+00:00, run_after=2025-12-18T09:00:00+00:00
[2025-12-18T09:04:03.533+0000] {processor.py:179} INFO - Processing /opt/airflow/dags/job2_clean_store_dag.py took 0.305 seconds
[2025-12-18T09:04:33.797+0000] {processor.py:157} INFO - Started process (PID=252) to work on /opt/airflow/dags/job2_clean_store_dag.py
[2025-12-18T09:04:33.798+0000] {processor.py:829} INFO - Processing file /opt/airflow/dags/job2_clean_store_dag.py for tasks to queue
[2025-12-18T09:04:33.798+0000] {logging_mixin.py:154} INFO - [2025-12-18T09:04:33.798+0000] {dagbag.py:536} INFO - Filling up the DagBag from /opt/airflow/dags/job2_clean_store_dag.py
[2025-12-18T09:04:34.059+0000] {processor.py:839} INFO - DAG(s) dict_keys(['job2_weather_cleaning']) retrieved from /opt/airflow/dags/job2_clean_store_dag.py
[2025-12-18T09:04:34.070+0000] {logging_mixin.py:154} INFO - [2025-12-18T09:04:34.069+0000] {dag.py:2941} INFO - Sync 1 DAGs
[2025-12-18T09:04:34.077+0000] {logging_mixin.py:154} INFO - [2025-12-18T09:04:34.077+0000] {dag.py:3722} INFO - Setting next_dagrun for job2_weather_cleaning to 2025-12-18T08:00:00+00:00, run_after=2025-12-18T09:00:00+00:00
[2025-12-18T09:04:34.084+0000] {processor.py:179} INFO - Processing /opt/airflow/dags/job2_clean_store_dag.py took 0.289 seconds
[2025-12-18T09:05:04.401+0000] {processor.py:157} INFO - Started process (PID=269) to work on /opt/airflow/dags/job2_clean_store_dag.py
[2025-12-18T09:05:04.402+0000] {processor.py:829} INFO - Processing file /opt/airflow/dags/job2_clean_store_dag.py for tasks to queue
[2025-12-18T09:05:04.403+0000] {logging_mixin.py:154} INFO - [2025-12-18T09:05:04.403+0000] {dagbag.py:536} INFO - Filling up the DagBag from /opt/airflow/dags/job2_clean_store_dag.py
[2025-12-18T09:05:04.654+0000] {processor.py:839} INFO - DAG(s) dict_keys(['job2_weather_cleaning']) retrieved from /opt/airflow/dags/job2_clean_store_dag.py
[2025-12-18T09:05:04.664+0000] {logging_mixin.py:154} INFO - [2025-12-18T09:05:04.664+0000] {dag.py:2941} INFO - Sync 1 DAGs
[2025-12-18T09:05:04.672+0000] {logging_mixin.py:154} INFO - [2025-12-18T09:05:04.672+0000] {dag.py:3722} INFO - Setting next_dagrun for job2_weather_cleaning to 2025-12-18T08:00:00+00:00, run_after=2025-12-18T09:00:00+00:00
[2025-12-18T09:05:04.678+0000] {processor.py:179} INFO - Processing /opt/airflow/dags/job2_clean_store_dag.py took 0.279 seconds
[2025-12-18T09:05:30.193+0000] {processor.py:157} INFO - Started process (PID=165) to work on /opt/airflow/dags/job2_clean_store_dag.py
[2025-12-18T09:05:30.193+0000] {processor.py:829} INFO - Processing file /opt/airflow/dags/job2_clean_store_dag.py for tasks to queue
[2025-12-18T09:05:30.194+0000] {logging_mixin.py:154} INFO - [2025-12-18T09:05:30.194+0000] {dagbag.py:536} INFO - Filling up the DagBag from /opt/airflow/dags/job2_clean_store_dag.py
[2025-12-18T09:05:30.399+0000] {processor.py:839} INFO - DAG(s) dict_keys(['job2_weather_cleaning']) retrieved from /opt/airflow/dags/job2_clean_store_dag.py
[2025-12-18T09:05:30.603+0000] {logging_mixin.py:154} INFO - [2025-12-18T09:05:30.603+0000] {manager.py:499} INFO - Created Permission View: %s
[2025-12-18T09:05:30.608+0000] {logging_mixin.py:154} INFO - [2025-12-18T09:05:30.608+0000] {manager.py:499} INFO - Created Permission View: %s
[2025-12-18T09:05:30.612+0000] {logging_mixin.py:154} INFO - [2025-12-18T09:05:30.612+0000] {manager.py:499} INFO - Created Permission View: %s
[2025-12-18T09:05:30.613+0000] {logging_mixin.py:154} INFO - [2025-12-18T09:05:30.612+0000] {dag.py:2941} INFO - Sync 1 DAGs
[2025-12-18T09:05:30.618+0000] {logging_mixin.py:154} INFO - [2025-12-18T09:05:30.617+0000] {dag.py:2963} INFO - Creating ORM DAG for job2_weather_cleaning
[2025-12-18T09:05:30.623+0000] {logging_mixin.py:154} INFO - [2025-12-18T09:05:30.623+0000] {dag.py:3722} INFO - Setting next_dagrun for job2_weather_cleaning to 2025-12-18T08:00:00+00:00, run_after=2025-12-18T09:00:00+00:00
[2025-12-18T09:05:30.636+0000] {processor.py:179} INFO - Processing /opt/airflow/dags/job2_clean_store_dag.py took 0.445 seconds
[2025-12-18T09:06:00.940+0000] {processor.py:157} INFO - Started process (PID=184) to work on /opt/airflow/dags/job2_clean_store_dag.py
[2025-12-18T09:06:00.941+0000] {processor.py:829} INFO - Processing file /opt/airflow/dags/job2_clean_store_dag.py for tasks to queue
[2025-12-18T09:06:00.942+0000] {logging_mixin.py:154} INFO - [2025-12-18T09:06:00.942+0000] {dagbag.py:536} INFO - Filling up the DagBag from /opt/airflow/dags/job2_clean_store_dag.py
[2025-12-18T09:06:01.125+0000] {processor.py:839} INFO - DAG(s) dict_keys(['job2_weather_cleaning']) retrieved from /opt/airflow/dags/job2_clean_store_dag.py
[2025-12-18T09:06:01.139+0000] {logging_mixin.py:154} INFO - [2025-12-18T09:06:01.139+0000] {dag.py:2941} INFO - Sync 1 DAGs
[2025-12-18T09:06:01.246+0000] {logging_mixin.py:154} INFO - [2025-12-18T09:06:01.246+0000] {dag.py:3722} INFO - Setting next_dagrun for job2_weather_cleaning to 2025-12-18T08:00:00+00:00, run_after=2025-12-18T09:00:00+00:00
[2025-12-18T09:06:01.254+0000] {processor.py:179} INFO - Processing /opt/airflow/dags/job2_clean_store_dag.py took 0.317 seconds
[2025-12-18T09:06:31.511+0000] {processor.py:157} INFO - Started process (PID=214) to work on /opt/airflow/dags/job2_clean_store_dag.py
[2025-12-18T09:06:31.512+0000] {processor.py:829} INFO - Processing file /opt/airflow/dags/job2_clean_store_dag.py for tasks to queue
[2025-12-18T09:06:31.512+0000] {logging_mixin.py:154} INFO - [2025-12-18T09:06:31.512+0000] {dagbag.py:536} INFO - Filling up the DagBag from /opt/airflow/dags/job2_clean_store_dag.py
[2025-12-18T09:06:31.687+0000] {processor.py:839} INFO - DAG(s) dict_keys(['job2_weather_cleaning']) retrieved from /opt/airflow/dags/job2_clean_store_dag.py
[2025-12-18T09:06:31.699+0000] {logging_mixin.py:154} INFO - [2025-12-18T09:06:31.698+0000] {dag.py:2941} INFO - Sync 1 DAGs
[2025-12-18T09:06:31.795+0000] {logging_mixin.py:154} INFO - [2025-12-18T09:06:31.795+0000] {dag.py:3722} INFO - Setting next_dagrun for job2_weather_cleaning to 2025-12-18T09:00:00+00:00, run_after=2025-12-18T10:00:00+00:00
[2025-12-18T09:06:31.802+0000] {processor.py:179} INFO - Processing /opt/airflow/dags/job2_clean_store_dag.py took 0.293 seconds
[2025-12-18T09:07:02.130+0000] {processor.py:157} INFO - Started process (PID=231) to work on /opt/airflow/dags/job2_clean_store_dag.py
[2025-12-18T09:07:02.130+0000] {processor.py:829} INFO - Processing file /opt/airflow/dags/job2_clean_store_dag.py for tasks to queue
[2025-12-18T09:07:02.131+0000] {logging_mixin.py:154} INFO - [2025-12-18T09:07:02.131+0000] {dagbag.py:536} INFO - Filling up the DagBag from /opt/airflow/dags/job2_clean_store_dag.py
[2025-12-18T09:07:02.291+0000] {processor.py:839} INFO - DAG(s) dict_keys(['job2_weather_cleaning']) retrieved from /opt/airflow/dags/job2_clean_store_dag.py
[2025-12-18T09:07:02.302+0000] {logging_mixin.py:154} INFO - [2025-12-18T09:07:02.302+0000] {dag.py:2941} INFO - Sync 1 DAGs
[2025-12-18T09:07:02.403+0000] {logging_mixin.py:154} INFO - [2025-12-18T09:07:02.403+0000] {dag.py:3722} INFO - Setting next_dagrun for job2_weather_cleaning to 2025-12-18T09:00:00+00:00, run_after=2025-12-18T10:00:00+00:00
[2025-12-18T09:07:02.411+0000] {processor.py:179} INFO - Processing /opt/airflow/dags/job2_clean_store_dag.py took 0.284 seconds
[2025-12-18T09:07:32.684+0000] {processor.py:157} INFO - Started process (PID=248) to work on /opt/airflow/dags/job2_clean_store_dag.py
[2025-12-18T09:07:32.684+0000] {processor.py:829} INFO - Processing file /opt/airflow/dags/job2_clean_store_dag.py for tasks to queue
[2025-12-18T09:07:32.685+0000] {logging_mixin.py:154} INFO - [2025-12-18T09:07:32.685+0000] {dagbag.py:536} INFO - Filling up the DagBag from /opt/airflow/dags/job2_clean_store_dag.py
[2025-12-18T09:07:32.847+0000] {processor.py:839} INFO - DAG(s) dict_keys(['job2_weather_cleaning']) retrieved from /opt/airflow/dags/job2_clean_store_dag.py
[2025-12-18T09:07:32.945+0000] {logging_mixin.py:154} INFO - [2025-12-18T09:07:32.944+0000] {dag.py:2941} INFO - Sync 1 DAGs
[2025-12-18T09:07:32.953+0000] {logging_mixin.py:154} INFO - [2025-12-18T09:07:32.952+0000] {dag.py:3722} INFO - Setting next_dagrun for job2_weather_cleaning to 2025-12-18T09:00:00+00:00, run_after=2025-12-18T10:00:00+00:00
[2025-12-18T09:07:32.959+0000] {processor.py:179} INFO - Processing /opt/airflow/dags/job2_clean_store_dag.py took 0.277 seconds
[2025-12-18T09:08:03.249+0000] {processor.py:157} INFO - Started process (PID=265) to work on /opt/airflow/dags/job2_clean_store_dag.py
[2025-12-18T09:08:03.249+0000] {processor.py:829} INFO - Processing file /opt/airflow/dags/job2_clean_store_dag.py for tasks to queue
[2025-12-18T09:08:03.250+0000] {logging_mixin.py:154} INFO - [2025-12-18T09:08:03.250+0000] {dagbag.py:536} INFO - Filling up the DagBag from /opt/airflow/dags/job2_clean_store_dag.py
[2025-12-18T09:08:03.537+0000] {processor.py:839} INFO - DAG(s) dict_keys(['job2_weather_cleaning']) retrieved from /opt/airflow/dags/job2_clean_store_dag.py
[2025-12-18T09:08:03.545+0000] {logging_mixin.py:154} INFO - [2025-12-18T09:08:03.545+0000] {dag.py:2941} INFO - Sync 1 DAGs
[2025-12-18T09:08:03.553+0000] {logging_mixin.py:154} INFO - [2025-12-18T09:08:03.553+0000] {dag.py:3722} INFO - Setting next_dagrun for job2_weather_cleaning to 2025-12-18T09:00:00+00:00, run_after=2025-12-18T10:00:00+00:00
[2025-12-18T09:08:03.559+0000] {processor.py:179} INFO - Processing /opt/airflow/dags/job2_clean_store_dag.py took 0.314 seconds
[2025-12-18T09:08:33.794+0000] {processor.py:157} INFO - Started process (PID=282) to work on /opt/airflow/dags/job2_clean_store_dag.py
[2025-12-18T09:08:33.795+0000] {processor.py:829} INFO - Processing file /opt/airflow/dags/job2_clean_store_dag.py for tasks to queue
[2025-12-18T09:08:33.795+0000] {logging_mixin.py:154} INFO - [2025-12-18T09:08:33.795+0000] {dagbag.py:536} INFO - Filling up the DagBag from /opt/airflow/dags/job2_clean_store_dag.py
[2025-12-18T09:08:34.058+0000] {processor.py:839} INFO - DAG(s) dict_keys(['job2_weather_cleaning']) retrieved from /opt/airflow/dags/job2_clean_store_dag.py
[2025-12-18T09:08:34.068+0000] {logging_mixin.py:154} INFO - [2025-12-18T09:08:34.068+0000] {dag.py:2941} INFO - Sync 1 DAGs
[2025-12-18T09:08:34.076+0000] {logging_mixin.py:154} INFO - [2025-12-18T09:08:34.076+0000] {dag.py:3722} INFO - Setting next_dagrun for job2_weather_cleaning to 2025-12-18T09:00:00+00:00, run_after=2025-12-18T10:00:00+00:00
[2025-12-18T09:08:34.082+0000] {processor.py:179} INFO - Processing /opt/airflow/dags/job2_clean_store_dag.py took 0.290 seconds
[2025-12-18T09:09:04.295+0000] {processor.py:157} INFO - Started process (PID=302) to work on /opt/airflow/dags/job2_clean_store_dag.py
[2025-12-18T09:09:04.296+0000] {processor.py:829} INFO - Processing file /opt/airflow/dags/job2_clean_store_dag.py for tasks to queue
[2025-12-18T09:09:04.296+0000] {logging_mixin.py:154} INFO - [2025-12-18T09:09:04.296+0000] {dagbag.py:536} INFO - Filling up the DagBag from /opt/airflow/dags/job2_clean_store_dag.py
[2025-12-18T09:09:04.636+0000] {processor.py:839} INFO - DAG(s) dict_keys(['job2_weather_cleaning']) retrieved from /opt/airflow/dags/job2_clean_store_dag.py
[2025-12-18T09:09:04.647+0000] {logging_mixin.py:154} INFO - [2025-12-18T09:09:04.646+0000] {dag.py:2941} INFO - Sync 1 DAGs
[2025-12-18T09:09:04.657+0000] {logging_mixin.py:154} INFO - [2025-12-18T09:09:04.657+0000] {dag.py:3722} INFO - Setting next_dagrun for job2_weather_cleaning to 2025-12-18T09:00:00+00:00, run_after=2025-12-18T10:00:00+00:00
[2025-12-18T09:09:04.663+0000] {processor.py:179} INFO - Processing /opt/airflow/dags/job2_clean_store_dag.py took 0.370 seconds
[2025-12-18T09:09:34.963+0000] {processor.py:157} INFO - Started process (PID=319) to work on /opt/airflow/dags/job2_clean_store_dag.py
[2025-12-18T09:09:34.963+0000] {processor.py:829} INFO - Processing file /opt/airflow/dags/job2_clean_store_dag.py for tasks to queue
[2025-12-18T09:09:34.964+0000] {logging_mixin.py:154} INFO - [2025-12-18T09:09:34.964+0000] {dagbag.py:536} INFO - Filling up the DagBag from /opt/airflow/dags/job2_clean_store_dag.py
[2025-12-18T09:09:35.136+0000] {processor.py:839} INFO - DAG(s) dict_keys(['job2_weather_cleaning']) retrieved from /opt/airflow/dags/job2_clean_store_dag.py
[2025-12-18T09:09:35.148+0000] {logging_mixin.py:154} INFO - [2025-12-18T09:09:35.147+0000] {dag.py:2941} INFO - Sync 1 DAGs
[2025-12-18T09:09:35.268+0000] {logging_mixin.py:154} INFO - [2025-12-18T09:09:35.268+0000] {dag.py:3722} INFO - Setting next_dagrun for job2_weather_cleaning to 2025-12-18T09:00:00+00:00, run_after=2025-12-18T10:00:00+00:00
[2025-12-18T09:09:35.276+0000] {processor.py:179} INFO - Processing /opt/airflow/dags/job2_clean_store_dag.py took 0.315 seconds
[2025-12-18T09:10:05.567+0000] {processor.py:157} INFO - Started process (PID=336) to work on /opt/airflow/dags/job2_clean_store_dag.py
[2025-12-18T09:10:05.568+0000] {processor.py:829} INFO - Processing file /opt/airflow/dags/job2_clean_store_dag.py for tasks to queue
[2025-12-18T09:10:05.568+0000] {logging_mixin.py:154} INFO - [2025-12-18T09:10:05.568+0000] {dagbag.py:536} INFO - Filling up the DagBag from /opt/airflow/dags/job2_clean_store_dag.py
[2025-12-18T09:10:05.757+0000] {processor.py:839} INFO - DAG(s) dict_keys(['job2_weather_cleaning']) retrieved from /opt/airflow/dags/job2_clean_store_dag.py
[2025-12-18T09:10:05.771+0000] {logging_mixin.py:154} INFO - [2025-12-18T09:10:05.771+0000] {dag.py:2941} INFO - Sync 1 DAGs
[2025-12-18T09:10:05.884+0000] {logging_mixin.py:154} INFO - [2025-12-18T09:10:05.884+0000] {dag.py:3722} INFO - Setting next_dagrun for job2_weather_cleaning to 2025-12-18T09:00:00+00:00, run_after=2025-12-18T10:00:00+00:00
[2025-12-18T09:10:05.891+0000] {processor.py:179} INFO - Processing /opt/airflow/dags/job2_clean_store_dag.py took 0.327 seconds
[2025-12-18T09:10:36.228+0000] {processor.py:157} INFO - Started process (PID=353) to work on /opt/airflow/dags/job2_clean_store_dag.py
[2025-12-18T09:10:36.229+0000] {processor.py:829} INFO - Processing file /opt/airflow/dags/job2_clean_store_dag.py for tasks to queue
[2025-12-18T09:10:36.230+0000] {logging_mixin.py:154} INFO - [2025-12-18T09:10:36.229+0000] {dagbag.py:536} INFO - Filling up the DagBag from /opt/airflow/dags/job2_clean_store_dag.py
[2025-12-18T09:10:36.402+0000] {processor.py:839} INFO - DAG(s) dict_keys(['job2_weather_cleaning']) retrieved from /opt/airflow/dags/job2_clean_store_dag.py
[2025-12-18T09:10:36.508+0000] {logging_mixin.py:154} INFO - [2025-12-18T09:10:36.508+0000] {dag.py:2941} INFO - Sync 1 DAGs
[2025-12-18T09:10:36.516+0000] {logging_mixin.py:154} INFO - [2025-12-18T09:10:36.516+0000] {dag.py:3722} INFO - Setting next_dagrun for job2_weather_cleaning to 2025-12-18T09:00:00+00:00, run_after=2025-12-18T10:00:00+00:00
[2025-12-18T09:10:36.523+0000] {processor.py:179} INFO - Processing /opt/airflow/dags/job2_clean_store_dag.py took 0.298 seconds
[2025-12-18T09:11:06.792+0000] {processor.py:157} INFO - Started process (PID=370) to work on /opt/airflow/dags/job2_clean_store_dag.py
[2025-12-18T09:11:06.793+0000] {processor.py:829} INFO - Processing file /opt/airflow/dags/job2_clean_store_dag.py for tasks to queue
[2025-12-18T09:11:06.794+0000] {logging_mixin.py:154} INFO - [2025-12-18T09:11:06.793+0000] {dagbag.py:536} INFO - Filling up the DagBag from /opt/airflow/dags/job2_clean_store_dag.py
[2025-12-18T09:11:07.025+0000] {processor.py:839} INFO - DAG(s) dict_keys(['job2_weather_cleaning']) retrieved from /opt/airflow/dags/job2_clean_store_dag.py
[2025-12-18T09:11:07.034+0000] {logging_mixin.py:154} INFO - [2025-12-18T09:11:07.033+0000] {dag.py:2941} INFO - Sync 1 DAGs
[2025-12-18T09:11:07.042+0000] {logging_mixin.py:154} INFO - [2025-12-18T09:11:07.042+0000] {dag.py:3722} INFO - Setting next_dagrun for job2_weather_cleaning to 2025-12-18T09:00:00+00:00, run_after=2025-12-18T10:00:00+00:00
[2025-12-18T09:11:07.047+0000] {processor.py:179} INFO - Processing /opt/airflow/dags/job2_clean_store_dag.py took 0.257 seconds
[2025-12-18T09:11:37.313+0000] {processor.py:157} INFO - Started process (PID=387) to work on /opt/airflow/dags/job2_clean_store_dag.py
[2025-12-18T09:11:37.313+0000] {processor.py:829} INFO - Processing file /opt/airflow/dags/job2_clean_store_dag.py for tasks to queue
[2025-12-18T09:11:37.314+0000] {logging_mixin.py:154} INFO - [2025-12-18T09:11:37.314+0000] {dagbag.py:536} INFO - Filling up the DagBag from /opt/airflow/dags/job2_clean_store_dag.py
[2025-12-18T09:11:37.583+0000] {processor.py:839} INFO - DAG(s) dict_keys(['job2_weather_cleaning']) retrieved from /opt/airflow/dags/job2_clean_store_dag.py
[2025-12-18T09:11:37.592+0000] {logging_mixin.py:154} INFO - [2025-12-18T09:11:37.592+0000] {dag.py:2941} INFO - Sync 1 DAGs
[2025-12-18T09:11:37.600+0000] {logging_mixin.py:154} INFO - [2025-12-18T09:11:37.600+0000] {dag.py:3722} INFO - Setting next_dagrun for job2_weather_cleaning to 2025-12-18T09:00:00+00:00, run_after=2025-12-18T10:00:00+00:00
[2025-12-18T09:11:37.606+0000] {processor.py:179} INFO - Processing /opt/airflow/dags/job2_clean_store_dag.py took 0.296 seconds
[2025-12-18T09:12:07.856+0000] {processor.py:157} INFO - Started process (PID=414) to work on /opt/airflow/dags/job2_clean_store_dag.py
[2025-12-18T09:12:07.857+0000] {processor.py:829} INFO - Processing file /opt/airflow/dags/job2_clean_store_dag.py for tasks to queue
[2025-12-18T09:12:07.858+0000] {logging_mixin.py:154} INFO - [2025-12-18T09:12:07.857+0000] {dagbag.py:536} INFO - Filling up the DagBag from /opt/airflow/dags/job2_clean_store_dag.py
[2025-12-18T09:12:08.097+0000] {processor.py:839} INFO - DAG(s) dict_keys(['job2_weather_cleaning']) retrieved from /opt/airflow/dags/job2_clean_store_dag.py
[2025-12-18T09:12:08.106+0000] {logging_mixin.py:154} INFO - [2025-12-18T09:12:08.106+0000] {dag.py:2941} INFO - Sync 1 DAGs
[2025-12-18T09:12:08.115+0000] {logging_mixin.py:154} INFO - [2025-12-18T09:12:08.115+0000] {dag.py:3722} INFO - Setting next_dagrun for job2_weather_cleaning to 2025-12-18T09:00:00+00:00, run_after=2025-12-18T10:00:00+00:00
[2025-12-18T09:12:08.122+0000] {processor.py:179} INFO - Processing /opt/airflow/dags/job2_clean_store_dag.py took 0.268 seconds
[2025-12-18T09:12:38.416+0000] {processor.py:157} INFO - Started process (PID=431) to work on /opt/airflow/dags/job2_clean_store_dag.py
[2025-12-18T09:12:38.416+0000] {processor.py:829} INFO - Processing file /opt/airflow/dags/job2_clean_store_dag.py for tasks to queue
[2025-12-18T09:12:38.417+0000] {logging_mixin.py:154} INFO - [2025-12-18T09:12:38.416+0000] {dagbag.py:536} INFO - Filling up the DagBag from /opt/airflow/dags/job2_clean_store_dag.py
[2025-12-18T09:12:38.593+0000] {processor.py:839} INFO - DAG(s) dict_keys(['job2_weather_cleaning']) retrieved from /opt/airflow/dags/job2_clean_store_dag.py
[2025-12-18T09:12:38.604+0000] {logging_mixin.py:154} INFO - [2025-12-18T09:12:38.604+0000] {dag.py:2941} INFO - Sync 1 DAGs
[2025-12-18T09:12:38.708+0000] {logging_mixin.py:154} INFO - [2025-12-18T09:12:38.708+0000] {dag.py:3722} INFO - Setting next_dagrun for job2_weather_cleaning to 2025-12-18T09:00:00+00:00, run_after=2025-12-18T10:00:00+00:00
[2025-12-18T09:12:38.715+0000] {processor.py:179} INFO - Processing /opt/airflow/dags/job2_clean_store_dag.py took 0.302 seconds
[2025-12-18T09:13:09.041+0000] {processor.py:157} INFO - Started process (PID=448) to work on /opt/airflow/dags/job2_clean_store_dag.py
[2025-12-18T09:13:09.041+0000] {processor.py:829} INFO - Processing file /opt/airflow/dags/job2_clean_store_dag.py for tasks to queue
[2025-12-18T09:13:09.042+0000] {logging_mixin.py:154} INFO - [2025-12-18T09:13:09.042+0000] {dagbag.py:536} INFO - Filling up the DagBag from /opt/airflow/dags/job2_clean_store_dag.py
[2025-12-18T09:13:09.219+0000] {processor.py:839} INFO - DAG(s) dict_keys(['job2_weather_cleaning']) retrieved from /opt/airflow/dags/job2_clean_store_dag.py
[2025-12-18T09:13:09.324+0000] {logging_mixin.py:154} INFO - [2025-12-18T09:13:09.324+0000] {dag.py:2941} INFO - Sync 1 DAGs
[2025-12-18T09:13:09.333+0000] {logging_mixin.py:154} INFO - [2025-12-18T09:13:09.333+0000] {dag.py:3722} INFO - Setting next_dagrun for job2_weather_cleaning to 2025-12-18T09:00:00+00:00, run_after=2025-12-18T10:00:00+00:00
[2025-12-18T09:13:09.339+0000] {processor.py:179} INFO - Processing /opt/airflow/dags/job2_clean_store_dag.py took 0.302 seconds
[2025-12-18T09:42:07.782+0000] {processor.py:157} INFO - Started process (PID=167) to work on /opt/airflow/dags/job2_clean_store_dag.py
[2025-12-18T09:42:07.783+0000] {processor.py:829} INFO - Processing file /opt/airflow/dags/job2_clean_store_dag.py for tasks to queue
[2025-12-18T09:42:07.784+0000] {logging_mixin.py:154} INFO - [2025-12-18T09:42:07.784+0000] {dagbag.py:536} INFO - Filling up the DagBag from /opt/airflow/dags/job2_clean_store_dag.py
[2025-12-18T09:42:10.158+0000] {processor.py:839} INFO - DAG(s) dict_keys(['job2_weather_cleaning']) retrieved from /opt/airflow/dags/job2_clean_store_dag.py
[2025-12-18T09:42:11.210+0000] {logging_mixin.py:154} INFO - [2025-12-18T09:42:11.210+0000] {manager.py:499} INFO - Created Permission View: %s
[2025-12-18T09:42:11.235+0000] {logging_mixin.py:154} INFO - [2025-12-18T09:42:11.235+0000] {manager.py:499} INFO - Created Permission View: %s
[2025-12-18T09:42:11.249+0000] {logging_mixin.py:154} INFO - [2025-12-18T09:42:11.249+0000] {manager.py:499} INFO - Created Permission View: %s
[2025-12-18T09:42:11.252+0000] {logging_mixin.py:154} INFO - [2025-12-18T09:42:11.250+0000] {dag.py:2941} INFO - Sync 1 DAGs
[2025-12-18T09:42:11.276+0000] {logging_mixin.py:154} INFO - [2025-12-18T09:42:11.274+0000] {dag.py:2963} INFO - Creating ORM DAG for job2_weather_cleaning
[2025-12-18T09:42:11.301+0000] {logging_mixin.py:154} INFO - [2025-12-18T09:42:11.300+0000] {dag.py:3722} INFO - Setting next_dagrun for job2_weather_cleaning to 2025-12-18T08:00:00+00:00, run_after=2025-12-18T09:00:00+00:00
[2025-12-18T09:42:11.334+0000] {processor.py:179} INFO - Processing /opt/airflow/dags/job2_clean_store_dag.py took 3.557 seconds
[2025-12-18T09:42:41.771+0000] {processor.py:157} INFO - Started process (PID=186) to work on /opt/airflow/dags/job2_clean_store_dag.py
[2025-12-18T09:42:41.778+0000] {processor.py:829} INFO - Processing file /opt/airflow/dags/job2_clean_store_dag.py for tasks to queue
[2025-12-18T09:42:41.783+0000] {logging_mixin.py:154} INFO - [2025-12-18T09:42:41.781+0000] {dagbag.py:536} INFO - Filling up the DagBag from /opt/airflow/dags/job2_clean_store_dag.py
[2025-12-18T09:42:42.714+0000] {processor.py:839} INFO - DAG(s) dict_keys(['job2_weather_cleaning']) retrieved from /opt/airflow/dags/job2_clean_store_dag.py
[2025-12-18T09:42:42.822+0000] {logging_mixin.py:154} INFO - [2025-12-18T09:42:42.821+0000] {dag.py:2941} INFO - Sync 1 DAGs
[2025-12-18T09:42:43.153+0000] {logging_mixin.py:154} INFO - [2025-12-18T09:42:43.153+0000] {dag.py:3722} INFO - Setting next_dagrun for job2_weather_cleaning to 2025-12-18T08:00:00+00:00, run_after=2025-12-18T09:00:00+00:00
[2025-12-18T09:42:43.209+0000] {processor.py:179} INFO - Processing /opt/airflow/dags/job2_clean_store_dag.py took 1.480 seconds
[2025-12-18T09:43:13.705+0000] {processor.py:157} INFO - Started process (PID=216) to work on /opt/airflow/dags/job2_clean_store_dag.py
[2025-12-18T09:43:13.708+0000] {processor.py:829} INFO - Processing file /opt/airflow/dags/job2_clean_store_dag.py for tasks to queue
[2025-12-18T09:43:13.709+0000] {logging_mixin.py:154} INFO - [2025-12-18T09:43:13.709+0000] {dagbag.py:536} INFO - Filling up the DagBag from /opt/airflow/dags/job2_clean_store_dag.py
[2025-12-18T09:43:14.326+0000] {processor.py:839} INFO - DAG(s) dict_keys(['job2_weather_cleaning']) retrieved from /opt/airflow/dags/job2_clean_store_dag.py
[2025-12-18T09:43:14.379+0000] {logging_mixin.py:154} INFO - [2025-12-18T09:43:14.378+0000] {dag.py:2941} INFO - Sync 1 DAGs
[2025-12-18T09:43:15.137+0000] {logging_mixin.py:154} INFO - [2025-12-18T09:43:15.137+0000] {dag.py:3722} INFO - Setting next_dagrun for job2_weather_cleaning to 2025-12-18T09:00:00+00:00, run_after=2025-12-18T10:00:00+00:00
[2025-12-18T09:43:15.163+0000] {processor.py:179} INFO - Processing /opt/airflow/dags/job2_clean_store_dag.py took 1.462 seconds
[2025-12-18T09:43:45.698+0000] {processor.py:157} INFO - Started process (PID=233) to work on /opt/airflow/dags/job2_clean_store_dag.py
[2025-12-18T09:43:45.700+0000] {processor.py:829} INFO - Processing file /opt/airflow/dags/job2_clean_store_dag.py for tasks to queue
[2025-12-18T09:43:45.702+0000] {logging_mixin.py:154} INFO - [2025-12-18T09:43:45.701+0000] {dagbag.py:536} INFO - Filling up the DagBag from /opt/airflow/dags/job2_clean_store_dag.py
[2025-12-18T09:43:46.255+0000] {processor.py:839} INFO - DAG(s) dict_keys(['job2_weather_cleaning']) retrieved from /opt/airflow/dags/job2_clean_store_dag.py
[2025-12-18T09:43:46.303+0000] {logging_mixin.py:154} INFO - [2025-12-18T09:43:46.302+0000] {dag.py:2941} INFO - Sync 1 DAGs
[2025-12-18T09:43:46.549+0000] {logging_mixin.py:154} INFO - [2025-12-18T09:43:46.548+0000] {dag.py:3722} INFO - Setting next_dagrun for job2_weather_cleaning to 2025-12-18T09:00:00+00:00, run_after=2025-12-18T10:00:00+00:00
[2025-12-18T09:43:46.576+0000] {processor.py:179} INFO - Processing /opt/airflow/dags/job2_clean_store_dag.py took 0.883 seconds
[2025-12-18T09:44:17.257+0000] {processor.py:157} INFO - Started process (PID=250) to work on /opt/airflow/dags/job2_clean_store_dag.py
[2025-12-18T09:44:17.259+0000] {processor.py:829} INFO - Processing file /opt/airflow/dags/job2_clean_store_dag.py for tasks to queue
[2025-12-18T09:44:17.261+0000] {logging_mixin.py:154} INFO - [2025-12-18T09:44:17.260+0000] {dagbag.py:536} INFO - Filling up the DagBag from /opt/airflow/dags/job2_clean_store_dag.py
[2025-12-18T09:44:18.066+0000] {processor.py:839} INFO - DAG(s) dict_keys(['job2_weather_cleaning']) retrieved from /opt/airflow/dags/job2_clean_store_dag.py
[2025-12-18T09:44:18.472+0000] {logging_mixin.py:154} INFO - [2025-12-18T09:44:18.470+0000] {dag.py:2941} INFO - Sync 1 DAGs
[2025-12-18T09:44:18.531+0000] {logging_mixin.py:154} INFO - [2025-12-18T09:44:18.530+0000] {dag.py:3722} INFO - Setting next_dagrun for job2_weather_cleaning to 2025-12-18T09:00:00+00:00, run_after=2025-12-18T10:00:00+00:00
[2025-12-18T09:44:18.591+0000] {processor.py:179} INFO - Processing /opt/airflow/dags/job2_clean_store_dag.py took 1.339 seconds
[2025-12-18T09:44:49.674+0000] {processor.py:157} INFO - Started process (PID=270) to work on /opt/airflow/dags/job2_clean_store_dag.py
[2025-12-18T09:44:49.718+0000] {processor.py:829} INFO - Processing file /opt/airflow/dags/job2_clean_store_dag.py for tasks to queue
[2025-12-18T09:44:49.747+0000] {logging_mixin.py:154} INFO - [2025-12-18T09:44:49.747+0000] {dagbag.py:536} INFO - Filling up the DagBag from /opt/airflow/dags/job2_clean_store_dag.py
[2025-12-18T09:44:52.087+0000] {processor.py:839} INFO - DAG(s) dict_keys(['job2_weather_cleaning']) retrieved from /opt/airflow/dags/job2_clean_store_dag.py
[2025-12-18T09:44:52.145+0000] {logging_mixin.py:154} INFO - [2025-12-18T09:44:52.145+0000] {dag.py:2941} INFO - Sync 1 DAGs
[2025-12-18T09:44:52.183+0000] {logging_mixin.py:154} INFO - [2025-12-18T09:44:52.182+0000] {dag.py:3722} INFO - Setting next_dagrun for job2_weather_cleaning to 2025-12-18T09:00:00+00:00, run_after=2025-12-18T10:00:00+00:00
[2025-12-18T09:44:52.219+0000] {processor.py:179} INFO - Processing /opt/airflow/dags/job2_clean_store_dag.py took 2.551 seconds
[2025-12-18T09:45:22.467+0000] {processor.py:157} INFO - Started process (PID=290) to work on /opt/airflow/dags/job2_clean_store_dag.py
[2025-12-18T09:45:22.469+0000] {processor.py:829} INFO - Processing file /opt/airflow/dags/job2_clean_store_dag.py for tasks to queue
[2025-12-18T09:45:22.471+0000] {logging_mixin.py:154} INFO - [2025-12-18T09:45:22.471+0000] {dagbag.py:536} INFO - Filling up the DagBag from /opt/airflow/dags/job2_clean_store_dag.py
[2025-12-18T09:45:23.134+0000] {processor.py:839} INFO - DAG(s) dict_keys(['job2_weather_cleaning']) retrieved from /opt/airflow/dags/job2_clean_store_dag.py
[2025-12-18T09:45:23.162+0000] {logging_mixin.py:154} INFO - [2025-12-18T09:45:23.161+0000] {dag.py:2941} INFO - Sync 1 DAGs
[2025-12-18T09:45:23.187+0000] {logging_mixin.py:154} INFO - [2025-12-18T09:45:23.187+0000] {dag.py:3722} INFO - Setting next_dagrun for job2_weather_cleaning to 2025-12-18T09:00:00+00:00, run_after=2025-12-18T10:00:00+00:00
[2025-12-18T09:45:23.215+0000] {processor.py:179} INFO - Processing /opt/airflow/dags/job2_clean_store_dag.py took 0.753 seconds
