[2025-12-18T09:02:00.383+0000] {processor.py:157} INFO - Started process (PID=164) to work on /opt/airflow/dags/job3_daily_summary_dag.py
[2025-12-18T09:02:00.384+0000] {processor.py:829} INFO - Processing file /opt/airflow/dags/job3_daily_summary_dag.py for tasks to queue
[2025-12-18T09:02:00.385+0000] {logging_mixin.py:154} INFO - [2025-12-18T09:02:00.384+0000] {dagbag.py:536} INFO - Filling up the DagBag from /opt/airflow/dags/job3_daily_summary_dag.py
[2025-12-18T09:02:00.686+0000] {processor.py:839} INFO - DAG(s) dict_keys(['job3_daily_analytics']) retrieved from /opt/airflow/dags/job3_daily_summary_dag.py
[2025-12-18T09:02:00.934+0000] {logging_mixin.py:154} INFO - [2025-12-18T09:02:00.934+0000] {manager.py:499} INFO - Created Permission View: %s
[2025-12-18T09:02:00.942+0000] {logging_mixin.py:154} INFO - [2025-12-18T09:02:00.942+0000] {manager.py:499} INFO - Created Permission View: %s
[2025-12-18T09:02:00.948+0000] {logging_mixin.py:154} INFO - [2025-12-18T09:02:00.947+0000] {manager.py:499} INFO - Created Permission View: %s
[2025-12-18T09:02:00.948+0000] {logging_mixin.py:154} INFO - [2025-12-18T09:02:00.948+0000] {dag.py:2941} INFO - Sync 1 DAGs
[2025-12-18T09:02:00.955+0000] {logging_mixin.py:154} INFO - [2025-12-18T09:02:00.955+0000] {dag.py:2963} INFO - Creating ORM DAG for job3_daily_analytics
[2025-12-18T09:02:00.961+0000] {logging_mixin.py:154} INFO - [2025-12-18T09:02:00.961+0000] {dag.py:3722} INFO - Setting next_dagrun for job3_daily_analytics to 2025-12-17T00:00:00+00:00, run_after=2025-12-18T00:00:00+00:00
[2025-12-18T09:02:00.978+0000] {processor.py:179} INFO - Processing /opt/airflow/dags/job3_daily_summary_dag.py took 0.604 seconds
[2025-12-18T09:02:31.275+0000] {processor.py:157} INFO - Started process (PID=181) to work on /opt/airflow/dags/job3_daily_summary_dag.py
[2025-12-18T09:02:31.276+0000] {processor.py:829} INFO - Processing file /opt/airflow/dags/job3_daily_summary_dag.py for tasks to queue
[2025-12-18T09:02:31.277+0000] {logging_mixin.py:154} INFO - [2025-12-18T09:02:31.277+0000] {dagbag.py:536} INFO - Filling up the DagBag from /opt/airflow/dags/job3_daily_summary_dag.py
[2025-12-18T09:02:31.510+0000] {processor.py:839} INFO - DAG(s) dict_keys(['job3_daily_analytics']) retrieved from /opt/airflow/dags/job3_daily_summary_dag.py
[2025-12-18T09:02:31.533+0000] {logging_mixin.py:154} INFO - [2025-12-18T09:02:31.533+0000] {dag.py:2941} INFO - Sync 1 DAGs
[2025-12-18T09:02:31.547+0000] {logging_mixin.py:154} INFO - [2025-12-18T09:02:31.546+0000] {dag.py:3722} INFO - Setting next_dagrun for job3_daily_analytics to 2025-12-17T00:00:00+00:00, run_after=2025-12-18T00:00:00+00:00
[2025-12-18T09:02:31.558+0000] {processor.py:179} INFO - Processing /opt/airflow/dags/job3_daily_summary_dag.py took 0.289 seconds
[2025-12-18T09:03:01.899+0000] {processor.py:157} INFO - Started process (PID=198) to work on /opt/airflow/dags/job3_daily_summary_dag.py
[2025-12-18T09:03:01.901+0000] {processor.py:829} INFO - Processing file /opt/airflow/dags/job3_daily_summary_dag.py for tasks to queue
[2025-12-18T09:03:01.902+0000] {logging_mixin.py:154} INFO - [2025-12-18T09:03:01.901+0000] {dagbag.py:536} INFO - Filling up the DagBag from /opt/airflow/dags/job3_daily_summary_dag.py
[2025-12-18T09:03:02.104+0000] {processor.py:839} INFO - DAG(s) dict_keys(['job3_daily_analytics']) retrieved from /opt/airflow/dags/job3_daily_summary_dag.py
[2025-12-18T09:03:02.116+0000] {logging_mixin.py:154} INFO - [2025-12-18T09:03:02.116+0000] {dag.py:2941} INFO - Sync 1 DAGs
[2025-12-18T09:03:02.270+0000] {logging_mixin.py:154} INFO - [2025-12-18T09:03:02.270+0000] {dag.py:3722} INFO - Setting next_dagrun for job3_daily_analytics to 2025-12-17T00:00:00+00:00, run_after=2025-12-18T00:00:00+00:00
[2025-12-18T09:03:02.282+0000] {processor.py:179} INFO - Processing /opt/airflow/dags/job3_daily_summary_dag.py took 0.386 seconds
[2025-12-18T09:03:32.581+0000] {processor.py:157} INFO - Started process (PID=215) to work on /opt/airflow/dags/job3_daily_summary_dag.py
[2025-12-18T09:03:32.583+0000] {processor.py:829} INFO - Processing file /opt/airflow/dags/job3_daily_summary_dag.py for tasks to queue
[2025-12-18T09:03:32.585+0000] {logging_mixin.py:154} INFO - [2025-12-18T09:03:32.584+0000] {dagbag.py:536} INFO - Filling up the DagBag from /opt/airflow/dags/job3_daily_summary_dag.py
[2025-12-18T09:03:32.755+0000] {processor.py:839} INFO - DAG(s) dict_keys(['job3_daily_analytics']) retrieved from /opt/airflow/dags/job3_daily_summary_dag.py
[2025-12-18T09:03:32.770+0000] {logging_mixin.py:154} INFO - [2025-12-18T09:03:32.770+0000] {dag.py:2941} INFO - Sync 1 DAGs
[2025-12-18T09:03:32.911+0000] {logging_mixin.py:154} INFO - [2025-12-18T09:03:32.911+0000] {dag.py:3722} INFO - Setting next_dagrun for job3_daily_analytics to 2025-12-17T00:00:00+00:00, run_after=2025-12-18T00:00:00+00:00
[2025-12-18T09:03:32.920+0000] {processor.py:179} INFO - Processing /opt/airflow/dags/job3_daily_summary_dag.py took 0.344 seconds
[2025-12-18T09:04:03.225+0000] {processor.py:157} INFO - Started process (PID=232) to work on /opt/airflow/dags/job3_daily_summary_dag.py
[2025-12-18T09:04:03.226+0000] {processor.py:829} INFO - Processing file /opt/airflow/dags/job3_daily_summary_dag.py for tasks to queue
[2025-12-18T09:04:03.227+0000] {logging_mixin.py:154} INFO - [2025-12-18T09:04:03.227+0000] {dagbag.py:536} INFO - Filling up the DagBag from /opt/airflow/dags/job3_daily_summary_dag.py
[2025-12-18T09:04:03.376+0000] {processor.py:839} INFO - DAG(s) dict_keys(['job3_daily_analytics']) retrieved from /opt/airflow/dags/job3_daily_summary_dag.py
[2025-12-18T09:04:03.388+0000] {logging_mixin.py:154} INFO - [2025-12-18T09:04:03.388+0000] {dag.py:2941} INFO - Sync 1 DAGs
[2025-12-18T09:04:03.399+0000] {logging_mixin.py:154} INFO - [2025-12-18T09:04:03.399+0000] {dag.py:3722} INFO - Setting next_dagrun for job3_daily_analytics to 2025-12-17T00:00:00+00:00, run_after=2025-12-18T00:00:00+00:00
[2025-12-18T09:04:03.411+0000] {processor.py:179} INFO - Processing /opt/airflow/dags/job3_daily_summary_dag.py took 0.191 seconds
[2025-12-18T09:04:33.791+0000] {processor.py:157} INFO - Started process (PID=249) to work on /opt/airflow/dags/job3_daily_summary_dag.py
[2025-12-18T09:04:33.792+0000] {processor.py:829} INFO - Processing file /opt/airflow/dags/job3_daily_summary_dag.py for tasks to queue
[2025-12-18T09:04:33.793+0000] {logging_mixin.py:154} INFO - [2025-12-18T09:04:33.793+0000] {dagbag.py:536} INFO - Filling up the DagBag from /opt/airflow/dags/job3_daily_summary_dag.py
[2025-12-18T09:04:33.949+0000] {processor.py:839} INFO - DAG(s) dict_keys(['job3_daily_analytics']) retrieved from /opt/airflow/dags/job3_daily_summary_dag.py
[2025-12-18T09:04:33.962+0000] {logging_mixin.py:154} INFO - [2025-12-18T09:04:33.962+0000] {dag.py:2941} INFO - Sync 1 DAGs
[2025-12-18T09:04:33.973+0000] {logging_mixin.py:154} INFO - [2025-12-18T09:04:33.972+0000] {dag.py:3722} INFO - Setting next_dagrun for job3_daily_analytics to 2025-12-17T00:00:00+00:00, run_after=2025-12-18T00:00:00+00:00
[2025-12-18T09:04:33.985+0000] {processor.py:179} INFO - Processing /opt/airflow/dags/job3_daily_summary_dag.py took 0.197 seconds
[2025-12-18T09:05:04.398+0000] {processor.py:157} INFO - Started process (PID=266) to work on /opt/airflow/dags/job3_daily_summary_dag.py
[2025-12-18T09:05:04.399+0000] {processor.py:829} INFO - Processing file /opt/airflow/dags/job3_daily_summary_dag.py for tasks to queue
[2025-12-18T09:05:04.400+0000] {logging_mixin.py:154} INFO - [2025-12-18T09:05:04.400+0000] {dagbag.py:536} INFO - Filling up the DagBag from /opt/airflow/dags/job3_daily_summary_dag.py
[2025-12-18T09:05:04.549+0000] {processor.py:839} INFO - DAG(s) dict_keys(['job3_daily_analytics']) retrieved from /opt/airflow/dags/job3_daily_summary_dag.py
[2025-12-18T09:05:04.561+0000] {logging_mixin.py:154} INFO - [2025-12-18T09:05:04.561+0000] {dag.py:2941} INFO - Sync 1 DAGs
[2025-12-18T09:05:04.573+0000] {logging_mixin.py:154} INFO - [2025-12-18T09:05:04.573+0000] {dag.py:3722} INFO - Setting next_dagrun for job3_daily_analytics to 2025-12-17T00:00:00+00:00, run_after=2025-12-18T00:00:00+00:00
[2025-12-18T09:05:04.581+0000] {processor.py:179} INFO - Processing /opt/airflow/dags/job3_daily_summary_dag.py took 0.188 seconds
[2025-12-18T09:05:30.192+0000] {processor.py:157} INFO - Started process (PID=164) to work on /opt/airflow/dags/job3_daily_summary_dag.py
[2025-12-18T09:05:30.193+0000] {processor.py:829} INFO - Processing file /opt/airflow/dags/job3_daily_summary_dag.py for tasks to queue
[2025-12-18T09:05:30.193+0000] {logging_mixin.py:154} INFO - [2025-12-18T09:05:30.193+0000] {dagbag.py:536} INFO - Filling up the DagBag from /opt/airflow/dags/job3_daily_summary_dag.py
[2025-12-18T09:05:30.382+0000] {processor.py:839} INFO - DAG(s) dict_keys(['job3_daily_analytics']) retrieved from /opt/airflow/dags/job3_daily_summary_dag.py
[2025-12-18T09:05:30.583+0000] {logging_mixin.py:154} INFO - [2025-12-18T09:05:30.583+0000] {manager.py:499} INFO - Created Permission View: %s
[2025-12-18T09:05:30.586+0000] {logging_mixin.py:154} INFO - [2025-12-18T09:05:30.586+0000] {manager.py:499} INFO - Created Permission View: %s
[2025-12-18T09:05:30.589+0000] {logging_mixin.py:154} INFO - [2025-12-18T09:05:30.589+0000] {manager.py:499} INFO - Created Permission View: %s
[2025-12-18T09:05:30.589+0000] {logging_mixin.py:154} INFO - [2025-12-18T09:05:30.589+0000] {dag.py:2941} INFO - Sync 1 DAGs
[2025-12-18T09:05:30.594+0000] {logging_mixin.py:154} INFO - [2025-12-18T09:05:30.594+0000] {dag.py:2963} INFO - Creating ORM DAG for job3_daily_analytics
[2025-12-18T09:05:30.598+0000] {logging_mixin.py:154} INFO - [2025-12-18T09:05:30.598+0000] {dag.py:3722} INFO - Setting next_dagrun for job3_daily_analytics to 2025-12-17T00:00:00+00:00, run_after=2025-12-18T00:00:00+00:00
[2025-12-18T09:05:30.610+0000] {processor.py:179} INFO - Processing /opt/airflow/dags/job3_daily_summary_dag.py took 0.420 seconds
[2025-12-18T09:06:00.937+0000] {processor.py:157} INFO - Started process (PID=181) to work on /opt/airflow/dags/job3_daily_summary_dag.py
[2025-12-18T09:06:00.937+0000] {processor.py:829} INFO - Processing file /opt/airflow/dags/job3_daily_summary_dag.py for tasks to queue
[2025-12-18T09:06:00.939+0000] {logging_mixin.py:154} INFO - [2025-12-18T09:06:00.938+0000] {dagbag.py:536} INFO - Filling up the DagBag from /opt/airflow/dags/job3_daily_summary_dag.py
[2025-12-18T09:06:01.110+0000] {processor.py:839} INFO - DAG(s) dict_keys(['job3_daily_analytics']) retrieved from /opt/airflow/dags/job3_daily_summary_dag.py
[2025-12-18T09:06:01.125+0000] {logging_mixin.py:154} INFO - [2025-12-18T09:06:01.125+0000] {dag.py:2941} INFO - Sync 1 DAGs
[2025-12-18T09:06:01.139+0000] {logging_mixin.py:154} INFO - [2025-12-18T09:06:01.138+0000] {dag.py:3722} INFO - Setting next_dagrun for job3_daily_analytics to 2025-12-17T00:00:00+00:00, run_after=2025-12-18T00:00:00+00:00
[2025-12-18T09:06:01.148+0000] {processor.py:179} INFO - Processing /opt/airflow/dags/job3_daily_summary_dag.py took 0.216 seconds
[2025-12-18T09:06:31.509+0000] {processor.py:157} INFO - Started process (PID=211) to work on /opt/airflow/dags/job3_daily_summary_dag.py
[2025-12-18T09:06:31.509+0000] {processor.py:829} INFO - Processing file /opt/airflow/dags/job3_daily_summary_dag.py for tasks to queue
[2025-12-18T09:06:31.511+0000] {logging_mixin.py:154} INFO - [2025-12-18T09:06:31.510+0000] {dagbag.py:536} INFO - Filling up the DagBag from /opt/airflow/dags/job3_daily_summary_dag.py
[2025-12-18T09:06:31.670+0000] {processor.py:839} INFO - DAG(s) dict_keys(['job3_daily_analytics']) retrieved from /opt/airflow/dags/job3_daily_summary_dag.py
[2025-12-18T09:06:31.681+0000] {logging_mixin.py:154} INFO - [2025-12-18T09:06:31.681+0000] {dag.py:2941} INFO - Sync 1 DAGs
[2025-12-18T09:06:31.783+0000] {logging_mixin.py:154} INFO - [2025-12-18T09:06:31.783+0000] {dag.py:3722} INFO - Setting next_dagrun for job3_daily_analytics to 2025-12-18T00:00:00+00:00, run_after=2025-12-19T00:00:00+00:00
[2025-12-18T09:06:31.791+0000] {processor.py:179} INFO - Processing /opt/airflow/dags/job3_daily_summary_dag.py took 0.286 seconds
[2025-12-18T09:07:02.126+0000] {processor.py:157} INFO - Started process (PID=228) to work on /opt/airflow/dags/job3_daily_summary_dag.py
[2025-12-18T09:07:02.127+0000] {processor.py:829} INFO - Processing file /opt/airflow/dags/job3_daily_summary_dag.py for tasks to queue
[2025-12-18T09:07:02.128+0000] {logging_mixin.py:154} INFO - [2025-12-18T09:07:02.128+0000] {dagbag.py:536} INFO - Filling up the DagBag from /opt/airflow/dags/job3_daily_summary_dag.py
[2025-12-18T09:07:02.278+0000] {processor.py:839} INFO - DAG(s) dict_keys(['job3_daily_analytics']) retrieved from /opt/airflow/dags/job3_daily_summary_dag.py
[2025-12-18T09:07:02.291+0000] {logging_mixin.py:154} INFO - [2025-12-18T09:07:02.290+0000] {dag.py:2941} INFO - Sync 1 DAGs
[2025-12-18T09:07:02.389+0000] {logging_mixin.py:154} INFO - [2025-12-18T09:07:02.389+0000] {dag.py:3722} INFO - Setting next_dagrun for job3_daily_analytics to 2025-12-18T00:00:00+00:00, run_after=2025-12-19T00:00:00+00:00
[2025-12-18T09:07:02.399+0000] {processor.py:179} INFO - Processing /opt/airflow/dags/job3_daily_summary_dag.py took 0.276 seconds
[2025-12-18T09:07:32.681+0000] {processor.py:157} INFO - Started process (PID=245) to work on /opt/airflow/dags/job3_daily_summary_dag.py
[2025-12-18T09:07:32.682+0000] {processor.py:829} INFO - Processing file /opt/airflow/dags/job3_daily_summary_dag.py for tasks to queue
[2025-12-18T09:07:32.683+0000] {logging_mixin.py:154} INFO - [2025-12-18T09:07:32.682+0000] {dagbag.py:536} INFO - Filling up the DagBag from /opt/airflow/dags/job3_daily_summary_dag.py
[2025-12-18T09:07:32.832+0000] {processor.py:839} INFO - DAG(s) dict_keys(['job3_daily_analytics']) retrieved from /opt/airflow/dags/job3_daily_summary_dag.py
[2025-12-18T09:07:32.844+0000] {logging_mixin.py:154} INFO - [2025-12-18T09:07:32.843+0000] {dag.py:2941} INFO - Sync 1 DAGs
[2025-12-18T09:07:32.854+0000] {logging_mixin.py:154} INFO - [2025-12-18T09:07:32.854+0000] {dag.py:3722} INFO - Setting next_dagrun for job3_daily_analytics to 2025-12-18T00:00:00+00:00, run_after=2025-12-19T00:00:00+00:00
[2025-12-18T09:07:32.864+0000] {processor.py:179} INFO - Processing /opt/airflow/dags/job3_daily_summary_dag.py took 0.186 seconds
[2025-12-18T09:08:03.246+0000] {processor.py:157} INFO - Started process (PID=262) to work on /opt/airflow/dags/job3_daily_summary_dag.py
[2025-12-18T09:08:03.247+0000] {processor.py:829} INFO - Processing file /opt/airflow/dags/job3_daily_summary_dag.py for tasks to queue
[2025-12-18T09:08:03.249+0000] {logging_mixin.py:154} INFO - [2025-12-18T09:08:03.248+0000] {dagbag.py:536} INFO - Filling up the DagBag from /opt/airflow/dags/job3_daily_summary_dag.py
[2025-12-18T09:08:03.412+0000] {processor.py:839} INFO - DAG(s) dict_keys(['job3_daily_analytics']) retrieved from /opt/airflow/dags/job3_daily_summary_dag.py
[2025-12-18T09:08:03.427+0000] {logging_mixin.py:154} INFO - [2025-12-18T09:08:03.427+0000] {dag.py:2941} INFO - Sync 1 DAGs
[2025-12-18T09:08:03.442+0000] {logging_mixin.py:154} INFO - [2025-12-18T09:08:03.442+0000] {dag.py:3722} INFO - Setting next_dagrun for job3_daily_analytics to 2025-12-18T00:00:00+00:00, run_after=2025-12-19T00:00:00+00:00
[2025-12-18T09:08:03.452+0000] {processor.py:179} INFO - Processing /opt/airflow/dags/job3_daily_summary_dag.py took 0.212 seconds
[2025-12-18T09:08:33.791+0000] {processor.py:157} INFO - Started process (PID=279) to work on /opt/airflow/dags/job3_daily_summary_dag.py
[2025-12-18T09:08:33.791+0000] {processor.py:829} INFO - Processing file /opt/airflow/dags/job3_daily_summary_dag.py for tasks to queue
[2025-12-18T09:08:33.792+0000] {logging_mixin.py:154} INFO - [2025-12-18T09:08:33.792+0000] {dagbag.py:536} INFO - Filling up the DagBag from /opt/airflow/dags/job3_daily_summary_dag.py
[2025-12-18T09:08:33.953+0000] {processor.py:839} INFO - DAG(s) dict_keys(['job3_daily_analytics']) retrieved from /opt/airflow/dags/job3_daily_summary_dag.py
[2025-12-18T09:08:33.965+0000] {logging_mixin.py:154} INFO - [2025-12-18T09:08:33.964+0000] {dag.py:2941} INFO - Sync 1 DAGs
[2025-12-18T09:08:33.977+0000] {logging_mixin.py:154} INFO - [2025-12-18T09:08:33.977+0000] {dag.py:3722} INFO - Setting next_dagrun for job3_daily_analytics to 2025-12-18T00:00:00+00:00, run_after=2025-12-19T00:00:00+00:00
[2025-12-18T09:08:33.986+0000] {processor.py:179} INFO - Processing /opt/airflow/dags/job3_daily_summary_dag.py took 0.199 seconds
[2025-12-18T09:09:04.294+0000] {processor.py:157} INFO - Started process (PID=299) to work on /opt/airflow/dags/job3_daily_summary_dag.py
[2025-12-18T09:09:04.295+0000] {processor.py:829} INFO - Processing file /opt/airflow/dags/job3_daily_summary_dag.py for tasks to queue
[2025-12-18T09:09:04.295+0000] {logging_mixin.py:154} INFO - [2025-12-18T09:09:04.295+0000] {dagbag.py:536} INFO - Filling up the DagBag from /opt/airflow/dags/job3_daily_summary_dag.py
[2025-12-18T09:09:04.456+0000] {processor.py:839} INFO - DAG(s) dict_keys(['job3_daily_analytics']) retrieved from /opt/airflow/dags/job3_daily_summary_dag.py
[2025-12-18T09:09:04.471+0000] {logging_mixin.py:154} INFO - [2025-12-18T09:09:04.470+0000] {dag.py:2941} INFO - Sync 1 DAGs
[2025-12-18T09:09:04.495+0000] {logging_mixin.py:154} INFO - [2025-12-18T09:09:04.494+0000] {dag.py:3722} INFO - Setting next_dagrun for job3_daily_analytics to 2025-12-18T00:00:00+00:00, run_after=2025-12-19T00:00:00+00:00
[2025-12-18T09:09:04.636+0000] {processor.py:179} INFO - Processing /opt/airflow/dags/job3_daily_summary_dag.py took 0.345 seconds
[2025-12-18T09:09:34.961+0000] {processor.py:157} INFO - Started process (PID=316) to work on /opt/airflow/dags/job3_daily_summary_dag.py
[2025-12-18T09:09:34.962+0000] {processor.py:829} INFO - Processing file /opt/airflow/dags/job3_daily_summary_dag.py for tasks to queue
[2025-12-18T09:09:34.962+0000] {logging_mixin.py:154} INFO - [2025-12-18T09:09:34.962+0000] {dagbag.py:536} INFO - Filling up the DagBag from /opt/airflow/dags/job3_daily_summary_dag.py
[2025-12-18T09:09:35.122+0000] {processor.py:839} INFO - DAG(s) dict_keys(['job3_daily_analytics']) retrieved from /opt/airflow/dags/job3_daily_summary_dag.py
[2025-12-18T09:09:35.135+0000] {logging_mixin.py:154} INFO - [2025-12-18T09:09:35.135+0000] {dag.py:2941} INFO - Sync 1 DAGs
[2025-12-18T09:09:35.253+0000] {logging_mixin.py:154} INFO - [2025-12-18T09:09:35.253+0000] {dag.py:3722} INFO - Setting next_dagrun for job3_daily_analytics to 2025-12-18T00:00:00+00:00, run_after=2025-12-19T00:00:00+00:00
[2025-12-18T09:09:35.261+0000] {processor.py:179} INFO - Processing /opt/airflow/dags/job3_daily_summary_dag.py took 0.304 seconds
[2025-12-18T09:10:05.566+0000] {processor.py:157} INFO - Started process (PID=333) to work on /opt/airflow/dags/job3_daily_summary_dag.py
[2025-12-18T09:10:05.566+0000] {processor.py:829} INFO - Processing file /opt/airflow/dags/job3_daily_summary_dag.py for tasks to queue
[2025-12-18T09:10:05.567+0000] {logging_mixin.py:154} INFO - [2025-12-18T09:10:05.567+0000] {dagbag.py:536} INFO - Filling up the DagBag from /opt/airflow/dags/job3_daily_summary_dag.py
[2025-12-18T09:10:05.742+0000] {processor.py:839} INFO - DAG(s) dict_keys(['job3_daily_analytics']) retrieved from /opt/airflow/dags/job3_daily_summary_dag.py
[2025-12-18T09:10:05.756+0000] {logging_mixin.py:154} INFO - [2025-12-18T09:10:05.756+0000] {dag.py:2941} INFO - Sync 1 DAGs
[2025-12-18T09:10:05.881+0000] {logging_mixin.py:154} INFO - [2025-12-18T09:10:05.881+0000] {dag.py:3722} INFO - Setting next_dagrun for job3_daily_analytics to 2025-12-18T00:00:00+00:00, run_after=2025-12-19T00:00:00+00:00
[2025-12-18T09:10:05.888+0000] {processor.py:179} INFO - Processing /opt/airflow/dags/job3_daily_summary_dag.py took 0.326 seconds
[2025-12-18T09:10:36.224+0000] {processor.py:157} INFO - Started process (PID=350) to work on /opt/airflow/dags/job3_daily_summary_dag.py
[2025-12-18T09:10:36.225+0000] {processor.py:829} INFO - Processing file /opt/airflow/dags/job3_daily_summary_dag.py for tasks to queue
[2025-12-18T09:10:36.226+0000] {logging_mixin.py:154} INFO - [2025-12-18T09:10:36.226+0000] {dagbag.py:536} INFO - Filling up the DagBag from /opt/airflow/dags/job3_daily_summary_dag.py
[2025-12-18T09:10:36.388+0000] {processor.py:839} INFO - DAG(s) dict_keys(['job3_daily_analytics']) retrieved from /opt/airflow/dags/job3_daily_summary_dag.py
[2025-12-18T09:10:36.401+0000] {logging_mixin.py:154} INFO - [2025-12-18T09:10:36.400+0000] {dag.py:2941} INFO - Sync 1 DAGs
[2025-12-18T09:10:36.413+0000] {logging_mixin.py:154} INFO - [2025-12-18T09:10:36.413+0000] {dag.py:3722} INFO - Setting next_dagrun for job3_daily_analytics to 2025-12-18T00:00:00+00:00, run_after=2025-12-19T00:00:00+00:00
[2025-12-18T09:10:36.424+0000] {processor.py:179} INFO - Processing /opt/airflow/dags/job3_daily_summary_dag.py took 0.204 seconds
[2025-12-18T09:11:06.789+0000] {processor.py:157} INFO - Started process (PID=367) to work on /opt/airflow/dags/job3_daily_summary_dag.py
[2025-12-18T09:11:06.790+0000] {processor.py:829} INFO - Processing file /opt/airflow/dags/job3_daily_summary_dag.py for tasks to queue
[2025-12-18T09:11:06.791+0000] {logging_mixin.py:154} INFO - [2025-12-18T09:11:06.791+0000] {dagbag.py:536} INFO - Filling up the DagBag from /opt/airflow/dags/job3_daily_summary_dag.py
[2025-12-18T09:11:06.929+0000] {processor.py:839} INFO - DAG(s) dict_keys(['job3_daily_analytics']) retrieved from /opt/airflow/dags/job3_daily_summary_dag.py
[2025-12-18T09:11:06.940+0000] {logging_mixin.py:154} INFO - [2025-12-18T09:11:06.939+0000] {dag.py:2941} INFO - Sync 1 DAGs
[2025-12-18T09:11:06.950+0000] {logging_mixin.py:154} INFO - [2025-12-18T09:11:06.950+0000] {dag.py:3722} INFO - Setting next_dagrun for job3_daily_analytics to 2025-12-18T00:00:00+00:00, run_after=2025-12-19T00:00:00+00:00
[2025-12-18T09:11:06.958+0000] {processor.py:179} INFO - Processing /opt/airflow/dags/job3_daily_summary_dag.py took 0.172 seconds
[2025-12-18T09:11:37.308+0000] {processor.py:157} INFO - Started process (PID=384) to work on /opt/airflow/dags/job3_daily_summary_dag.py
[2025-12-18T09:11:37.309+0000] {processor.py:829} INFO - Processing file /opt/airflow/dags/job3_daily_summary_dag.py for tasks to queue
[2025-12-18T09:11:37.310+0000] {logging_mixin.py:154} INFO - [2025-12-18T09:11:37.310+0000] {dagbag.py:536} INFO - Filling up the DagBag from /opt/airflow/dags/job3_daily_summary_dag.py
[2025-12-18T09:11:37.473+0000] {processor.py:839} INFO - DAG(s) dict_keys(['job3_daily_analytics']) retrieved from /opt/airflow/dags/job3_daily_summary_dag.py
[2025-12-18T09:11:37.487+0000] {logging_mixin.py:154} INFO - [2025-12-18T09:11:37.487+0000] {dag.py:2941} INFO - Sync 1 DAGs
[2025-12-18T09:11:37.501+0000] {logging_mixin.py:154} INFO - [2025-12-18T09:11:37.501+0000] {dag.py:3722} INFO - Setting next_dagrun for job3_daily_analytics to 2025-12-18T00:00:00+00:00, run_after=2025-12-19T00:00:00+00:00
[2025-12-18T09:11:37.511+0000] {processor.py:179} INFO - Processing /opt/airflow/dags/job3_daily_summary_dag.py took 0.207 seconds
[2025-12-18T09:12:07.853+0000] {processor.py:157} INFO - Started process (PID=411) to work on /opt/airflow/dags/job3_daily_summary_dag.py
[2025-12-18T09:12:07.853+0000] {processor.py:829} INFO - Processing file /opt/airflow/dags/job3_daily_summary_dag.py for tasks to queue
[2025-12-18T09:12:07.854+0000] {logging_mixin.py:154} INFO - [2025-12-18T09:12:07.854+0000] {dagbag.py:536} INFO - Filling up the DagBag from /opt/airflow/dags/job3_daily_summary_dag.py
[2025-12-18T09:12:07.998+0000] {processor.py:839} INFO - DAG(s) dict_keys(['job3_daily_analytics']) retrieved from /opt/airflow/dags/job3_daily_summary_dag.py
[2025-12-18T09:12:08.011+0000] {logging_mixin.py:154} INFO - [2025-12-18T09:12:08.011+0000] {dag.py:2941} INFO - Sync 1 DAGs
[2025-12-18T09:12:08.100+0000] {logging_mixin.py:154} INFO - [2025-12-18T09:12:08.100+0000] {dag.py:3722} INFO - Setting next_dagrun for job3_daily_analytics to 2025-12-18T00:00:00+00:00, run_after=2025-12-19T00:00:00+00:00
[2025-12-18T09:12:08.107+0000] {processor.py:179} INFO - Processing /opt/airflow/dags/job3_daily_summary_dag.py took 0.260 seconds
[2025-12-18T09:12:38.413+0000] {processor.py:157} INFO - Started process (PID=428) to work on /opt/airflow/dags/job3_daily_summary_dag.py
[2025-12-18T09:12:38.413+0000] {processor.py:829} INFO - Processing file /opt/airflow/dags/job3_daily_summary_dag.py for tasks to queue
[2025-12-18T09:12:38.414+0000] {logging_mixin.py:154} INFO - [2025-12-18T09:12:38.414+0000] {dagbag.py:536} INFO - Filling up the DagBag from /opt/airflow/dags/job3_daily_summary_dag.py
[2025-12-18T09:12:38.580+0000] {processor.py:839} INFO - DAG(s) dict_keys(['job3_daily_analytics']) retrieved from /opt/airflow/dags/job3_daily_summary_dag.py
[2025-12-18T09:12:38.592+0000] {logging_mixin.py:154} INFO - [2025-12-18T09:12:38.592+0000] {dag.py:2941} INFO - Sync 1 DAGs
[2025-12-18T09:12:38.705+0000] {logging_mixin.py:154} INFO - [2025-12-18T09:12:38.705+0000] {dag.py:3722} INFO - Setting next_dagrun for job3_daily_analytics to 2025-12-18T00:00:00+00:00, run_after=2025-12-19T00:00:00+00:00
[2025-12-18T09:12:38.713+0000] {processor.py:179} INFO - Processing /opt/airflow/dags/job3_daily_summary_dag.py took 0.304 seconds
[2025-12-18T09:13:09.036+0000] {processor.py:157} INFO - Started process (PID=445) to work on /opt/airflow/dags/job3_daily_summary_dag.py
[2025-12-18T09:13:09.036+0000] {processor.py:829} INFO - Processing file /opt/airflow/dags/job3_daily_summary_dag.py for tasks to queue
[2025-12-18T09:13:09.037+0000] {logging_mixin.py:154} INFO - [2025-12-18T09:13:09.037+0000] {dagbag.py:536} INFO - Filling up the DagBag from /opt/airflow/dags/job3_daily_summary_dag.py
[2025-12-18T09:13:09.205+0000] {processor.py:839} INFO - DAG(s) dict_keys(['job3_daily_analytics']) retrieved from /opt/airflow/dags/job3_daily_summary_dag.py
[2025-12-18T09:13:09.217+0000] {logging_mixin.py:154} INFO - [2025-12-18T09:13:09.217+0000] {dag.py:2941} INFO - Sync 1 DAGs
[2025-12-18T09:13:09.229+0000] {logging_mixin.py:154} INFO - [2025-12-18T09:13:09.228+0000] {dag.py:3722} INFO - Setting next_dagrun for job3_daily_analytics to 2025-12-18T00:00:00+00:00, run_after=2025-12-19T00:00:00+00:00
[2025-12-18T09:13:09.238+0000] {processor.py:179} INFO - Processing /opt/airflow/dags/job3_daily_summary_dag.py took 0.207 seconds
[2025-12-18T09:42:09.230+0000] {processor.py:157} INFO - Started process (PID=173) to work on /opt/airflow/dags/job3_daily_summary_dag.py
[2025-12-18T09:42:09.233+0000] {processor.py:829} INFO - Processing file /opt/airflow/dags/job3_daily_summary_dag.py for tasks to queue
[2025-12-18T09:42:09.236+0000] {logging_mixin.py:154} INFO - [2025-12-18T09:42:09.235+0000] {dagbag.py:536} INFO - Filling up the DagBag from /opt/airflow/dags/job3_daily_summary_dag.py
[2025-12-18T09:42:10.322+0000] {processor.py:839} INFO - DAG(s) dict_keys(['job3_daily_analytics']) retrieved from /opt/airflow/dags/job3_daily_summary_dag.py
[2025-12-18T09:42:11.414+0000] {logging_mixin.py:154} INFO - [2025-12-18T09:42:11.414+0000] {manager.py:499} INFO - Created Permission View: %s
[2025-12-18T09:42:11.437+0000] {logging_mixin.py:154} INFO - [2025-12-18T09:42:11.437+0000] {manager.py:499} INFO - Created Permission View: %s
[2025-12-18T09:42:11.449+0000] {logging_mixin.py:154} INFO - [2025-12-18T09:42:11.448+0000] {manager.py:499} INFO - Created Permission View: %s
[2025-12-18T09:42:11.450+0000] {logging_mixin.py:154} INFO - [2025-12-18T09:42:11.449+0000] {dag.py:2941} INFO - Sync 1 DAGs
[2025-12-18T09:42:11.461+0000] {logging_mixin.py:154} INFO - [2025-12-18T09:42:11.460+0000] {dag.py:2963} INFO - Creating ORM DAG for job3_daily_analytics
[2025-12-18T09:42:11.477+0000] {logging_mixin.py:154} INFO - [2025-12-18T09:42:11.477+0000] {dag.py:3722} INFO - Setting next_dagrun for job3_daily_analytics to 2025-12-17T00:00:00+00:00, run_after=2025-12-18T00:00:00+00:00
[2025-12-18T09:42:11.504+0000] {processor.py:179} INFO - Processing /opt/airflow/dags/job3_daily_summary_dag.py took 2.280 seconds
[2025-12-18T09:42:41.792+0000] {processor.py:157} INFO - Started process (PID=189) to work on /opt/airflow/dags/job3_daily_summary_dag.py
[2025-12-18T09:42:41.793+0000] {processor.py:829} INFO - Processing file /opt/airflow/dags/job3_daily_summary_dag.py for tasks to queue
[2025-12-18T09:42:41.796+0000] {logging_mixin.py:154} INFO - [2025-12-18T09:42:41.796+0000] {dagbag.py:536} INFO - Filling up the DagBag from /opt/airflow/dags/job3_daily_summary_dag.py
[2025-12-18T09:42:42.644+0000] {processor.py:839} INFO - DAG(s) dict_keys(['job3_daily_analytics']) retrieved from /opt/airflow/dags/job3_daily_summary_dag.py
[2025-12-18T09:42:42.768+0000] {logging_mixin.py:154} INFO - [2025-12-18T09:42:42.768+0000] {dag.py:2941} INFO - Sync 1 DAGs
[2025-12-18T09:42:42.847+0000] {logging_mixin.py:154} INFO - [2025-12-18T09:42:42.846+0000] {dag.py:3722} INFO - Setting next_dagrun for job3_daily_analytics to 2025-12-17T00:00:00+00:00, run_after=2025-12-18T00:00:00+00:00
[2025-12-18T09:42:42.903+0000] {processor.py:179} INFO - Processing /opt/airflow/dags/job3_daily_summary_dag.py took 1.132 seconds
[2025-12-18T09:43:13.716+0000] {processor.py:157} INFO - Started process (PID=219) to work on /opt/airflow/dags/job3_daily_summary_dag.py
[2025-12-18T09:43:13.718+0000] {processor.py:829} INFO - Processing file /opt/airflow/dags/job3_daily_summary_dag.py for tasks to queue
[2025-12-18T09:43:13.719+0000] {logging_mixin.py:154} INFO - [2025-12-18T09:43:13.719+0000] {dagbag.py:536} INFO - Filling up the DagBag from /opt/airflow/dags/job3_daily_summary_dag.py
[2025-12-18T09:43:14.240+0000] {processor.py:839} INFO - DAG(s) dict_keys(['job3_daily_analytics']) retrieved from /opt/airflow/dags/job3_daily_summary_dag.py
[2025-12-18T09:43:14.316+0000] {logging_mixin.py:154} INFO - [2025-12-18T09:43:14.315+0000] {dag.py:2941} INFO - Sync 1 DAGs
[2025-12-18T09:43:14.976+0000] {logging_mixin.py:154} INFO - [2025-12-18T09:43:14.976+0000] {dag.py:3722} INFO - Setting next_dagrun for job3_daily_analytics to 2025-12-18T00:00:00+00:00, run_after=2025-12-19T00:00:00+00:00
[2025-12-18T09:43:15.017+0000] {processor.py:179} INFO - Processing /opt/airflow/dags/job3_daily_summary_dag.py took 1.305 seconds
[2025-12-18T09:43:45.718+0000] {processor.py:157} INFO - Started process (PID=236) to work on /opt/airflow/dags/job3_daily_summary_dag.py
[2025-12-18T09:43:45.720+0000] {processor.py:829} INFO - Processing file /opt/airflow/dags/job3_daily_summary_dag.py for tasks to queue
[2025-12-18T09:43:45.722+0000] {logging_mixin.py:154} INFO - [2025-12-18T09:43:45.722+0000] {dagbag.py:536} INFO - Filling up the DagBag from /opt/airflow/dags/job3_daily_summary_dag.py
[2025-12-18T09:43:46.233+0000] {processor.py:839} INFO - DAG(s) dict_keys(['job3_daily_analytics']) retrieved from /opt/airflow/dags/job3_daily_summary_dag.py
[2025-12-18T09:43:46.274+0000] {logging_mixin.py:154} INFO - [2025-12-18T09:43:46.273+0000] {dag.py:2941} INFO - Sync 1 DAGs
[2025-12-18T09:43:46.529+0000] {logging_mixin.py:154} INFO - [2025-12-18T09:43:46.529+0000] {dag.py:3722} INFO - Setting next_dagrun for job3_daily_analytics to 2025-12-18T00:00:00+00:00, run_after=2025-12-19T00:00:00+00:00
[2025-12-18T09:43:46.555+0000] {processor.py:179} INFO - Processing /opt/airflow/dags/job3_daily_summary_dag.py took 0.843 seconds
[2025-12-18T09:44:17.279+0000] {processor.py:157} INFO - Started process (PID=253) to work on /opt/airflow/dags/job3_daily_summary_dag.py
[2025-12-18T09:44:17.280+0000] {processor.py:829} INFO - Processing file /opt/airflow/dags/job3_daily_summary_dag.py for tasks to queue
[2025-12-18T09:44:17.282+0000] {logging_mixin.py:154} INFO - [2025-12-18T09:44:17.282+0000] {dagbag.py:536} INFO - Filling up the DagBag from /opt/airflow/dags/job3_daily_summary_dag.py
[2025-12-18T09:44:18.008+0000] {processor.py:839} INFO - DAG(s) dict_keys(['job3_daily_analytics']) retrieved from /opt/airflow/dags/job3_daily_summary_dag.py
[2025-12-18T09:44:18.071+0000] {logging_mixin.py:154} INFO - [2025-12-18T09:44:18.070+0000] {dag.py:2941} INFO - Sync 1 DAGs
[2025-12-18T09:44:18.126+0000] {logging_mixin.py:154} INFO - [2025-12-18T09:44:18.125+0000] {dag.py:3722} INFO - Setting next_dagrun for job3_daily_analytics to 2025-12-18T00:00:00+00:00, run_after=2025-12-19T00:00:00+00:00
[2025-12-18T09:44:18.184+0000] {processor.py:179} INFO - Processing /opt/airflow/dags/job3_daily_summary_dag.py took 0.910 seconds
[2025-12-18T09:44:48.907+0000] {processor.py:157} INFO - Started process (PID=267) to work on /opt/airflow/dags/job3_daily_summary_dag.py
[2025-12-18T09:44:48.914+0000] {processor.py:829} INFO - Processing file /opt/airflow/dags/job3_daily_summary_dag.py for tasks to queue
[2025-12-18T09:44:48.919+0000] {logging_mixin.py:154} INFO - [2025-12-18T09:44:48.919+0000] {dagbag.py:536} INFO - Filling up the DagBag from /opt/airflow/dags/job3_daily_summary_dag.py
[2025-12-18T09:44:51.209+0000] {processor.py:839} INFO - DAG(s) dict_keys(['job3_daily_analytics']) retrieved from /opt/airflow/dags/job3_daily_summary_dag.py
[2025-12-18T09:44:51.288+0000] {logging_mixin.py:154} INFO - [2025-12-18T09:44:51.288+0000] {dag.py:2941} INFO - Sync 1 DAGs
[2025-12-18T09:44:51.375+0000] {logging_mixin.py:154} INFO - [2025-12-18T09:44:51.375+0000] {dag.py:3722} INFO - Setting next_dagrun for job3_daily_analytics to 2025-12-18T00:00:00+00:00, run_after=2025-12-19T00:00:00+00:00
[2025-12-18T09:44:51.467+0000] {processor.py:179} INFO - Processing /opt/airflow/dags/job3_daily_summary_dag.py took 2.568 seconds
[2025-12-18T09:45:21.733+0000] {processor.py:157} INFO - Started process (PID=284) to work on /opt/airflow/dags/job3_daily_summary_dag.py
[2025-12-18T09:45:21.734+0000] {processor.py:829} INFO - Processing file /opt/airflow/dags/job3_daily_summary_dag.py for tasks to queue
[2025-12-18T09:45:21.736+0000] {logging_mixin.py:154} INFO - [2025-12-18T09:45:21.735+0000] {dagbag.py:536} INFO - Filling up the DagBag from /opt/airflow/dags/job3_daily_summary_dag.py
[2025-12-18T09:45:22.275+0000] {processor.py:839} INFO - DAG(s) dict_keys(['job3_daily_analytics']) retrieved from /opt/airflow/dags/job3_daily_summary_dag.py
[2025-12-18T09:45:22.322+0000] {logging_mixin.py:154} INFO - [2025-12-18T09:45:22.322+0000] {dag.py:2941} INFO - Sync 1 DAGs
[2025-12-18T09:45:22.348+0000] {logging_mixin.py:154} INFO - [2025-12-18T09:45:22.348+0000] {dag.py:3722} INFO - Setting next_dagrun for job3_daily_analytics to 2025-12-18T00:00:00+00:00, run_after=2025-12-19T00:00:00+00:00
[2025-12-18T09:45:22.382+0000] {processor.py:179} INFO - Processing /opt/airflow/dags/job3_daily_summary_dag.py took 0.653 seconds
