[2025-12-16T11:23:14.743+0000] {taskinstance.py:1159} INFO - Dependencies all met for dep_context=non-requeueable deps ti=<TaskInstance: job2_weather_cleaning.clean_and_store_weather manual__2025-12-16T11:23:13.884130+00:00 [queued]>
[2025-12-16T11:23:14.751+0000] {taskinstance.py:1159} INFO - Dependencies all met for dep_context=requeueable deps ti=<TaskInstance: job2_weather_cleaning.clean_and_store_weather manual__2025-12-16T11:23:13.884130+00:00 [queued]>
[2025-12-16T11:23:14.752+0000] {taskinstance.py:1361} INFO - Starting attempt 1 of 3
[2025-12-16T11:23:14.764+0000] {taskinstance.py:1382} INFO - Executing <Task(PythonOperator): clean_and_store_weather> on 2025-12-16 11:23:13.884130+00:00
[2025-12-16T11:23:14.770+0000] {standard_task_runner.py:57} INFO - Started process 567 to run task
[2025-12-16T11:23:14.774+0000] {standard_task_runner.py:84} INFO - Running: ['***', 'tasks', 'run', 'job2_weather_cleaning', 'clean_and_store_weather', 'manual__2025-12-16T11:23:13.884130+00:00', '--job-id', '5', '--raw', '--subdir', 'DAGS_FOLDER/job2_clean_store_dag.py', '--cfg-path', '/tmp/tmptadnh1mj']
[2025-12-16T11:23:14.777+0000] {standard_task_runner.py:85} INFO - Job 5: Subtask clean_and_store_weather
[2025-12-16T11:23:14.849+0000] {task_command.py:416} INFO - Running <TaskInstance: job2_weather_cleaning.clean_and_store_weather manual__2025-12-16T11:23:13.884130+00:00 [running]> on host 88b5a86de249
[2025-12-16T11:23:14.930+0000] {taskinstance.py:1662} INFO - Exporting env vars: AIRFLOW_CTX_DAG_OWNER='team' AIRFLOW_CTX_DAG_ID='job2_weather_cleaning' AIRFLOW_CTX_TASK_ID='clean_and_store_weather' AIRFLOW_CTX_EXECUTION_DATE='2025-12-16T11:23:13.884130+00:00' AIRFLOW_CTX_TRY_NUMBER='1' AIRFLOW_CTX_DAG_RUN_ID='manual__2025-12-16T11:23:13.884130+00:00'
[2025-12-16T11:23:14.939+0000] {logging_mixin.py:154} INFO - Database initialized at /opt/***/data/app.db
[2025-12-16T11:23:14.942+0000] {conn.py:380} INFO - <BrokerConnection node_id=bootstrap-0 host=kafka:29092 <connecting> [IPv4 ('172.18.0.4', 29092)]>: connecting to kafka:29092 [('172.18.0.4', 29092) IPv4]
[2025-12-16T11:23:14.943+0000] {conn.py:1205} INFO - Probing node bootstrap-0 broker version
[2025-12-16T11:23:14.944+0000] {conn.py:410} INFO - <BrokerConnection node_id=bootstrap-0 host=kafka:29092 <connecting> [IPv4 ('172.18.0.4', 29092)]>: Connection complete.
[2025-12-16T11:23:15.053+0000] {conn.py:1267} INFO - Broker version identified as 2.5.0
[2025-12-16T11:23:15.055+0000] {conn.py:1268} INFO - Set configuration api_version=(2, 5, 0) to skip auto check_version requests on startup
[2025-12-16T11:23:15.058+0000] {subscription_state.py:171} INFO - Updating subscribed topics to: ('raw_weather_events',)
[2025-12-16T11:23:15.060+0000] {logging_mixin.py:154} INFO - Starting to consume messages from Kafka...
[2025-12-16T11:23:15.066+0000] {cluster.py:371} INFO - Group coordinator for weather_cleaner_group is ('coordinator-1', 'kafka', 29092, None)
[2025-12-16T11:23:15.067+0000] {base.py:693} INFO - Discovered coordinator coordinator-1 for group weather_cleaner_group
[2025-12-16T11:23:15.068+0000] {base.py:741} INFO - Starting new heartbeat thread
[2025-12-16T11:23:15.070+0000] {consumer.py:348} INFO - Revoking previously assigned partitions () for group weather_cleaner_group
[2025-12-16T11:23:15.072+0000] {conn.py:380} INFO - <BrokerConnection node_id=coordinator-1 host=kafka:29092 <connecting> [IPv4 ('172.18.0.4', 29092)]>: connecting to kafka:29092 [('172.18.0.4', 29092) IPv4]
[2025-12-16T11:23:15.073+0000] {conn.py:410} INFO - <BrokerConnection node_id=coordinator-1 host=kafka:29092 <connecting> [IPv4 ('172.18.0.4', 29092)]>: Connection complete.
[2025-12-16T11:23:15.074+0000] {conn.py:919} INFO - <BrokerConnection node_id=bootstrap-0 host=kafka:29092 <connected> [IPv4 ('172.18.0.4', 29092)]>: Closing connection. 
[2025-12-16T11:23:15.176+0000] {base.py:450} INFO - (Re-)joining group weather_cleaner_group
[2025-12-16T11:23:18.183+0000] {base.py:521} INFO - Elected group leader -- performing partition assignments using range
[2025-12-16T11:23:18.185+0000] {conn.py:380} INFO - <BrokerConnection node_id=1 host=kafka:29092 <connecting> [IPv4 ('172.18.0.4', 29092)]>: connecting to kafka:29092 [('172.18.0.4', 29092) IPv4]
[2025-12-16T11:23:18.186+0000] {conn.py:410} INFO - <BrokerConnection node_id=1 host=kafka:29092 <connecting> [IPv4 ('172.18.0.4', 29092)]>: Connection complete.
[2025-12-16T11:23:18.190+0000] {base.py:335} INFO - Successfully joined group weather_cleaner_group with generation 3
[2025-12-16T11:23:18.190+0000] {subscription_state.py:257} INFO - Updated partition assignment: [('raw_weather_events', 0)]
[2025-12-16T11:23:18.191+0000] {consumer.py:245} INFO - Setting newly assigned partitions (('raw_weather_events', 0),) for group weather_cleaner_group
[2025-12-16T11:23:18.197+0000] {logging_mixin.py:154} INFO - Consumed message: Shymkent at 2025-12-16T11:12:00Z
[2025-12-16T11:23:18.198+0000] {logging_mixin.py:154} INFO - Consumed message: Almaty at 2025-12-16T11:13:00Z
[2025-12-16T11:23:18.198+0000] {logging_mixin.py:154} INFO - Consumed message: Astana at 2025-12-16T11:14:00Z
[2025-12-16T11:23:18.199+0000] {logging_mixin.py:154} INFO - Consumed message: Shymkent at 2025-12-16T11:14:00Z
[2025-12-16T11:23:18.199+0000] {logging_mixin.py:154} INFO - Consumed message: Almaty at 2025-12-16T11:15:00Z
[2025-12-16T11:23:18.200+0000] {logging_mixin.py:154} INFO - Consumed message: Astana at 2025-12-16T11:15:00Z
[2025-12-16T11:23:18.200+0000] {logging_mixin.py:154} INFO - Consumed message: Shymkent at 2025-12-16T11:15:00Z
[2025-12-16T11:23:18.200+0000] {logging_mixin.py:154} INFO - Consumed message: Almaty at 2025-12-16T11:16:00Z
[2025-12-16T11:23:18.201+0000] {logging_mixin.py:154} INFO - Consumed message: Astana at 2025-12-16T11:17:00Z
[2025-12-16T11:23:18.201+0000] {logging_mixin.py:154} INFO - Consumed message: Shymkent at 2025-12-16T11:17:00Z
[2025-12-16T11:23:18.201+0000] {logging_mixin.py:154} INFO - Consumed message: Almaty at 2025-12-16T11:18:00Z
[2025-12-16T11:23:18.202+0000] {logging_mixin.py:154} INFO - Consumed message: Astana at 2025-12-16T11:18:00Z
[2025-12-16T11:23:18.202+0000] {logging_mixin.py:154} INFO - Consumed message: Shymkent at 2025-12-16T11:18:00Z
[2025-12-16T11:23:18.202+0000] {logging_mixin.py:154} INFO - Consumed message: Almaty at 2025-12-16T11:19:00Z
[2025-12-16T11:23:18.202+0000] {logging_mixin.py:154} INFO - Consumed message: Astana at 2025-12-16T11:20:00Z
[2025-12-16T11:23:18.203+0000] {logging_mixin.py:154} INFO - Consumed message: Shymkent at 2025-12-16T11:20:00Z
[2025-12-16T11:23:18.203+0000] {logging_mixin.py:154} INFO - Consumed message: Almaty at 2025-12-16T11:21:00Z
[2025-12-16T11:23:18.203+0000] {logging_mixin.py:154} INFO - Consumed message: Astana at 2025-12-16T11:21:00Z
[2025-12-16T11:23:18.203+0000] {logging_mixin.py:154} INFO - Consumed message: Shymkent at 2025-12-16T11:21:00Z
[2025-12-16T11:23:18.203+0000] {logging_mixin.py:154} INFO - Consumed message: Almaty at 2025-12-16T11:22:00Z
[2025-12-16T11:23:18.204+0000] {logging_mixin.py:154} INFO - Consumed message: Astana at 2025-12-16T11:22:00Z
[2025-12-16T11:23:18.204+0000] {logging_mixin.py:154} INFO - Consumed message: Shymkent at 2025-12-16T11:23:00Z
[2025-12-16T11:23:28.211+0000] {base.py:748} INFO - Stopping heartbeat thread
[2025-12-16T11:23:28.211+0000] {base.py:773} INFO - Leaving consumer group (weather_cleaner_group).
[2025-12-16T11:23:28.214+0000] {conn.py:919} INFO - <BrokerConnection node_id=coordinator-1 host=kafka:29092 <connected> [IPv4 ('172.18.0.4', 29092)]>: Closing connection. 
[2025-12-16T11:23:28.215+0000] {conn.py:919} INFO - <BrokerConnection node_id=1 host=kafka:29092 <connected> [IPv4 ('172.18.0.4', 29092)]>: Closing connection. 
[2025-12-16T11:23:28.216+0000] {future.py:79} ERROR - Fetch to node 1 failed: Cancelled: <BrokerConnection node_id=1 host=kafka:29092 <connected> [IPv4 ('172.18.0.4', 29092)]>
[2025-12-16T11:23:28.216+0000] {logging_mixin.py:154} INFO - 
Total messages consumed: 22
[2025-12-16T11:23:28.219+0000] {logging_mixin.py:154} INFO - Initial records: 22
[2025-12-16T11:23:28.221+0000] {logging_mixin.py:154} INFO - After removing duplicates: 22
[2025-12-16T11:23:28.228+0000] {logging_mixin.py:154} INFO - After removing invalid timestamps: 22
[2025-12-16T11:23:28.230+0000] {logging_mixin.py:154} INFO - After range validation: 22
[2025-12-16T11:23:28.233+0000] {logging_mixin.py:154} INFO - Final cleaned records: 22
[2025-12-16T11:23:28.257+0000] {logging_mixin.py:154} INFO - Inserted 22 records into events table
[2025-12-16T11:23:28.258+0000] {logging_mixin.py:154} INFO - Successfully inserted 22 cleaned records
[2025-12-16T11:23:28.258+0000] {python.py:194} INFO - Done. Returned value was: None
[2025-12-16T11:23:28.266+0000] {taskinstance.py:1400} INFO - Marking task as SUCCESS. dag_id=job2_weather_cleaning, task_id=clean_and_store_weather, execution_date=20251216T112313, start_date=20251216T112314, end_date=20251216T112328
[2025-12-16T11:23:28.297+0000] {local_task_job_runner.py:228} INFO - Task exited with return code 0
[2025-12-16T11:23:28.309+0000] {taskinstance.py:2778} INFO - 0 downstream tasks scheduled from follow-on schedule check
