[2025-12-16T12:10:48.078+0000] {taskinstance.py:1159} INFO - Dependencies all met for dep_context=non-requeueable deps ti=<TaskInstance: job2_weather_cleaning.clean_and_store_weather manual__2025-12-16T12:10:45.267926+00:00 [queued]>
[2025-12-16T12:10:48.094+0000] {taskinstance.py:1159} INFO - Dependencies all met for dep_context=requeueable deps ti=<TaskInstance: job2_weather_cleaning.clean_and_store_weather manual__2025-12-16T12:10:45.267926+00:00 [queued]>
[2025-12-16T12:10:48.095+0000] {taskinstance.py:1361} INFO - Starting attempt 1 of 3
[2025-12-16T12:10:48.122+0000] {taskinstance.py:1382} INFO - Executing <Task(PythonOperator): clean_and_store_weather> on 2025-12-16 12:10:45.267926+00:00
[2025-12-16T12:10:48.135+0000] {standard_task_runner.py:57} INFO - Started process 893 to run task
[2025-12-16T12:10:48.144+0000] {standard_task_runner.py:84} INFO - Running: ['***', 'tasks', 'run', 'job2_weather_cleaning', 'clean_and_store_weather', 'manual__2025-12-16T12:10:45.267926+00:00', '--job-id', '18', '--raw', '--subdir', 'DAGS_FOLDER/job2_clean_store_dag.py', '--cfg-path', '/tmp/tmp4z104v5q']
[2025-12-16T12:10:48.150+0000] {standard_task_runner.py:85} INFO - Job 18: Subtask clean_and_store_weather
[2025-12-16T12:10:48.279+0000] {task_command.py:416} INFO - Running <TaskInstance: job2_weather_cleaning.clean_and_store_weather manual__2025-12-16T12:10:45.267926+00:00 [running]> on host 368de0f02f1d
[2025-12-16T12:10:48.449+0000] {taskinstance.py:1662} INFO - Exporting env vars: AIRFLOW_CTX_DAG_OWNER='team' AIRFLOW_CTX_DAG_ID='job2_weather_cleaning' AIRFLOW_CTX_TASK_ID='clean_and_store_weather' AIRFLOW_CTX_EXECUTION_DATE='2025-12-16T12:10:45.267926+00:00' AIRFLOW_CTX_TRY_NUMBER='1' AIRFLOW_CTX_DAG_RUN_ID='manual__2025-12-16T12:10:45.267926+00:00'
[2025-12-16T12:10:48.467+0000] {logging_mixin.py:154} INFO - Database initialized at /opt/***/data/app.db
[2025-12-16T12:10:48.472+0000] {conn.py:380} INFO - <BrokerConnection node_id=bootstrap-0 host=kafka:29092 <connecting> [IPv4 ('172.18.0.4', 29092)]>: connecting to kafka:29092 [('172.18.0.4', 29092) IPv4]
[2025-12-16T12:10:48.473+0000] {conn.py:1205} INFO - Probing node bootstrap-0 broker version
[2025-12-16T12:10:48.475+0000] {conn.py:410} INFO - <BrokerConnection node_id=bootstrap-0 host=kafka:29092 <connecting> [IPv4 ('172.18.0.4', 29092)]>: Connection complete.
[2025-12-16T12:10:48.589+0000] {conn.py:1267} INFO - Broker version identified as 2.5.0
[2025-12-16T12:10:48.590+0000] {conn.py:1268} INFO - Set configuration api_version=(2, 5, 0) to skip auto check_version requests on startup
[2025-12-16T12:10:48.599+0000] {subscription_state.py:171} INFO - Updating subscribed topics to: ('raw_weather_events',)
[2025-12-16T12:10:48.600+0000] {logging_mixin.py:154} INFO - Starting to consume messages from Kafka...
[2025-12-16T12:10:48.611+0000] {cluster.py:371} INFO - Group coordinator for weather_cleaner_group is ('coordinator-1', 'kafka', 29092, None)
[2025-12-16T12:10:48.612+0000] {base.py:693} INFO - Discovered coordinator coordinator-1 for group weather_cleaner_group
[2025-12-16T12:10:48.614+0000] {base.py:741} INFO - Starting new heartbeat thread
[2025-12-16T12:10:48.617+0000] {consumer.py:348} INFO - Revoking previously assigned partitions () for group weather_cleaner_group
[2025-12-16T12:10:48.620+0000] {conn.py:380} INFO - <BrokerConnection node_id=coordinator-1 host=kafka:29092 <connecting> [IPv4 ('172.18.0.4', 29092)]>: connecting to kafka:29092 [('172.18.0.4', 29092) IPv4]
[2025-12-16T12:10:48.623+0000] {conn.py:410} INFO - <BrokerConnection node_id=coordinator-1 host=kafka:29092 <connecting> [IPv4 ('172.18.0.4', 29092)]>: Connection complete.
[2025-12-16T12:10:48.624+0000] {conn.py:919} INFO - <BrokerConnection node_id=bootstrap-0 host=kafka:29092 <connected> [IPv4 ('172.18.0.4', 29092)]>: Closing connection. 
[2025-12-16T12:10:48.726+0000] {base.py:450} INFO - (Re-)joining group weather_cleaner_group
[2025-12-16T12:10:51.738+0000] {base.py:521} INFO - Elected group leader -- performing partition assignments using range
[2025-12-16T12:10:51.743+0000] {conn.py:380} INFO - <BrokerConnection node_id=1 host=kafka:29092 <connecting> [IPv4 ('172.18.0.4', 29092)]>: connecting to kafka:29092 [('172.18.0.4', 29092) IPv4]
[2025-12-16T12:10:51.745+0000] {conn.py:410} INFO - <BrokerConnection node_id=1 host=kafka:29092 <connecting> [IPv4 ('172.18.0.4', 29092)]>: Connection complete.
[2025-12-16T12:10:51.755+0000] {base.py:335} INFO - Successfully joined group weather_cleaner_group with generation 3
[2025-12-16T12:10:51.756+0000] {subscription_state.py:257} INFO - Updated partition assignment: [('raw_weather_events', 0)]
[2025-12-16T12:10:51.757+0000] {consumer.py:245} INFO - Setting newly assigned partitions (('raw_weather_events', 0),) for group weather_cleaner_group
[2025-12-16T12:10:51.769+0000] {logging_mixin.py:154} INFO - Consumed message: Shymkent at 2025-12-16T12:00:00Z
[2025-12-16T12:10:51.770+0000] {logging_mixin.py:154} INFO - Consumed message: Almaty at 2025-12-16T12:01:00Z
[2025-12-16T12:10:51.771+0000] {logging_mixin.py:154} INFO - Consumed message: Almaty at 2025-12-16T12:01:00Z
[2025-12-16T12:10:51.772+0000] {logging_mixin.py:154} INFO - Consumed message: Astana at 2025-12-16T12:01:00Z
[2025-12-16T12:10:51.773+0000] {logging_mixin.py:154} INFO - Consumed message: Astana at 2025-12-16T12:01:00Z
[2025-12-16T12:10:51.775+0000] {logging_mixin.py:154} INFO - Consumed message: Shymkent at 2025-12-16T12:01:00Z
[2025-12-16T12:10:51.775+0000] {logging_mixin.py:154} INFO - Consumed message: Almaty at 2025-12-16T12:01:00Z
[2025-12-16T12:10:51.776+0000] {logging_mixin.py:154} INFO - Consumed message: Shymkent at 2025-12-16T12:01:00Z
[2025-12-16T12:10:51.777+0000] {logging_mixin.py:154} INFO - Consumed message: Astana at 2025-12-16T12:01:00Z
[2025-12-16T12:10:51.778+0000] {logging_mixin.py:154} INFO - Consumed message: Shymkent at 2025-12-16T12:01:00Z
[2025-12-16T12:10:51.779+0000] {logging_mixin.py:154} INFO - Consumed message: Almaty at 2025-12-16T12:02:00Z
[2025-12-16T12:10:51.779+0000] {logging_mixin.py:154} INFO - Consumed message: Almaty at 2025-12-16T12:02:00Z
[2025-12-16T12:10:51.780+0000] {logging_mixin.py:154} INFO - Consumed message: Astana at 2025-12-16T12:02:00Z
[2025-12-16T12:10:51.782+0000] {logging_mixin.py:154} INFO - Consumed message: Astana at 2025-12-16T12:02:00Z
[2025-12-16T12:10:51.782+0000] {logging_mixin.py:154} INFO - Consumed message: Shymkent at 2025-12-16T12:03:00Z
[2025-12-16T12:10:51.784+0000] {logging_mixin.py:154} INFO - Consumed message: Almaty at 2025-12-16T12:03:00Z
[2025-12-16T12:10:51.784+0000] {logging_mixin.py:154} INFO - Consumed message: Shymkent at 2025-12-16T12:03:00Z
[2025-12-16T12:10:51.785+0000] {logging_mixin.py:154} INFO - Consumed message: Astana at 2025-12-16T12:03:00Z
[2025-12-16T12:10:51.786+0000] {logging_mixin.py:154} INFO - Consumed message: Shymkent at 2025-12-16T12:03:00Z
[2025-12-16T12:10:51.787+0000] {logging_mixin.py:154} INFO - Consumed message: Almaty at 2025-12-16T12:04:00Z
[2025-12-16T12:10:51.788+0000] {logging_mixin.py:154} INFO - Consumed message: Almaty at 2025-12-16T12:04:00Z
[2025-12-16T12:11:01.797+0000] {base.py:748} INFO - Stopping heartbeat thread
[2025-12-16T12:11:01.803+0000] {base.py:773} INFO - Leaving consumer group (weather_cleaner_group).
[2025-12-16T12:11:01.819+0000] {conn.py:919} INFO - <BrokerConnection node_id=coordinator-1 host=kafka:29092 <connected> [IPv4 ('172.18.0.4', 29092)]>: Closing connection. 
[2025-12-16T12:11:01.821+0000] {conn.py:919} INFO - <BrokerConnection node_id=1 host=kafka:29092 <connected> [IPv4 ('172.18.0.4', 29092)]>: Closing connection. 
[2025-12-16T12:11:01.822+0000] {future.py:79} ERROR - Fetch to node 1 failed: Cancelled: <BrokerConnection node_id=1 host=kafka:29092 <connected> [IPv4 ('172.18.0.4', 29092)]>
[2025-12-16T12:11:01.824+0000] {logging_mixin.py:154} INFO - 
Total messages consumed: 21
[2025-12-16T12:11:01.842+0000] {logging_mixin.py:154} INFO - Initial records: 21
[2025-12-16T12:11:01.860+0000] {logging_mixin.py:154} INFO - After removing duplicates: 10
[2025-12-16T12:11:01.891+0000] {logging_mixin.py:154} INFO - After removing invalid timestamps: 10
[2025-12-16T12:11:01.898+0000] {logging_mixin.py:154} INFO - After range validation: 10
[2025-12-16T12:11:01.916+0000] {logging_mixin.py:154} INFO - Final cleaned records: 10
[2025-12-16T12:11:01.994+0000] {logging_mixin.py:154} INFO - Inserted 10 records into events table
[2025-12-16T12:11:01.999+0000] {logging_mixin.py:154} INFO - Successfully inserted 10 cleaned records
[2025-12-16T12:11:02.001+0000] {python.py:194} INFO - Done. Returned value was: None
[2025-12-16T12:11:02.035+0000] {taskinstance.py:1400} INFO - Marking task as SUCCESS. dag_id=job2_weather_cleaning, task_id=clean_and_store_weather, execution_date=20251216T121045, start_date=20251216T121048, end_date=20251216T121102
[2025-12-16T12:11:02.102+0000] {local_task_job_runner.py:228} INFO - Task exited with return code 0
[2025-12-16T12:11:02.151+0000] {taskinstance.py:2778} INFO - 0 downstream tasks scheduled from follow-on schedule check
