[2025-12-17T08:55:30.375+0000] {taskinstance.py:1159} INFO - Dependencies all met for dep_context=non-requeueable deps ti=<TaskInstance: job1_weather_ingestion.ingest_weather_data manual__2025-12-17T08:55:28.931172+00:00 [queued]>
[2025-12-17T08:55:30.392+0000] {taskinstance.py:1159} INFO - Dependencies all met for dep_context=requeueable deps ti=<TaskInstance: job1_weather_ingestion.ingest_weather_data manual__2025-12-17T08:55:28.931172+00:00 [queued]>
[2025-12-17T08:55:30.393+0000] {taskinstance.py:1361} INFO - Starting attempt 1 of 2
[2025-12-17T08:55:30.409+0000] {taskinstance.py:1382} INFO - Executing <Task(PythonOperator): ingest_weather_data> on 2025-12-17 08:55:28.931172+00:00
[2025-12-17T08:55:30.418+0000] {standard_task_runner.py:57} INFO - Started process 4882 to run task
[2025-12-17T08:55:30.422+0000] {standard_task_runner.py:84} INFO - Running: ['***', 'tasks', 'run', 'job1_weather_ingestion', 'ingest_weather_data', 'manual__2025-12-17T08:55:28.931172+00:00', '--job-id', '18', '--raw', '--subdir', 'DAGS_FOLDER/job1_ingestion_dag.py', '--cfg-path', '/tmp/tmpdfmui64l']
[2025-12-17T08:55:30.426+0000] {standard_task_runner.py:85} INFO - Job 18: Subtask ingest_weather_data
[2025-12-17T08:55:30.557+0000] {task_command.py:416} INFO - Running <TaskInstance: job1_weather_ingestion.ingest_weather_data manual__2025-12-17T08:55:28.931172+00:00 [running]> on host 2610621bd5d4
[2025-12-17T08:55:30.653+0000] {taskinstance.py:1662} INFO - Exporting env vars: AIRFLOW_CTX_DAG_OWNER='team' AIRFLOW_CTX_DAG_ID='job1_weather_ingestion' AIRFLOW_CTX_TASK_ID='ingest_weather_data' AIRFLOW_CTX_EXECUTION_DATE='2025-12-17T08:55:28.931172+00:00' AIRFLOW_CTX_TRY_NUMBER='1' AIRFLOW_CTX_DAG_RUN_ID='manual__2025-12-17T08:55:28.931172+00:00'
[2025-12-17T08:55:30.658+0000] {conn.py:380} INFO - <BrokerConnection node_id=bootstrap-0 host=kafka:29092 <connecting> [IPv4 ('172.18.0.4', 29092)]>: connecting to kafka:29092 [('172.18.0.4', 29092) IPv4]
[2025-12-17T08:55:30.659+0000] {conn.py:1205} INFO - Probing node bootstrap-0 broker version
[2025-12-17T08:55:30.661+0000] {conn.py:410} INFO - <BrokerConnection node_id=bootstrap-0 host=kafka:29092 <connecting> [IPv4 ('172.18.0.4', 29092)]>: Connection complete.
[2025-12-17T08:55:30.774+0000] {conn.py:1267} INFO - Broker version identified as 2.5.0
[2025-12-17T08:55:30.776+0000] {conn.py:1268} INFO - Set configuration api_version=(2, 5, 0) to skip auto check_version requests on startup
[2025-12-17T08:55:30.786+0000] {logging_mixin.py:154} INFO - The producer is launched on 50 min. Interval: 3 minutes.
[2025-12-17T08:55:31.481+0000] {logging_mixin.py:154} INFO - !!! Rate limit hit (429). Waiting...
[2025-12-17T09:00:30.899+0000] {conn.py:380} INFO - <BrokerConnection node_id=1 host=kafka:29092 <connecting> [IPv4 ('172.18.0.4', 29092)]>: connecting to kafka:29092 [('172.18.0.4', 29092) IPv4]
[2025-12-17T09:00:30.932+0000] {conn.py:410} INFO - <BrokerConnection node_id=1 host=kafka:29092 <connecting> [IPv4 ('172.18.0.4', 29092)]>: Connection complete.
[2025-12-17T09:00:30.934+0000] {conn.py:919} INFO - <BrokerConnection node_id=bootstrap-0 host=kafka:29092 <connected> [IPv4 ('172.18.0.4', 29092)]>: Closing connection. 
[2025-12-17T09:00:33.546+0000] {logging_mixin.py:154} INFO - Cycle completed. Waiting 0 sec. until next data collection...
[2025-12-17T09:00:34.147+0000] {logging_mixin.py:154} INFO - Sent: Almaty в 2025-12-17T09:00:34.140572
[2025-12-17T09:00:36.153+0000] {logging_mixin.py:154} INFO - Cycle completed. Waiting 177.4 sec. until next data collection...
[2025-12-17T09:03:34.044+0000] {logging_mixin.py:154} INFO - Sent: Almaty в 2025-12-17T09:03:34.042643
[2025-12-17T09:03:36.048+0000] {logging_mixin.py:154} INFO - Cycle completed. Waiting 177.6 sec. until next data collection...
[2025-12-17T09:06:34.129+0000] {logging_mixin.py:154} INFO - Sent: Almaty в 2025-12-17T09:06:34.122719
[2025-12-17T09:06:36.136+0000] {logging_mixin.py:154} INFO - Cycle completed. Waiting 177.5 sec. until next data collection...
[2025-12-17T09:09:34.235+0000] {logging_mixin.py:154} INFO - Sent: Almaty в 2025-12-17T09:09:34.225888
[2025-12-17T09:09:36.245+0000] {logging_mixin.py:154} INFO - Cycle completed. Waiting 177.5 sec. until next data collection...
[2025-12-17T09:12:34.273+0000] {logging_mixin.py:154} INFO - Sent: Almaty в 2025-12-17T09:12:34.269671
[2025-12-17T09:12:36.279+0000] {logging_mixin.py:154} INFO - Cycle completed. Waiting 177.5 sec. until next data collection...
[2025-12-17T09:15:34.268+0000] {logging_mixin.py:154} INFO - Sent: Almaty в 2025-12-17T09:15:34.263913
[2025-12-17T09:15:36.274+0000] {logging_mixin.py:154} INFO - Cycle completed. Waiting 177.6 sec. until next data collection...
[2025-12-17T09:18:34.345+0000] {logging_mixin.py:154} INFO - !!! Rate limit hit (429). Waiting...
[2025-12-17T09:23:36.432+0000] {logging_mixin.py:154} INFO - Cycle completed. Waiting 0 sec. until next data collection...
[2025-12-17T09:23:36.917+0000] {logging_mixin.py:154} INFO - !!! Rate limit hit (429). Waiting...
[2025-12-17T09:28:39.007+0000] {logging_mixin.py:154} INFO - Cycle completed. Waiting 0 sec. until next data collection...
[2025-12-17T09:28:39.463+0000] {logging_mixin.py:154} INFO - !!! Rate limit hit (429). Waiting...
[2025-12-17T09:33:41.557+0000] {logging_mixin.py:154} INFO - Cycle completed. Waiting 0 sec. until next data collection...
[2025-12-17T09:33:42.028+0000] {logging_mixin.py:154} INFO - !!! Rate limit hit (429). Waiting...
[2025-12-17T09:38:44.096+0000] {logging_mixin.py:154} INFO - Cycle completed. Waiting 0 sec. until next data collection...
[2025-12-17T09:38:44.474+0000] {logging_mixin.py:154} INFO - !!! Rate limit hit (429). Waiting...
[2025-12-17T09:43:46.508+0000] {logging_mixin.py:154} INFO - Cycle completed. Waiting 0 sec. until next data collection...
[2025-12-17T09:43:47.002+0000] {logging_mixin.py:154} INFO - !!! Rate limit hit (429). Waiting...
[2025-12-17T09:48:49.086+0000] {logging_mixin.py:154} INFO - Cycle completed. Waiting 0 sec. until next data collection...
[2025-12-17T09:48:49.108+0000] {conn.py:919} INFO - <BrokerConnection node_id=1 host=kafka:29092 <connected> [IPv4 ('172.18.0.4', 29092)]>: Closing connection. 
[2025-12-17T09:48:49.141+0000] {python.py:194} INFO - Done. Returned value was: None
[2025-12-17T09:48:49.355+0000] {taskinstance.py:1400} INFO - Marking task as SUCCESS. dag_id=job1_weather_ingestion, task_id=ingest_weather_data, execution_date=20251217T085528, start_date=20251217T085530, end_date=20251217T094849
[2025-12-17T09:48:49.460+0000] {local_task_job_runner.py:228} INFO - Task exited with return code 0
[2025-12-17T09:48:49.536+0000] {taskinstance.py:2778} INFO - 0 downstream tasks scheduled from follow-on schedule check
